klist
Ticket cache: FILE:/pool/condor/dir_31667/vveckaln.cc
Default principal: vveckaln@CERN.CH

Valid starting     Expires            Service principal
12/28/18 01:11:19  12/29/18 02:11:19  krbtgt/CERN.CH@CERN.CH
	renew until 12/30/18 12:19:54
12/28/18 01:11:19  12/29/18 02:11:19  afs/cern.ch@CERN.CH
	renew until 12/30/18 12:19:54
end klist
ls EOS
analysis_MC13TeV_TTJets
analysis_MC13TeV_TTJets_cflip
analysis_MC13TeV_TTJets_herwig
bins
cernbox
Chunks
Chunks_test
copy_test
data
flipped
flipped_old
LSF
merged_plots
migration
migration_MC13TeV_TTJets_jec_CorrelationGroupMPFInSitu_up_27.root
moved.cc
processing
reserve
rivet
rivet_results_23_March
rivet_test
rivet_test_21_March
save.root
SWAN_projects
test
testdir
unfolding_cflip
unfolding_nominal
end ls EOS
EXIT_CODE_SCRAM 0
[16MB/24.54MB][ 65%][================================>                 ][16MB/s]  [24.54MB/24.54MB][100%][==================================================][24.54MB/s]  [24.54MB/24.54MB][100%][==================================================][12.27MB/s]  
md5sum: /eos/user/v/vveckaln/analysis_MC13TeV_TTJets/HADDChunks: Is a directory
ls: cannot access /eos/user/v/vveckaln/analysis_MC13TeV_TTJets/HADDChunks/.sys.a#.v#MC13TeV_TTJets_jec_FlavorPureBottom_down.root.6a4a6d6e-0aac-11e9-af67-a4bf0112dcc4: No such file or directory
checking sanity of file /eos/user/v/vveckaln/analysis_MC13TeV_TTJets/HADDChunks/MC13TeV_DY50toInf_mlm.root
file is good
Sanity test done
[502.2kB/502.2kB][100%][==================================================][502.2kB/s]  [502.2kB/502.2kB][100%][==================================================][502.2kB/s]  
md5sum: /eos/user/v/vveckaln/analysis_MC13TeV_TTJets/HADDmigration: Is a directory
checking sanity of file /eos/user/v/vveckaln/analysis_MC13TeV_TTJets/HADDmigration/migration_MC13TeV_DY50toInf_mlm.root
file is good
Sanity test done
EXIT_CODE_PYTHON  0
