klist
Ticket cache: FILE:/pool/condor/dir_17466/vveckaln.cc
Default principal: vveckaln@CERN.CH

Valid starting       Expires              Service principal
01/21/2020 18:29:24  01/22/2020 19:29:24  krbtgt/CERN.CH@CERN.CH
	renew until 01/26/2020 12:26:09
01/21/2020 21:30:11  01/22/2020 19:29:24  afs/cern.ch@CERN.CH
	renew until 01/26/2020 12:26:09
end klist
ls EOS
analysis_MC13TeV_TTJets
analysis_MC13TeV_TTJets_cflip
analysis_MC13TeV_TTJets_dire2002
analysis_MC13TeV_TTJets_herwig
analysis_MC13TeV_TTJets_herwig7
analysis_MC13TeV_TTJets_sherpa
bins
cernbox
chunksMC13TeV_TTHets
copy_test
data
flipped
flipped_old
merged_plots
migration
migrationMC13TeV_TTHets
moved.cc
processing
reserve
rivet
rivet_results_23_March
rivet_test
rivet_test_21_March
SWAN_projects
test
testdir
unfolding_cflip
unfolding_dire2002
unfolding_herwig7
unfolding_nominal
unfolding_sherpa
end ls EOS
EXIT_CODE_SCRAM 0
[16MB/35.64MB][ 44%][======================>                           ][16MB/s]  [35.64MB/35.64MB][100%][==================================================][35.64MB/s]  [35.64MB/35.64MB][100%][==================================================][35.64MB/s]  
checking sanity of file /eos/user/v/vveckaln/analysis_MC13TeV_TTJets/HADDChunks/MC13TeV_SingleT_tW_DS.root
file is good
Sanity test done
[4.87MB/4.87MB][100%][==================================================][4.87MB/s]  [4.87MB/4.87MB][100%][==================================================][4.87MB/s]  
checking sanity of file /eos/user/v/vveckaln/analysis_MC13TeV_TTJets/HADDmigration/migration_MC13TeV_SingleT_tW_DS.root
file is good
Sanity test done
EXIT_CODE_PYTHON  0
