klist
Ticket cache: FILE:/pool/condor/dir_25546/vveckaln.cc
Default principal: vveckaln@CERN.CH

Valid starting       Expires              Service principal
01/21/2020 22:38:09  01/22/2020 23:38:09  krbtgt/CERN.CH@CERN.CH
	renew until 01/26/2020 21:54:48
01/22/2020 13:26:30  01/22/2020 23:38:09  afs/cern.ch@CERN.CH
	renew until 01/26/2020 21:54:48
end klist
ls EOS
analysis_MC13TeV_TTJets
analysis_MC13TeV_TTJets_cflip
analysis_MC13TeV_TTJets_dire2002
analysis_MC13TeV_TTJets_herwig
analysis_MC13TeV_TTJets_herwig7
analysis_MC13TeV_TTJets_sherpa
bins
cernbox
chunksMC13TeV_TTHets
copy_test
data
flipped
flipped_old
merged_plots
migration
migrationMC13TeV_TTHets
moved.cc
processing
reserve
rivet
rivet_results_23_March
rivet_test
rivet_test_21_March
SWAN_projects
test
testdir
unfolding_cflip
unfolding_dire2002
unfolding_herwig7
unfolding_nominal
unfolding_sherpa
end ls EOS
EXIT_CODE_SCRAM 0
[16MB/86.24MB][ 18%][=========>                                        ][16MB/s]  [86.24MB/86.24MB][100%][==================================================][86.24MB/s]  [86.24MB/86.24MB][100%][==================================================][86.24MB/s]  
checking sanity of file /eos/user/v/vveckaln/analysis_MC13TeV_TTJets/HADDChunks/MC13TeV_TTJets_m169v5.root
file is good
Sanity test done
[16MB/788.1MB][  2%][=>                                                ][16MB/s]  [160MB/788.1MB][ 20%][==========>                                       ][80MB/s]  [256MB/788.1MB][ 32%][================>                                 ][85.33MB/s]  [352MB/788.1MB][ 44%][======================>                           ][88MB/s]  [448MB/788.1MB][ 56%][============================>                     ][89.6MB/s]  [544MB/788.1MB][ 69%][==================================>               ][90.67MB/s]  [640MB/788.1MB][ 81%][========================================>         ][91.43MB/s]  [736MB/788.1MB][ 93%][==============================================>   ][92MB/s]  [788.1MB/788.1MB][100%][==================================================][98.51MB/s]  [788.1MB/788.1MB][100%][==================================================][87.57MB/s]  
checking sanity of file /eos/user/v/vveckaln/analysis_MC13TeV_TTJets/HADDmigration/migration_MC13TeV_TTJets_m169v5.root
file is good
Sanity test done
EXIT_CODE_PYTHON  0
