klist
Ticket cache: FILE:/pool/condor/dir_1799/vveckaln.cc
Default principal: vveckaln@CERN.CH

Valid starting     Expires            Service principal
12/27/18 19:23:28  12/28/18 20:23:28  krbtgt/CERN.CH@CERN.CH
	renew until 12/30/18 07:22:25
12/27/18 19:23:28  12/28/18 20:23:28  afs/cern.ch@CERN.CH
	renew until 12/30/18 07:22:25
end klist
ls EOS
analysis_MC13TeV_TTJets
analysis_MC13TeV_TTJets_cflip
analysis_MC13TeV_TTJets_herwig
bins
cernbox
Chunks
Chunks_test
copy_test
data
flipped
flipped_old
LSF
merged_plots
migration
migration_MC13TeV_TTJets_jec_CorrelationGroupMPFInSitu_up_27.root
moved.cc
processing
reserve
rivet
rivet_results_23_March
rivet_test
rivet_test_21_March
save.root
SWAN_projects
test
testdir
unfolding_cflip
unfolding_nominal
end ls EOS
EXIT_CODE_SCRAM 0
[16MB/31.73MB][ 50%][=========================>                        ][16MB/s]  [31.73MB/31.73MB][100%][==================================================][31.73MB/s]  [31.73MB/31.73MB][100%][==================================================][10.58MB/s]  
md5sum: /eos/user/v/vveckaln/analysis_MC13TeV_TTJets/HADDChunks: Is a directory
checking sanity of file /eos/user/v/vveckaln/analysis_MC13TeV_TTJets/HADDChunks/MC13TeV_TTTJ.root
file is good
Sanity test done
[670kB/670kB][100%][==================================================][670kB/s]  [670kB/670kB][100%][==================================================][670kB/s]  
md5sum: /eos/user/v/vveckaln/analysis_MC13TeV_TTJets/HADDmigration: Is a directory
checking sanity of file /eos/user/v/vveckaln/analysis_MC13TeV_TTJets/HADDmigration/migration_MC13TeV_TTTJ.root
file is good
Sanity test done
EXIT_CODE_PYTHON  0
