klist
Ticket cache: FILE:/pool/condor/dir_17782/vveckaln.cc
Default principal: vveckaln@CERN.CH

Valid starting       Expires              Service principal
01/21/2020 18:29:24  01/22/2020 19:29:24  krbtgt/CERN.CH@CERN.CH
	renew until 01/26/2020 12:26:09
01/21/2020 21:30:11  01/22/2020 19:29:24  afs/cern.ch@CERN.CH
	renew until 01/26/2020 12:26:09
end klist
ls EOS
analysis_MC13TeV_TTJets
analysis_MC13TeV_TTJets_cflip
analysis_MC13TeV_TTJets_dire2002
analysis_MC13TeV_TTJets_herwig
analysis_MC13TeV_TTJets_herwig7
analysis_MC13TeV_TTJets_sherpa
bins
cernbox
chunksMC13TeV_TTHets
copy_test
data
flipped
flipped_old
merged_plots
migration
migrationMC13TeV_TTHets
moved.cc
processing
reserve
rivet
rivet_results_23_March
rivet_test
rivet_test_21_March
SWAN_projects
test
testdir
unfolding_cflip
unfolding_dire2002
unfolding_herwig7
unfolding_nominal
unfolding_sherpa
end ls EOS
EXIT_CODE_SCRAM 0
[16MB/62.22MB][ 25%][============>                                     ][16MB/s]  [62.22MB/62.22MB][100%][==================================================][62.22MB/s]  [62.22MB/62.22MB][100%][==================================================][62.22MB/s]  
checking sanity of file /eos/user/v/vveckaln/analysis_MC13TeV_TTJets_herwig/HADDChunks/MC13TeV_TTJets_herwig_jec_FlavorPureQuark_down.root
file is good
Sanity test done
[16MB/654.5MB][  2%][=>                                                ][16MB/s]  [96MB/654.5MB][ 14%][=======>                                          ][96MB/s]  [160MB/654.5MB][ 24%][============>                                     ][80MB/s]  [224MB/654.5MB][ 34%][=================>                                ][74.67MB/s]  [288MB/654.5MB][ 44%][======================>                           ][72MB/s]  [384MB/654.5MB][ 58%][=============================>                    ][76.8MB/s]  [480MB/654.5MB][ 73%][====================================>             ][80MB/s]  [592MB/654.5MB][ 90%][=============================================>    ][84.57MB/s]  [654.5MB/654.5MB][100%][==================================================][93.5MB/s]  [654.5MB/654.5MB][100%][==================================================][81.81MB/s]  
checking sanity of file /eos/user/v/vveckaln/analysis_MC13TeV_TTJets_herwig/HADDmigration/migration_MC13TeV_TTJets_herwig_jec_FlavorPureQuark_down.root
file is good
Sanity test done
EXIT_CODE_PYTHON  0
