klist
Ticket cache: FILE:/pool/condor/dir_27933/vveckaln.cc
Default principal: vveckaln@CERN.CH

Valid starting     Expires            Service principal
12/28/18 08:01:41  12/29/18 09:01:41  krbtgt/CERN.CH@CERN.CH
	renew until 01/01/19 12:01:16
12/28/18 08:01:41  12/29/18 09:01:41  afs/cern.ch@CERN.CH
	renew until 01/01/19 12:01:16
end klist
ls EOS
analysis_MC13TeV_TTJets
analysis_MC13TeV_TTJets_cflip
analysis_MC13TeV_TTJets_herwig
bins
cernbox
Chunks
Chunks_test
copy_test
data
flipped
flipped_old
LSF
merged_plots
migration
migration_MC13TeV_TTJets_jec_CorrelationGroupMPFInSitu_up_27.root
moved.cc
processing
reserve
rivet
rivet_results_23_March
rivet_test
rivet_test_21_March
save.root
SWAN_projects
test
testdir
unfolding_cflip
unfolding_nominal
end ls EOS
EXIT_CODE_SCRAM 0
[16MB/36.58MB][ 43%][=====================>                            ][16MB/s]  [36.58MB/36.58MB][100%][==================================================][36.58MB/s]  [36.58MB/36.58MB][100%][==================================================][9.144MB/s]  
md5sum: /eos/user/v/vveckaln/analysis_MC13TeV_TTJets/HADDChunks: Is a directory
checking sanity of file /eos/user/v/vveckaln/analysis_MC13TeV_TTJets/HADDChunks/MC13TeV_TTTT.root
file is good
Sanity test done
[10.58MB/10.58MB][100%][==================================================][10.58MB/s]  [10.58MB/10.58MB][100%][==================================================][5.289MB/s]  
md5sum: /eos/user/v/vveckaln/analysis_MC13TeV_TTJets/HADDmigration: Is a directory
checking sanity of file /eos/user/v/vveckaln/analysis_MC13TeV_TTJets/HADDmigration/migration_MC13TeV_TTTT.root
file is good
Sanity test done
EXIT_CODE_PYTHON  0
