klist
Ticket cache: FILE:/pool/condor/dir_1840/vveckaln.cc
Default principal: vveckaln@CERN.CH

Valid starting       Expires              Service principal
01/21/2020 22:38:09  01/22/2020 23:38:09  krbtgt/CERN.CH@CERN.CH
	renew until 01/26/2020 21:54:48
01/22/2020 13:20:58  01/22/2020 23:38:09  afs/cern.ch@CERN.CH
	renew until 01/26/2020 21:54:48
end klist
ls EOS
analysis_MC13TeV_TTJets
analysis_MC13TeV_TTJets_cflip
analysis_MC13TeV_TTJets_dire2002
analysis_MC13TeV_TTJets_herwig
analysis_MC13TeV_TTJets_herwig7
analysis_MC13TeV_TTJets_sherpa
bins
cernbox
chunksMC13TeV_TTHets
copy_test
data
flipped
flipped_old
merged_plots
migration
migrationMC13TeV_TTHets
moved.cc
processing
reserve
rivet
rivet_results_23_March
rivet_test
rivet_test_21_March
SWAN_projects
test
testdir
unfolding_cflip
unfolding_dire2002
unfolding_herwig7
unfolding_nominal
unfolding_sherpa
end ls EOS
EXIT_CODE_SCRAM 0
[16MB/86.04MB][ 18%][=========>                                        ][16MB/s]  [32MB/86.04MB][ 37%][==================>                               ][32MB/s]  [86.04MB/86.04MB][100%][==================================================][86.04MB/s]  [86.04MB/86.04MB][100%][==================================================][43.02MB/s]  
checking sanity of file /eos/user/v/vveckaln/analysis_MC13TeV_TTJets/HADDChunks/MC13TeV_TTJets_ueup.root
file is good
Sanity test done
[16MB/647MB][  2%][=>                                                ][16MB/s]  [64MB/647MB][  9%][====>                                             ][64MB/s]  [144MB/647MB][ 22%][===========>                                      ][72MB/s]  [224MB/647MB][ 34%][=================>                                ][74.67MB/s]  [304MB/647MB][ 46%][=======================>                          ][76MB/s]  [400MB/647MB][ 61%][==============================>                   ][80MB/s]  [496MB/647MB][ 76%][======================================>           ][82.67MB/s]  [592MB/647MB][ 91%][=============================================>    ][84.57MB/s]  [647MB/647MB][100%][==================================================][80.88MB/s]  [647MB/647MB][100%][==================================================][80.88MB/s]  
checking sanity of file /eos/user/v/vveckaln/analysis_MC13TeV_TTJets/HADDmigration/migration_MC13TeV_TTJets_ueup.root
file is good
Sanity test done
EXIT_CODE_PYTHON  0
