klist
Ticket cache: FILE:/pool/condor/dir_13060/vveckaln.cc
Default principal: vveckaln@CERN.CH

Valid starting     Expires            Service principal
12/31/18 15:18:29  01/01/19 16:18:29  krbtgt/CERN.CH@CERN.CH
	renew until 01/05/19 15:10:18
12/31/18 15:32:16  01/01/19 16:18:29  afs/cern.ch@CERN.CH
	renew until 01/05/19 15:10:18
end klist
ls EOS
analysis_MC13TeV_TTJets
analysis_MC13TeV_TTJets_cflip
analysis_MC13TeV_TTJets_herwig
bins
cernbox
Chunks
Chunks_test
copy_test
data
flipped
flipped_old
LSF
merged_plots
migration
migration_MC13TeV_TTJets_jec_CorrelationGroupMPFInSitu_up_27.root
moved.cc
processing
reserve
rivet
rivet_results_23_March
rivet_test
rivet_test_21_March
save.root
SWAN_projects
test
testdir
unfolding_cflip
unfolding_nominal
end ls EOS
EXIT_CODE_SCRAM 0
[16MB/62.24MB][ 25%][============>                                     ][16MB/s]  [48MB/62.24MB][ 77%][======================================>           ][24MB/s]  [62.24MB/62.24MB][100%][==================================================][31.12MB/s]  [62.24MB/62.24MB][100%][==================================================][20.75MB/s]  
md5sum: /eos/user/v/vveckaln/analysis_MC13TeV_TTJets_herwig//HADDChunks: Is a directory
checking sanity of file /eos/user/v/vveckaln/analysis_MC13TeV_TTJets_herwig//HADDChunks/MC13TeV_TTJets_herwig_csv_light_up.root
file is good
Sanity test done
[16MB/643.5MB][  2%][=>                                                ][16MB/s]  [80MB/643.5MB][ 12%][======>                                           ][40MB/s]  [112MB/643.5MB][ 17%][========>                                         ][37.33MB/s]  [144MB/643.5MB][ 22%][===========>                                      ][36MB/s]  [256MB/643.5MB][ 39%][===================>                              ][51.2MB/s]  [352MB/643.5MB][ 54%][===========================>                      ][58.67MB/s]  [464MB/643.5MB][ 72%][====================================>             ][66.29MB/s]  [560MB/643.5MB][ 87%][===========================================>      ][70MB/s]  [640MB/643.5MB][ 99%][=================================================>][71.11MB/s]  [643.5MB/643.5MB][100%][==================================================][71.5MB/s]  [643.5MB/643.5MB][100%][==================================================][64.35MB/s]  
md5sum: /eos/user/v/vveckaln/analysis_MC13TeV_TTJets_herwig//HADDmigration: Is a directory
checking sanity of file /eos/user/v/vveckaln/analysis_MC13TeV_TTJets_herwig//HADDmigration/migration_MC13TeV_TTJets_herwig_csv_light_up.root
file is good
Sanity test done
EXIT_CODE_PYTHON  0
