klist
Ticket cache: FILE:/pool/condor/dir_26584/vveckaln.cc
Default principal: vveckaln@CERN.CH

Valid starting     Expires            Service principal
12/28/18 05:09:40  12/29/18 01:07:36  krbtgt/CERN.CH@CERN.CH
	renew until 12/29/18 01:07:36
12/28/18 05:09:40  12/29/18 01:07:36  afs/cern.ch@CERN.CH
	renew until 12/29/18 01:07:36
end klist
ls EOS
analysis_MC13TeV_TTJets
analysis_MC13TeV_TTJets_cflip
analysis_MC13TeV_TTJets_herwig
bins
cernbox
Chunks
Chunks_test
copy_test
data
flipped
flipped_old
LSF
merged_plots
migration
migration_MC13TeV_TTJets_jec_CorrelationGroupMPFInSitu_up_27.root
moved.cc
processing
reserve
rivet
rivet_results_23_March
rivet_test
rivet_test_21_March
save.root
SWAN_projects
test
testdir
unfolding_cflip
unfolding_nominal
end ls EOS
EXIT_CODE_SCRAM 0
[9.849MB/9.849MB][100%][==================================================][9.849MB/s]  [9.849MB/9.849MB][100%][==================================================][9.849MB/s]  
md5sum: /eos/user/v/vveckaln/analysis_MC13TeV_TTJets/HADDChunks: Is a directory
checking sanity of file /eos/user/v/vveckaln/analysis_MC13TeV_TTJets/HADDChunks/MC13TeV_QCDMuEnriched80to120.root
file is good
Sanity test done
[24.44kB/24.44kB][100%][==================================================][24.44kB/s]  [24.44kB/24.44kB][100%][==================================================][24.44kB/s]  
md5sum: /eos/user/v/vveckaln/analysis_MC13TeV_TTJets/HADDmigration: Is a directory
checking sanity of file /eos/user/v/vveckaln/analysis_MC13TeV_TTJets/HADDmigration/migration_MC13TeV_QCDMuEnriched80to120.root
file is good
Sanity test done
EXIT_CODE_PYTHON  0
