klist
Ticket cache: FILE:/pool/condor/dir_26413/vveckaln.cc
Default principal: vveckaln@CERN.CH

Valid starting       Expires              Service principal
01/21/2020 22:38:09  01/22/2020 23:38:09  krbtgt/CERN.CH@CERN.CH
	renew until 01/26/2020 21:54:48
01/22/2020 13:21:01  01/22/2020 23:38:09  afs/cern.ch@CERN.CH
	renew until 01/26/2020 21:54:48
end klist
ls EOS
analysis_MC13TeV_TTJets
analysis_MC13TeV_TTJets_cflip
analysis_MC13TeV_TTJets_dire2002
analysis_MC13TeV_TTJets_herwig
analysis_MC13TeV_TTJets_herwig7
analysis_MC13TeV_TTJets_sherpa
bins
cernbox
chunksMC13TeV_TTHets
copy_test
data
flipped
flipped_old
merged_plots
migration
migrationMC13TeV_TTHets
moved.cc
processing
reserve
rivet
rivet_results_23_March
rivet_test
rivet_test_21_March
SWAN_projects
test
testdir
unfolding_cflip
unfolding_dire2002
unfolding_herwig7
unfolding_nominal
unfolding_sherpa
end ls EOS
EXIT_CODE_SCRAM 0
[16MB/86.58MB][ 18%][=========>                                        ][16MB/s]  [86.58MB/86.58MB][100%][==================================================][86.58MB/s]  [86.58MB/86.58MB][100%][==================================================][86.58MB/s]  
checking sanity of file /eos/user/v/vveckaln/analysis_MC13TeV_TTJets/HADDChunks/MC13TeV_TTJets_erdON.root
file is good
Sanity test done
[16MB/1.233GB][  1%][>                                                 ][16MB/s]  [48MB/1.233GB][  3%][=>                                                ][48MB/s]  [192MB/1.233GB][ 15%][=======>                                          ][96MB/s]  [304MB/1.233GB][ 24%][============>                                     ][101.3MB/s]  [416MB/1.233GB][ 32%][================>                                 ][104MB/s]  [544MB/1.233GB][ 43%][=====================>                            ][108.8MB/s]  [672MB/1.233GB][ 53%][==========================>                       ][112MB/s]  [800MB/1.233GB][ 63%][===============================>                  ][114.3MB/s]  [944MB/1.233GB][ 74%][=====================================>            ][118MB/s]  [1.062GB/1.233GB][ 86%][===========================================>      ][120.9MB/s]  [1.203GB/1.233GB][ 97%][================================================> ][123.2MB/s]  [1.233GB/1.233GB][100%][==================================================][126.3MB/s]  [1.233GB/1.233GB][100%][==================================================][126.3MB/s]  
checking sanity of file /eos/user/v/vveckaln/analysis_MC13TeV_TTJets/HADDmigration/migration_MC13TeV_TTJets_erdON.root
file is good
Sanity test done
EXIT_CODE_PYTHON  0
