klist
Ticket cache: FILE:/pool/condor/dir_2328/vveckaln.cc
Default principal: vveckaln@CERN.CH

Valid starting       Expires              Service principal
01/21/2020 22:38:09  01/22/2020 23:38:09  krbtgt/CERN.CH@CERN.CH
	renew until 01/26/2020 21:54:48
01/22/2020 13:26:33  01/22/2020 23:38:09  afs/cern.ch@CERN.CH
	renew until 01/26/2020 21:54:48
end klist
ls EOS
analysis_MC13TeV_TTJets
analysis_MC13TeV_TTJets_cflip
analysis_MC13TeV_TTJets_dire2002
analysis_MC13TeV_TTJets_herwig
analysis_MC13TeV_TTJets_herwig7
analysis_MC13TeV_TTJets_sherpa
bins
cernbox
chunksMC13TeV_TTHets
copy_test
data
flipped
flipped_old
merged_plots
migration
migrationMC13TeV_TTHets
moved.cc
processing
reserve
rivet
rivet_results_23_March
rivet_test
rivet_test_21_March
SWAN_projects
test
testdir
unfolding_cflip
unfolding_dire2002
unfolding_herwig7
unfolding_nominal
unfolding_sherpa
end ls EOS
EXIT_CODE_SCRAM 0
[16MB/86.63MB][ 18%][=========>                                        ][16MB/s]  [86.63MB/86.63MB][100%][==================================================][86.63MB/s]  [86.63MB/86.63MB][100%][==================================================][86.63MB/s]  
checking sanity of file /eos/user/v/vveckaln/analysis_MC13TeV_TTJets/HADDChunks/MC13TeV_TTJets_isrup.root
file is good
Sanity test done
[16MB/1.319GB][  1%][>                                                 ][16MB/s]  [160MB/1.319GB][ 11%][=====>                                            ][80MB/s]  [240MB/1.319GB][ 17%][========>                                         ][80MB/s]  [352MB/1.319GB][ 26%][=============>                                    ][88MB/s]  [448MB/1.319GB][ 33%][================>                                 ][89.6MB/s]  [544MB/1.319GB][ 40%][====================>                             ][90.67MB/s]  [656MB/1.319GB][ 48%][========================>                         ][93.71MB/s]  [752MB/1.319GB][ 55%][===========================>                      ][94MB/s]  [864MB/1.319GB][ 63%][===============================>                  ][96MB/s]  [928MB/1.319GB][ 68%][==================================>               ][92.8MB/s]  [1024MB/1.319GB][ 75%][=====================================>            ][93.09MB/s]  [1.094GB/1.319GB][ 82%][=========================================>        ][93.33MB/s]  [1.203GB/1.319GB][ 91%][=============================================>    ][94.77MB/s]  [1.297GB/1.319GB][ 98%][=================================================>][94.86MB/s]  [1.319GB/1.319GB][100%][==================================================][96.45MB/s]  [1.319GB/1.319GB][100%][==================================================][90.02MB/s]  
checking sanity of file /eos/user/v/vveckaln/analysis_MC13TeV_TTJets/HADDmigration/migration_MC13TeV_TTJets_isrup.root
file is good
Sanity test done
EXIT_CODE_PYTHON  0
