klist
Ticket cache: FILE:/pool/condor/dir_28670/vveckaln.cc
Default principal: vveckaln@CERN.CH

Valid starting     Expires            Service principal
12/28/18 01:11:19  12/29/18 02:11:19  krbtgt/CERN.CH@CERN.CH
	renew until 12/30/18 12:19:54
12/28/18 01:11:19  12/29/18 02:11:19  afs/cern.ch@CERN.CH
	renew until 12/30/18 12:19:54
end klist
ls EOS
analysis_MC13TeV_TTJets
analysis_MC13TeV_TTJets_cflip
analysis_MC13TeV_TTJets_herwig
bins
cernbox
Chunks
Chunks_test
copy_test
data
flipped
flipped_old
LSF
merged_plots
migration
migration_MC13TeV_TTJets_jec_CorrelationGroupMPFInSitu_up_27.root
moved.cc
processing
reserve
rivet
rivet_results_23_March
rivet_test
rivet_test_21_March
save.root
SWAN_projects
test
testdir
unfolding_cflip
unfolding_nominal
end ls EOS
EXIT_CODE_SCRAM 0
[16MB/35.75MB][ 44%][======================>                           ][16MB/s]  [35.75MB/35.75MB][100%][==================================================][35.75MB/s]  [35.75MB/35.75MB][100%][==================================================][17.88MB/s]  
md5sum: /eos/user/v/vveckaln/analysis_MC13TeV_TTJets/HADDChunks: Is a directory
checking sanity of file /eos/user/v/vveckaln/analysis_MC13TeV_TTJets/HADDChunks/MC13TeV_SingleT_tW_isrdn.root
file is good
Sanity test done
[5.299MB/5.299MB][100%][==================================================][5.299MB/s]  [5.299MB/5.299MB][100%][==================================================][5.299MB/s]  
md5sum: /eos/user/v/vveckaln/analysis_MC13TeV_TTJets/HADDmigration: Is a directory
ls: cannot access /eos/user/v/vveckaln/analysis_MC13TeV_TTJets/HADDmigration/.sys.a#.v#MC13TeV_TTJets_btag_heavy_up.root.3e36d920-0aab-11e9-8f59-a4bf0112dcc4: No such file or directory
checking sanity of file /eos/user/v/vveckaln/analysis_MC13TeV_TTJets/HADDmigration/migration_MC13TeV_SingleT_tW_isrdn.root
file is good
Sanity test done
EXIT_CODE_PYTHON  0
