klist
Ticket cache: FILE:/pool/condor/dir_29206/vveckaln.cc
Default principal: vveckaln@CERN.CH

Valid starting       Expires              Service principal
01/21/2020 22:38:09  01/22/2020 23:38:09  krbtgt/CERN.CH@CERN.CH
	renew until 01/26/2020 21:54:48
01/22/2020 13:26:41  01/22/2020 23:38:09  afs/cern.ch@CERN.CH
	renew until 01/26/2020 21:54:48
end klist
ls EOS
analysis_MC13TeV_TTJets
analysis_MC13TeV_TTJets_cflip
analysis_MC13TeV_TTJets_dire2002
analysis_MC13TeV_TTJets_herwig
analysis_MC13TeV_TTJets_herwig7
analysis_MC13TeV_TTJets_sherpa
bins
cernbox
chunksMC13TeV_TTHets
copy_test
data
flipped
flipped_old
merged_plots
migration
migrationMC13TeV_TTHets
moved.cc
processing
reserve
rivet
rivet_results_23_March
rivet_test
rivet_test_21_March
SWAN_projects
test
testdir
unfolding_cflip
unfolding_dire2002
unfolding_herwig7
unfolding_nominal
unfolding_sherpa
end ls EOS
EXIT_CODE_SCRAM 0
[16MB/61.99MB][ 25%][============>                                     ][16MB/s]  [32MB/61.99MB][ 51%][=========================>                        ][16MB/s]  [61.99MB/61.99MB][100%][==================================================][31MB/s]  [61.99MB/61.99MB][100%][==================================================][20.66MB/s]  
checking sanity of file /eos/user/v/vveckaln/analysis_MC13TeV_TTJets/HADDChunks/MC13TeV_TTJets_hdampdn.root
file is good
Sanity test done
[16MB/421MB][  3%][=>                                                ][16MB/s]  [112MB/421MB][ 26%][=============>                                    ][112MB/s]  [192MB/421MB][ 45%][======================>                           ][96MB/s]  [288MB/421MB][ 68%][==================================>               ][96MB/s]  [368MB/421MB][ 87%][===========================================>      ][92MB/s]  [421MB/421MB][100%][==================================================][84.19MB/s]  [421MB/421MB][100%][==================================================][84.19MB/s]  
checking sanity of file /eos/user/v/vveckaln/analysis_MC13TeV_TTJets/HADDmigration/migration_MC13TeV_TTJets_hdampdn.root
file is good
Sanity test done
EXIT_CODE_PYTHON  0
