klist
Ticket cache: FILE:/pool/condor/dir_26155/vveckaln.cc
Default principal: vveckaln@CERN.CH

Valid starting       Expires              Service principal
01/21/2020 22:38:09  01/22/2020 23:38:09  krbtgt/CERN.CH@CERN.CH
	renew until 01/26/2020 21:54:48
01/22/2020 13:21:02  01/22/2020 23:38:09  afs/cern.ch@CERN.CH
	renew until 01/26/2020 21:54:48
end klist
ls EOS
analysis_MC13TeV_TTJets
analysis_MC13TeV_TTJets_cflip
analysis_MC13TeV_TTJets_dire2002
analysis_MC13TeV_TTJets_herwig
analysis_MC13TeV_TTJets_herwig7
analysis_MC13TeV_TTJets_sherpa
bins
cernbox
chunksMC13TeV_TTHets
copy_test
data
flipped
flipped_old
merged_plots
migration
migrationMC13TeV_TTHets
moved.cc
processing
reserve
rivet
rivet_results_23_March
rivet_test
rivet_test_21_March
SWAN_projects
test
testdir
unfolding_cflip
unfolding_dire2002
unfolding_herwig7
unfolding_nominal
unfolding_sherpa
end ls EOS
EXIT_CODE_SCRAM 0
[16MB/86.11MB][ 18%][=========>                                        ][16MB/s]  [80MB/86.11MB][ 92%][==============================================>   ][80MB/s]  [86.11MB/86.11MB][100%][==================================================][86.11MB/s]  [86.11MB/86.11MB][100%][==================================================][43.05MB/s]  
checking sanity of file /eos/user/v/vveckaln/analysis_MC13TeV_TTJets/HADDChunks/MC13TeV_TTJets_fsrdn.root
file is good
Sanity test done
[16MB/635.6MB][  2%][=>                                                ][16MB/s]  [48MB/635.6MB][  7%][===>                                              ][48MB/s]  [128MB/635.6MB][ 20%][==========>                                       ][64MB/s]  [192MB/635.6MB][ 30%][===============>                                  ][64MB/s]  [224MB/635.6MB][ 35%][=================>                                ][56MB/s]  [256MB/635.6MB][ 40%][====================>                             ][51.2MB/s]  [288MB/635.6MB][ 45%][======================>                           ][48MB/s]  [304MB/635.6MB][ 47%][=======================>                          ][43.43MB/s]  [432MB/635.6MB][ 67%][=================================>                ][54MB/s]  [528MB/635.6MB][ 83%][=========================================>        ][58.67MB/s]  [624MB/635.6MB][ 98%][=================================================>][62.4MB/s]  [635.6MB/635.6MB][100%][==================================================][63.56MB/s]  [635.6MB/635.6MB][100%][==================================================][63.56MB/s]  
checking sanity of file /eos/user/v/vveckaln/analysis_MC13TeV_TTJets/HADDmigration/migration_MC13TeV_TTJets_fsrdn.root
file is good
Sanity test done
EXIT_CODE_PYTHON  0
