klist
Ticket cache: FILE:/pool/condor/dir_24265/vveckaln.cc
Default principal: vveckaln@CERN.CH

Valid starting     Expires            Service principal
12/28/18 05:09:39  12/29/18 01:06:59  krbtgt/CERN.CH@CERN.CH
	renew until 12/29/18 01:06:59
12/28/18 05:09:39  12/29/18 01:06:59  afs/cern.ch@CERN.CH
	renew until 12/29/18 01:06:59
end klist
ls EOS
analysis_MC13TeV_TTJets
analysis_MC13TeV_TTJets_cflip
analysis_MC13TeV_TTJets_herwig
bins
cernbox
Chunks
Chunks_test
copy_test
data
flipped
flipped_old
LSF
merged_plots
migration
migration_MC13TeV_TTJets_jec_CorrelationGroupMPFInSitu_up_27.root
moved.cc
processing
reserve
rivet
rivet_results_23_March
rivet_test
rivet_test_21_March
save.root
SWAN_projects
test
testdir
unfolding_cflip
unfolding_nominal
end ls EOS
EXIT_CODE_SCRAM 0
[16MB/85.82MB][ 18%][=========>                                        ][5.333MB/s]  [85.82MB/85.82MB][100%][==================================================][28.61MB/s]  [85.82MB/85.82MB][100%][==================================================][21.45MB/s]  
md5sum: /eos/user/v/vveckaln/analysis_MC13TeV_TTJets/HADDChunks: Is a directory
checking sanity of file /eos/user/v/vveckaln/analysis_MC13TeV_TTJets/HADDChunks/MC13TeV_TTJets_widthx4.root
file is good
Sanity test done
[16MB/439.8MB][  3%][=>                                                ][16MB/s]  [64MB/439.8MB][ 14%][=======>                                          ][64MB/s]  [272MB/439.8MB][ 61%][==============================>                   ][136MB/s]  [439.8MB/439.8MB][100%][==================================================][146.6MB/s]  [439.8MB/439.8MB][100%][==================================================][146.6MB/s]  
md5sum: /eos/user/v/vveckaln/analysis_MC13TeV_TTJets/HADDmigration: Is a directory
checking sanity of file /eos/user/v/vveckaln/analysis_MC13TeV_TTJets/HADDmigration/migration_MC13TeV_TTJets_widthx4.root
file is good
Sanity test done
EXIT_CODE_PYTHON  0
