klist
Ticket cache: FILE:/pool/condor/dir_19579/vveckaln.cc
Default principal: vveckaln@CERN.CH

Valid starting     Expires            Service principal
09/07/18 03:00:47  09/08/18 04:00:47  krbtgt/CERN.CH@CERN.CH
	renew until 09/12/18 02:51:54
09/07/18 03:03:30  09/08/18 04:00:47  afs/cern.ch@CERN.CH
	renew until 09/12/18 02:51:54
end klist
ls EOS
analysis_MC13TeV_TTJets
analysis_MC13TeV_TTJets_cflip
analysis_MC13TeV_TTJetsfix
analysis_MC13TeV_TTJets_herwig
analysis_MC13TeV_TTJetsswap
bins
cernbox
Chunks
Chunks_test
copy_test
data
flipped
flipped_old
LSF
merged_plots
migration
processing
reserve
rivet
rivet_results_23_March
rivet_test
rivet_test_21_March
SWAN_projects
test
unfolding_cflip_old
unfolding_-m
unfolding_nominal
unfolding_nominal_old
end ls EOS
EXIT_CODE_SCRAM 0
checking sanity of file /eos/user/v/vveckaln/analysis_MC13TeV_TTJets_cflip//HADDChunks/MC13TeV_TTJets_cflip_csv_heavy_up.root
file is good
Sanity test done
checking sanity of file /eos/user/v/vveckaln/analysis_MC13TeV_TTJets_cflip//HADDmigration/migration_MC13TeV_TTJets_cflip_csv_heavy_up.root
file is good
Sanity test done
EXIT_CODE_PYTHON  0
