klist
Ticket cache: FILE:/pool/condor/dir_1689/vveckaln.cc
Default principal: vveckaln@CERN.CH

Valid starting     Expires            Service principal
12/31/18 15:18:29  01/01/19 16:18:29  krbtgt/CERN.CH@CERN.CH
	renew until 01/05/19 15:10:18
12/31/18 15:32:20  01/01/19 16:18:29  afs/cern.ch@CERN.CH
	renew until 01/05/19 15:10:18
end klist
ls EOS
analysis_MC13TeV_TTJets
analysis_MC13TeV_TTJets_cflip
analysis_MC13TeV_TTJets_herwig
bins
cernbox
Chunks
Chunks_test
copy_test
data
flipped
flipped_old
LSF
merged_plots
migration
migration_MC13TeV_TTJets_jec_CorrelationGroupMPFInSitu_up_27.root
moved.cc
processing
reserve
rivet
rivet_results_23_March
rivet_test
rivet_test_21_March
save.root
SWAN_projects
test
testdir
unfolding_cflip
unfolding_nominal
end ls EOS
EXIT_CODE_SCRAM 0
Error in <TFile::ReadBuffer>: error reading all requested bytes from file /eos/user/v/vveckaln/analysis_MC13TeV_TTJets_herwig//Chunks/MC13TeV_TTJets_herwig_btag_heavy_up/MC13TeV_TTJets_herwig_btag_heavy_up_46.root, got 1835360 of 1940840
Error in <TKey::ReadFile>: Failed to read data.
Error in <TFile::ReadKeys>: reading illegal key, exiting after 13825 keys
Info in <TFileMerger::MergeRecursive>: cannot indentify object type (T), name:  title: 
[16MB/62.24MB][ 25%][============>                                     ][8MB/s]  [32MB/62.24MB][ 51%][=========================>                        ][10.67MB/s]  [62.24MB/62.24MB][100%][==================================================][20.75MB/s]  [62.24MB/62.24MB][100%][==================================================][20.75MB/s]  
md5sum: /eos/user/v/vveckaln/analysis_MC13TeV_TTJets_herwig//HADDChunks: Is a directory
checking sanity of file /eos/user/v/vveckaln/analysis_MC13TeV_TTJets_herwig//HADDChunks/MC13TeV_TTJets_herwig_btag_heavy_up.root
file is good
Sanity test done
[16MB/646MB][  2%][=>                                                ][16MB/s]  [80MB/646MB][ 12%][======>                                           ][80MB/s]  [144MB/646MB][ 22%][===========>                                      ][72MB/s]  [224MB/646MB][ 34%][=================>                                ][74.67MB/s]  [336MB/646MB][ 52%][==========================>                       ][84MB/s]  [448MB/646MB][ 69%][==================================>               ][89.6MB/s]  [528MB/646MB][ 81%][========================================>         ][88MB/s]  [624MB/646MB][ 96%][================================================> ][89.14MB/s]  [646MB/646MB][100%][==================================================][92.28MB/s]  [646MB/646MB][100%][==================================================][80.75MB/s]  
md5sum: /eos/user/v/vveckaln/analysis_MC13TeV_TTJets_herwig//HADDmigration: Is a directory
checking sanity of file /eos/user/v/vveckaln/analysis_MC13TeV_TTJets_herwig//HADDmigration/migration_MC13TeV_TTJets_herwig_btag_heavy_up.root
file is good
Sanity test done
EXIT_CODE_PYTHON  0
