klist
Ticket cache: FILE:/pool/condor/dir_8192/vveckaln.cc
Default principal: vveckaln@CERN.CH

Valid starting     Expires            Service principal
12/31/18 15:18:29  01/01/19 16:18:29  krbtgt/CERN.CH@CERN.CH
	renew until 01/05/19 15:10:18
12/31/18 15:32:38  01/01/19 16:18:29  afs/cern.ch@CERN.CH
	renew until 01/05/19 15:10:18
end klist
ls EOS
analysis_MC13TeV_TTJets
analysis_MC13TeV_TTJets_cflip
analysis_MC13TeV_TTJets_herwig
bins
cernbox
Chunks
Chunks_test
copy_test
data
flipped
flipped_old
LSF
merged_plots
migration
migration_MC13TeV_TTJets_jec_CorrelationGroupMPFInSitu_up_27.root
moved.cc
processing
reserve
rivet
rivet_results_23_March
rivet_test
rivet_test_21_March
save.root
SWAN_projects
test
testdir
unfolding_cflip
unfolding_nominal
end ls EOS
EXIT_CODE_SCRAM 0
[16MB/62.24MB][ 25%][============>                                     ][8MB/s]  [32MB/62.24MB][ 51%][=========================>                        ][6.4MB/s]  [48MB/62.24MB][ 77%][======================================>           ][8MB/s]  [62.24MB/62.24MB][100%][==================================================][10.37MB/s]  [62.24MB/62.24MB][100%][==================================================][10.37MB/s]  
md5sum: /eos/user/v/vveckaln/analysis_MC13TeV_TTJets_herwig//HADDChunks: Is a directory
checking sanity of file /eos/user/v/vveckaln/analysis_MC13TeV_TTJets_herwig//HADDChunks/MC13TeV_TTJets_herwig_btag_light_up.root
file is good
Sanity test done
[16MB/643.9MB][  2%][=>                                                ][5.333MB/s]  [48MB/643.9MB][  7%][===>                                              ][12MB/s]  [80MB/643.9MB][ 12%][======>                                           ][16MB/s]  [112MB/643.9MB][ 17%][========>                                         ][18.67MB/s]  [128MB/643.9MB][ 19%][=========>                                        ][18.29MB/s]  [160MB/643.9MB][ 24%][============>                                     ][20MB/s]  [192MB/643.9MB][ 29%][==============>                                   ][21.33MB/s]  [224MB/643.9MB][ 34%][=================>                                ][22.4MB/s]  [272MB/643.9MB][ 42%][=====================>                            ][24.73MB/s]  [320MB/643.9MB][ 49%][========================>                         ][26.67MB/s]  [384MB/643.9MB][ 59%][=============================>                    ][29.54MB/s]  [496MB/643.9MB][ 77%][======================================>           ][35.43MB/s]  [576MB/643.9MB][ 89%][============================================>     ][38.4MB/s]  [643.9MB/643.9MB][100%][==================================================][42.93MB/s]  [643.9MB/643.9MB][100%][==================================================][40.25MB/s]  
md5sum: /eos/user/v/vveckaln/analysis_MC13TeV_TTJets_herwig//HADDmigration: Is a directory
checking sanity of file /eos/user/v/vveckaln/analysis_MC13TeV_TTJets_herwig//HADDmigration/migration_MC13TeV_TTJets_herwig_btag_light_up.root
file is good
Sanity test done
EXIT_CODE_PYTHON  0
