klist
Ticket cache: FILE:/pool/condor/dir_18784/vveckaln.cc
Default principal: vveckaln@CERN.CH

Valid starting     Expires            Service principal
12/31/18 15:18:29  01/01/19 16:18:29  krbtgt/CERN.CH@CERN.CH
	renew until 01/05/19 15:10:18
12/31/18 15:32:14  01/01/19 16:18:29  afs/cern.ch@CERN.CH
	renew until 01/05/19 15:10:18
end klist
ls EOS
analysis_MC13TeV_TTJets
analysis_MC13TeV_TTJets_cflip
analysis_MC13TeV_TTJets_herwig
bins
cernbox
Chunks
Chunks_test
copy_test
data
flipped
flipped_old
LSF
merged_plots
migration
migration_MC13TeV_TTJets_jec_CorrelationGroupMPFInSitu_up_27.root
moved.cc
processing
reserve
rivet
rivet_results_23_March
rivet_test
rivet_test_21_March
save.root
SWAN_projects
test
testdir
unfolding_cflip
unfolding_nominal
end ls EOS
EXIT_CODE_SCRAM 0
[16MB/62.24MB][ 25%][============>                                     ][16MB/s]  [62.24MB/62.24MB][100%][==================================================][62.24MB/s]  [62.24MB/62.24MB][100%][==================================================][15.56MB/s]  
md5sum: /eos/user/v/vveckaln/analysis_MC13TeV_TTJets_herwig//HADDChunks: Is a directory
checking sanity of file /eos/user/v/vveckaln/analysis_MC13TeV_TTJets_herwig//HADDChunks/MC13TeV_TTJets_herwig_csv_light_down.root
file is good
Sanity test done
[16MB/643.9MB][  2%][=>                                                ][16MB/s]  [32MB/643.9MB][  4%][==>                                               ][32MB/s]  [96MB/643.9MB][ 14%][=======>                                          ][48MB/s]  [128MB/643.9MB][ 19%][=========>                                        ][42.67MB/s]  [192MB/643.9MB][ 29%][==============>                                   ][48MB/s]  [272MB/643.9MB][ 42%][=====================>                            ][54.4MB/s]  [336MB/643.9MB][ 52%][==========================>                       ][56MB/s]  [400MB/643.9MB][ 62%][===============================>                  ][57.14MB/s]  [464MB/643.9MB][ 72%][====================================>             ][58MB/s]  [528MB/643.9MB][ 82%][=========================================>        ][58.67MB/s]  [592MB/643.9MB][ 91%][=============================================>    ][59.2MB/s]  [643.9MB/643.9MB][100%][==================================================][58.53MB/s]  [643.9MB/643.9MB][100%][==================================================][58.53MB/s]  
md5sum: /eos/user/v/vveckaln/analysis_MC13TeV_TTJets_herwig//HADDmigration: Is a directory
checking sanity of file /eos/user/v/vveckaln/analysis_MC13TeV_TTJets_herwig//HADDmigration/migration_MC13TeV_TTJets_herwig_csv_light_down.root
file is good
Sanity test done
EXIT_CODE_PYTHON  0
