klist
Ticket cache: FILE:/pool/condor/dir_30878/vveckaln.cc
Default principal: vveckaln@CERN.CH

Valid starting     Expires            Service principal
12/28/18 01:11:19  12/29/18 02:11:19  krbtgt/CERN.CH@CERN.CH
	renew until 12/30/18 12:19:54
12/28/18 01:11:19  12/29/18 02:11:19  afs/cern.ch@CERN.CH
	renew until 12/30/18 12:19:54
end klist
ls EOS
analysis_MC13TeV_TTJets
analysis_MC13TeV_TTJets_cflip
analysis_MC13TeV_TTJets_herwig
bins
cernbox
Chunks
Chunks_test
copy_test
data
flipped
flipped_old
LSF
merged_plots
migration
migration_MC13TeV_TTJets_jec_CorrelationGroupMPFInSitu_up_27.root
moved.cc
processing
reserve
rivet
rivet_results_23_March
rivet_test
rivet_test_21_March
save.root
SWAN_projects
test
testdir
unfolding_cflip
unfolding_nominal
end ls EOS
EXIT_CODE_SCRAM 0
[16MB/22.41MB][ 71%][===================================>              ][16MB/s]  [22.41MB/22.41MB][100%][==================================================][22.41MB/s]  [22.41MB/22.41MB][100%][==================================================][11.21MB/s]  
md5sum: /eos/user/v/vveckaln/analysis_MC13TeV_TTJets/HADDChunks: Is a directory
checking sanity of file /eos/user/v/vveckaln/analysis_MC13TeV_TTJets/HADDChunks/MC13TeV_WWZ.root
file is good
Sanity test done
[100.2kB/100.2kB][100%][==================================================][100.2kB/s]  [100.2kB/100.2kB][100%][==================================================][100.2kB/s]  
md5sum: /eos/user/v/vveckaln/analysis_MC13TeV_TTJets/HADDmigration: Is a directory
checking sanity of file /eos/user/v/vveckaln/analysis_MC13TeV_TTJets/HADDmigration/migration_MC13TeV_WWZ.root
file is good
Sanity test done
EXIT_CODE_PYTHON  0
