klist
Ticket cache: FILE:/pool/condor/dir_28940/vveckaln.cc
Default principal: vveckaln@CERN.CH

Valid starting       Expires              Service principal
01/21/2020 22:38:09  01/22/2020 23:38:09  krbtgt/CERN.CH@CERN.CH
	renew until 01/26/2020 21:54:48
01/22/2020 13:26:41  01/22/2020 23:38:09  afs/cern.ch@CERN.CH
	renew until 01/26/2020 21:54:48
end klist
ls EOS
analysis_MC13TeV_TTJets
analysis_MC13TeV_TTJets_cflip
analysis_MC13TeV_TTJets_dire2002
analysis_MC13TeV_TTJets_herwig
analysis_MC13TeV_TTJets_herwig7
analysis_MC13TeV_TTJets_sherpa
bins
cernbox
chunksMC13TeV_TTHets
copy_test
data
flipped
flipped_old
merged_plots
migration
migrationMC13TeV_TTHets
moved.cc
processing
reserve
rivet
rivet_results_23_March
rivet_test
rivet_test_21_March
SWAN_projects
test
testdir
unfolding_cflip
unfolding_dire2002
unfolding_herwig7
unfolding_nominal
unfolding_sherpa
end ls EOS
EXIT_CODE_SCRAM 0
[16MB/62.23MB][ 25%][============>                                     ][16MB/s]  [32MB/62.23MB][ 51%][=========================>                        ][32MB/s]  [62.23MB/62.23MB][100%][==================================================][62.23MB/s]  [62.23MB/62.23MB][100%][==================================================][31.12MB/s]  
checking sanity of file /eos/user/v/vveckaln/analysis_MC13TeV_TTJets_herwig/HADDChunks/MC13TeV_TTJets_herwig_jec_CorrelationGroupUncorrelated_up.root
file is good
Sanity test done
Error in <TFile::TFile>: file /eos/user/v/vveckaln/analysis_MC13TeV_TTJets_herwig/migration/MC13TeV_TTJets_herwig_jec_CorrelationGroupUncorrelated_up/.sys.a does not exist
[16MB/657.8MB][  2%][=>                                                ][16MB/s]  [48MB/657.8MB][  7%][===>                                              ][48MB/s]  [160MB/657.8MB][ 24%][============>                                     ][80MB/s]  [240MB/657.8MB][ 36%][==================>                               ][80MB/s]  [336MB/657.8MB][ 51%][=========================>                        ][84MB/s]  [416MB/657.8MB][ 63%][===============================>                  ][83.2MB/s]  [512MB/657.8MB][ 77%][======================================>           ][85.33MB/s]  [624MB/657.8MB][ 94%][===============================================>  ][89.14MB/s]  [657.8MB/657.8MB][100%][==================================================][93.97MB/s]  [657.8MB/657.8MB][100%][==================================================][82.22MB/s]  
checking sanity of file /eos/user/v/vveckaln/analysis_MC13TeV_TTJets_herwig/HADDmigration/migration_MC13TeV_TTJets_herwig_jec_CorrelationGroupUncorrelated_up.root
file is good
Sanity test done
EXIT_CODE_PYTHON  0
