klist
Ticket cache: FILE:/pool/condor/dir_6761/vveckaln.cc
Default principal: vveckaln@CERN.CH

Valid starting     Expires            Service principal
12/28/18 08:02:00  12/29/18 09:02:00  krbtgt/CERN.CH@CERN.CH
	renew until 01/01/19 12:01:12
12/28/18 08:02:01  12/29/18 09:02:00  afs/cern.ch@CERN.CH
	renew until 01/01/19 12:01:12
end klist
ls EOS
analysis_MC13TeV_TTJets
analysis_MC13TeV_TTJets_cflip
analysis_MC13TeV_TTJets_herwig
bins
cernbox
Chunks
Chunks_test
copy_test
data
flipped
flipped_old
LSF
merged_plots
migration
migration_MC13TeV_TTJets_jec_CorrelationGroupMPFInSitu_up_27.root
moved.cc
processing
reserve
rivet
rivet_results_23_March
rivet_test
rivet_test_21_March
save.root
SWAN_projects
test
testdir
unfolding_cflip
unfolding_nominal
end ls EOS
EXIT_CODE_SCRAM 0
[16MB/30.88MB][ 51%][=========================>                        ][16MB/s]  [30.88MB/30.88MB][100%][==================================================][30.88MB/s]  [30.88MB/30.88MB][100%][==================================================][30.88MB/s]  
md5sum: /eos/user/v/vveckaln/analysis_MC13TeV_TTJets/HADDChunks: Is a directory
checking sanity of file /eos/user/v/vveckaln/analysis_MC13TeV_TTJets/HADDChunks/MC13TeV_TTZH.root
file is good
Sanity test done
[513.9kB/513.9kB][100%][==================================================][513.9kB/s]  [513.9kB/513.9kB][100%][==================================================][513.9kB/s]  
md5sum: /eos/user/v/vveckaln/analysis_MC13TeV_TTJets/HADDmigration: Is a directory
checking sanity of file /eos/user/v/vveckaln/analysis_MC13TeV_TTJets/HADDmigration/migration_MC13TeV_TTZH.root
file is good
Sanity test done
EXIT_CODE_PYTHON  0
