klist
Ticket cache: FILE:/pool/condor/dir_6489/vveckaln.cc
Default principal: vveckaln@CERN.CH

Valid starting     Expires            Service principal
12/28/18 14:46:30  12/29/18 15:46:30  krbtgt/CERN.CH@CERN.CH
	renew until 01/02/19 13:48:55
12/28/18 15:03:58  12/29/18 15:46:30  afs/cern.ch@CERN.CH
	renew until 01/02/19 13:48:55
end klist
ls EOS
analysis_MC13TeV_TTJets
analysis_MC13TeV_TTJets_cflip
analysis_MC13TeV_TTJets_herwig
bins
cernbox
Chunks
Chunks_test
copy_test
data
flipped
flipped_old
LSF
merged_plots
migration
migration_MC13TeV_TTJets_jec_CorrelationGroupMPFInSitu_up_27.root
moved.cc
processing
reserve
rivet
rivet_results_23_March
rivet_test
rivet_test_21_March
save.root
SWAN_projects
test
testdir
unfolding_cflip
unfolding_nominal
end ls EOS
EXIT_CODE_SCRAM 0
[14.37MB/14.37MB][100%][==================================================][14.37MB/s]  [14.37MB/14.37MB][100%][==================================================][14.37MB/s]  
md5sum: /eos/user/v/vveckaln/analysis_MC13TeV_TTJets/HADDChunks: Is a directory
checking sanity of file /eos/user/v/vveckaln/analysis_MC13TeV_TTJets/HADDChunks/MC13TeV_DY1Jets.root
file is good
Sanity test done
[167.1kB/167.1kB][100%][==================================================][167.1kB/s]  [167.1kB/167.1kB][100%][==================================================][167.1kB/s]  
md5sum: /eos/user/v/vveckaln/analysis_MC13TeV_TTJets/HADDmigration: Is a directory
ls: cannot access /eos/user/v/vveckaln/analysis_MC13TeV_TTJets/HADDmigration/.sys.a#.v#MC13TeV_TTJets2l2nu_amcatnlo.root.c5a4c20a-0aab-11e9-82d7-a4bf0112dcc4: No such file or directory
checking sanity of file /eos/user/v/vveckaln/analysis_MC13TeV_TTJets/HADDmigration/migration_MC13TeV_DY1Jets.root
file is good
Sanity test done
EXIT_CODE_PYTHON  0
