klist
Ticket cache: FILE:/pool/condor/dir_5710/vveckaln.cc
Default principal: vveckaln@CERN.CH

Valid starting     Expires            Service principal
12/31/18 15:18:29  01/01/19 16:18:29  krbtgt/CERN.CH@CERN.CH
	renew until 01/05/19 15:10:18
12/31/18 15:32:14  01/01/19 16:18:29  afs/cern.ch@CERN.CH
	renew until 01/05/19 15:10:18
end klist
ls EOS
analysis_MC13TeV_TTJets
analysis_MC13TeV_TTJets_cflip
analysis_MC13TeV_TTJets_herwig
bins
cernbox
Chunks
Chunks_test
copy_test
data
flipped
flipped_old
LSF
merged_plots
migration
migration_MC13TeV_TTJets_jec_CorrelationGroupMPFInSitu_up_27.root
moved.cc
processing
reserve
rivet
rivet_results_23_March
rivet_test
rivet_test_21_March
save.root
SWAN_projects
test
testdir
unfolding_cflip
unfolding_nominal
end ls EOS
EXIT_CODE_SCRAM 0
[16MB/62.24MB][ 25%][============>                                     ][16MB/s]  [62.24MB/62.24MB][100%][==================================================][62.24MB/s]  [62.24MB/62.24MB][100%][==================================================][31.12MB/s]  
md5sum: /eos/user/v/vveckaln/analysis_MC13TeV_TTJets_herwig//HADDChunks: Is a directory
checking sanity of file /eos/user/v/vveckaln/analysis_MC13TeV_TTJets_herwig//HADDChunks/MC13TeV_TTJets_herwig_btag_heavy_down.root
file is good
Sanity test done
[16MB/641.6MB][  2%][=>                                                ][16MB/s]  [64MB/641.6MB][  9%][====>                                             ][32MB/s]  [80MB/641.6MB][ 12%][======>                                           ][26.67MB/s]  [112MB/641.6MB][ 17%][========>                                         ][28MB/s]  [160MB/641.6MB][ 24%][============>                                     ][32MB/s]  [240MB/641.6MB][ 37%][==================>                               ][40MB/s]  [320MB/641.6MB][ 49%][========================>                         ][45.71MB/s]  [400MB/641.6MB][ 62%][===============================>                  ][50MB/s]  [480MB/641.6MB][ 74%][=====================================>            ][53.33MB/s]  [576MB/641.6MB][ 89%][============================================>     ][57.6MB/s]  [641.6MB/641.6MB][100%][==================================================][58.33MB/s]  [641.6MB/641.6MB][100%][==================================================][58.33MB/s]  
md5sum: /eos/user/v/vveckaln/analysis_MC13TeV_TTJets_herwig//HADDmigration: Is a directory
checking sanity of file /eos/user/v/vveckaln/analysis_MC13TeV_TTJets_herwig//HADDmigration/migration_MC13TeV_TTJets_herwig_btag_heavy_down.root
file is good
Sanity test done
EXIT_CODE_PYTHON  0
