klist
Ticket cache: FILE:/pool/condor/dir_27603/vveckaln.cc
Default principal: vveckaln@CERN.CH

Valid starting     Expires            Service principal
12/28/18 01:11:19  12/29/18 02:11:19  krbtgt/CERN.CH@CERN.CH
	renew until 12/30/18 12:19:54
12/28/18 01:11:19  12/29/18 02:11:19  afs/cern.ch@CERN.CH
	renew until 12/30/18 12:19:54
end klist
ls EOS
analysis_MC13TeV_TTJets
analysis_MC13TeV_TTJets_cflip
analysis_MC13TeV_TTJets_herwig
bins
cernbox
Chunks
Chunks_test
copy_test
data
flipped
flipped_old
LSF
merged_plots
migration
migration_MC13TeV_TTJets_jec_CorrelationGroupMPFInSitu_up_27.root
moved.cc
processing
reserve
rivet
rivet_results_23_March
rivet_test
rivet_test_21_March
save.root
SWAN_projects
test
testdir
unfolding_cflip
unfolding_nominal
end ls EOS
EXIT_CODE_SCRAM 0
[16MB/85.78MB][ 18%][=========>                                        ][16MB/s]  [48MB/85.78MB][ 55%][===========================>                      ][48MB/s]  [85.78MB/85.78MB][100%][==================================================][42.89MB/s]  [85.78MB/85.78MB][100%][==================================================][42.89MB/s]  
md5sum: /eos/user/v/vveckaln/analysis_MC13TeV_TTJets/HADDChunks: Is a directory
checking sanity of file /eos/user/v/vveckaln/analysis_MC13TeV_TTJets/HADDChunks/MC13TeV_TTJets_m171v5.root
file is good
Sanity test done
[16MB/435.4MB][  3%][=>                                                ][16MB/s]  [48MB/435.4MB][ 11%][=====>                                            ][48MB/s]  [80MB/435.4MB][ 18%][=========>                                        ][40MB/s]  [144MB/435.4MB][ 33%][================>                                 ][48MB/s]  [240MB/435.4MB][ 55%][===========================>                      ][60MB/s]  [320MB/435.4MB][ 73%][====================================>             ][64MB/s]  [416MB/435.4MB][ 95%][===============================================>  ][69.33MB/s]  [435.4MB/435.4MB][100%][==================================================][72.57MB/s]  [435.4MB/435.4MB][100%][==================================================][62.2MB/s]  
md5sum: /eos/user/v/vveckaln/analysis_MC13TeV_TTJets/HADDmigration: Is a directory
checking sanity of file /eos/user/v/vveckaln/analysis_MC13TeV_TTJets/HADDmigration/migration_MC13TeV_TTJets_m171v5.root
file is good
Sanity test done
EXIT_CODE_PYTHON  0
