klist
Ticket cache: FILE:/pool/condor/dir_11163/vveckaln.cc
Default principal: vveckaln@CERN.CH

Valid starting     Expires            Service principal
12/31/18 03:20:59  01/01/19 04:20:58  krbtgt/CERN.CH@CERN.CH
	renew until 01/04/19 07:20:39
12/31/18 03:20:59  01/01/19 04:20:58  afs/cern.ch@CERN.CH
	renew until 01/04/19 07:20:39
end klist
ls EOS
analysis_MC13TeV_TTJets
analysis_MC13TeV_TTJets_cflip
analysis_MC13TeV_TTJets_herwig
bins
cernbox
Chunks
Chunks_test
copy_test
data
flipped
flipped_old
LSF
merged_plots
migration
migration_MC13TeV_TTJets_jec_CorrelationGroupMPFInSitu_up_27.root
moved.cc
processing
reserve
rivet
rivet_results_23_March
rivet_test
rivet_test_21_March
save.root
SWAN_projects
test
testdir
unfolding_cflip
unfolding_nominal
end ls EOS
EXIT_CODE_SCRAM 0
[16MB/62.24MB][ 25%][============>                                     ][16MB/s]  [62.24MB/62.24MB][100%][==================================================][62.24MB/s]  [62.24MB/62.24MB][100%][==================================================][15.56MB/s]  
md5sum: /eos/user/v/vveckaln/analysis_MC13TeV_TTJets_herwig//HADDChunks: Is a directory
checking sanity of file /eos/user/v/vveckaln/analysis_MC13TeV_TTJets_herwig//HADDChunks/MC13TeV_TTJets_herwig_jec_RelativeFSR_up.root
file is good
Sanity test done
[16MB/643.2MB][  2%][=>                                                ][16MB/s]  [48MB/643.2MB][  7%][===>                                              ][48MB/s]  [80MB/643.2MB][ 12%][======>                                           ][40MB/s]  [112MB/643.2MB][ 17%][========>                                         ][37.33MB/s]  [160MB/643.2MB][ 24%][============>                                     ][40MB/s]  [240MB/643.2MB][ 37%][==================>                               ][48MB/s]  [336MB/643.2MB][ 52%][==========================>                       ][56MB/s]  [432MB/643.2MB][ 67%][=================================>                ][61.71MB/s]  [496MB/643.2MB][ 77%][======================================>           ][62MB/s]  [544MB/643.2MB][ 84%][==========================================>       ][60.44MB/s]  [608MB/643.2MB][ 94%][===============================================>  ][60.8MB/s]  [643.2MB/643.2MB][100%][==================================================][58.48MB/s]  [643.2MB/643.2MB][100%][==================================================][53.6MB/s]  
md5sum: /eos/user/v/vveckaln/analysis_MC13TeV_TTJets_herwig//HADDmigration: Is a directory
checking sanity of file /eos/user/v/vveckaln/analysis_MC13TeV_TTJets_herwig//HADDmigration/migration_MC13TeV_TTJets_herwig_jec_RelativeFSR_up.root
file is good
Sanity test done
EXIT_CODE_PYTHON  0
