klist
Ticket cache: FILE:/pool/condor/dir_25005/vveckaln.cc
Default principal: vveckaln@CERN.CH

Valid starting     Expires            Service principal
12/28/18 05:09:39  12/29/18 01:06:59  krbtgt/CERN.CH@CERN.CH
	renew until 12/29/18 01:06:59
12/28/18 05:09:39  12/29/18 01:06:59  afs/cern.ch@CERN.CH
	renew until 12/29/18 01:06:59
end klist
ls EOS
analysis_MC13TeV_TTJets
analysis_MC13TeV_TTJets_cflip
analysis_MC13TeV_TTJets_herwig
bins
cernbox
Chunks
Chunks_test
copy_test
data
flipped
flipped_old
LSF
merged_plots
migration
migration_MC13TeV_TTJets_jec_CorrelationGroupMPFInSitu_up_27.root
moved.cc
processing
reserve
rivet
rivet_results_23_March
rivet_test
rivet_test_21_March
save.root
SWAN_projects
test
testdir
unfolding_cflip
unfolding_nominal
end ls EOS
EXIT_CODE_SCRAM 0
[16MB/35.71MB][ 44%][======================>                           ][16MB/s]  [35.71MB/35.71MB][100%][==================================================][35.71MB/s]  [35.71MB/35.71MB][100%][==================================================][35.71MB/s]  
md5sum: /eos/user/v/vveckaln/analysis_MC13TeV_TTJets/HADDChunks: Is a directory
checking sanity of file /eos/user/v/vveckaln/analysis_MC13TeV_TTJets/HADDChunks/MC13TeV_SingleT_tW_fsrup.root
file is good
Sanity test done
[4.827MB/4.827MB][100%][==================================================][4.827MB/s]  [4.827MB/4.827MB][100%][==================================================][4.827MB/s]  
md5sum: /eos/user/v/vveckaln/analysis_MC13TeV_TTJets/HADDmigration: Is a directory
checking sanity of file /eos/user/v/vveckaln/analysis_MC13TeV_TTJets/HADDmigration/migration_MC13TeV_SingleT_tW_fsrup.root
file is good
Sanity test done
EXIT_CODE_PYTHON  0
