klist
Ticket cache: FILE:/pool/condor/dir_13850/vveckaln.cc
Default principal: vveckaln@CERN.CH

Valid starting     Expires            Service principal
12/28/18 08:01:08  12/29/18 09:01:08  krbtgt/CERN.CH@CERN.CH
	renew until 01/01/19 12:00:51
12/28/18 08:01:08  12/29/18 09:01:08  afs/cern.ch@CERN.CH
	renew until 01/01/19 12:00:51
end klist
ls EOS
analysis_MC13TeV_TTJets
analysis_MC13TeV_TTJets_cflip
analysis_MC13TeV_TTJets_herwig
bins
cernbox
Chunks
Chunks_test
copy_test
data
flipped
flipped_old
LSF
merged_plots
migration
migration_MC13TeV_TTJets_jec_CorrelationGroupMPFInSitu_up_27.root
moved.cc
processing
reserve
rivet
rivet_results_23_March
rivet_test
rivet_test_21_March
save.root
SWAN_projects
test
testdir
unfolding_cflip
unfolding_nominal
end ls EOS
EXIT_CODE_SCRAM 0
[16MB/19.36MB][ 82%][=========================================>        ][16MB/s]  [19.36MB/19.36MB][100%][==================================================][19.36MB/s]  [19.36MB/19.36MB][100%][==================================================][19.36MB/s]  
md5sum: /eos/user/v/vveckaln/analysis_MC13TeV_TTJets/HADDChunks: Is a directory
checking sanity of file /eos/user/v/vveckaln/analysis_MC13TeV_TTJets/HADDChunks/MC13TeV_WZTo3LNu.root
file is good
Sanity test done
[131.1kB/131.1kB][100%][==================================================][131.1kB/s]  [131.1kB/131.1kB][100%][==================================================][131.1kB/s]  
md5sum: /eos/user/v/vveckaln/analysis_MC13TeV_TTJets/HADDmigration: Is a directory
checking sanity of file /eos/user/v/vveckaln/analysis_MC13TeV_TTJets/HADDmigration/migration_MC13TeV_WZTo3LNu.root
file is good
Sanity test done
EXIT_CODE_PYTHON  0
