klist
Ticket cache: FILE:/pool/condor/dir_13500/vveckaln.cc
Default principal: vveckaln@CERN.CH

Valid starting     Expires            Service principal
12/28/18 14:46:30  12/29/18 15:46:30  krbtgt/CERN.CH@CERN.CH
	renew until 01/02/19 13:48:55
12/28/18 15:09:34  12/29/18 15:46:30  afs/cern.ch@CERN.CH
	renew until 01/02/19 13:48:55
end klist
ls EOS
analysis_MC13TeV_TTJets
analysis_MC13TeV_TTJets_cflip
analysis_MC13TeV_TTJets_herwig
bins
cernbox
Chunks
Chunks_test
copy_test
data
flipped
flipped_old
LSF
merged_plots
migration
migration_MC13TeV_TTJets_jec_CorrelationGroupMPFInSitu_up_27.root
moved.cc
processing
reserve
rivet
rivet_results_23_March
rivet_test
rivet_test_21_March
save.root
SWAN_projects
test
testdir
unfolding_cflip
unfolding_nominal
end ls EOS
EXIT_CODE_SCRAM 0
[16MB/85.74MB][ 18%][=========>                                        ][16MB/s]  [80MB/85.74MB][ 93%][==============================================>   ][80MB/s]  [85.74MB/85.74MB][100%][==================================================][42.87MB/s]  [85.74MB/85.74MB][100%][==================================================][28.58MB/s]  
md5sum: /eos/user/v/vveckaln/analysis_MC13TeV_TTJets/HADDChunks: Is a directory
checking sanity of file /eos/user/v/vveckaln/analysis_MC13TeV_TTJets/HADDChunks/MC13TeV_TTJets_m173v5.root
file is good
Sanity test done
[16MB/438.6MB][  3%][=>                                                ][16MB/s]  [80MB/438.6MB][ 18%][=========>                                        ][80MB/s]  [112MB/438.6MB][ 25%][============>                                     ][56MB/s]  [192MB/438.6MB][ 43%][=====================>                            ][64MB/s]  [224MB/438.6MB][ 51%][=========================>                        ][56MB/s]  [272MB/438.6MB][ 62%][===============================>                  ][54.4MB/s]  [320MB/438.6MB][ 72%][====================================>             ][53.33MB/s]  [352MB/438.6MB][ 80%][========================================>         ][50.29MB/s]  [400MB/438.6MB][ 91%][=============================================>    ][50MB/s]  [438.6MB/438.6MB][100%][==================================================][48.73MB/s]  [438.6MB/438.6MB][100%][==================================================][43.86MB/s]  
md5sum: /eos/user/v/vveckaln/analysis_MC13TeV_TTJets/HADDmigration: Is a directory
checking sanity of file /eos/user/v/vveckaln/analysis_MC13TeV_TTJets/HADDmigration/migration_MC13TeV_TTJets_m173v5.root
file is good
Sanity test done
EXIT_CODE_PYTHON  0
