klist
Ticket cache: FILE:/pool/condor/dir_5589/vveckaln.cc
Default principal: vveckaln@CERN.CH

Valid starting       Expires              Service principal
01/21/2020 22:38:09  01/22/2020 23:38:09  krbtgt/CERN.CH@CERN.CH
	renew until 01/26/2020 21:54:48
01/22/2020 13:21:03  01/22/2020 23:38:09  afs/cern.ch@CERN.CH
	renew until 01/26/2020 21:54:48
end klist
ls EOS
analysis_MC13TeV_TTJets
analysis_MC13TeV_TTJets_cflip
analysis_MC13TeV_TTJets_dire2002
analysis_MC13TeV_TTJets_herwig
analysis_MC13TeV_TTJets_herwig7
analysis_MC13TeV_TTJets_sherpa
bins
cernbox
chunksMC13TeV_TTHets
copy_test
data
flipped
flipped_old
merged_plots
migration
migrationMC13TeV_TTHets
moved.cc
processing
reserve
rivet
rivet_results_23_March
rivet_test
rivet_test_21_March
SWAN_projects
test
testdir
unfolding_cflip
unfolding_dire2002
unfolding_herwig7
unfolding_nominal
unfolding_sherpa
end ls EOS
EXIT_CODE_SCRAM 0
[16MB/86.47MB][ 18%][=========>                                        ][16MB/s]  [86.47MB/86.47MB][100%][==================================================][86.47MB/s]  [86.47MB/86.47MB][100%][==================================================][86.47MB/s]  
checking sanity of file /eos/user/v/vveckaln/analysis_MC13TeV_TTJets/HADDChunks/MC13TeV_TTJets_m175v5.root
file is good
Sanity test done
[16MB/923.7MB][  1%][>                                                 ][16MB/s]  [96MB/923.7MB][ 10%][=====>                                            ][96MB/s]  [208MB/923.7MB][ 22%][===========>                                      ][104MB/s]  [320MB/923.7MB][ 34%][=================>                                ][106.7MB/s]  [432MB/923.7MB][ 46%][=======================>                          ][108MB/s]  [544MB/923.7MB][ 58%][=============================>                    ][108.8MB/s]  [672MB/923.7MB][ 72%][====================================>             ][112MB/s]  [768MB/923.7MB][ 83%][=========================================>        ][109.7MB/s]  [880MB/923.7MB][ 95%][===============================================>  ][110MB/s]  [923.7MB/923.7MB][100%][==================================================][115.5MB/s]  [923.7MB/923.7MB][100%][==================================================][115.5MB/s]  
checking sanity of file /eos/user/v/vveckaln/analysis_MC13TeV_TTJets/HADDmigration/migration_MC13TeV_TTJets_m175v5.root
file is good
Sanity test done
EXIT_CODE_PYTHON  0
