klist
Ticket cache: FILE:/pool/condor/dir_28901/vveckaln.cc
Default principal: vveckaln@CERN.CH

Valid starting     Expires            Service principal
12/28/18 01:12:05  12/29/18 02:12:05  krbtgt/CERN.CH@CERN.CH
	renew until 12/30/18 12:19:54
12/28/18 01:12:05  12/29/18 02:12:05  afs/cern.ch@CERN.CH
	renew until 12/30/18 12:19:54
end klist
ls EOS
analysis_MC13TeV_TTJets
analysis_MC13TeV_TTJets_cflip
analysis_MC13TeV_TTJets_herwig
bins
cernbox
Chunks
Chunks_test
copy_test
data
flipped
flipped_old
LSF
merged_plots
migration
migration_MC13TeV_TTJets_jec_CorrelationGroupMPFInSitu_up_27.root
moved.cc
processing
reserve
rivet
rivet_results_23_March
rivet_test
rivet_test_21_March
save.root
SWAN_projects
test
testdir
unfolding_cflip
unfolding_nominal
end ls EOS
EXIT_CODE_SCRAM 0
[16MB/85.1MB][ 18%][=========>                                        ][16MB/s]  [80MB/85.1MB][ 94%][===============================================>  ][40MB/s]  [85.1MB/85.1MB][100%][==================================================][28.37MB/s]  [85.1MB/85.1MB][100%][==================================================][21.28MB/s]  
md5sum: /eos/user/v/vveckaln/analysis_MC13TeV_TTJets/HADDChunks: Is a directory
checking sanity of file /eos/user/v/vveckaln/analysis_MC13TeV_TTJets/HADDChunks/MC13TeV_TTJets_evtgen.root
file is good
Sanity test done
[16MB/226.4MB][  7%][===>                                              ][16MB/s]  [32MB/226.4MB][ 14%][=======>                                          ][32MB/s]  [96MB/226.4MB][ 42%][=====================>                            ][48MB/s]  [144MB/226.4MB][ 63%][===============================>                  ][48MB/s]  [226.4MB/226.4MB][100%][==================================================][56.59MB/s]  [226.4MB/226.4MB][100%][==================================================][56.59MB/s]  
md5sum: /eos/user/v/vveckaln/analysis_MC13TeV_TTJets/HADDmigration: Is a directory
checking sanity of file /eos/user/v/vveckaln/analysis_MC13TeV_TTJets/HADDmigration/migration_MC13TeV_TTJets_evtgen.root
file is good
Sanity test done
EXIT_CODE_PYTHON  0
