klist
Ticket cache: FILE:/pool/condor/dir_10435/vveckaln.cc
Default principal: vveckaln@CERN.CH

Valid starting     Expires            Service principal
12/28/18 08:02:00  12/29/18 09:02:00  krbtgt/CERN.CH@CERN.CH
	renew until 01/01/19 12:01:12
12/28/18 08:02:01  12/29/18 09:02:00  afs/cern.ch@CERN.CH
	renew until 01/01/19 12:01:12
end klist
ls EOS
analysis_MC13TeV_TTJets
analysis_MC13TeV_TTJets_cflip
analysis_MC13TeV_TTJets_herwig
bins
cernbox
Chunks
Chunks_test
copy_test
data
flipped
flipped_old
LSF
merged_plots
migration
migration_MC13TeV_TTJets_jec_CorrelationGroupMPFInSitu_up_27.root
moved.cc
processing
reserve
rivet
rivet_results_23_March
rivet_test
rivet_test_21_March
save.root
SWAN_projects
test
testdir
unfolding_cflip
unfolding_nominal
end ls EOS
EXIT_CODE_SCRAM 0
[16MB/62.25MB][ 25%][============>                                     ][16MB/s]  [62.25MB/62.25MB][100%][==================================================][62.25MB/s]  [62.25MB/62.25MB][100%][==================================================][62.25MB/s]  
md5sum: /eos/user/v/vveckaln/analysis_MC13TeV_TTJets/HADDChunks: Is a directory
checking sanity of file /eos/user/v/vveckaln/analysis_MC13TeV_TTJets/HADDChunks/MC13TeV_TTJets_herwig.root
file is good
Sanity test done
[16MB/643.7MB][  2%][=>                                                ][16MB/s]  [96MB/643.7MB][ 14%][=======>                                          ][96MB/s]  [240MB/643.7MB][ 37%][==================>                               ][120MB/s]  [432MB/643.7MB][ 67%][=================================>                ][144MB/s]  [624MB/643.7MB][ 96%][================================================> ][156MB/s]  [643.7MB/643.7MB][100%][==================================================][160.9MB/s]  [643.7MB/643.7MB][100%][==================================================][160.9MB/s]  
md5sum: /eos/user/v/vveckaln/analysis_MC13TeV_TTJets/HADDmigration: Is a directory
checking sanity of file /eos/user/v/vveckaln/analysis_MC13TeV_TTJets/HADDmigration/migration_MC13TeV_TTJets_herwig.root
file is good
Sanity test done
EXIT_CODE_PYTHON  0
