klist
Ticket cache: FILE:/pool/condor/dir_29660/vveckaln.cc
Default principal: vveckaln@CERN.CH

Valid starting     Expires            Service principal
01/03/19 11:07:12  01/04/19 12:07:12  krbtgt/CERN.CH@CERN.CH
	renew until 01/08/19 10:56:26
01/03/19 11:26:25  01/04/19 12:07:12  afs/cern.ch@CERN.CH
	renew until 01/08/19 10:56:26
end klist
ls EOS
analysis_MC13TeV_TTJets
analysis_MC13TeV_TTJets_cflip
analysis_MC13TeV_TTJets_herwig
bins
cernbox
Chunks
Chunks_test
copy_test
data
flipped
flipped_old
LSF
merged_plots
migration
migration_MC13TeV_TTJets_jec_CorrelationGroupMPFInSitu_up_27.root
moved.cc
processing
reserve
rivet
rivet_results_23_March
rivet_test
rivet_test_21_March
save.root
SWAN_projects
test
testdir
unfolding_cflip
unfolding_nominal
end ls EOS
EXIT_CODE_SCRAM 0
[16MB/61.43MB][ 26%][=============>                                    ][16MB/s]  [61.43MB/61.43MB][100%][==================================================][61.43MB/s]  [61.43MB/61.43MB][100%][==================================================][20.48MB/s]  
checking sanity of file /eos/user/v/vveckaln/analysis_MC13TeV_TTJets/HADDChunks/MC13TeV_TTJets_cflip.root
file is good
Sanity test done
Error in <TFile::TFile>: file /eos/user/v/vveckaln/analysis_MC13TeV_TTJets/migration/MC13TeV_TTJets_cflip/.sys.v does not exist
Error in <TFile::TFile>: file /eos/user/v/vveckaln/analysis_MC13TeV_TTJets/migration/MC13TeV_TTJets_cflip/.sys.v does not exist
Error in <TFile::TFile>: file /eos/user/v/vveckaln/analysis_MC13TeV_TTJets/migration/MC13TeV_TTJets_cflip/.sys.v does not exist
Error in <TFile::TFile>: file /eos/user/v/vveckaln/analysis_MC13TeV_TTJets/migration/MC13TeV_TTJets_cflip/.sys.v does not exist
Error in <TFile::TFile>: file /eos/user/v/vveckaln/analysis_MC13TeV_TTJets/migration/MC13TeV_TTJets_cflip/.sys.v does not exist
Error in <TFile::TFile>: file /eos/user/v/vveckaln/analysis_MC13TeV_TTJets/migration/MC13TeV_TTJets_cflip/.sys.v does not exist
Error in <TFile::TFile>: file /eos/user/v/vveckaln/analysis_MC13TeV_TTJets/migration/MC13TeV_TTJets_cflip/.sys.v does not exist
Error in <TFile::TFile>: file /eos/user/v/vveckaln/analysis_MC13TeV_TTJets/migration/MC13TeV_TTJets_cflip/.sys.v does not exist
Error in <TFile::TFile>: file /eos/user/v/vveckaln/analysis_MC13TeV_TTJets/migration/MC13TeV_TTJets_cflip/.sys.v does not exist
Error in <TFile::TFile>: file /eos/user/v/vveckaln/analysis_MC13TeV_TTJets/migration/MC13TeV_TTJets_cflip/.sys.v does not exist
Error in <TFile::TFile>: file /eos/user/v/vveckaln/analysis_MC13TeV_TTJets/migration/MC13TeV_TTJets_cflip/.sys.v does not exist
Error in <TFile::TFile>: file /eos/user/v/vveckaln/analysis_MC13TeV_TTJets/migration/MC13TeV_TTJets_cflip/.sys.v does not exist
Error in <TFile::TFile>: file /eos/user/v/vveckaln/analysis_MC13TeV_TTJets/migration/MC13TeV_TTJets_cflip/.sys.v does not exist
Error in <TFile::TFile>: file /eos/user/v/vveckaln/analysis_MC13TeV_TTJets/migration/MC13TeV_TTJets_cflip/.sys.v does not exist
Error in <TFile::TFile>: file /eos/user/v/vveckaln/analysis_MC13TeV_TTJets/migration/MC13TeV_TTJets_cflip/.sys.v does not exist
[16MB/183MB][  8%][====>                                             ][16MB/s]  [64MB/183MB][ 34%][=================>                                ][64MB/s]  [112MB/183MB][ 61%][==============================>                   ][56MB/s]  [183MB/183MB][100%][==================================================][91.51MB/s]  [183MB/183MB][100%][==================================================][61.01MB/s]  
checking sanity of file /eos/user/v/vveckaln/analysis_MC13TeV_TTJets/HADDmigration/migration_MC13TeV_TTJets_cflip.root
file is good
Sanity test done
EXIT_CODE_PYTHON  0
