klist
Ticket cache: FILE:/pool/condor/dir_27027/vveckaln.cc
Default principal: vveckaln@CERN.CH

Valid starting     Expires            Service principal
12/28/18 05:09:40  12/29/18 01:07:36  krbtgt/CERN.CH@CERN.CH
	renew until 12/29/18 01:07:36
12/28/18 05:09:40  12/29/18 01:07:36  afs/cern.ch@CERN.CH
	renew until 12/29/18 01:07:36
end klist
ls EOS
analysis_MC13TeV_TTJets
analysis_MC13TeV_TTJets_cflip
analysis_MC13TeV_TTJets_herwig
bins
cernbox
Chunks
Chunks_test
copy_test
data
flipped
flipped_old
LSF
merged_plots
migration
migration_MC13TeV_TTJets_jec_CorrelationGroupMPFInSitu_up_27.root
moved.cc
processing
reserve
rivet
rivet_results_23_March
rivet_test
rivet_test_21_March
save.root
SWAN_projects
test
testdir
unfolding_cflip
unfolding_nominal
end ls EOS
EXIT_CODE_SCRAM 0
[16MB/86.66MB][ 18%][=========>                                        ][16MB/s]  [80MB/86.66MB][ 92%][==============================================>   ][80MB/s]  [86.66MB/86.66MB][100%][==================================================][86.66MB/s]  [86.66MB/86.66MB][100%][==================================================][86.66MB/s]  
md5sum: /eos/user/v/vveckaln/analysis_MC13TeV_TTJets/HADDChunks: Is a directory
checking sanity of file /eos/user/v/vveckaln/analysis_MC13TeV_TTJets/HADDChunks/MC13TeV_TTJets_gluonMove.root
file is good
Sanity test done
[16MB/1.304GB][  1%][>                                                 ][16MB/s]  [112MB/1.304GB][  8%][====>                                             ][112MB/s]  [160MB/1.304GB][ 11%][=====>                                            ][80MB/s]  [368MB/1.304GB][ 27%][=============>                                    ][122.7MB/s]  [560MB/1.304GB][ 41%][====================>                             ][140MB/s]  [736MB/1.304GB][ 55%][===========================>                      ][147.2MB/s]  [944MB/1.304GB][ 70%][===================================>              ][157.3MB/s]  [1.125GB/1.304GB][ 86%][===========================================>      ][164.6MB/s]  [1.304GB/1.304GB][100%][==================================================][166.9MB/s]  [1.304GB/1.304GB][100%][==================================================][166.9MB/s]  
md5sum: /eos/user/v/vveckaln/analysis_MC13TeV_TTJets/HADDmigration: Is a directory
checking sanity of file /eos/user/v/vveckaln/analysis_MC13TeV_TTJets/HADDmigration/migration_MC13TeV_TTJets_gluonMove.root
file is good
Sanity test done
EXIT_CODE_PYTHON  0
