klist
Ticket cache: FILE:/pool/condor/dir_11075/vveckaln.cc
Default principal: vveckaln@CERN.CH

Valid starting     Expires            Service principal
12/28/18 14:46:30  12/29/18 15:46:30  krbtgt/CERN.CH@CERN.CH
	renew until 01/02/19 13:48:55
12/28/18 15:09:34  12/29/18 15:46:30  afs/cern.ch@CERN.CH
	renew until 01/02/19 13:48:55
end klist
ls EOS
analysis_MC13TeV_TTJets
analysis_MC13TeV_TTJets_cflip
analysis_MC13TeV_TTJets_herwig
bins
cernbox
Chunks
Chunks_test
copy_test
data
flipped
flipped_old
LSF
merged_plots
migration
migration_MC13TeV_TTJets_jec_CorrelationGroupMPFInSitu_up_27.root
moved.cc
processing
reserve
rivet
rivet_results_23_March
rivet_test
rivet_test_21_March
save.root
SWAN_projects
test
testdir
unfolding_cflip
unfolding_nominal
end ls EOS
EXIT_CODE_SCRAM 0
[16MB/86.09MB][ 18%][=========>                                        ][16MB/s]  [48MB/86.09MB][ 55%][===========================>                      ][48MB/s]  [86.09MB/86.09MB][100%][==================================================][43.04MB/s]  [86.09MB/86.09MB][100%][==================================================][43.04MB/s]  
md5sum: /eos/user/v/vveckaln/analysis_MC13TeV_TTJets/HADDChunks: Is a directory
checking sanity of file /eos/user/v/vveckaln/analysis_MC13TeV_TTJets/HADDChunks/MC13TeV_TTJets_qcdBased.root
file is good
Sanity test done
[16MB/643MB][  2%][=>                                                ][16MB/s]  [80MB/643MB][ 12%][======>                                           ][80MB/s]  [96MB/643MB][ 14%][=======>                                          ][48MB/s]  [176MB/643MB][ 27%][=============>                                    ][58.67MB/s]  [256MB/643MB][ 39%][===================>                              ][64MB/s]  [320MB/643MB][ 49%][========================>                         ][64MB/s]  [400MB/643MB][ 62%][===============================>                  ][66.67MB/s]  [480MB/643MB][ 74%][=====================================>            ][68.57MB/s]  [544MB/643MB][ 84%][==========================================>       ][68MB/s]  [640MB/643MB][ 99%][=================================================>][71.11MB/s]  [643MB/643MB][100%][==================================================][71.45MB/s]  [643MB/643MB][100%][==================================================][64.3MB/s]  
md5sum: /eos/user/v/vveckaln/analysis_MC13TeV_TTJets/HADDmigration: Is a directory
checking sanity of file /eos/user/v/vveckaln/analysis_MC13TeV_TTJets/HADDmigration/migration_MC13TeV_TTJets_qcdBased.root
file is good
Sanity test done
EXIT_CODE_PYTHON  0
