klist
Ticket cache: FILE:/pool/condor/dir_21523/vveckaln.cc
Default principal: vveckaln@CERN.CH

Valid starting       Expires              Service principal
01/21/2020 22:38:09  01/22/2020 23:38:09  krbtgt/CERN.CH@CERN.CH
	renew until 01/26/2020 21:54:48
01/22/2020 13:26:32  01/22/2020 23:38:09  afs/cern.ch@CERN.CH
	renew until 01/26/2020 21:54:48
end klist
ls EOS
analysis_MC13TeV_TTJets
analysis_MC13TeV_TTJets_cflip
analysis_MC13TeV_TTJets_dire2002
analysis_MC13TeV_TTJets_herwig
analysis_MC13TeV_TTJets_herwig7
analysis_MC13TeV_TTJets_sherpa
bins
cernbox
chunksMC13TeV_TTHets
copy_test
data
flipped
flipped_old
merged_plots
migration
migrationMC13TeV_TTHets
moved.cc
processing
reserve
rivet
rivet_results_23_March
rivet_test
rivet_test_21_March
SWAN_projects
test
testdir
unfolding_cflip
unfolding_dire2002
unfolding_herwig7
unfolding_nominal
unfolding_sherpa
end ls EOS
EXIT_CODE_SCRAM 0
[16MB/62.23MB][ 25%][============>                                     ][16MB/s]  [32MB/62.23MB][ 51%][=========================>                        ][32MB/s]  [62.23MB/62.23MB][100%][==================================================][62.23MB/s]  [62.23MB/62.23MB][100%][==================================================][62.23MB/s]  
checking sanity of file /eos/user/v/vveckaln/analysis_MC13TeV_TTJets_herwig/HADDChunks/MC13TeV_TTJets_herwig_tracking_up.root
file is good
Sanity test done
[16MB/654.5MB][  2%][=>                                                ][16MB/s]  [96MB/654.5MB][ 14%][=======>                                          ][96MB/s]  [208MB/654.5MB][ 31%][===============>                                  ][104MB/s]  [320MB/654.5MB][ 48%][========================>                         ][106.7MB/s]  [432MB/654.5MB][ 66%][=================================>                ][108MB/s]  [528MB/654.5MB][ 80%][========================================>         ][105.6MB/s]  [640MB/654.5MB][ 97%][================================================> ][106.7MB/s]  [654.5MB/654.5MB][100%][==================================================][109.1MB/s]  [654.5MB/654.5MB][100%][==================================================][109.1MB/s]  
checking sanity of file /eos/user/v/vveckaln/analysis_MC13TeV_TTJets_herwig/HADDmigration/migration_MC13TeV_TTJets_herwig_tracking_up.root
file is good
Sanity test done
EXIT_CODE_PYTHON  0
