klist
Ticket cache: FILE:/pool/condor/dir_972/vveckaln.cc
Default principal: vveckaln@CERN.CH

Valid starting     Expires            Service principal
12/26/18 13:11:37  12/27/18 14:11:37  krbtgt/CERN.CH@CERN.CH
	renew until 12/29/18 01:09:36
12/26/18 13:11:38  12/27/18 14:11:37  afs/cern.ch@CERN.CH
	renew until 12/29/18 01:09:36
end klist
ls EOS
analysis_MC13TeV_TTJets
analysis_MC13TeV_TTJets_cflip
analysis_MC13TeV_TTJets_herwig
anothercomparison.cc
bins
cernbox
Chunks
Chunks_test
copy_test
data
flipped
flipped_old
LSF
merged_plots
migration
migration_MC13TeV_TTJets_jec_CorrelationGroupMPFInSitu_up_27.root
processing
reserve
rivet
rivet_results_23_March
rivet_test
rivet_test_21_March
save.root
SWAN_projects
test
testdir
unfolding_cflip
unfolding_nominal
end ls EOS
EXIT_CODE_SCRAM 0
exit code in RunMethodPacked 0
caught error code 0
checking sanity of file /pool/condor/dir_972/Data13TeV_SingleMuon_2016B_29.root
file is good
Sanity test done
checking sanity of file /pool/condor/dir_972/migration_Data13TeV_SingleMuon_2016B_29.root
file is good
Sanity test done
EXIT_CODE_PYTHON  0
[4.31MB/4.31MB][100%][==================================================][4.31MB/s]  [4.31MB/4.31MB][100%][==================================================][4.31MB/s]  
[56.75kB/56.75kB][100%][==================================================][56.75kB/s]  [56.75kB/56.75kB][100%][==================================================][56.75kB/s]  
