klist
Ticket cache: FILE:/pool/condor/dir_14924/vveckaln.cc
Default principal: vveckaln@CERN.CH

Valid starting     Expires            Service principal
12/26/18 13:08:08  12/27/18 14:08:08  krbtgt/CERN.CH@CERN.CH
	renew until 12/29/18 01:07:10
12/26/18 13:08:08  12/27/18 14:08:08  afs/cern.ch@CERN.CH
	renew until 12/29/18 01:07:10
end klist
ls EOS
analysis_MC13TeV_TTJets
analysis_MC13TeV_TTJets_cflip
analysis_MC13TeV_TTJets_herwig
anothercomparison.cc
bins
cernbox
Chunks
Chunks_test
copy_test
data
flipped
flipped_old
LSF
merged_plots
migration
migration_MC13TeV_TTJets_jec_CorrelationGroupMPFInSitu_up_27.root
processing
reserve
rivet
rivet_results_23_March
rivet_test
rivet_test_21_March
save.root
SWAN_projects
test
testdir
unfolding_cflip
unfolding_nominal
end ls EOS
EXIT_CODE_SCRAM 0
exit code in RunMethodPacked 0
caught error code 0
checking sanity of file /pool/condor/dir_14924/Data13TeV_SingleElectron_2016G_34.root
file is good
Sanity test done
checking sanity of file /pool/condor/dir_14924/migration_Data13TeV_SingleElectron_2016G_34.root
file is good
Sanity test done
EXIT_CODE_PYTHON  0
[4.302MB/4.302MB][100%][==================================================][4.302MB/s]  [4.302MB/4.302MB][100%][==================================================][4.302MB/s]  
[50.91kB/50.91kB][100%][==================================================][50.91kB/s]  [50.91kB/50.91kB][100%][==================================================][50.91kB/s]  
