klist
Ticket cache: FILE:/pool/condor/dir_6603/vveckaln.cc
Default principal: vveckaln@CERN.CH

Valid starting     Expires            Service principal
12/26/18 00:38:52  12/27/18 01:38:52  krbtgt/CERN.CH@CERN.CH
	renew until 12/30/18 04:38:29
12/26/18 00:38:52  12/27/18 01:38:52  afs/cern.ch@CERN.CH
	renew until 12/30/18 04:38:29
end klist
ls EOS
analysis_MC13TeV_TTJets
analysis_MC13TeV_TTJets_cflip
analysis_MC13TeV_TTJets_herwig
anothercomparison.cc
bins
cernbox
Chunks
Chunks_test
copy_test
data
flipped
flipped_old
LSF
merged_plots
migration
migration_MC13TeV_TTJets_jec_CorrelationGroupMPFInSitu_up_27.root
processing
reserve
rivet
rivet_results_23_March
rivet_test
rivet_test_21_March
save.root
SWAN_projects
test
testdir
unfolding_cflip
unfolding_nominal
end ls EOS
EXIT_CODE_SCRAM 0
exit code in RunMethodPacked 0
caught error code 0
checking sanity of file /pool/condor/dir_6603/Data13TeV_MuonEG_2016G_8.root
file is good
Sanity test done
checking sanity of file /pool/condor/dir_6603/migration_Data13TeV_MuonEG_2016G_8.root
file is good
Sanity test done
EXIT_CODE_PYTHON  0
[3.959MB/3.959MB][100%][==================================================][3.959MB/s]  [3.959MB/3.959MB][100%][==================================================][3.959MB/s]  
[18.03kB/18.03kB][100%][==================================================][18.03kB/s]  [18.03kB/18.03kB][100%][==================================================][18.03kB/s]  
