klist
Ticket cache: FILE:/pool/condor/dir_12645/vveckaln.cc
Default principal: vveckaln@CERN.CH

Valid starting     Expires            Service principal
12/26/18 13:09:20  12/27/18 14:09:20  krbtgt/CERN.CH@CERN.CH
	renew until 12/29/18 01:07:23
12/26/18 13:09:20  12/27/18 14:09:20  afs/cern.ch@CERN.CH
	renew until 12/29/18 01:07:23
end klist
ls EOS
analysis_MC13TeV_TTJets
analysis_MC13TeV_TTJets_cflip
analysis_MC13TeV_TTJets_herwig
anothercomparison.cc
bins
cernbox
Chunks
Chunks_test
copy_test
data
flipped
flipped_old
LSF
merged_plots
migration
migration_MC13TeV_TTJets_jec_CorrelationGroupMPFInSitu_up_27.root
processing
reserve
rivet
rivet_results_23_March
rivet_test
rivet_test_21_March
save.root
SWAN_projects
test
testdir
unfolding_cflip
unfolding_nominal
end ls EOS
EXIT_CODE_SCRAM 0
exit code in RunMethodPacked 0
caught error code 0
checking sanity of file /pool/condor/dir_12645/Data13TeV_SingleElectron_2016D_8.root
file is good
Sanity test done
checking sanity of file /pool/condor/dir_12645/migration_Data13TeV_SingleElectron_2016D_8.root
file is good
Sanity test done
EXIT_CODE_PYTHON  0
[4.278MB/4.278MB][100%][==================================================][4.278MB/s]  [4.278MB/4.278MB][100%][==================================================][4.278MB/s]  
[45.22kB/45.22kB][100%][==================================================][45.22kB/s]  [45.22kB/45.22kB][100%][==================================================][45.22kB/s]  
