klist
Ticket cache: FILE:/pool/condor/dir_21024/vveckaln.cc
Default principal: vveckaln@CERN.CH

Valid starting     Expires            Service principal
12/26/18 01:56:29  12/27/18 02:56:29  krbtgt/CERN.CH@CERN.CH
	renew until 12/27/18 17:00:15
12/26/18 01:56:30  12/27/18 02:56:29  afs/cern.ch@CERN.CH
	renew until 12/27/18 17:00:15
end klist
ls EOS
analysis_MC13TeV_TTJets
analysis_MC13TeV_TTJets_cflip
analysis_MC13TeV_TTJets_herwig
anothercomparison.cc
bins
cernbox
Chunks
Chunks_test
copy_test
data
flipped
flipped_old
LSF
merged_plots
migration
migration_MC13TeV_TTJets_jec_CorrelationGroupMPFInSitu_up_27.root
processing
reserve
rivet
rivet_results_23_March
rivet_test
rivet_test_21_March
save.root
SWAN_projects
test
testdir
unfolding_cflip
unfolding_nominal
end ls EOS
EXIT_CODE_SCRAM 0
exit code in RunMethodPacked 0
caught error code 0
checking sanity of file /pool/condor/dir_21024/Data13TeV_SingleElectron_2016C_4.root
file is good
Sanity test done
checking sanity of file /pool/condor/dir_21024/migration_Data13TeV_SingleElectron_2016C_4.root
file is good
Sanity test done
EXIT_CODE_PYTHON  0
[4.284MB/4.284MB][100%][==================================================][4.284MB/s]  [4.284MB/4.284MB][100%][==================================================][2.142MB/s]  
[46.66kB/46.66kB][100%][==================================================][46.66kB/s]  [46.66kB/46.66kB][100%][==================================================][46.66kB/s]  
