klist
Ticket cache: FILE:/pool/condor/dir_103389/vveckaln.cc
Default principal: vveckaln@CERN.CH

Valid starting     Expires            Service principal
12/26/18 13:11:11  12/27/18 14:11:11  krbtgt/CERN.CH@CERN.CH
	renew until 12/29/18 21:09:42
12/26/18 13:11:12  12/27/18 14:11:11  afs/cern.ch@CERN.CH
	renew until 12/29/18 21:09:42
end klist
ls EOS
analysis_MC13TeV_TTJets
analysis_MC13TeV_TTJets_cflip
analysis_MC13TeV_TTJets_herwig
anothercomparison.cc
bins
cernbox
Chunks
Chunks_test
copy_test
data
flipped
flipped_old
LSF
merged_plots
migration
migration_MC13TeV_TTJets_jec_CorrelationGroupMPFInSitu_up_27.root
processing
reserve
rivet
rivet_results_23_March
rivet_test
rivet_test_21_March
save.root
SWAN_projects
test
testdir
unfolding_cflip
unfolding_nominal
end ls EOS
EXIT_CODE_SCRAM 0
exit code in RunMethodPacked 0
caught error code 0
checking sanity of file /pool/condor/dir_103389/Data13TeV_SingleElectron_2016B_11.root
file is good
Sanity test done
checking sanity of file /pool/condor/dir_103389/migration_Data13TeV_SingleElectron_2016B_11.root
file is good
Sanity test done
EXIT_CODE_PYTHON  0
[4.269MB/4.269MB][100%][==================================================][4.269MB/s]  [4.269MB/4.269MB][100%][==================================================][4.269MB/s]  
[42.18kB/42.18kB][100%][==================================================][42.18kB/s]  [42.18kB/42.18kB][100%][==================================================][42.18kB/s]  
