klist
Ticket cache: FILE:/pool/condor/dir_24568/vveckaln.cc
Default principal: vveckaln@CERN.CH

Valid starting     Expires            Service principal
12/26/18 10:10:52  12/27/18 11:10:52  krbtgt/CERN.CH@CERN.CH
	renew until 12/28/18 02:07:46
12/26/18 10:10:53  12/27/18 11:10:52  afs/cern.ch@CERN.CH
	renew until 12/28/18 02:07:46
end klist
ls EOS
analysis_MC13TeV_TTJets
analysis_MC13TeV_TTJets_cflip
analysis_MC13TeV_TTJets_herwig
anothercomparison.cc
bins
cernbox
Chunks
Chunks_test
copy_test
data
flipped
flipped_old
LSF
merged_plots
migration
migration_MC13TeV_TTJets_jec_CorrelationGroupMPFInSitu_up_27.root
processing
reserve
rivet
rivet_results_23_March
rivet_test
rivet_test_21_March
save.root
SWAN_projects
test
testdir
unfolding_cflip
unfolding_nominal
end ls EOS
EXIT_CODE_SCRAM 0
exit code in RunMethodPacked 0
caught error code 0
checking sanity of file /pool/condor/dir_24568/Data13TeV_DoubleEG_2016B_56.root
file is good
Sanity test done
checking sanity of file /pool/condor/dir_24568/migration_Data13TeV_DoubleEG_2016B_56.root
file is good
Sanity test done
EXIT_CODE_PYTHON  0
[3.959MB/3.959MB][100%][==================================================][3.959MB/s]  [3.959MB/3.959MB][100%][==================================================][3.959MB/s]  
[18.05kB/18.05kB][100%][==================================================][18.05kB/s]  [18.05kB/18.05kB][100%][==================================================][9.024kB/s]  
