klist
Ticket cache: FILE:/pool/condor/dir_27354/vveckaln.cc
Default principal: vveckaln@CERN.CH

Valid starting     Expires            Service principal
12/26/18 03:04:43  12/27/18 04:04:43  krbtgt/CERN.CH@CERN.CH
	renew until 12/28/18 15:03:06
12/26/18 03:04:44  12/27/18 04:04:43  afs/cern.ch@CERN.CH
	renew until 12/28/18 15:03:06
end klist
ls EOS
analysis_MC13TeV_TTJets
analysis_MC13TeV_TTJets_cflip
analysis_MC13TeV_TTJets_herwig
anothercomparison.cc
bins
cernbox
Chunks
Chunks_test
copy_test
data
flipped
flipped_old
LSF
merged_plots
migration
migration_MC13TeV_TTJets_jec_CorrelationGroupMPFInSitu_up_27.root
processing
reserve
rivet
rivet_results_23_March
rivet_test
rivet_test_21_March
save.root
SWAN_projects
test
testdir
unfolding_cflip
unfolding_nominal
end ls EOS
EXIT_CODE_SCRAM 0
exit code in RunMethodPacked 0
caught error code 0
checking sanity of file /pool/condor/dir_27354/Data13TeV_SingleMuon_2016Hv2_21.root
file is good
Sanity test done
checking sanity of file /pool/condor/dir_27354/migration_Data13TeV_SingleMuon_2016Hv2_21.root
file is good
Sanity test done
EXIT_CODE_PYTHON  0
[4.335MB/4.335MB][100%][==================================================][4.335MB/s]  [4.335MB/4.335MB][100%][==================================================][4.335MB/s]  
[70.82kB/70.82kB][100%][==================================================][70.82kB/s]  [70.82kB/70.82kB][100%][==================================================][70.82kB/s]  
