klist
Ticket cache: FILE:/pool/condor/dir_28076/vveckaln.cc
Default principal: vveckaln@CERN.CH

Valid starting     Expires            Service principal
12/26/18 01:55:27  12/27/18 02:55:27  krbtgt/CERN.CH@CERN.CH
	renew until 12/27/18 17:00:15
12/26/18 01:55:28  12/27/18 02:55:27  afs/cern.ch@CERN.CH
	renew until 12/27/18 17:00:15
end klist
ls EOS
analysis_MC13TeV_TTJets
analysis_MC13TeV_TTJets_cflip
analysis_MC13TeV_TTJets_herwig
anothercomparison.cc
bins
cernbox
Chunks
Chunks_test
copy_test
data
flipped
flipped_old
LSF
merged_plots
migration
migration_MC13TeV_TTJets_jec_CorrelationGroupMPFInSitu_up_27.root
processing
reserve
rivet
rivet_results_23_March
rivet_test
rivet_test_21_March
save.root
SWAN_projects
test
testdir
unfolding_cflip
unfolding_nominal
end ls EOS
EXIT_CODE_SCRAM 0
exit code in RunMethodPacked 0
caught error code 0
checking sanity of file /pool/condor/dir_28076/Data13TeV_SingleMuon_2016C_18.root
file is good
Sanity test done
checking sanity of file /pool/condor/dir_28076/migration_Data13TeV_SingleMuon_2016C_18.root
file is good
Sanity test done
EXIT_CODE_PYTHON  0
[4.315MB/4.315MB][100%][==================================================][4.315MB/s]  [4.315MB/4.315MB][100%][==================================================][4.315MB/s]  
[61.18kB/61.18kB][100%][==================================================][61.18kB/s]  [61.18kB/61.18kB][100%][==================================================][30.59kB/s]  
