klist
Ticket cache: FILE:/pool/condor/dir_6696/vveckaln.cc
Default principal: vveckaln@CERN.CH

Valid starting     Expires            Service principal
12/26/18 02:15:57  12/27/18 03:15:57  krbtgt/CERN.CH@CERN.CH
	renew until 12/29/18 10:05:56
12/26/18 02:15:58  12/27/18 03:15:57  afs/cern.ch@CERN.CH
	renew until 12/29/18 10:05:56
end klist
ls EOS
analysis_MC13TeV_TTJets
analysis_MC13TeV_TTJets_cflip
analysis_MC13TeV_TTJets_herwig
anothercomparison.cc
bins
cernbox
Chunks
Chunks_test
copy_test
data
flipped
flipped_old
LSF
merged_plots
migration
migration_MC13TeV_TTJets_jec_CorrelationGroupMPFInSitu_up_27.root
processing
reserve
rivet
rivet_results_23_March
rivet_test
rivet_test_21_March
save.root
SWAN_projects
test
testdir
unfolding_cflip
unfolding_nominal
end ls EOS
EXIT_CODE_SCRAM 0
exit code in RunMethodPacked 0
caught error code 0
checking sanity of file /pool/condor/dir_6696/Data13TeV_SingleMuon_2016F_6.root
file is good
Sanity test done
checking sanity of file /pool/condor/dir_6696/migration_Data13TeV_SingleMuon_2016F_6.root
file is good
Sanity test done
EXIT_CODE_PYTHON  0
[4.319MB/4.319MB][100%][==================================================][4.319MB/s]  [4.319MB/4.319MB][100%][==================================================][4.319MB/s]  
[60.89kB/60.89kB][100%][==================================================][60.89kB/s]  [60.89kB/60.89kB][100%][==================================================][60.89kB/s]  
