klist
Ticket cache: FILE:/pool/condor/dir_17620/vveckaln.cc
Default principal: vveckaln@CERN.CH

Valid starting     Expires            Service principal
12/26/18 09:10:24  12/27/18 10:10:24  krbtgt/CERN.CH@CERN.CH
	renew until 12/30/18 12:19:54
12/26/18 09:10:24  12/27/18 10:10:24  afs/cern.ch@CERN.CH
	renew until 12/30/18 12:19:54
end klist
ls EOS
analysis_MC13TeV_TTJets
analysis_MC13TeV_TTJets_cflip
analysis_MC13TeV_TTJets_herwig
anothercomparison.cc
bins
cernbox
Chunks
Chunks_test
copy_test
data
flipped
flipped_old
LSF
merged_plots
migration
migration_MC13TeV_TTJets_jec_CorrelationGroupMPFInSitu_up_27.root
processing
reserve
rivet
rivet_results_23_March
rivet_test
rivet_test_21_March
save.root
SWAN_projects
test
testdir
unfolding_cflip
unfolding_nominal
end ls EOS
EXIT_CODE_SCRAM 0
exit code in RunMethodPacked 0
caught error code 0
checking sanity of file /pool/condor/dir_17620/Data13TeV_SingleElectron_2016E_22.root
file is good
Sanity test done
checking sanity of file /pool/condor/dir_17620/migration_Data13TeV_SingleElectron_2016E_22.root
file is good
Sanity test done
EXIT_CODE_PYTHON  0
[4.275MB/4.275MB][100%][==================================================][4.275MB/s]  [4.275MB/4.275MB][100%][==================================================][4.275MB/s]  
[43.83kB/43.83kB][100%][==================================================][43.83kB/s]  [43.83kB/43.83kB][100%][==================================================][43.83kB/s]  
