klist
Ticket cache: FILE:/pool/condor/dir_10921/vveckaln.cc
Default principal: vveckaln@CERN.CH

Valid starting     Expires            Service principal
12/26/18 13:08:58  12/27/18 14:08:58  krbtgt/CERN.CH@CERN.CH
	renew until 12/29/18 01:06:37
12/26/18 13:08:59  12/27/18 14:08:58  afs/cern.ch@CERN.CH
	renew until 12/29/18 01:06:37
end klist
ls EOS
analysis_MC13TeV_TTJets
analysis_MC13TeV_TTJets_cflip
analysis_MC13TeV_TTJets_herwig
anothercomparison.cc
bins
cernbox
Chunks
Chunks_test
copy_test
data
flipped
flipped_old
LSF
merged_plots
migration
migration_MC13TeV_TTJets_jec_CorrelationGroupMPFInSitu_up_27.root
processing
reserve
rivet
rivet_results_23_March
rivet_test
rivet_test_21_March
save.root
SWAN_projects
test
testdir
unfolding_cflip
unfolding_nominal
end ls EOS
EXIT_CODE_SCRAM 0
exit code in RunMethodPacked 0
caught error code 0
checking sanity of file /pool/condor/dir_10921/Data13TeV_SingleElectron_2016D_1.root
file is good
Sanity test done
checking sanity of file /pool/condor/dir_10921/migration_Data13TeV_SingleElectron_2016D_1.root
file is good
Sanity test done
EXIT_CODE_PYTHON  0
[4.19MB/4.19MB][100%][==================================================][4.19MB/s]  [4.19MB/4.19MB][100%][==================================================][4.19MB/s]  
[30.21kB/30.21kB][100%][==================================================][30.21kB/s]  [30.21kB/30.21kB][100%][==================================================][15.11kB/s]  
