klist
Ticket cache: FILE:/pool/condor/dir_15911/vveckaln.cc
Default principal: vveckaln@CERN.CH

Valid starting     Expires            Service principal
12/26/18 13:11:42  12/27/18 14:11:42  krbtgt/CERN.CH@CERN.CH
	renew until 12/29/18 01:09:41
12/26/18 13:11:42  12/27/18 14:11:42  afs/cern.ch@CERN.CH
	renew until 12/29/18 01:09:41
end klist
ls EOS
analysis_MC13TeV_TTJets
analysis_MC13TeV_TTJets_cflip
analysis_MC13TeV_TTJets_herwig
anothercomparison.cc
bins
cernbox
Chunks
Chunks_test
copy_test
data
flipped
flipped_old
LSF
merged_plots
migration
migration_MC13TeV_TTJets_jec_CorrelationGroupMPFInSitu_up_27.root
processing
reserve
rivet
rivet_results_23_March
rivet_test
rivet_test_21_March
save.root
SWAN_projects
test
testdir
unfolding_cflip
unfolding_nominal
end ls EOS
EXIT_CODE_SCRAM 0
exit code in RunMethodPacked 0
caught error code 0
checking sanity of file /pool/condor/dir_15911/MC13TeV_TTJets_jec_CorrelationGroupMPFInSitu_up_10.root
file is good
Sanity test done
checking sanity of file /pool/condor/dir_15911/migration_MC13TeV_TTJets_jec_CorrelationGroupMPFInSitu_up_10.root
file is good
Sanity test done
EXIT_CODE_PYTHON  0
[16MB/81.85MB][ 19%][=========>                                        ][2MB/s]  [32MB/81.85MB][ 39%][===================>                              ][3.556MB/s]  [48MB/81.85MB][ 58%][=============================>                    ][4.8MB/s]  [81.85MB/81.85MB][100%][==================================================][8.185MB/s]  [81.85MB/81.85MB][100%][==================================================][4.093MB/s]  
[16MB/29.51MB][ 54%][===========================>                      ][4MB/s]  [29.51MB/29.51MB][100%][==================================================][7.378MB/s]  [29.51MB/29.51MB][100%][==================================================][2.459MB/s]  
