klist
Ticket cache: FILE:/pool/condor/dir_20876/vveckaln.cc
Default principal: vveckaln@CERN.CH

Valid starting     Expires            Service principal
12/26/18 13:09:51  12/27/18 14:09:51  krbtgt/CERN.CH@CERN.CH
	renew until 12/29/18 01:08:30
12/26/18 13:09:51  12/27/18 14:09:51  afs/cern.ch@CERN.CH
	renew until 12/29/18 01:08:30
end klist
ls EOS
analysis_MC13TeV_TTJets
analysis_MC13TeV_TTJets_cflip
analysis_MC13TeV_TTJets_herwig
anothercomparison.cc
bins
cernbox
Chunks
Chunks_test
copy_test
data
flipped
flipped_old
LSF
merged_plots
migration
migration_MC13TeV_TTJets_jec_CorrelationGroupMPFInSitu_up_27.root
processing
reserve
rivet
rivet_results_23_March
rivet_test
rivet_test_21_March
save.root
SWAN_projects
test
testdir
unfolding_cflip
unfolding_nominal
end ls EOS
EXIT_CODE_SCRAM 0
exit code in RunMethodPacked 0
caught error code 0
checking sanity of file /pool/condor/dir_20876/MC13TeV_TTJets_jec_FlavorPureCharm_down_55.root
file is good
Sanity test done
checking sanity of file /pool/condor/dir_20876/migration_MC13TeV_TTJets_jec_FlavorPureCharm_down_55.root
file is good
Sanity test done
EXIT_CODE_PYTHON  0
[16MB/81.33MB][ 19%][=========>                                        ][5.333MB/s]  [80MB/81.33MB][ 98%][=================================================>][16MB/s]  [81.33MB/81.33MB][100%][==================================================][13.55MB/s]  [81.33MB/81.33MB][100%][==================================================][9.037MB/s]  
[16MB/24.02MB][ 66%][=================================>                ][16MB/s]  [24.02MB/24.02MB][100%][==================================================][24.02MB/s]  [24.02MB/24.02MB][100%][==================================================][12.01MB/s]  
