klist
Ticket cache: FILE:/pool/condor/dir_22227/vveckaln.cc
Default principal: vveckaln@CERN.CH

Valid starting     Expires            Service principal
12/26/18 13:08:18  12/27/18 14:08:18  krbtgt/CERN.CH@CERN.CH
	renew until 12/29/18 01:07:04
12/26/18 13:08:18  12/27/18 14:08:18  afs/cern.ch@CERN.CH
	renew until 12/29/18 01:07:04
end klist
ls EOS
analysis_MC13TeV_TTJets
analysis_MC13TeV_TTJets_cflip
analysis_MC13TeV_TTJets_herwig
anothercomparison.cc
bins
cernbox
Chunks
Chunks_test
copy_test
data
flipped
flipped_old
LSF
merged_plots
migration
migration_MC13TeV_TTJets_jec_CorrelationGroupMPFInSitu_up_27.root
processing
reserve
rivet
rivet_results_23_March
rivet_test
rivet_test_21_March
save.root
SWAN_projects
test
testdir
unfolding_cflip
unfolding_nominal
end ls EOS
EXIT_CODE_SCRAM 0
exit code in RunMethodPacked 0
caught error code 0
checking sanity of file /pool/condor/dir_22227/MC13TeV_TTJets_jec_FlavorPureCharm_down_79.root
file is good
Sanity test done
checking sanity of file /pool/condor/dir_22227/migration_MC13TeV_TTJets_jec_FlavorPureCharm_down_79.root
file is good
Sanity test done
EXIT_CODE_PYTHON  0
[16MB/80.47MB][ 19%][=========>                                        ][16MB/s]  [32MB/80.47MB][ 39%][===================>                              ][32MB/s]  [80.47MB/80.47MB][100%][==================================================][80.47MB/s]  [80.47MB/80.47MB][100%][==================================================][80.47MB/s]  
[16MB/18.9MB][ 84%][==========================================>       ][16MB/s]  [18.9MB/18.9MB][100%][==================================================][18.9MB/s]  [18.9MB/18.9MB][100%][==================================================][18.9MB/s]  
