klist
Ticket cache: FILE:/pool/condor/dir_4668/vveckaln.cc
Default principal: vveckaln@CERN.CH

Valid starting     Expires            Service principal
12/26/18 13:08:46  12/27/18 14:08:45  krbtgt/CERN.CH@CERN.CH
	renew until 12/29/18 01:06:19
12/26/18 13:08:46  12/27/18 14:08:45  afs/cern.ch@CERN.CH
	renew until 12/29/18 01:06:19
end klist
ls EOS
analysis_MC13TeV_TTJets
analysis_MC13TeV_TTJets_cflip
analysis_MC13TeV_TTJets_herwig
anothercomparison.cc
bins
cernbox
Chunks
Chunks_test
copy_test
data
flipped
flipped_old
LSF
merged_plots
migration
migration_MC13TeV_TTJets_jec_CorrelationGroupMPFInSitu_up_27.root
processing
reserve
rivet
rivet_results_23_March
rivet_test
rivet_test_21_March
save.root
SWAN_projects
test
testdir
unfolding_cflip
unfolding_nominal
end ls EOS
EXIT_CODE_SCRAM 0
exit code in RunMethodPacked 0
caught error code 0
checking sanity of file /pool/condor/dir_4668/MC13TeV_TTJets_jec_FlavorPureGluon_up_7.root
file is good
Sanity test done
checking sanity of file /pool/condor/dir_4668/migration_MC13TeV_TTJets_jec_FlavorPureGluon_up_7.root
file is good
Sanity test done
EXIT_CODE_PYTHON  0
[16MB/81.02MB][ 19%][=========>                                        ][16MB/s]  [80MB/81.02MB][ 98%][=================================================>][80MB/s]  [81.02MB/81.02MB][100%][==================================================][81.02MB/s]  [81.02MB/81.02MB][100%][==================================================][20.26MB/s]  
[16MB/21.6MB][ 74%][=====================================>            ][8MB/s]  [21.6MB/21.6MB][100%][==================================================][10.8MB/s]  [21.6MB/21.6MB][100%][==================================================][1.963MB/s]  
