klist
Ticket cache: FILE:/pool/condor/dir_5407/vveckaln.cc
Default principal: vveckaln@CERN.CH

Valid starting     Expires            Service principal
12/26/18 00:43:38  12/27/18 01:43:38  krbtgt/CERN.CH@CERN.CH
	renew until 12/30/18 04:43:09
12/26/18 00:43:39  12/27/18 01:43:38  afs/cern.ch@CERN.CH
	renew until 12/30/18 04:43:09
end klist
ls EOS
analysis_MC13TeV_TTJets
analysis_MC13TeV_TTJets_cflip
analysis_MC13TeV_TTJets_herwig
anothercomparison.cc
bins
cernbox
Chunks
Chunks_test
copy_test
data
flipped
flipped_old
LSF
merged_plots
migration
migration_MC13TeV_TTJets_jec_CorrelationGroupMPFInSitu_up_27.root
processing
reserve
rivet
rivet_results_23_March
rivet_test
rivet_test_21_March
save.root
SWAN_projects
test
testdir
unfolding_cflip
unfolding_nominal
end ls EOS
EXIT_CODE_SCRAM 0
exit code in RunMethodPacked 0
caught error code 0
checking sanity of file /pool/condor/dir_5407/MC13TeV_TTJets_btag_light_up_42.root
file is good
Sanity test done
checking sanity of file /pool/condor/dir_5407/migration_MC13TeV_TTJets_btag_light_up_42.root
file is good
Sanity test done
EXIT_CODE_PYTHON  0
[16MB/81.79MB][ 19%][=========>                                        ][16MB/s]  [80MB/81.79MB][ 97%][================================================> ][80MB/s]  [81.79MB/81.79MB][100%][==================================================][81.79MB/s]  [81.79MB/81.79MB][100%][==================================================][40.9MB/s]  
[16MB/28.44MB][ 56%][============================>                     ][16MB/s]  [28.44MB/28.44MB][100%][==================================================][28.44MB/s]  [28.44MB/28.44MB][100%][==================================================][14.22MB/s]  
