klist
Ticket cache: FILE:/pool/condor/dir_29877/vveckaln.cc
Default principal: vveckaln@CERN.CH

Valid starting     Expires            Service principal
12/26/18 01:57:01  12/27/18 02:57:01  krbtgt/CERN.CH@CERN.CH
	renew until 12/27/18 17:00:15
12/26/18 01:57:03  12/27/18 02:57:01  afs/cern.ch@CERN.CH
	renew until 12/27/18 17:00:15
end klist
ls EOS
analysis_MC13TeV_TTJets
analysis_MC13TeV_TTJets_cflip
analysis_MC13TeV_TTJets_herwig
anothercomparison.cc
bins
cernbox
Chunks
Chunks_test
copy_test
data
flipped
flipped_old
LSF
merged_plots
migration
migration_MC13TeV_TTJets_jec_CorrelationGroupMPFInSitu_up_27.root
processing
reserve
rivet
rivet_results_23_March
rivet_test
rivet_test_21_March
save.root
SWAN_projects
test
testdir
unfolding_cflip
unfolding_nominal
end ls EOS
EXIT_CODE_SCRAM 0
exit code in RunMethodPacked 0
caught error code 0
checking sanity of file /pool/condor/dir_29877/MC13TeV_TTJets_jec_CorrelationGroupUncorrelated_down_61.root
file is good
Sanity test done
checking sanity of file /pool/condor/dir_29877/migration_MC13TeV_TTJets_jec_CorrelationGroupUncorrelated_down_61.root
file is good
Sanity test done
EXIT_CODE_PYTHON  0
[16MB/81.13MB][ 19%][=========>                                        ][5.333MB/s]  [48MB/81.13MB][ 59%][=============================>                    ][12MB/s]  [64MB/81.13MB][ 78%][=======================================>          ][12.8MB/s]  [80MB/81.13MB][ 98%][=================================================>][13.33MB/s]  [81.13MB/81.13MB][100%][==================================================][13.52MB/s]  [81.13MB/81.13MB][100%][==================================================][9.015MB/s]  
[16MB/22.28MB][ 71%][===================================>              ][8MB/s]  [22.28MB/22.28MB][100%][==================================================][11.14MB/s]  [22.28MB/22.28MB][100%][==================================================][3.713MB/s]  
