klist
Ticket cache: FILE:/pool/condor/dir_10484/vveckaln.cc
Default principal: vveckaln@CERN.CH

Valid starting     Expires            Service principal
01/02/19 01:38:46  01/03/19 02:38:46  krbtgt/CERN.CH@CERN.CH
	renew until 01/03/19 17:36:52
01/02/19 01:38:46  01/03/19 02:38:46  afs/cern.ch@CERN.CH
	renew until 01/03/19 17:36:52
end klist
ls EOS
analysis_MC13TeV_TTJets
analysis_MC13TeV_TTJets_cflip
analysis_MC13TeV_TTJets_herwig
bins
cernbox
Chunks
Chunks_test
copy_test
data
flipped
flipped_old
LSF
merged_plots
migration
migration_MC13TeV_TTJets_jec_CorrelationGroupMPFInSitu_up_27.root
moved.cc
processing
reserve
rivet
rivet_results_23_March
rivet_test
rivet_test_21_March
save.root
SWAN_projects
test
testdir
unfolding_cflip
unfolding_nominal
end ls EOS
EXIT_CODE_SCRAM 0
exit code in RunMethodPacked 0
caught error code 0
checking sanity of file /pool/condor/dir_10484/MC13TeV_TTJets_6.root
file is good
Sanity test done
checking sanity of file /pool/condor/dir_10484/migration_MC13TeV_TTJets_6.root
file is good
Sanity test done
EXIT_CODE_PYTHON  0
[16MB/81.62MB][ 19%][=========>                                        ][16MB/s]  [80MB/81.62MB][ 98%][=================================================>][80MB/s]  [81.62MB/81.62MB][100%][==================================================][81.62MB/s]  [81.62MB/81.62MB][100%][==================================================][27.21MB/s]  
[16MB/26.96MB][ 59%][=============================>                    ][16MB/s]  [26.96MB/26.96MB][100%][==================================================][26.96MB/s]  [26.96MB/26.96MB][100%][==================================================][13.48MB/s]  
