klist
Ticket cache: FILE:/pool/condor/dir_26082/vveckaln.cc
Default principal: vveckaln@CERN.CH

Valid starting     Expires            Service principal
12/26/18 10:11:20  12/27/18 06:09:25  krbtgt/CERN.CH@CERN.CH
	renew until 12/27/18 06:09:25
12/26/18 10:11:21  12/27/18 06:09:25  afs/cern.ch@CERN.CH
	renew until 12/27/18 06:09:25
end klist
ls EOS
analysis_MC13TeV_TTJets
analysis_MC13TeV_TTJets_cflip
analysis_MC13TeV_TTJets_herwig
anothercomparison.cc
bins
cernbox
Chunks
Chunks_test
copy_test
data
flipped
flipped_old
LSF
merged_plots
migration
migration_MC13TeV_TTJets_jec_CorrelationGroupMPFInSitu_up_27.root
processing
reserve
rivet
rivet_results_23_March
rivet_test
rivet_test_21_March
save.root
SWAN_projects
test
testdir
unfolding_cflip
unfolding_nominal
end ls EOS
EXIT_CODE_SCRAM 0
exit code in RunMethodPacked 0
caught error code 0
checking sanity of file /pool/condor/dir_26082/MC13TeV_TTJets_jer_down_114.root
file is good
Sanity test done
checking sanity of file /pool/condor/dir_26082/migration_MC13TeV_TTJets_jer_down_114.root
file is good
Sanity test done
EXIT_CODE_PYTHON  0
[16MB/79.82MB][ 20%][==========>                                       ][1.778MB/s]  [32MB/79.82MB][ 40%][====================>                             ][3.2MB/s]  [48MB/79.82MB][ 60%][==============================>                   ][3.692MB/s]  [64MB/79.82MB][ 80%][========================================>         ][3.765MB/s]  [79.82MB/79.82MB][100%][==================================================][4.434MB/s]  [79.82MB/79.82MB][100%][==================================================][3.801MB/s]  
[15.33MB/15.33MB][100%][==================================================][7.666MB/s]  [15.33MB/15.33MB][100%][==================================================][3.066MB/s]  
