klist
Ticket cache: FILE:/pool/condor/dir_8841/vveckaln.cc
Default principal: vveckaln@CERN.CH

Valid starting     Expires            Service principal
12/26/18 01:25:51  12/27/18 02:25:51  krbtgt/CERN.CH@CERN.CH
	renew until 12/28/18 13:08:41
12/26/18 01:25:52  12/27/18 02:25:51  afs/cern.ch@CERN.CH
	renew until 12/28/18 13:08:41
end klist
ls EOS
analysis_MC13TeV_TTJets
analysis_MC13TeV_TTJets_cflip
analysis_MC13TeV_TTJets_herwig
anothercomparison.cc
bins
cernbox
Chunks
Chunks_test
copy_test
data
flipped
flipped_old
LSF
merged_plots
migration
migration_MC13TeV_TTJets_jec_CorrelationGroupMPFInSitu_up_27.root
processing
reserve
rivet
rivet_results_23_March
rivet_test
rivet_test_21_March
save.root
SWAN_projects
test
testdir
unfolding_cflip
unfolding_nominal
end ls EOS
EXIT_CODE_SCRAM 0
exit code in RunMethodPacked 0
caught error code 0
checking sanity of file /pool/condor/dir_8841/MC13TeV_TTJets_jec_CorrelationGroupUncorrelated_down_78.root
file is good
Sanity test done
checking sanity of file /pool/condor/dir_8841/migration_MC13TeV_TTJets_jec_CorrelationGroupUncorrelated_down_78.root
file is good
Sanity test done
EXIT_CODE_PYTHON  0
[16MB/81.89MB][ 19%][=========>                                        ][819.2kB/s]  [32MB/81.89MB][ 39%][===================>                              ][1.455MB/s]  [48MB/81.89MB][ 58%][=============================>                    ][2MB/s]  [64MB/81.89MB][ 78%][=======================================>          ][2.286MB/s]  [80MB/81.89MB][ 97%][================================================> ][2.667MB/s]  [81.89MB/81.89MB][100%][==================================================][2.73MB/s]  [81.89MB/81.89MB][100%][==================================================][1.706MB/s]  
[16MB/30.14MB][ 53%][==========================>                       ][8MB/s]  [30.14MB/30.14MB][100%][==================================================][7.535MB/s]  [30.14MB/30.14MB][100%][==================================================][6.028MB/s]  
