klist
Ticket cache: FILE:/pool/condor/dir_10190/vveckaln.cc
Default principal: vveckaln@CERN.CH

Valid starting     Expires            Service principal
12/26/18 13:10:16  12/27/18 14:10:16  krbtgt/CERN.CH@CERN.CH
	renew until 12/29/18 01:08:50
12/26/18 13:10:17  12/27/18 14:10:16  afs/cern.ch@CERN.CH
	renew until 12/29/18 01:08:50
end klist
ls EOS
analysis_MC13TeV_TTJets
analysis_MC13TeV_TTJets_cflip
analysis_MC13TeV_TTJets_herwig
anothercomparison.cc
bins
cernbox
Chunks
Chunks_test
copy_test
data
flipped
flipped_old
LSF
merged_plots
migration
migration_MC13TeV_TTJets_jec_CorrelationGroupMPFInSitu_up_27.root
processing
reserve
rivet
rivet_results_23_March
rivet_test
rivet_test_21_March
save.root
SWAN_projects
test
testdir
unfolding_cflip
unfolding_nominal
end ls EOS
EXIT_CODE_SCRAM 0
exit code in RunMethodPacked 0
caught error code 0
checking sanity of file /pool/condor/dir_10190/MC13TeV_TTJets_jec_FlavorPureQuark_down_99.root
file is good
Sanity test done
checking sanity of file /pool/condor/dir_10190/migration_MC13TeV_TTJets_jec_FlavorPureQuark_down_99.root
file is good
Sanity test done
EXIT_CODE_PYTHON  0
[16MB/79.72MB][ 20%][==========>                                       ][3.2MB/s]  [79.72MB/79.72MB][100%][==================================================][13.29MB/s]  [79.72MB/79.72MB][100%][==================================================][5.694MB/s]  
[14.89MB/14.89MB][100%][==================================================][2.978MB/s]  [14.89MB/14.89MB][100%][==================================================][1.354MB/s]  
