klist
Ticket cache: FILE:/pool/condor/dir_29178/vveckaln.cc
Default principal: vveckaln@CERN.CH

Valid starting     Expires            Service principal
12/26/18 01:55:09  12/27/18 02:55:09  krbtgt/CERN.CH@CERN.CH
	renew until 12/27/18 17:00:15
12/26/18 01:55:10  12/27/18 02:55:09  afs/cern.ch@CERN.CH
	renew until 12/27/18 17:00:15
end klist
ls EOS
analysis_MC13TeV_TTJets
analysis_MC13TeV_TTJets_cflip
analysis_MC13TeV_TTJets_herwig
anothercomparison.cc
bins
cernbox
Chunks
Chunks_test
copy_test
data
flipped
flipped_old
LSF
merged_plots
migration
migration_MC13TeV_TTJets_jec_CorrelationGroupMPFInSitu_up_27.root
processing
reserve
rivet
rivet_results_23_March
rivet_test
rivet_test_21_March
save.root
SWAN_projects
test
testdir
unfolding_cflip
unfolding_nominal
end ls EOS
EXIT_CODE_SCRAM 0
exit code in RunMethodPacked 0
caught error code 0
checking sanity of file /pool/condor/dir_29178/MC13TeV_TTJets_gluonMove_20.root
file is good
Sanity test done
checking sanity of file /pool/condor/dir_29178/migration_MC13TeV_TTJets_gluonMove_20.root
file is good
Sanity test done
EXIT_CODE_PYTHON  0
[16MB/80.44MB][ 19%][=========>                                        ][16MB/s]  [64MB/80.44MB][ 79%][=======================================>          ][64MB/s]  [80.44MB/80.44MB][100%][==================================================][80.44MB/s]  [80.44MB/80.44MB][100%][==================================================][40.22MB/s]  
[16MB/18.7MB][ 85%][==========================================>       ][16MB/s]  [18.7MB/18.7MB][100%][==================================================][18.7MB/s]  [18.7MB/18.7MB][100%][==================================================][18.7MB/s]  
