klist
Ticket cache: FILE:/pool/condor/dir_22922/vveckaln.cc
Default principal: vveckaln@CERN.CH

Valid starting     Expires            Service principal
12/26/18 02:46:39  12/27/18 03:46:38  krbtgt/CERN.CH@CERN.CH
	renew until 12/30/18 06:46:27
12/26/18 02:46:40  12/27/18 03:46:38  afs/cern.ch@CERN.CH
	renew until 12/30/18 06:46:27
end klist
ls EOS
analysis_MC13TeV_TTJets
analysis_MC13TeV_TTJets_cflip
analysis_MC13TeV_TTJets_herwig
anothercomparison.cc
bins
cernbox
Chunks
Chunks_test
copy_test
data
flipped
flipped_old
LSF
merged_plots
migration
migration_MC13TeV_TTJets_jec_CorrelationGroupMPFInSitu_up_27.root
processing
reserve
rivet
rivet_results_23_March
rivet_test
rivet_test_21_March
save.root
SWAN_projects
test
testdir
unfolding_cflip
unfolding_nominal
end ls EOS
EXIT_CODE_SCRAM 0
exit code in RunMethodPacked 0
caught error code 0
checking sanity of file /pool/condor/dir_22922/MC13TeV_TTJets_jec_FlavorPureCharm_up_12.root
file is good
Sanity test done
checking sanity of file /pool/condor/dir_22922/migration_MC13TeV_TTJets_jec_FlavorPureCharm_up_12.root
file is good
Sanity test done
EXIT_CODE_PYTHON  0
[16MB/81.65MB][ 19%][=========>                                        ][3.2MB/s]  [48MB/81.65MB][ 58%][=============================>                    ][8MB/s]  [81.65MB/81.65MB][100%][==================================================][13.61MB/s]  [81.65MB/81.65MB][100%][==================================================][2.094MB/s]  
[16MB/26.9MB][ 59%][=============================>                    ][1.778MB/s]  [26.9MB/26.9MB][100%][==================================================][2.989MB/s]  [26.9MB/26.9MB][100%][==================================================][1.416MB/s]  
