klist
Ticket cache: FILE:/pool/condor/dir_3759/vveckaln.cc
Default principal: vveckaln@CERN.CH

Valid starting     Expires            Service principal
12/26/18 13:11:43  12/27/18 14:11:43  krbtgt/CERN.CH@CERN.CH
	renew until 12/29/18 01:10:12
12/26/18 13:11:44  12/27/18 14:11:43  afs/cern.ch@CERN.CH
	renew until 12/29/18 01:10:12
end klist
ls EOS
analysis_MC13TeV_TTJets
analysis_MC13TeV_TTJets_cflip
analysis_MC13TeV_TTJets_herwig
anothercomparison.cc
bins
cernbox
Chunks
Chunks_test
copy_test
data
flipped
flipped_old
LSF
merged_plots
migration
migration_MC13TeV_TTJets_jec_CorrelationGroupMPFInSitu_up_27.root
processing
reserve
rivet
rivet_results_23_March
rivet_test
rivet_test_21_March
save.root
SWAN_projects
test
testdir
unfolding_cflip
unfolding_nominal
end ls EOS
EXIT_CODE_SCRAM 0
exit code in RunMethodPacked 0
caught error code 0
checking sanity of file /pool/condor/dir_3759/MC13TeV_TTJets_erdON_58.root
file is good
Sanity test done
checking sanity of file /pool/condor/dir_3759/migration_MC13TeV_TTJets_erdON_58.root
file is good
Sanity test done
EXIT_CODE_PYTHON  0
[16MB/77.94MB][ 20%][==========>                                       ][16MB/s]  [77.94MB/77.94MB][100%][==================================================][77.94MB/s]  [77.94MB/77.94MB][100%][==================================================][38.97MB/s]  
[9.63MB/9.63MB][100%][==================================================][9.63MB/s]  [9.63MB/9.63MB][100%][==================================================][9.63MB/s]  
