klist
Ticket cache: FILE:/pool/condor/dir_20897/vveckaln.cc
Default principal: vveckaln@CERN.CH

Valid starting     Expires            Service principal
12/26/18 01:55:08  12/27/18 02:55:08  krbtgt/CERN.CH@CERN.CH
	renew until 12/27/18 17:00:15
12/26/18 01:55:08  12/27/18 02:55:08  afs/cern.ch@CERN.CH
	renew until 12/27/18 17:00:15
end klist
ls EOS
analysis_MC13TeV_TTJets
analysis_MC13TeV_TTJets_cflip
analysis_MC13TeV_TTJets_herwig
anothercomparison.cc
bins
cernbox
Chunks
Chunks_test
copy_test
data
flipped
flipped_old
LSF
merged_plots
migration
migration_MC13TeV_TTJets_jec_CorrelationGroupMPFInSitu_up_27.root
processing
reserve
rivet
rivet_results_23_March
rivet_test
rivet_test_21_March
save.root
SWAN_projects
test
testdir
unfolding_cflip
unfolding_nominal
end ls EOS
EXIT_CODE_SCRAM 0
exit code in RunMethodPacked 0
caught error code 0
checking sanity of file /pool/condor/dir_20897/MC13TeV_TTJets_btag_heavy_down_0.root
file is good
Sanity test done
checking sanity of file /pool/condor/dir_20897/migration_MC13TeV_TTJets_btag_heavy_down_0.root
file is good
Sanity test done
EXIT_CODE_PYTHON  0
[16MB/81.97MB][ 19%][=========>                                        ][16MB/s]  [81.97MB/81.97MB][100%][==================================================][40.98MB/s]  [81.97MB/81.97MB][100%][==================================================][40.98MB/s]  
[16MB/30.76MB][ 52%][==========================>                       ][16MB/s]  [30.76MB/30.76MB][100%][==================================================][10.25MB/s]  [30.76MB/30.76MB][100%][==================================================][7.69MB/s]  
