klist
Ticket cache: FILE:/pool/condor/dir_4946/vveckaln.cc
Default principal: vveckaln@CERN.CH

Valid starting     Expires            Service principal
12/26/18 15:39:26  12/27/18 16:39:26  krbtgt/CERN.CH@CERN.CH
	renew until 12/29/18 03:37:13
12/26/18 15:39:27  12/27/18 16:39:26  afs/cern.ch@CERN.CH
	renew until 12/29/18 03:37:13
end klist
ls EOS
analysis_MC13TeV_TTJets
analysis_MC13TeV_TTJets_cflip
analysis_MC13TeV_TTJets_herwig
anothercomparison.cc
bins
cernbox
Chunks
Chunks_test
copy_test
data
flipped
flipped_old
LSF
merged_plots
migration
migration_MC13TeV_TTJets_jec_CorrelationGroupMPFInSitu_up_27.root
processing
reserve
rivet
rivet_results_23_March
rivet_test
rivet_test_21_March
save.root
SWAN_projects
test
testdir
unfolding_cflip
unfolding_nominal
end ls EOS
EXIT_CODE_SCRAM 0
exit code in RunMethodPacked 0
caught error code 0
checking sanity of file /pool/condor/dir_4946/MC13TeV_TTJets_csv_heavy_up_17.root
file is good
Sanity test done
checking sanity of file /pool/condor/dir_4946/migration_MC13TeV_TTJets_csv_heavy_up_17.root
file is good
Sanity test done
EXIT_CODE_PYTHON  0
[16MB/81.07MB][ 19%][=========>                                        ][16MB/s]  [80MB/81.07MB][ 98%][=================================================>][80MB/s]  [81.07MB/81.07MB][100%][==================================================][81.07MB/s]  [81.07MB/81.07MB][100%][==================================================][40.54MB/s]  
[16MB/24.31MB][ 65%][================================>                 ][16MB/s]  [24.31MB/24.31MB][100%][==================================================][24.31MB/s]  [24.31MB/24.31MB][100%][==================================================][12.16MB/s]  
