klist
Ticket cache: FILE:/pool/condor/dir_27462/vveckaln.cc
Default principal: vveckaln@CERN.CH

Valid starting     Expires            Service principal
12/26/18 00:26:33  12/27/18 01:26:33  krbtgt/CERN.CH@CERN.CH
	renew until 12/28/18 12:25:25
12/26/18 00:26:34  12/27/18 01:26:33  afs/cern.ch@CERN.CH
	renew until 12/28/18 12:25:25
end klist
ls EOS
analysis_MC13TeV_TTJets
analysis_MC13TeV_TTJets_cflip
analysis_MC13TeV_TTJets_herwig
anothercomparison.cc
bins
cernbox
Chunks
Chunks_test
copy_test
data
flipped
flipped_old
LSF
merged_plots
migration
migration_MC13TeV_TTJets_jec_CorrelationGroupMPFInSitu_up_27.root
processing
reserve
rivet
rivet_results_23_March
rivet_test
rivet_test_21_March
save.root
SWAN_projects
test
testdir
unfolding_cflip
unfolding_nominal
end ls EOS
EXIT_CODE_SCRAM 0
exit code in RunMethodPacked 0
caught error code 0
checking sanity of file /pool/condor/dir_27462/MC13TeV_W0Jets_22.root
file is good
Sanity test done
checking sanity of file /pool/condor/dir_27462/migration_MC13TeV_W0Jets_22.root
file is good
Sanity test done
EXIT_CODE_PYTHON  0
[9.185MB/9.185MB][100%][==================================================][9.185MB/s]  [9.185MB/9.185MB][100%][==================================================][9.185MB/s]  
[18.02kB/18.02kB][100%][==================================================][18.02kB/s]  [18.02kB/18.02kB][100%][==================================================][18.02kB/s]  
