klist
Ticket cache: FILE:/pool/condor/dir_31730/vveckaln.cc
Default principal: vveckaln@CERN.CH

Valid starting     Expires            Service principal
01/02/19 12:54:03  01/03/19 13:54:03  krbtgt/CERN.CH@CERN.CH
	renew until 01/07/19 09:42:55
01/02/19 12:56:55  01/03/19 13:54:03  afs/cern.ch@CERN.CH
	renew until 01/07/19 09:42:55
end klist
ls EOS
analysis_MC13TeV_TTJets
analysis_MC13TeV_TTJets_cflip
analysis_MC13TeV_TTJets_herwig
bins
cernbox
Chunks
Chunks_test
copy_test
data
flipped
flipped_old
LSF
merged_plots
migration
migration_MC13TeV_TTJets_jec_CorrelationGroupMPFInSitu_up_27.root
moved.cc
processing
reserve
rivet
rivet_results_23_March
rivet_test
rivet_test_21_March
save.root
SWAN_projects
test
testdir
unfolding_cflip
unfolding_nominal
end ls EOS
EXIT_CODE_SCRAM 0
exit code in RunMethodPacked 0
caught error code 0
checking sanity of file /pool/condor/dir_31730/MC13TeV_TTJets_72.root
file is good
Sanity test done
checking sanity of file /pool/condor/dir_31730/migration_MC13TeV_TTJets_72.root
file is good
Sanity test done
EXIT_CODE_PYTHON  0
[16MB/81.65MB][ 19%][=========>                                        ][8MB/s]  [32MB/81.65MB][ 39%][===================>                              ][10.67MB/s]  [48MB/81.65MB][ 58%][=============================>                    ][12MB/s]  [64MB/81.65MB][ 78%][=======================================>          ][12.8MB/s]  [80MB/81.65MB][ 97%][================================================> ][13.33MB/s]  [81.65MB/81.65MB][100%][==================================================][13.61MB/s]  [81.65MB/81.65MB][100%][==================================================][11.66MB/s]  
[16MB/28.3MB][ 56%][============================>                     ][16MB/s]  [28.3MB/28.3MB][100%][==================================================][14.15MB/s]  [28.3MB/28.3MB][100%][==================================================][9.434MB/s]  
