klist
Ticket cache: FILE:/pool/condor/dir_8583/vveckaln.cc
Default principal: vveckaln@CERN.CH

Valid starting     Expires            Service principal
12/30/18 07:20:04  12/31/18 08:20:04  krbtgt/CERN.CH@CERN.CH
	renew until 01/04/19 07:20:04
12/30/18 07:20:05  12/31/18 08:20:04  afs/cern.ch@CERN.CH
	renew until 01/04/19 07:20:04
end klist
ls EOS
analysis_MC13TeV_TTJets
analysis_MC13TeV_TTJets_cflip
analysis_MC13TeV_TTJets_herwig
bins
cernbox
Chunks
Chunks_test
copy_test
data
flipped
flipped_old
LSF
merged_plots
migration
migration_MC13TeV_TTJets_jec_CorrelationGroupMPFInSitu_up_27.root
moved.cc
processing
reserve
rivet
rivet_results_23_March
rivet_test
rivet_test_21_March
save.root
SWAN_projects
test
testdir
unfolding_cflip
unfolding_nominal
end ls EOS
EXIT_CODE_SCRAM 0
exit code in RunMethodPacked 0
caught error code 0
checking sanity of file /pool/condor/dir_8583/MC13TeV_TTJets_herwig_jec_RelativeFSR_up_45.root
file is good
Sanity test done
checking sanity of file /pool/condor/dir_8583/migration_MC13TeV_TTJets_herwig_jec_RelativeFSR_up_45.root
file is good
Sanity test done
EXIT_CODE_PYTHON  0
[16MB/58.64MB][ 27%][=============>                                    ][16MB/s]  [58.64MB/58.64MB][100%][==================================================][58.64MB/s]  [58.64MB/58.64MB][100%][==================================================][14.66MB/s]  
[14.6MB/14.6MB][100%][==================================================][14.6MB/s]  [14.6MB/14.6MB][100%][==================================================][7.299MB/s]  
