klist
Ticket cache: FILE:/pool/condor/dir_29787/vveckaln.cc
Default principal: vveckaln@CERN.CH

Valid starting     Expires            Service principal
01/02/19 00:33:56  01/03/19 01:33:56  krbtgt/CERN.CH@CERN.CH
	renew until 01/06/19 23:41:26
01/02/19 00:46:43  01/03/19 01:33:56  afs/cern.ch@CERN.CH
	renew until 01/06/19 23:41:26
end klist
ls EOS
analysis_MC13TeV_TTJets
analysis_MC13TeV_TTJets_cflip
analysis_MC13TeV_TTJets_herwig
bins
cernbox
Chunks
Chunks_test
copy_test
data
flipped
flipped_old
LSF
merged_plots
migration
migration_MC13TeV_TTJets_jec_CorrelationGroupMPFInSitu_up_27.root
moved.cc
processing
reserve
rivet
rivet_results_23_March
rivet_test
rivet_test_21_March
save.root
SWAN_projects
test
testdir
unfolding_cflip
unfolding_nominal
end ls EOS
EXIT_CODE_SCRAM 0
exit code in RunMethodPacked 0
caught error code 0
checking sanity of file /pool/condor/dir_29787/MC13TeV_TTJets_99.root
file is good
Sanity test done
checking sanity of file /pool/condor/dir_29787/migration_MC13TeV_TTJets_99.root
file is good
Sanity test done
EXIT_CODE_PYTHON  0
[16MB/79.72MB][ 20%][==========>                                       ][16MB/s]  [79.72MB/79.72MB][100%][==================================================][39.86MB/s]  [79.72MB/79.72MB][100%][==================================================][15.94MB/s]  
[14.89MB/14.89MB][100%][==================================================][14.89MB/s]  [14.89MB/14.89MB][100%][==================================================][4.963MB/s]  
