klist
Ticket cache: FILE:/pool/condor/dir_29150/vveckaln.cc
Default principal: vveckaln@CERN.CH

Valid starting     Expires            Service principal
12/26/18 15:42:44  12/27/18 16:42:44  krbtgt/CERN.CH@CERN.CH
	renew until 12/29/18 23:41:50
12/26/18 15:42:44  12/27/18 16:42:44  afs/cern.ch@CERN.CH
	renew until 12/29/18 23:41:50
end klist
ls EOS
analysis_MC13TeV_TTJets
analysis_MC13TeV_TTJets_cflip
analysis_MC13TeV_TTJets_herwig
anothercomparison.cc
bins
cernbox
Chunks
Chunks_test
copy_test
data
flipped
flipped_old
LSF
merged_plots
migration
migration_MC13TeV_TTJets_jec_CorrelationGroupMPFInSitu_up_27.root
processing
reserve
rivet
rivet_results_23_March
rivet_test
rivet_test_21_March
save.root
SWAN_projects
test
testdir
unfolding_cflip
unfolding_nominal
end ls EOS
EXIT_CODE_SCRAM 0
exit code in RunMethodPacked 0
caught error code 0
checking sanity of file /pool/condor/dir_29150/MC13TeV_TTJets_btag_light_down_48.root
file is good
Sanity test done
checking sanity of file /pool/condor/dir_29150/migration_MC13TeV_TTJets_btag_light_down_48.root
file is good
Sanity test done
EXIT_CODE_PYTHON  0
[16MB/81.94MB][ 19%][=========>                                        ][16MB/s]  [48MB/81.94MB][ 58%][=============================>                    ][48MB/s]  [81.94MB/81.94MB][100%][==================================================][81.94MB/s]  [81.94MB/81.94MB][100%][==================================================][40.97MB/s]  
[16MB/30.35MB][ 52%][==========================>                       ][16MB/s]  [30.35MB/30.35MB][100%][==================================================][30.35MB/s]  [30.35MB/30.35MB][100%][==================================================][30.35MB/s]  
