klist
Ticket cache: FILE:/pool/condor/dir_23551/vveckaln.cc
Default principal: vveckaln@CERN.CH

Valid starting     Expires            Service principal
12/30/18 07:20:20  12/31/18 08:20:20  krbtgt/CERN.CH@CERN.CH
	renew until 01/04/19 07:20:20
12/30/18 07:20:23  12/31/18 08:20:20  afs/cern.ch@CERN.CH
	renew until 01/04/19 07:20:20
end klist
ls EOS
analysis_MC13TeV_TTJets
analysis_MC13TeV_TTJets_cflip
analysis_MC13TeV_TTJets_herwig
bins
cernbox
Chunks
Chunks_test
copy_test
data
flipped
flipped_old
LSF
merged_plots
migration
migration_MC13TeV_TTJets_jec_CorrelationGroupMPFInSitu_up_27.root
moved.cc
processing
reserve
rivet
rivet_results_23_March
rivet_test
rivet_test_21_March
save.root
SWAN_projects
test
testdir
unfolding_cflip
unfolding_nominal
end ls EOS
EXIT_CODE_SCRAM 0
exit code in RunMethodPacked 0
caught error code 0
checking sanity of file /pool/condor/dir_23551/MC13TeV_TTJets_herwig_jec_CorrelationGroupMPFInSitu_up_40.root
file is good
Sanity test done
checking sanity of file /pool/condor/dir_23551/migration_MC13TeV_TTJets_herwig_jec_CorrelationGroupMPFInSitu_up_40.root
file is good
Sanity test done
EXIT_CODE_PYTHON  0
[16MB/58.63MB][ 27%][=============>                                    ][910.2kB/s]  [32MB/58.63MB][ 54%][===========================>                      ][1.524MB/s]  [48MB/58.63MB][ 81%][========================================>         ][1.92MB/s]  [58.63MB/58.63MB][100%][==================================================][2.345MB/s]  [58.63MB/58.63MB][100%][==================================================][2.255MB/s]  
[14.63MB/14.63MB][100%][==================================================][2.925MB/s]  [14.63MB/14.63MB][100%][==================================================][2.438MB/s]  
