klist
Ticket cache: FILE:/pool/condor/dir_32711/vveckaln.cc
Default principal: vveckaln@CERN.CH

Valid starting     Expires            Service principal
12/26/18 01:55:21  12/27/18 02:55:21  krbtgt/CERN.CH@CERN.CH
	renew until 12/27/18 17:00:15
12/26/18 01:55:22  12/27/18 02:55:21  afs/cern.ch@CERN.CH
	renew until 12/27/18 17:00:15
end klist
ls EOS
analysis_MC13TeV_TTJets
analysis_MC13TeV_TTJets_cflip
analysis_MC13TeV_TTJets_herwig
anothercomparison.cc
bins
cernbox
Chunks
Chunks_test
copy_test
data
flipped
flipped_old
LSF
merged_plots
migration
migration_MC13TeV_TTJets_jec_CorrelationGroupMPFInSitu_up_27.root
processing
reserve
rivet
rivet_results_23_March
rivet_test
rivet_test_21_March
save.root
SWAN_projects
test
testdir
unfolding_cflip
unfolding_nominal
end ls EOS
EXIT_CODE_SCRAM 0
exit code in RunMethodPacked 0
caught error code 0
checking sanity of file /pool/condor/dir_32711/MC13TeV_TTJets_jec_FlavorPureBottom_up_136.root
file is good
Sanity test done
checking sanity of file /pool/condor/dir_32711/migration_MC13TeV_TTJets_jec_FlavorPureBottom_up_136.root
file is good
Sanity test done
EXIT_CODE_PYTHON  0
[16MB/81.32MB][ 19%][=========>                                        ][16MB/s]  [80MB/81.32MB][ 98%][=================================================>][26.67MB/s]  [81.32MB/81.32MB][100%][==================================================][27.11MB/s]  [81.32MB/81.32MB][100%][==================================================][16.26MB/s]  
[16MB/24.61MB][ 65%][================================>                 ][16MB/s]  [24.61MB/24.61MB][100%][==================================================][24.61MB/s]  [24.61MB/24.61MB][100%][==================================================][8.204MB/s]  
