klist
Ticket cache: FILE:/pool/condor/dir_24154/vveckaln.cc
Default principal: vveckaln@CERN.CH

Valid starting     Expires            Service principal
12/26/18 12:15:03  12/27/18 08:04:36  krbtgt/CERN.CH@CERN.CH
	renew until 12/27/18 08:04:36
12/26/18 12:15:39  12/27/18 08:04:36  afs/cern.ch@CERN.CH
	renew until 12/27/18 08:04:36
end klist
ls EOS
analysis_MC13TeV_TTJets
analysis_MC13TeV_TTJets_cflip
analysis_MC13TeV_TTJets_herwig
anothercomparison.cc
bins
cernbox
Chunks
Chunks_test
copy_test
data
flipped
flipped_old
LSF
merged_plots
migration
migration_MC13TeV_TTJets_jec_CorrelationGroupMPFInSitu_up_27.root
processing
reserve
rivet
rivet_results_23_March
rivet_test
rivet_test_21_March
save.root
SWAN_projects
test
testdir
unfolding_cflip
unfolding_nominal
end ls EOS
EXIT_CODE_SCRAM 0
exit code in RunMethodPacked 0
caught error code 0
checking sanity of file /pool/condor/dir_24154/MC13TeV_TTJets_tracking_up_35.root
file is good
Sanity test done
checking sanity of file /pool/condor/dir_24154/migration_MC13TeV_TTJets_tracking_up_35.root
file is good
Sanity test done
EXIT_CODE_PYTHON  0
[16MB/81.55MB][ 19%][=========>                                        ][819.2kB/s]  [32MB/81.55MB][ 39%][===================>                              ][1.333MB/s]  [48MB/81.55MB][ 58%][=============================>                    ][1.455MB/s]  [64MB/81.55MB][ 78%][=======================================>          ][1.561MB/s]  [80MB/81.55MB][ 98%][=================================================>][1.818MB/s]  [81.55MB/81.55MB][100%][==================================================][1.853MB/s]  [81.55MB/81.55MB][100%][==================================================][1.315MB/s]  
[16MB/26.06MB][ 61%][==============================>                   ][910.2kB/s]  [26.06MB/26.06MB][100%][==================================================][1.241MB/s]  [26.06MB/26.06MB][100%][==================================================][952.9kB/s]  
