klist
Ticket cache: FILE:/pool/condor/dir_9260/vveckaln.cc
Default principal: vveckaln@CERN.CH

Valid starting     Expires            Service principal
12/26/18 07:02:10  12/27/18 08:02:10  krbtgt/CERN.CH@CERN.CH
	renew until 12/31/18 07:02:10
12/26/18 07:02:11  12/27/18 08:02:10  afs/cern.ch@CERN.CH
	renew until 12/31/18 07:02:10
end klist
ls EOS
analysis_MC13TeV_TTJets
analysis_MC13TeV_TTJets_cflip
analysis_MC13TeV_TTJets_herwig
anothercomparison.cc
bins
cernbox
Chunks
Chunks_test
copy_test
data
flipped
flipped_old
LSF
merged_plots
migration
migration_MC13TeV_TTJets_jec_CorrelationGroupMPFInSitu_up_27.root
processing
reserve
rivet
rivet_results_23_March
rivet_test
rivet_test_21_March
save.root
SWAN_projects
test
testdir
unfolding_cflip
unfolding_nominal
end ls EOS
EXIT_CODE_SCRAM 0
exit code in RunMethodPacked 0
caught error code 0
checking sanity of file /pool/condor/dir_9260/MC13TeV_TTJets_qcdBased_38.root
file is good
Sanity test done
checking sanity of file /pool/condor/dir_9260/migration_MC13TeV_TTJets_qcdBased_38.root
file is good
Sanity test done
EXIT_CODE_PYTHON  0
[16MB/81.16MB][ 19%][=========>                                        ][16MB/s]  [64MB/81.16MB][ 78%][=======================================>          ][32MB/s]  [80MB/81.16MB][ 98%][=================================================>][26.67MB/s]  [81.16MB/81.16MB][100%][==================================================][20.29MB/s]  [81.16MB/81.16MB][100%][==================================================][16.23MB/s]  
[16MB/23.6MB][ 67%][=================================>                ][16MB/s]  [23.6MB/23.6MB][100%][==================================================][23.6MB/s]  [23.6MB/23.6MB][100%][==================================================][23.6MB/s]  
