klist
Ticket cache: FILE:/pool/condor/dir_29791/vveckaln.cc
Default principal: vveckaln@CERN.CH

Valid starting     Expires            Service principal
12/26/18 04:54:20  12/27/18 05:54:20  krbtgt/CERN.CH@CERN.CH
	renew until 12/29/18 12:53:52
12/26/18 04:54:21  12/27/18 05:54:20  afs/cern.ch@CERN.CH
	renew until 12/29/18 12:53:52
end klist
ls EOS
analysis_MC13TeV_TTJets
analysis_MC13TeV_TTJets_cflip
analysis_MC13TeV_TTJets_herwig
anothercomparison.cc
bins
cernbox
Chunks
Chunks_test
copy_test
data
flipped
flipped_old
LSF
merged_plots
migration
migration_MC13TeV_TTJets_jec_CorrelationGroupMPFInSitu_up_27.root
processing
reserve
rivet
rivet_results_23_March
rivet_test
rivet_test_21_March
save.root
SWAN_projects
test
testdir
unfolding_cflip
unfolding_nominal
end ls EOS
EXIT_CODE_SCRAM 0
exit code in RunMethodPacked 0
caught error code 0
checking sanity of file /pool/condor/dir_29791/MC13TeV_TTJets_widthx0p5_0.root
file is good
Sanity test done
checking sanity of file /pool/condor/dir_29791/migration_MC13TeV_TTJets_widthx0p5_0.root
file is good
Sanity test done
EXIT_CODE_PYTHON  0
[16MB/58.54MB][ 27%][=============>                                    ][16MB/s]  [58.54MB/58.54MB][100%][==================================================][58.54MB/s]  [58.54MB/58.54MB][100%][==================================================][11.71MB/s]  
[14.4MB/14.4MB][100%][==================================================][14.4MB/s]  [14.4MB/14.4MB][100%][==================================================][4.801MB/s]  
