klist
Ticket cache: FILE:/pool/condor/dir_17300/vveckaln.cc
Default principal: vveckaln@CERN.CH

Valid starting     Expires            Service principal
12/26/18 13:14:40  12/27/18 14:14:40  krbtgt/CERN.CH@CERN.CH
	renew until 12/29/18 01:13:26
12/26/18 13:14:41  12/27/18 14:14:40  afs/cern.ch@CERN.CH
	renew until 12/29/18 01:13:26
end klist
ls EOS
analysis_MC13TeV_TTJets
analysis_MC13TeV_TTJets_cflip
analysis_MC13TeV_TTJets_herwig
anothercomparison.cc
bins
cernbox
Chunks
Chunks_test
copy_test
data
flipped
flipped_old
LSF
merged_plots
migration
migration_MC13TeV_TTJets_jec_CorrelationGroupMPFInSitu_up_27.root
processing
reserve
rivet
rivet_results_23_March
rivet_test
rivet_test_21_March
save.root
SWAN_projects
test
testdir
unfolding_cflip
unfolding_nominal
end ls EOS
EXIT_CODE_SCRAM 0
exit code in RunMethodPacked 0
caught error code 0
checking sanity of file /pool/condor/dir_17300/MC13TeV_TTJets_jec_CorrelationGroupMPFInSitu_up_31.root
file is good
Sanity test done
checking sanity of file /pool/condor/dir_17300/migration_MC13TeV_TTJets_jec_CorrelationGroupMPFInSitu_up_31.root
file is good
Sanity test done
EXIT_CODE_PYTHON  0
[16MB/81.29MB][ 19%][=========>                                        ][16MB/s]  [32MB/81.29MB][ 39%][===================>                              ][10.67MB/s]  [48MB/81.29MB][ 59%][=============================>                    ][12MB/s]  [64MB/81.29MB][ 78%][=======================================>          ][12.8MB/s]  [80MB/81.29MB][ 98%][=================================================>][13.33MB/s]  [81.29MB/81.29MB][100%][==================================================][13.55MB/s]  [81.29MB/81.29MB][100%][==================================================][11.61MB/s]  
[16MB/24.19MB][ 66%][=================================>                ][4MB/s]  [24.19MB/24.19MB][100%][==================================================][3.455MB/s]  [24.19MB/24.19MB][100%][==================================================][3.455MB/s]  
