klist
Ticket cache: FILE:/pool/condor/dir_25205/vveckaln.cc
Default principal: vveckaln@CERN.CH

Valid starting     Expires            Service principal
12/26/18 07:05:16  12/27/18 08:05:16  krbtgt/CERN.CH@CERN.CH
	renew until 12/31/18 07:05:16
12/26/18 07:05:17  12/27/18 08:05:16  afs/cern.ch@CERN.CH
	renew until 12/31/18 07:05:16
end klist
ls EOS
analysis_MC13TeV_TTJets
analysis_MC13TeV_TTJets_cflip
analysis_MC13TeV_TTJets_herwig
anothercomparison.cc
bins
cernbox
Chunks
Chunks_test
copy_test
data
flipped
flipped_old
LSF
merged_plots
migration
migration_MC13TeV_TTJets_jec_CorrelationGroupMPFInSitu_up_27.root
processing
reserve
rivet
rivet_results_23_March
rivet_test
rivet_test_21_March
save.root
SWAN_projects
test
testdir
unfolding_cflip
unfolding_nominal
end ls EOS
EXIT_CODE_SCRAM 0
exit code in RunMethodPacked 0
caught error code 0
checking sanity of file /pool/condor/dir_25205/MC13TeV_TTJets_jec_CorrelationGroupUncorrelated_up_87.root
file is good
Sanity test done
checking sanity of file /pool/condor/dir_25205/migration_MC13TeV_TTJets_jec_CorrelationGroupUncorrelated_up_87.root
file is good
Sanity test done
EXIT_CODE_PYTHON  0
[16MB/80.28MB][ 19%][=========>                                        ][5.333MB/s]  [32MB/80.28MB][ 39%][===================>                              ][8MB/s]  [80MB/80.28MB][ 99%][=================================================>][16MB/s]  [80.28MB/80.28MB][100%][==================================================][16.06MB/s]  [80.28MB/80.28MB][100%][==================================================][13.38MB/s]  
[16MB/16.57MB][ 96%][================================================> ][16MB/s]  [16.57MB/16.57MB][100%][==================================================][16.57MB/s]  [16.57MB/16.57MB][100%][==================================================][8.286MB/s]  
