klist
Ticket cache: FILE:/pool/condor/dir_9779/vveckaln.cc
Default principal: vveckaln@CERN.CH

Valid starting     Expires            Service principal
12/26/18 09:10:26  12/27/18 10:10:26  krbtgt/CERN.CH@CERN.CH
	renew until 12/30/18 12:19:54
12/26/18 09:10:26  12/27/18 10:10:26  afs/cern.ch@CERN.CH
	renew until 12/30/18 12:19:54
end klist
ls EOS
analysis_MC13TeV_TTJets
analysis_MC13TeV_TTJets_cflip
analysis_MC13TeV_TTJets_herwig
anothercomparison.cc
bins
cernbox
Chunks
Chunks_test
copy_test
data
flipped
flipped_old
LSF
merged_plots
migration
migration_MC13TeV_TTJets_jec_CorrelationGroupMPFInSitu_up_27.root
processing
reserve
rivet
rivet_results_23_March
rivet_test
rivet_test_21_March
save.root
SWAN_projects
test
testdir
unfolding_cflip
unfolding_nominal
end ls EOS
EXIT_CODE_SCRAM 0
exit code in RunMethodPacked 0
caught error code 0
checking sanity of file /pool/condor/dir_9779/MC13TeV_TTJets_m169v5_18.root
file is good
Sanity test done
checking sanity of file /pool/condor/dir_9779/migration_MC13TeV_TTJets_m169v5_18.root
file is good
Sanity test done
EXIT_CODE_PYTHON  0
[16MB/79.84MB][ 20%][==========>                                       ][1.6MB/s]  [32MB/79.84MB][ 40%][====================>                             ][2.462MB/s]  [48MB/79.84MB][ 60%][==============================>                   ][3MB/s]  [64MB/79.84MB][ 80%][========================================>         ][3.556MB/s]  [79.84MB/79.84MB][100%][==================================================][4.202MB/s]  [79.84MB/79.84MB][100%][==================================================][3.992MB/s]  
[15.32MB/15.32MB][100%][==================================================][2.553MB/s]  [15.32MB/15.32MB][100%][==================================================][2.189MB/s]  
