klist
Ticket cache: FILE:/pool/condor/dir_12341/vveckaln.cc
Default principal: vveckaln@CERN.CH

Valid starting     Expires            Service principal
12/26/18 13:06:59  12/27/18 14:06:58  krbtgt/CERN.CH@CERN.CH
	renew until 12/29/18 01:05:12
12/26/18 13:07:00  12/27/18 14:06:58  afs/cern.ch@CERN.CH
	renew until 12/29/18 01:05:12
end klist
ls EOS
analysis_MC13TeV_TTJets
analysis_MC13TeV_TTJets_cflip
analysis_MC13TeV_TTJets_herwig
anothercomparison.cc
bins
cernbox
Chunks
Chunks_test
copy_test
data
flipped
flipped_old
LSF
merged_plots
migration
migration_MC13TeV_TTJets_jec_CorrelationGroupMPFInSitu_up_27.root
processing
reserve
rivet
rivet_results_23_March
rivet_test
rivet_test_21_March
save.root
SWAN_projects
test
testdir
unfolding_cflip
unfolding_nominal
end ls EOS
EXIT_CODE_SCRAM 0
exit code in RunMethodPacked 0
caught error code 0
checking sanity of file /pool/condor/dir_12341/MC13TeV_TTJets_fsrup_50.root
file is good
Sanity test done
checking sanity of file /pool/condor/dir_12341/migration_MC13TeV_TTJets_fsrup_50.root
file is good
Sanity test done
EXIT_CODE_PYTHON  0
[16MB/80.02MB][ 19%][=========>                                        ][16MB/s]  [64MB/80.02MB][ 79%][=======================================>          ][32MB/s]  [80.02MB/80.02MB][100%][==================================================][40.01MB/s]  [80.02MB/80.02MB][100%][==================================================][26.67MB/s]  
[16MB/16.14MB][ 99%][=================================================>][16MB/s]  [16.14MB/16.14MB][100%][==================================================][16.14MB/s]  [16.14MB/16.14MB][100%][==================================================][16.14MB/s]  
