klist
Ticket cache: FILE:/pool/condor/dir_17362/vveckaln.cc
Default principal: vveckaln@CERN.CH

Valid starting     Expires            Service principal
12/26/18 01:55:17  12/27/18 02:55:17  krbtgt/CERN.CH@CERN.CH
	renew until 12/27/18 17:00:15
12/26/18 01:55:17  12/27/18 02:55:17  afs/cern.ch@CERN.CH
	renew until 12/27/18 17:00:15
end klist
ls EOS
analysis_MC13TeV_TTJets
analysis_MC13TeV_TTJets_cflip
analysis_MC13TeV_TTJets_herwig
anothercomparison.cc
bins
cernbox
Chunks
Chunks_test
copy_test
data
flipped
flipped_old
LSF
merged_plots
migration
migration_MC13TeV_TTJets_jec_CorrelationGroupMPFInSitu_up_27.root
processing
reserve
rivet
rivet_results_23_March
rivet_test
rivet_test_21_March
save.root
SWAN_projects
test
testdir
unfolding_cflip
unfolding_nominal
end ls EOS
EXIT_CODE_SCRAM 0
exit code in RunMethodPacked 0
caught error code 0
checking sanity of file /pool/condor/dir_17362/MC13TeV_TTJets_jec_FlavorPureGluon_down_24.root
file is good
Sanity test done
checking sanity of file /pool/condor/dir_17362/migration_MC13TeV_TTJets_jec_FlavorPureGluon_down_24.root
file is good
Sanity test done
EXIT_CODE_PYTHON  0
[16MB/81.91MB][ 19%][=========>                                        ][8MB/s]  [81.91MB/81.91MB][100%][==================================================][40.96MB/s]  [81.91MB/81.91MB][100%][==================================================][7.447MB/s]  
[16MB/30.21MB][ 52%][==========================>                       ][5.333MB/s]  [30.21MB/30.21MB][100%][==================================================][10.07MB/s]  [30.21MB/30.21MB][100%][==================================================][3.776MB/s]  
