klist
Ticket cache: FILE:/pool/condor/dir_7220/vveckaln.cc
Default principal: vveckaln@CERN.CH

Valid starting     Expires            Service principal
12/26/18 04:25:55  12/27/18 05:25:55  krbtgt/CERN.CH@CERN.CH
	renew until 12/30/18 08:25:22
12/26/18 04:25:55  12/27/18 05:25:55  afs/cern.ch@CERN.CH
	renew until 12/30/18 08:25:22
end klist
ls EOS
analysis_MC13TeV_TTJets
analysis_MC13TeV_TTJets_cflip
analysis_MC13TeV_TTJets_herwig
anothercomparison.cc
bins
cernbox
Chunks
Chunks_test
copy_test
data
flipped
flipped_old
LSF
merged_plots
migration
migration_MC13TeV_TTJets_jec_CorrelationGroupMPFInSitu_up_27.root
processing
reserve
rivet
rivet_results_23_March
rivet_test
rivet_test_21_March
save.root
SWAN_projects
test
testdir
unfolding_cflip
unfolding_nominal
end ls EOS
EXIT_CODE_SCRAM 0
exit code in RunMethodPacked 0
caught error code 0
checking sanity of file /pool/condor/dir_7220/MC13TeV_TTJets_jec_FlavorPureGluon_up_37.root
file is good
Sanity test done
checking sanity of file /pool/condor/dir_7220/migration_MC13TeV_TTJets_jec_FlavorPureGluon_up_37.root
file is good
Sanity test done
EXIT_CODE_PYTHON  0
[16MB/81.12MB][ 19%][=========>                                        ][16MB/s]  [80MB/81.12MB][ 98%][=================================================>][40MB/s]  [81.12MB/81.12MB][100%][==================================================][27.04MB/s]  [81.12MB/81.12MB][100%][==================================================][16.22MB/s]  
[16MB/22.59MB][ 70%][===================================>              ][16MB/s]  [22.59MB/22.59MB][100%][==================================================][22.59MB/s]  [22.59MB/22.59MB][100%][==================================================][7.529MB/s]  
