klist
Ticket cache: FILE:/pool/condor/dir_18654/vveckaln.cc
Default principal: vveckaln@CERN.CH

Valid starting     Expires            Service principal
12/26/18 13:07:19  12/27/18 14:07:19  krbtgt/CERN.CH@CERN.CH
	renew until 12/29/18 01:06:13
12/26/18 13:07:20  12/27/18 14:07:19  afs/cern.ch@CERN.CH
	renew until 12/29/18 01:06:13
end klist
ls EOS
analysis_MC13TeV_TTJets
analysis_MC13TeV_TTJets_cflip
analysis_MC13TeV_TTJets_herwig
anothercomparison.cc
bins
cernbox
Chunks
Chunks_test
copy_test
data
flipped
flipped_old
LSF
merged_plots
migration
migration_MC13TeV_TTJets_jec_CorrelationGroupMPFInSitu_up_27.root
processing
reserve
rivet
rivet_results_23_March
rivet_test
rivet_test_21_March
save.root
SWAN_projects
test
testdir
unfolding_cflip
unfolding_nominal
end ls EOS
EXIT_CODE_SCRAM 0
exit code in RunMethodPacked 0
caught error code 0
checking sanity of file /pool/condor/dir_18654/MC13TeV_TTJets_fsrup_7.root
file is good
Sanity test done
checking sanity of file /pool/condor/dir_18654/migration_MC13TeV_TTJets_fsrup_7.root
file is good
Sanity test done
EXIT_CODE_PYTHON  0
[16MB/80.65MB][ 19%][=========>                                        ][16MB/s]  [80MB/80.65MB][ 99%][=================================================>][80MB/s]  [80.65MB/80.65MB][100%][==================================================][80.65MB/s]  [80.65MB/80.65MB][100%][==================================================][40.32MB/s]  
[16MB/18.79MB][ 85%][==========================================>       ][16MB/s]  [18.79MB/18.79MB][100%][==================================================][18.79MB/s]  [18.79MB/18.79MB][100%][==================================================][18.79MB/s]  
