klist
Ticket cache: FILE:/pool/condor/dir_19904/vveckaln.cc
Default principal: vveckaln@CERN.CH

Valid starting     Expires            Service principal
12/26/18 13:07:39  12/27/18 14:07:39  krbtgt/CERN.CH@CERN.CH
	renew until 12/29/18 01:06:32
12/26/18 13:07:39  12/27/18 14:07:39  afs/cern.ch@CERN.CH
	renew until 12/29/18 01:06:32
end klist
ls EOS
analysis_MC13TeV_TTJets
analysis_MC13TeV_TTJets_cflip
analysis_MC13TeV_TTJets_herwig
anothercomparison.cc
bins
cernbox
Chunks
Chunks_test
copy_test
data
flipped
flipped_old
LSF
merged_plots
migration
migration_MC13TeV_TTJets_jec_CorrelationGroupMPFInSitu_up_27.root
processing
reserve
rivet
rivet_results_23_March
rivet_test
rivet_test_21_March
save.root
SWAN_projects
test
testdir
unfolding_cflip
unfolding_nominal
end ls EOS
EXIT_CODE_SCRAM 0
exit code in RunMethodPacked 0
caught error code 0
checking sanity of file /pool/condor/dir_19904/MC13TeV_TTJets_gluonMove_42.root
file is good
Sanity test done
checking sanity of file /pool/condor/dir_19904/migration_MC13TeV_TTJets_gluonMove_42.root
file is good
Sanity test done
EXIT_CODE_PYTHON  0
[16MB/80.69MB][ 19%][=========>                                        ][16MB/s]  [32MB/80.69MB][ 39%][===================>                              ][32MB/s]  [80MB/80.69MB][ 99%][=================================================>][40MB/s]  [80.69MB/80.69MB][100%][==================================================][40.35MB/s]  [80.69MB/80.69MB][100%][==================================================][40.35MB/s]  
[16MB/19.42MB][ 82%][=========================================>        ][16MB/s]  [19.42MB/19.42MB][100%][==================================================][19.42MB/s]  [19.42MB/19.42MB][100%][==================================================][19.42MB/s]  
