klist
Ticket cache: FILE:/pool/condor/dir_8737/vveckaln.cc
Default principal: vveckaln@CERN.CH

Valid starting     Expires            Service principal
01/02/19 12:54:03  01/03/19 13:54:03  krbtgt/CERN.CH@CERN.CH
	renew until 01/07/19 09:42:55
01/02/19 12:56:35  01/03/19 13:54:03  afs/cern.ch@CERN.CH
	renew until 01/07/19 09:42:55
end klist
ls EOS
analysis_MC13TeV_TTJets
analysis_MC13TeV_TTJets_cflip
analysis_MC13TeV_TTJets_herwig
bins
cernbox
Chunks
Chunks_test
copy_test
data
flipped
flipped_old
LSF
merged_plots
migration
migration_MC13TeV_TTJets_jec_CorrelationGroupMPFInSitu_up_27.root
moved.cc
processing
reserve
rivet
rivet_results_23_March
rivet_test
rivet_test_21_March
save.root
SWAN_projects
test
testdir
unfolding_cflip
unfolding_nominal
end ls EOS
EXIT_CODE_SCRAM 0
exit code in RunMethodPacked 0
caught error code 0
checking sanity of file /pool/condor/dir_8737/MC13TeV_TTJets_130.root
file is good
Sanity test done
checking sanity of file /pool/condor/dir_8737/migration_MC13TeV_TTJets_130.root
file is good
Sanity test done
EXIT_CODE_PYTHON  0
[16MB/75.26MB][ 21%][==========>                                       ][16MB/s]  [75.26MB/75.26MB][100%][==================================================][75.26MB/s]  [75.26MB/75.26MB][100%][==================================================][75.26MB/s]  
[6.126MB/6.126MB][100%][==================================================][6.126MB/s]  [6.126MB/6.126MB][100%][==================================================][6.126MB/s]  
