klist
Ticket cache: FILE:/pool/condor/dir_19519/vveckaln.cc
Default principal: vveckaln@CERN.CH

Valid starting     Expires            Service principal
12/26/18 07:33:14  12/27/18 08:33:14  krbtgt/CERN.CH@CERN.CH
	renew until 12/31/18 07:33:14
12/26/18 07:33:15  12/27/18 08:33:14  afs/cern.ch@CERN.CH
	renew until 12/31/18 07:33:14
end klist
ls EOS
analysis_MC13TeV_TTJets
analysis_MC13TeV_TTJets_cflip
analysis_MC13TeV_TTJets_herwig
anothercomparison.cc
bins
cernbox
Chunks
Chunks_test
copy_test
data
flipped
flipped_old
LSF
merged_plots
migration
migration_MC13TeV_TTJets_jec_CorrelationGroupMPFInSitu_up_27.root
processing
reserve
rivet
rivet_results_23_March
rivet_test
rivet_test_21_March
save.root
SWAN_projects
test
testdir
unfolding_cflip
unfolding_nominal
end ls EOS
EXIT_CODE_SCRAM 0
exit code in RunMethodPacked 0
caught error code 0
checking sanity of file /pool/condor/dir_19519/MC13TeV_TTJets_jec_CorrelationGroupMPFInSitu_down_16.root
file is good
Sanity test done
checking sanity of file /pool/condor/dir_19519/migration_MC13TeV_TTJets_jec_CorrelationGroupMPFInSitu_down_16.root
file is good
Sanity test done
EXIT_CODE_PYTHON  0
[16MB/81.78MB][ 19%][=========>                                        ][5.333MB/s]  [80MB/81.78MB][ 97%][================================================> ][11.43MB/s]  [81.78MB/81.78MB][100%][==================================================][8.178MB/s]  [81.78MB/81.78MB][100%][==================================================][4.543MB/s]  
[16MB/29.23MB][ 54%][===========================>                      ][16MB/s]  [29.23MB/29.23MB][100%][==================================================][29.23MB/s]  [29.23MB/29.23MB][100%][==================================================][7.307MB/s]  
