klist
Ticket cache: FILE:/pool/condor/dir_20065/vveckaln.cc
Default principal: vveckaln@CERN.CH

Valid starting     Expires            Service principal
12/26/18 03:16:48  12/27/18 04:16:48  krbtgt/CERN.CH@CERN.CH
	renew until 12/30/18 07:16:03
12/26/18 03:16:49  12/27/18 04:16:48  afs/cern.ch@CERN.CH
	renew until 12/30/18 07:16:03
end klist
ls EOS
analysis_MC13TeV_TTJets
analysis_MC13TeV_TTJets_cflip
analysis_MC13TeV_TTJets_herwig
anothercomparison.cc
bins
cernbox
Chunks
Chunks_test
copy_test
data
flipped
flipped_old
LSF
merged_plots
migration
migration_MC13TeV_TTJets_jec_CorrelationGroupMPFInSitu_up_27.root
processing
reserve
rivet
rivet_results_23_March
rivet_test
rivet_test_21_March
save.root
SWAN_projects
test
testdir
unfolding_cflip
unfolding_nominal
end ls EOS
EXIT_CODE_SCRAM 0
exit code in RunMethodPacked 0
caught error code 0
checking sanity of file /pool/condor/dir_20065/MC13TeV_TTJets_jec_FlavorPureCharm_down_45.root
file is good
Sanity test done
checking sanity of file /pool/condor/dir_20065/migration_MC13TeV_TTJets_jec_FlavorPureCharm_down_45.root
file is good
Sanity test done
EXIT_CODE_PYTHON  0
[16MB/81.14MB][ 19%][=========>                                        ][16MB/s]  [81.14MB/81.14MB][100%][==================================================][40.57MB/s]  [81.14MB/81.14MB][100%][==================================================][40.57MB/s]  
[16MB/23.21MB][ 68%][==================================>               ][16MB/s]  [23.21MB/23.21MB][100%][==================================================][23.21MB/s]  [23.21MB/23.21MB][100%][==================================================][11.6MB/s]  
