klist
Ticket cache: FILE:/pool/condor/dir_19260/vveckaln.cc
Default principal: vveckaln@CERN.CH

Valid starting     Expires            Service principal
12/26/18 07:13:07  12/27/18 08:13:06  krbtgt/CERN.CH@CERN.CH
	renew until 12/31/18 07:13:06
12/26/18 07:13:11  12/27/18 08:13:06  afs/cern.ch@CERN.CH
	renew until 12/31/18 07:13:06
end klist
ls EOS
analysis_MC13TeV_TTJets
analysis_MC13TeV_TTJets_cflip
analysis_MC13TeV_TTJets_herwig
anothercomparison.cc
bins
cernbox
Chunks
Chunks_test
copy_test
data
flipped
flipped_old
LSF
merged_plots
migration
migration_MC13TeV_TTJets_jec_CorrelationGroupMPFInSitu_up_27.root
processing
reserve
rivet
rivet_results_23_March
rivet_test
rivet_test_21_March
save.root
SWAN_projects
test
testdir
unfolding_cflip
unfolding_nominal
end ls EOS
EXIT_CODE_SCRAM 0
exit code in RunMethodPacked 0
caught error code 0
checking sanity of file /pool/condor/dir_19260/MC13TeV_TTJets_jec_CorrelationGroupMPFInSitu_up_104.root
file is good
Sanity test done
checking sanity of file /pool/condor/dir_19260/migration_MC13TeV_TTJets_jec_CorrelationGroupMPFInSitu_up_104.root
file is good
Sanity test done
EXIT_CODE_PYTHON  0
[16MB/81.5MB][ 19%][=========>                                        ][655.4kB/s]  [64MB/81.5MB][ 78%][=======================================>          ][2.462MB/s]  [81.5MB/81.5MB][100%][==================================================][3.134MB/s]  [81.5MB/81.5MB][100%][==================================================][2.397MB/s]  
[16MB/25.62MB][ 62%][===============================>                  ][5.333MB/s]  [25.62MB/25.62MB][100%][==================================================][6.404MB/s]  [25.62MB/25.62MB][100%][==================================================][2.562MB/s]  
