klist
Ticket cache: FILE:/pool/condor/dir_29558/vveckaln.cc
Default principal: vveckaln@CERN.CH

Valid starting     Expires            Service principal
12/26/18 15:42:44  12/27/18 16:42:44  krbtgt/CERN.CH@CERN.CH
	renew until 12/29/18 23:41:50
12/26/18 15:42:44  12/27/18 16:42:44  afs/cern.ch@CERN.CH
	renew until 12/29/18 23:41:50
end klist
ls EOS
analysis_MC13TeV_TTJets
analysis_MC13TeV_TTJets_cflip
analysis_MC13TeV_TTJets_herwig
anothercomparison.cc
bins
cernbox
Chunks
Chunks_test
copy_test
data
flipped
flipped_old
LSF
merged_plots
migration
migration_MC13TeV_TTJets_jec_CorrelationGroupMPFInSitu_up_27.root
processing
reserve
rivet
rivet_results_23_March
rivet_test
rivet_test_21_March
save.root
SWAN_projects
test
testdir
unfolding_cflip
unfolding_nominal
end ls EOS
EXIT_CODE_SCRAM 0
exit code in RunMethodPacked 0
caught error code 0
checking sanity of file /pool/condor/dir_29558/MC13TeV_TTJets_csv_light_up_32.root
file is good
Sanity test done
checking sanity of file /pool/condor/dir_29558/migration_MC13TeV_TTJets_csv_light_up_32.root
file is good
Sanity test done
EXIT_CODE_PYTHON  0
[16MB/82.06MB][ 19%][=========>                                        ][16MB/s]  [82.06MB/82.06MB][100%][==================================================][82.06MB/s]  [82.06MB/82.06MB][100%][==================================================][82.06MB/s]  
[16MB/31.41MB][ 50%][=========================>                        ][16MB/s]  [31.41MB/31.41MB][100%][==================================================][31.41MB/s]  [31.41MB/31.41MB][100%][==================================================][31.41MB/s]  
