klist
Ticket cache: FILE:/pool/condor/dir_24906/vveckaln.cc
Default principal: vveckaln@CERN.CH

Valid starting     Expires            Service principal
12/26/18 03:15:17  12/27/18 04:15:17  krbtgt/CERN.CH@CERN.CH
	renew until 12/30/18 07:14:22
12/26/18 03:15:18  12/27/18 04:15:17  afs/cern.ch@CERN.CH
	renew until 12/30/18 07:14:22
end klist
ls EOS
analysis_MC13TeV_TTJets
analysis_MC13TeV_TTJets_cflip
analysis_MC13TeV_TTJets_herwig
anothercomparison.cc
bins
cernbox
Chunks
Chunks_test
copy_test
data
flipped
flipped_old
LSF
merged_plots
migration
migration_MC13TeV_TTJets_jec_CorrelationGroupMPFInSitu_up_27.root
processing
reserve
rivet
rivet_results_23_March
rivet_test
rivet_test_21_March
save.root
SWAN_projects
test
testdir
unfolding_cflip
unfolding_nominal
end ls EOS
EXIT_CODE_SCRAM 0
exit code in RunMethodPacked 0
caught error code 0
checking sanity of file /pool/condor/dir_24906/MC13TeV_TTJets_jec_RelativeFSR_up_107.root
file is good
Sanity test done
checking sanity of file /pool/condor/dir_24906/migration_MC13TeV_TTJets_jec_RelativeFSR_up_107.root
file is good
Sanity test done
EXIT_CODE_PYTHON  0
[16MB/81.41MB][ 19%][=========>                                        ][8MB/s]  [32MB/81.41MB][ 39%][===================>                              ][10.67MB/s]  [81.41MB/81.41MB][100%][==================================================][27.14MB/s]  [81.41MB/81.41MB][100%][==================================================][16.28MB/s]  
[16MB/26.22MB][ 61%][==============================>                   ][16MB/s]  [26.22MB/26.22MB][100%][==================================================][26.22MB/s]  [26.22MB/26.22MB][100%][==================================================][13.11MB/s]  
