klist
Ticket cache: FILE:/pool/condor/dir_27074/vveckaln.cc
Default principal: vveckaln@CERN.CH

Valid starting     Expires            Service principal
12/26/18 03:05:47  12/27/18 04:05:47  krbtgt/CERN.CH@CERN.CH
	renew until 12/28/18 15:03:06
12/26/18 03:05:48  12/27/18 04:05:47  afs/cern.ch@CERN.CH
	renew until 12/28/18 15:03:06
end klist
ls EOS
analysis_MC13TeV_TTJets
analysis_MC13TeV_TTJets_cflip
analysis_MC13TeV_TTJets_herwig
anothercomparison.cc
bins
cernbox
Chunks
Chunks_test
copy_test
data
flipped
flipped_old
LSF
merged_plots
migration
migration_MC13TeV_TTJets_jec_CorrelationGroupMPFInSitu_up_27.root
processing
reserve
rivet
rivet_results_23_March
rivet_test
rivet_test_21_March
save.root
SWAN_projects
test
testdir
unfolding_cflip
unfolding_nominal
end ls EOS
EXIT_CODE_SCRAM 0
exit code in RunMethodPacked 0
caught error code 0
checking sanity of file /pool/condor/dir_27074/MC13TeV_TTJets_tracking_down_87.root
file is good
Sanity test done
checking sanity of file /pool/condor/dir_27074/migration_MC13TeV_TTJets_tracking_down_87.root
file is good
Sanity test done
EXIT_CODE_PYTHON  0
[16MB/80.15MB][ 19%][=========>                                        ][16MB/s]  [80.15MB/80.15MB][100%][==================================================][40.08MB/s]  [80.15MB/80.15MB][100%][==================================================][20.04MB/s]  
[16MB/16.47MB][ 97%][================================================> ][16MB/s]  [16.47MB/16.47MB][100%][==================================================][16.47MB/s]  [16.47MB/16.47MB][100%][==================================================][16.47MB/s]  
