klist
Ticket cache: FILE:/pool/condor/dir_29509/vveckaln.cc
Default principal: vveckaln@CERN.CH

Valid starting     Expires            Service principal
12/26/18 01:55:44  12/27/18 02:55:44  krbtgt/CERN.CH@CERN.CH
	renew until 12/27/18 17:00:15
12/26/18 01:55:44  12/27/18 02:55:44  afs/cern.ch@CERN.CH
	renew until 12/27/18 17:00:15
end klist
ls EOS
analysis_MC13TeV_TTJets
analysis_MC13TeV_TTJets_cflip
analysis_MC13TeV_TTJets_herwig
anothercomparison.cc
bins
cernbox
Chunks
Chunks_test
copy_test
data
flipped
flipped_old
LSF
merged_plots
migration
migration_MC13TeV_TTJets_jec_CorrelationGroupMPFInSitu_up_27.root
processing
reserve
rivet
rivet_results_23_March
rivet_test
rivet_test_21_March
save.root
SWAN_projects
test
testdir
unfolding_cflip
unfolding_nominal
end ls EOS
EXIT_CODE_SCRAM 0
exit code in RunMethodPacked 0
caught error code 0
checking sanity of file /pool/condor/dir_29509/MC13TeV_TTJets_csv_light_down_122.root
file is good
Sanity test done
checking sanity of file /pool/condor/dir_29509/migration_MC13TeV_TTJets_csv_light_down_122.root
file is good
Sanity test done
EXIT_CODE_PYTHON  0
[16MB/81.02MB][ 19%][=========>                                        ][16MB/s]  [80MB/81.02MB][ 98%][=================================================>][80MB/s]  [81.02MB/81.02MB][100%][==================================================][81.02MB/s]  [81.02MB/81.02MB][100%][==================================================][81.02MB/s]  
[16MB/22.45MB][ 71%][===================================>              ][16MB/s]  [22.45MB/22.45MB][100%][==================================================][22.45MB/s]  [22.45MB/22.45MB][100%][==================================================][11.22MB/s]  
