klist
Ticket cache: FILE:/pool/condor/dir_13798/vveckaln.cc
Default principal: vveckaln@CERN.CH

Valid starting     Expires            Service principal
12/26/18 13:08:16  12/27/18 14:08:16  krbtgt/CERN.CH@CERN.CH
	renew until 12/29/18 01:07:04
12/26/18 13:08:16  12/27/18 14:08:16  afs/cern.ch@CERN.CH
	renew until 12/29/18 01:07:04
end klist
ls EOS
analysis_MC13TeV_TTJets
analysis_MC13TeV_TTJets_cflip
analysis_MC13TeV_TTJets_herwig
anothercomparison.cc
bins
cernbox
Chunks
Chunks_test
copy_test
data
flipped
flipped_old
LSF
merged_plots
migration
migration_MC13TeV_TTJets_jec_CorrelationGroupMPFInSitu_up_27.root
processing
reserve
rivet
rivet_results_23_March
rivet_test
rivet_test_21_March
save.root
SWAN_projects
test
testdir
unfolding_cflip
unfolding_nominal
end ls EOS
EXIT_CODE_SCRAM 0
exit code in RunMethodPacked 0
caught error code 0
checking sanity of file /pool/condor/dir_13798/MC13TeV_SingleTbar_tW_isrup_1.root
file is good
Sanity test done
checking sanity of file /pool/condor/dir_13798/migration_MC13TeV_SingleTbar_tW_isrup_1.root
file is good
Sanity test done
EXIT_CODE_PYTHON  0
[16MB/34.47MB][ 46%][=======================>                          ][16MB/s]  [34.47MB/34.47MB][100%][==================================================][34.47MB/s]  [34.47MB/34.47MB][100%][==================================================][17.23MB/s]  
[1.997MB/1.997MB][100%][==================================================][1.997MB/s]  [1.997MB/1.997MB][100%][==================================================][1.997MB/s]  
