klist
Ticket cache: FILE:/pool/condor/dir_15136/vveckaln.cc
Default principal: vveckaln@CERN.CH

Valid starting     Expires            Service principal
12/26/18 07:22:06  12/27/18 08:22:06  krbtgt/CERN.CH@CERN.CH
	renew until 12/31/18 07:22:06
12/26/18 07:22:08  12/27/18 08:22:06  afs/cern.ch@CERN.CH
	renew until 12/31/18 07:22:06
end klist
ls EOS
analysis_MC13TeV_TTJets
analysis_MC13TeV_TTJets_cflip
analysis_MC13TeV_TTJets_herwig
anothercomparison.cc
bins
cernbox
Chunks
Chunks_test
copy_test
data
flipped
flipped_old
LSF
merged_plots
migration
migration_MC13TeV_TTJets_jec_CorrelationGroupMPFInSitu_up_27.root
processing
reserve
rivet
rivet_results_23_March
rivet_test
rivet_test_21_March
save.root
SWAN_projects
test
testdir
unfolding_cflip
unfolding_nominal
end ls EOS
EXIT_CODE_SCRAM 0
exit code in RunMethodPacked 0
caught error code 0
checking sanity of file /pool/condor/dir_15136/MC13TeV_TTJets_btag_heavy_up_0.root
file is good
Sanity test done
checking sanity of file /pool/condor/dir_15136/migration_MC13TeV_TTJets_btag_heavy_up_0.root
file is good
Sanity test done
EXIT_CODE_PYTHON  0
[16MB/82.05MB][ 19%][=========>                                        ][3.2MB/s]  [32MB/82.05MB][ 38%][===================>                              ][4MB/s]  [48MB/82.05MB][ 58%][=============================>                    ][5.333MB/s]  [82.05MB/82.05MB][100%][==================================================][8.205MB/s]  [82.05MB/82.05MB][100%][==================================================][1.548MB/s]  
[16MB/30.97MB][ 51%][=========================>                        ][1.778MB/s]  [30.97MB/30.97MB][100%][==================================================][3.441MB/s]  [30.97MB/30.97MB][100%][==================================================][660.7kB/s]  
