klist
Ticket cache: FILE:/pool/condor/dir_23970/vveckaln.cc
Default principal: vveckaln@CERN.CH

Valid starting     Expires            Service principal
12/26/18 10:11:20  12/27/18 06:09:25  krbtgt/CERN.CH@CERN.CH
	renew until 12/27/18 06:09:25
12/26/18 10:11:21  12/27/18 06:09:25  afs/cern.ch@CERN.CH
	renew until 12/27/18 06:09:25
end klist
ls EOS
analysis_MC13TeV_TTJets
analysis_MC13TeV_TTJets_cflip
analysis_MC13TeV_TTJets_herwig
anothercomparison.cc
bins
cernbox
Chunks
Chunks_test
copy_test
data
flipped
flipped_old
LSF
merged_plots
migration
migration_MC13TeV_TTJets_jec_CorrelationGroupMPFInSitu_up_27.root
processing
reserve
rivet
rivet_results_23_March
rivet_test
rivet_test_21_March
save.root
SWAN_projects
test
testdir
unfolding_cflip
unfolding_nominal
end ls EOS
EXIT_CODE_SCRAM 0
exit code in RunMethodPacked 0
caught error code 0
checking sanity of file /pool/condor/dir_23970/MC13TeV_TTJets_jec_FlavorPureBottom_up_82.root
file is good
Sanity test done
checking sanity of file /pool/condor/dir_23970/migration_MC13TeV_TTJets_jec_FlavorPureBottom_up_82.root
file is good
Sanity test done
EXIT_CODE_PYTHON  0
[16MB/81.97MB][ 19%][=========>                                        ][5.333MB/s]  [32MB/81.97MB][ 39%][===================>                              ][8MB/s]  [48MB/81.97MB][ 58%][=============================>                    ][3.429MB/s]  [64MB/81.97MB][ 78%][=======================================>          ][4.267MB/s]  [80MB/81.97MB][ 97%][================================================> ][5MB/s]  [81.97MB/81.97MB][100%][==================================================][5.123MB/s]  [81.97MB/81.97MB][100%][==================================================][4.314MB/s]  
[16MB/31.16MB][ 51%][=========================>                        ][3.2MB/s]  [31.16MB/31.16MB][100%][==================================================][5.193MB/s]  [31.16MB/31.16MB][100%][==================================================][3.116MB/s]  
