klist
Ticket cache: FILE:/pool/condor/dir_4212/vveckaln.cc
Default principal: vveckaln@CERN.CH

Valid starting     Expires            Service principal
12/26/18 13:10:34  12/27/18 14:10:34  krbtgt/CERN.CH@CERN.CH
	renew until 12/29/18 01:08:57
12/26/18 13:10:35  12/27/18 14:10:34  afs/cern.ch@CERN.CH
	renew until 12/29/18 01:08:57
end klist
ls EOS
analysis_MC13TeV_TTJets
analysis_MC13TeV_TTJets_cflip
analysis_MC13TeV_TTJets_herwig
anothercomparison.cc
bins
cernbox
Chunks
Chunks_test
copy_test
data
flipped
flipped_old
LSF
merged_plots
migration
migration_MC13TeV_TTJets_jec_CorrelationGroupMPFInSitu_up_27.root
processing
reserve
rivet
rivet_results_23_March
rivet_test
rivet_test_21_March
save.root
SWAN_projects
test
testdir
unfolding_cflip
unfolding_nominal
end ls EOS
EXIT_CODE_SCRAM 0
exit code in RunMethodPacked 0
caught error code 0
checking sanity of file /pool/condor/dir_4212/MC13TeV_TTJets_cflip_jec_FlavorPureCharm_down_2.root
file is good
Sanity test done
checking sanity of file /pool/condor/dir_4212/migration_MC13TeV_TTJets_cflip_jec_FlavorPureCharm_down_2.root
file is good
Sanity test done
EXIT_CODE_PYTHON  0
[16MB/57.75MB][ 27%][=============>                                    ][16MB/s]  [57.75MB/57.75MB][100%][==================================================][57.75MB/s]  [57.75MB/57.75MB][100%][==================================================][57.75MB/s]  
[9.921MB/9.921MB][100%][==================================================][9.921MB/s]  [9.921MB/9.921MB][100%][==================================================][9.921MB/s]  
