klist
Ticket cache: FILE:/pool/condor/dir_13933/vveckaln.cc
Default principal: vveckaln@CERN.CH

Valid starting     Expires            Service principal
12/26/18 07:53:03  12/27/18 08:53:03  krbtgt/CERN.CH@CERN.CH
	renew until 12/30/18 11:52:11
12/26/18 07:53:04  12/27/18 08:53:03  afs/cern.ch@CERN.CH
	renew until 12/30/18 11:52:11
end klist
ls EOS
analysis_MC13TeV_TTJets
analysis_MC13TeV_TTJets_cflip
analysis_MC13TeV_TTJets_herwig
anothercomparison.cc
bins
cernbox
Chunks
Chunks_test
copy_test
data
flipped
flipped_old
LSF
merged_plots
migration
migration_MC13TeV_TTJets_jec_CorrelationGroupMPFInSitu_up_27.root
processing
reserve
rivet
rivet_results_23_March
rivet_test
rivet_test_21_March
save.root
SWAN_projects
test
testdir
unfolding_cflip
unfolding_nominal
end ls EOS
EXIT_CODE_SCRAM 0
exit code in RunMethodPacked 0
caught error code 0
checking sanity of file /pool/condor/dir_13933/MC13TeV_TTJets_m171v5_6.root
file is good
Sanity test done
checking sanity of file /pool/condor/dir_13933/migration_MC13TeV_TTJets_m171v5_6.root
file is good
Sanity test done
EXIT_CODE_PYTHON  0
[16MB/79.79MB][ 20%][==========>                                       ][16MB/s]  [79.79MB/79.79MB][100%][==================================================][79.79MB/s]  [79.79MB/79.79MB][100%][==================================================][26.6MB/s]  
[15.78MB/15.78MB][100%][==================================================][15.78MB/s]  [15.78MB/15.78MB][100%][==================================================][7.889MB/s]  
