klist
Ticket cache: FILE:/pool/condor/dir_25714/vveckaln.cc
Default principal: vveckaln@CERN.CH

Valid starting     Expires            Service principal
12/26/18 09:10:26  12/27/18 10:10:26  krbtgt/CERN.CH@CERN.CH
	renew until 12/30/18 12:19:54
12/26/18 09:10:26  12/27/18 10:10:26  afs/cern.ch@CERN.CH
	renew until 12/30/18 12:19:54
end klist
ls EOS
analysis_MC13TeV_TTJets
analysis_MC13TeV_TTJets_cflip
analysis_MC13TeV_TTJets_herwig
anothercomparison.cc
bins
cernbox
Chunks
Chunks_test
copy_test
data
flipped
flipped_old
LSF
merged_plots
migration
migration_MC13TeV_TTJets_jec_CorrelationGroupMPFInSitu_up_27.root
processing
reserve
rivet
rivet_results_23_March
rivet_test
rivet_test_21_March
save.root
SWAN_projects
test
testdir
unfolding_cflip
unfolding_nominal
end ls EOS
EXIT_CODE_SCRAM 0
exit code in RunMethodPacked 0
caught error code 0
checking sanity of file /pool/condor/dir_25714/MC13TeV_TTJets_btag_light_up_76.root
file is good
Sanity test done
checking sanity of file /pool/condor/dir_25714/migration_MC13TeV_TTJets_btag_light_up_76.root
file is good
Sanity test done
EXIT_CODE_PYTHON  0
[16MB/81.8MB][ 19%][=========>                                        ][1.6MB/s]  [32MB/81.8MB][ 39%][===================>                              ][2.133MB/s]  [64MB/81.8MB][ 78%][=======================================>          ][3.368MB/s]  [80MB/81.8MB][ 97%][================================================> ][4MB/s]  [81.8MB/81.8MB][100%][==================================================][4.09MB/s]  [81.8MB/81.8MB][100%][==================================================][3.556MB/s]  
[16MB/27.92MB][ 57%][============================>                     ][5.333MB/s]  [27.92MB/27.92MB][100%][==================================================][6.979MB/s]  [27.92MB/27.92MB][100%][==================================================][4.653MB/s]  
