klist
Ticket cache: FILE:/pool/condor/dir_4000/vveckaln.cc
Default principal: vveckaln@CERN.CH

Valid starting     Expires            Service principal
12/26/18 09:10:26  12/27/18 10:10:26  krbtgt/CERN.CH@CERN.CH
	renew until 12/30/18 12:19:54
12/26/18 09:10:26  12/27/18 10:10:26  afs/cern.ch@CERN.CH
	renew until 12/30/18 12:19:54
end klist
ls EOS
analysis_MC13TeV_TTJets
analysis_MC13TeV_TTJets_cflip
analysis_MC13TeV_TTJets_herwig
anothercomparison.cc
bins
cernbox
Chunks
Chunks_test
copy_test
data
flipped
flipped_old
LSF
merged_plots
migration
migration_MC13TeV_TTJets_jec_CorrelationGroupMPFInSitu_up_27.root
processing
reserve
rivet
rivet_results_23_March
rivet_test
rivet_test_21_March
save.root
SWAN_projects
test
testdir
unfolding_cflip
unfolding_nominal
end ls EOS
EXIT_CODE_SCRAM 0
exit code in RunMethodPacked 0
caught error code 0
checking sanity of file /pool/condor/dir_4000/MC13TeV_TTJets_ueup_4.root
file is good
Sanity test done
checking sanity of file /pool/condor/dir_4000/migration_MC13TeV_TTJets_ueup_4.root
file is good
Sanity test done
EXIT_CODE_PYTHON  0
[16MB/81.73MB][ 19%][=========>                                        ][16MB/s]  [64MB/81.73MB][ 78%][=======================================>          ][9.143MB/s]  [81.73MB/81.73MB][100%][==================================================][11.68MB/s]  [81.73MB/81.73MB][100%][==================================================][9.081MB/s]  
[16MB/31.14MB][ 51%][=========================>                        ][16MB/s]  [31.14MB/31.14MB][100%][==================================================][31.14MB/s]  [31.14MB/31.14MB][100%][==================================================][10.38MB/s]  
