klist
Ticket cache: FILE:/pool/condor/dir_27299/vveckaln.cc
Default principal: vveckaln@CERN.CH

Valid starting     Expires            Service principal
12/26/18 13:02:13  12/27/18 14:02:13  krbtgt/CERN.CH@CERN.CH
	renew until 12/31/18 13:02:13
12/26/18 13:02:16  12/27/18 14:02:13  afs/cern.ch@CERN.CH
	renew until 12/31/18 13:02:13
end klist
ls EOS
analysis_MC13TeV_TTJets
analysis_MC13TeV_TTJets_cflip
analysis_MC13TeV_TTJets_herwig
anothercomparison.cc
bins
cernbox
Chunks
Chunks_test
copy_test
data
flipped
flipped_old
LSF
merged_plots
migration
migration_MC13TeV_TTJets_jec_CorrelationGroupMPFInSitu_up_27.root
processing
reserve
rivet
rivet_results_23_March
rivet_test
rivet_test_21_March
save.root
SWAN_projects
test
testdir
unfolding_cflip
unfolding_nominal
end ls EOS
EXIT_CODE_SCRAM 0
exit code in RunMethodPacked 0
caught error code 0
checking sanity of file /pool/condor/dir_27299/MC13TeV_TTJets_jec_CorrelationGroupUncorrelated_up_22.root
file is good
Sanity test done
checking sanity of file /pool/condor/dir_27299/migration_MC13TeV_TTJets_jec_CorrelationGroupUncorrelated_up_22.root
file is good
Sanity test done
EXIT_CODE_PYTHON  0
[16MB/82.06MB][ 19%][=========>                                        ][712.3kB/s]  [32MB/82.06MB][ 38%][===================>                              ][1.231MB/s]  [48MB/82.06MB][ 58%][=============================>                    ][1.412MB/s]  [64MB/82.06MB][ 77%][======================================>           ][1.73MB/s]  [80MB/82.06MB][ 97%][================================================> ][2MB/s]  [82.06MB/82.06MB][100%][==================================================][2.052MB/s]  [82.06MB/82.06MB][100%][==================================================][1.865MB/s]  
[16MB/30.59MB][ 52%][==========================>                       ][1.231MB/s]  [30.59MB/30.59MB][100%][==================================================][1.224MB/s]  [30.59MB/30.59MB][100%][==================================================][1.055MB/s]  
