klist
Ticket cache: FILE:/pool/condor/dir_2242/vveckaln.cc
Default principal: vveckaln@CERN.CH

Valid starting     Expires            Service principal
12/26/18 00:18:21  12/27/18 01:18:20  krbtgt/CERN.CH@CERN.CH
	renew until 12/31/18 00:18:20
12/26/18 00:20:10  12/27/18 01:18:20  afs/cern.ch@CERN.CH
	renew until 12/31/18 00:18:20
end klist
ls EOS
analysis_MC13TeV_TTJets
analysis_MC13TeV_TTJets_cflip
analysis_MC13TeV_TTJets_herwig
anothercomparison.cc
bins
cernbox
Chunks
Chunks_test
copy_test
data
flipped
flipped_old
LSF
merged_plots
migration
migration_MC13TeV_TTJets_jec_CorrelationGroupMPFInSitu_up_27.root
processing
reserve
rivet
rivet_results_23_March
rivet_test
rivet_test_21_March
save.root
SWAN_projects
test
testdir
unfolding_cflip
unfolding_nominal
end ls EOS
EXIT_CODE_SCRAM 0
exit code in RunMethodPacked 0
caught error code 0
checking sanity of file /pool/condor/dir_2242/MC13TeV_SingleT_t_0.root
file is good
Sanity test done
checking sanity of file /pool/condor/dir_2242/migration_MC13TeV_SingleT_t_0.root
file is good
Sanity test done
EXIT_CODE_PYTHON  0
[16MB/25.8MB][ 62%][===============================>                  ][5.333MB/s]  [25.8MB/25.8MB][100%][==================================================][5.159MB/s]  [25.8MB/25.8MB][100%][==================================================][5.159MB/s]  
[196.7kB/196.7kB][100%][==================================================][39.34kB/s]  [196.7kB/196.7kB][100%][==================================================][39.34kB/s]  
