klist
Ticket cache: FILE:/pool/condor/dir_9929/vveckaln.cc
Default principal: vveckaln@CERN.CH

Valid starting     Expires            Service principal
12/26/18 04:55:39  12/27/18 05:55:39  krbtgt/CERN.CH@CERN.CH
	renew until 12/29/18 12:54:38
12/26/18 04:55:39  12/27/18 05:55:39  afs/cern.ch@CERN.CH
	renew until 12/29/18 12:54:38
end klist
ls EOS
analysis_MC13TeV_TTJets
analysis_MC13TeV_TTJets_cflip
analysis_MC13TeV_TTJets_herwig
anothercomparison.cc
bins
cernbox
Chunks
Chunks_test
copy_test
data
flipped
flipped_old
LSF
merged_plots
migration
migration_MC13TeV_TTJets_jec_CorrelationGroupMPFInSitu_up_27.root
processing
reserve
rivet
rivet_results_23_March
rivet_test
rivet_test_21_March
save.root
SWAN_projects
test
testdir
unfolding_cflip
unfolding_nominal
end ls EOS
EXIT_CODE_SCRAM 0
exit code in RunMethodPacked 0
caught error code 0
checking sanity of file /pool/condor/dir_9929/MC13TeV_TTJets_jec_CorrelationGroupUncorrelated_up_107.root
file is good
Sanity test done
checking sanity of file /pool/condor/dir_9929/migration_MC13TeV_TTJets_jec_CorrelationGroupUncorrelated_up_107.root
file is good
Sanity test done
EXIT_CODE_PYTHON  0
[16MB/81.49MB][ 19%][=========>                                        ][16MB/s]  [80MB/81.49MB][ 98%][=================================================>][40MB/s]  [81.49MB/81.49MB][100%][==================================================][40.74MB/s]  [81.49MB/81.49MB][100%][==================================================][20.37MB/s]  
[16MB/26.34MB][ 60%][==============================>                   ][16MB/s]  [26.34MB/26.34MB][100%][==================================================][26.34MB/s]  [26.34MB/26.34MB][100%][==================================================][6.584MB/s]  
