klist
Ticket cache: FILE:/pool/condor/dir_25639/vveckaln.cc
Default principal: vveckaln@CERN.CH

Valid starting     Expires            Service principal
12/26/18 13:09:51  12/27/18 14:09:51  krbtgt/CERN.CH@CERN.CH
	renew until 12/29/18 01:08:30
12/26/18 13:09:51  12/27/18 14:09:51  afs/cern.ch@CERN.CH
	renew until 12/29/18 01:08:30
end klist
ls EOS
analysis_MC13TeV_TTJets
analysis_MC13TeV_TTJets_cflip
analysis_MC13TeV_TTJets_herwig
anothercomparison.cc
bins
cernbox
Chunks
Chunks_test
copy_test
data
flipped
flipped_old
LSF
merged_plots
migration
migration_MC13TeV_TTJets_jec_CorrelationGroupMPFInSitu_up_27.root
processing
reserve
rivet
rivet_results_23_March
rivet_test
rivet_test_21_March
save.root
SWAN_projects
test
testdir
unfolding_cflip
unfolding_nominal
end ls EOS
EXIT_CODE_SCRAM 0
exit code in RunMethodPacked 0
caught error code 0
checking sanity of file /pool/condor/dir_25639/MC13TeV_TTJets_csv_light_down_4.root
file is good
Sanity test done
checking sanity of file /pool/condor/dir_25639/migration_MC13TeV_TTJets_csv_light_down_4.root
file is good
Sanity test done
EXIT_CODE_PYTHON  0
[16MB/81.87MB][ 19%][=========>                                        ][1.778MB/s]  [48MB/81.87MB][ 58%][=============================>                    ][4.8MB/s]  [81.87MB/81.87MB][100%][==================================================][8.187MB/s]  [81.87MB/81.87MB][100%][==================================================][1.637MB/s]  
[16MB/30.01MB][ 53%][==========================>                       ][2.286MB/s]  [30.01MB/30.01MB][100%][==================================================][4.288MB/s]  [30.01MB/30.01MB][100%][==================================================][1.766MB/s]  
