klist
Ticket cache: FILE:/pool/condor/dir_15971/vveckaln.cc
Default principal: vveckaln@CERN.CH

Valid starting     Expires            Service principal
12/26/18 05:11:59  12/27/18 06:11:58  krbtgt/CERN.CH@CERN.CH
	renew until 12/27/18 21:09:53
12/26/18 05:11:59  12/27/18 06:11:58  afs/cern.ch@CERN.CH
	renew until 12/27/18 21:09:53
end klist
ls EOS
analysis_MC13TeV_TTJets
analysis_MC13TeV_TTJets_cflip
analysis_MC13TeV_TTJets_herwig
anothercomparison.cc
bins
cernbox
Chunks
Chunks_test
copy_test
data
flipped
flipped_old
LSF
merged_plots
migration
migration_MC13TeV_TTJets_jec_CorrelationGroupMPFInSitu_up_27.root
processing
reserve
rivet
rivet_results_23_March
rivet_test
rivet_test_21_March
save.root
SWAN_projects
test
testdir
unfolding_cflip
unfolding_nominal
end ls EOS
EXIT_CODE_SCRAM 0
exit code in RunMethodPacked 0
caught error code 0
checking sanity of file /pool/condor/dir_15971/MC13TeV_TTJets_tracking_up_57.root
file is good
Sanity test done
checking sanity of file /pool/condor/dir_15971/migration_MC13TeV_TTJets_tracking_up_57.root
file is good
Sanity test done
EXIT_CODE_PYTHON  0
[16MB/81.49MB][ 19%][=========>                                        ][8MB/s]  [80MB/81.49MB][ 98%][=================================================>][26.67MB/s]  [81.49MB/81.49MB][100%][==================================================][27.16MB/s]  [81.49MB/81.49MB][100%][==================================================][20.37MB/s]  
[16MB/26.96MB][ 59%][=============================>                    ][16MB/s]  [26.96MB/26.96MB][100%][==================================================][26.96MB/s]  [26.96MB/26.96MB][100%][==================================================][8.985MB/s]  
