klist
Ticket cache: FILE:/pool/condor/dir_24882/vveckaln.cc
Default principal: vveckaln@CERN.CH

Valid starting     Expires            Service principal
12/26/18 13:07:42  12/27/18 14:07:41  krbtgt/CERN.CH@CERN.CH
	renew until 12/29/18 01:07:07
12/26/18 13:07:42  12/27/18 14:07:41  afs/cern.ch@CERN.CH
	renew until 12/29/18 01:07:07
end klist
ls EOS
analysis_MC13TeV_TTJets
analysis_MC13TeV_TTJets_cflip
analysis_MC13TeV_TTJets_herwig
anothercomparison.cc
bins
cernbox
Chunks
Chunks_test
copy_test
data
flipped
flipped_old
LSF
merged_plots
migration
migration_MC13TeV_TTJets_jec_CorrelationGroupMPFInSitu_up_27.root
processing
reserve
rivet
rivet_results_23_March
rivet_test
rivet_test_21_March
save.root
SWAN_projects
test
testdir
unfolding_cflip
unfolding_nominal
end ls EOS
EXIT_CODE_SCRAM 0
exit code in RunMethodPacked 0
caught error code 0
checking sanity of file /pool/condor/dir_24882/MC13TeV_TTJets_fsrup_27.root
file is good
Sanity test done
checking sanity of file /pool/condor/dir_24882/migration_MC13TeV_TTJets_fsrup_27.root
file is good
Sanity test done
EXIT_CODE_PYTHON  0
[16MB/79.04MB][ 20%][==========>                                       ][16MB/s]  [79.04MB/79.04MB][100%][==================================================][79.04MB/s]  [79.04MB/79.04MB][100%][==================================================][79.04MB/s]  
[11.65MB/11.65MB][100%][==================================================][11.65MB/s]  [11.65MB/11.65MB][100%][==================================================][11.65MB/s]  
