klist
Ticket cache: FILE:/pool/condor/dir_4038/vveckaln.cc
Default principal: vveckaln@CERN.CH

Valid starting     Expires            Service principal
12/26/18 22:56:17  12/27/18 23:56:17  krbtgt/CERN.CH@CERN.CH
	renew until 12/31/18 22:56:17
12/26/18 22:56:21  12/27/18 23:56:17  afs/cern.ch@CERN.CH
	renew until 12/31/18 22:56:17
end klist
ls EOS
analysis_MC13TeV_TTJets
analysis_MC13TeV_TTJets_cflip
analysis_MC13TeV_TTJets_herwig
anothercomparison.cc
bins
cernbox
Chunks
Chunks_test
copy_test
data
flipped
flipped_old
LSF
merged_plots
migration
migration_MC13TeV_TTJets_jec_CorrelationGroupMPFInSitu_up_27.root
processing
reserve
rivet
rivet_results_23_March
rivet_test
rivet_test_21_March
save.root
SWAN_projects
test
testdir
unfolding_cflip
unfolding_nominal
end ls EOS
EXIT_CODE_SCRAM 0
exit code in RunMethodPacked 0
caught error code 0
checking sanity of file /pool/condor/dir_4038/MC13TeV_TTJets_btag_heavy_down_16.root
file is good
Sanity test done
checking sanity of file /pool/condor/dir_4038/migration_MC13TeV_TTJets_btag_heavy_down_16.root
file is good
Sanity test done
EXIT_CODE_PYTHON  0
[16MB/81.74MB][ 19%][=========>                                        ][16MB/s]  [80MB/81.74MB][ 97%][================================================> ][80MB/s]  [81.74MB/81.74MB][100%][==================================================][81.74MB/s]  [81.74MB/81.74MB][100%][==================================================][40.87MB/s]  
[16MB/29.14MB][ 54%][===========================>                      ][3.2MB/s]  [29.14MB/29.14MB][100%][==================================================][4.857MB/s]  [29.14MB/29.14MB][100%][==================================================][4.163MB/s]  
