klist
Ticket cache: FILE:/pool/condor/dir_15494/vveckaln.cc
Default principal: vveckaln@CERN.CH

Valid starting     Expires            Service principal
12/26/18 13:10:01  12/27/18 14:10:01  krbtgt/CERN.CH@CERN.CH
	renew until 12/29/18 01:07:45
12/26/18 13:10:02  12/27/18 14:10:01  afs/cern.ch@CERN.CH
	renew until 12/29/18 01:07:45
end klist
ls EOS
analysis_MC13TeV_TTJets
analysis_MC13TeV_TTJets_cflip
analysis_MC13TeV_TTJets_herwig
anothercomparison.cc
bins
cernbox
Chunks
Chunks_test
copy_test
data
flipped
flipped_old
LSF
merged_plots
migration
migration_MC13TeV_TTJets_jec_CorrelationGroupMPFInSitu_up_27.root
processing
reserve
rivet
rivet_results_23_March
rivet_test
rivet_test_21_March
save.root
SWAN_projects
test
testdir
unfolding_cflip
unfolding_nominal
end ls EOS
EXIT_CODE_SCRAM 0
exit code in RunMethodPacked 0
caught error code 0
checking sanity of file /pool/condor/dir_15494/MC13TeV_TTJets_jec_RelativeFSR_down_20.root
file is good
Sanity test done
checking sanity of file /pool/condor/dir_15494/migration_MC13TeV_TTJets_jec_RelativeFSR_down_20.root
file is good
Sanity test done
EXIT_CODE_PYTHON  0
[16MB/81.71MB][ 19%][=========>                                        ][16MB/s]  [80MB/81.71MB][ 97%][================================================> ][40MB/s]  [81.71MB/81.71MB][100%][==================================================][40.86MB/s]  [81.71MB/81.71MB][100%][==================================================][40.86MB/s]  
[16MB/26.99MB][ 59%][=============================>                    ][4MB/s]  [26.99MB/26.99MB][100%][==================================================][6.746MB/s]  [26.99MB/26.99MB][100%][==================================================][4.498MB/s]  
