klist
Ticket cache: FILE:/pool/condor/dir_22741/vveckaln.cc
Default principal: vveckaln@CERN.CH

Valid starting     Expires            Service principal
12/26/18 13:35:05  12/27/18 14:35:05  krbtgt/CERN.CH@CERN.CH
	renew until 12/29/18 01:33:01
12/26/18 13:35:05  12/27/18 14:35:05  afs/cern.ch@CERN.CH
	renew until 12/29/18 01:33:01
end klist
ls EOS
analysis_MC13TeV_TTJets
analysis_MC13TeV_TTJets_cflip
analysis_MC13TeV_TTJets_herwig
anothercomparison.cc
bins
cernbox
Chunks
Chunks_test
copy_test
data
flipped
flipped_old
LSF
merged_plots
migration
migration_MC13TeV_TTJets_jec_CorrelationGroupMPFInSitu_up_27.root
processing
reserve
rivet
rivet_results_23_March
rivet_test
rivet_test_21_March
save.root
SWAN_projects
test
testdir
unfolding_cflip
unfolding_nominal
end ls EOS
EXIT_CODE_SCRAM 0
exit code in RunMethodPacked 0
caught error code 0
checking sanity of file /pool/condor/dir_22741/MC13TeV_TTJets_tracking_down_2.root
file is good
Sanity test done
checking sanity of file /pool/condor/dir_22741/migration_MC13TeV_TTJets_tracking_down_2.root
file is good
Sanity test done
EXIT_CODE_PYTHON  0
[16MB/82.19MB][ 19%][=========>                                        ][16MB/s]  [82.19MB/82.19MB][100%][==================================================][82.19MB/s]  [82.19MB/82.19MB][100%][==================================================][27.4MB/s]  
[16MB/31.32MB][ 51%][=========================>                        ][16MB/s]  [31.32MB/31.32MB][100%][==================================================][31.32MB/s]  [31.32MB/31.32MB][100%][==================================================][31.32MB/s]  
