klist
Ticket cache: FILE:/pool/condor/dir_117195/vveckaln.cc
Default principal: vveckaln@CERN.CH

Valid starting     Expires            Service principal
12/26/18 13:11:11  12/27/18 14:11:11  krbtgt/CERN.CH@CERN.CH
	renew until 12/29/18 21:09:42
12/26/18 13:11:12  12/27/18 14:11:11  afs/cern.ch@CERN.CH
	renew until 12/29/18 21:09:42
end klist
ls EOS
analysis_MC13TeV_TTJets
analysis_MC13TeV_TTJets_cflip
analysis_MC13TeV_TTJets_herwig
anothercomparison.cc
bins
cernbox
Chunks
Chunks_test
copy_test
data
flipped
flipped_old
LSF
merged_plots
migration
migration_MC13TeV_TTJets_jec_CorrelationGroupMPFInSitu_up_27.root
processing
reserve
rivet
rivet_results_23_March
rivet_test
rivet_test_21_March
save.root
SWAN_projects
test
testdir
unfolding_cflip
unfolding_nominal
end ls EOS
EXIT_CODE_SCRAM 0
exit code in RunMethodPacked 0
caught error code 0
checking sanity of file /pool/condor/dir_117195/MC13TeV_QCDEMEnriched120to170_15.root
file is good
Sanity test done
checking sanity of file /pool/condor/dir_117195/migration_MC13TeV_QCDEMEnriched120to170_15.root
file is good
Sanity test done
EXIT_CODE_PYTHON  0
[9.659MB/9.659MB][100%][==================================================][9.659MB/s]  [9.659MB/9.659MB][100%][==================================================][9.659MB/s]  
[24.45kB/24.45kB][100%][==================================================][24.45kB/s]  [24.45kB/24.45kB][100%][==================================================][24.45kB/s]  
