klist
Ticket cache: FILE:/pool/condor/dir_390/vveckaln.cc
Default principal: vveckaln@CERN.CH

Valid starting     Expires            Service principal
12/26/18 02:03:22  12/27/18 03:03:22  krbtgt/CERN.CH@CERN.CH
	renew until 12/29/18 10:01:37
12/26/18 02:03:22  12/27/18 03:03:22  afs/cern.ch@CERN.CH
	renew until 12/29/18 10:01:37
end klist
ls EOS
analysis_MC13TeV_TTJets
analysis_MC13TeV_TTJets_cflip
analysis_MC13TeV_TTJets_herwig
anothercomparison.cc
bins
cernbox
Chunks
Chunks_test
copy_test
data
flipped
flipped_old
LSF
merged_plots
migration
migration_MC13TeV_TTJets_jec_CorrelationGroupMPFInSitu_up_27.root
processing
reserve
rivet
rivet_results_23_March
rivet_test
rivet_test_21_March
save.root
SWAN_projects
test
testdir
unfolding_cflip
unfolding_nominal
end ls EOS
EXIT_CODE_SCRAM 0
exit code in RunMethodPacked 0
caught error code 0
checking sanity of file /pool/condor/dir_390/MC13TeV_TTJets_btag_heavy_down_50.root
file is good
Sanity test done
checking sanity of file /pool/condor/dir_390/migration_MC13TeV_TTJets_btag_heavy_down_50.root
file is good
Sanity test done
EXIT_CODE_PYTHON  0
[16MB/81.59MB][ 19%][=========>                                        ][16MB/s]  [81.59MB/81.59MB][100%][==================================================][81.59MB/s]  [81.59MB/81.59MB][100%][==================================================][27.2MB/s]  
[16MB/28.13MB][ 56%][============================>                     ][16MB/s]  [28.13MB/28.13MB][100%][==================================================][28.13MB/s]  [28.13MB/28.13MB][100%][==================================================][28.13MB/s]  
