klist
Ticket cache: FILE:/pool/condor/dir_5827/vveckaln.cc
Default principal: vveckaln@CERN.CH

Valid starting     Expires            Service principal
12/30/18 12:09:55  12/31/18 13:09:55  krbtgt/CERN.CH@CERN.CH
	renew until 01/02/19 20:08:41
12/30/18 12:09:55  12/31/18 13:09:55  afs/cern.ch@CERN.CH
	renew until 01/02/19 20:08:41
end klist
ls EOS
analysis_MC13TeV_TTJets
analysis_MC13TeV_TTJets_cflip
analysis_MC13TeV_TTJets_herwig
bins
cernbox
Chunks
Chunks_test
copy_test
data
flipped
flipped_old
LSF
merged_plots
migration
migration_MC13TeV_TTJets_jec_CorrelationGroupMPFInSitu_up_27.root
moved.cc
processing
reserve
rivet
rivet_results_23_March
rivet_test
rivet_test_21_March
save.root
SWAN_projects
test
testdir
unfolding_cflip
unfolding_nominal
end ls EOS
EXIT_CODE_SCRAM 0
exit code in RunMethodPacked 0
caught error code 0
checking sanity of file /pool/condor/dir_5827/MC13TeV_TTJets_herwig_jec_FlavorPureQuark_down_34.root
file is good
Sanity test done
checking sanity of file /pool/condor/dir_5827/migration_MC13TeV_TTJets_herwig_jec_FlavorPureQuark_down_34.root
file is good
Sanity test done
EXIT_CODE_PYTHON  0
[16MB/58.53MB][ 27%][=============>                                    ][16MB/s]  [58.53MB/58.53MB][100%][==================================================][58.53MB/s]  [58.53MB/58.53MB][100%][==================================================][58.53MB/s]  
[13.84MB/13.84MB][100%][==================================================][3.46MB/s]  [13.84MB/13.84MB][100%][==================================================][2.768MB/s]  
