klist
Ticket cache: FILE:/pool/condor/dir_19405/vveckaln.cc
Default principal: vveckaln@CERN.CH

Valid starting     Expires            Service principal
12/25/18 21:26:44  12/26/18 22:26:44  krbtgt/CERN.CH@CERN.CH
	renew until 12/27/18 12:43:30
12/25/18 21:26:46  12/26/18 22:26:44  afs/cern.ch@CERN.CH
	renew until 12/27/18 12:43:30
end klist
ls EOS
analysis_MC13TeV_TTJets
analysis_MC13TeV_TTJets_cflip
analysis_MC13TeV_TTJets_herwig
anothercomparison.cc
bins
cernbox
Chunks
Chunks_test
copy_test
data
flipped
flipped_old
LSF
merged_plots
migration
migration_MC13TeV_TTJets_jec_CorrelationGroupMPFInSitu_up_27.root
processing
reserve
rivet
rivet_results_23_March
rivet_test
rivet_test_21_March
save.root
SWAN_projects
test
testdir
unfolding_cflip
unfolding_nominal
end ls EOS
EXIT_CODE_SCRAM 0
exit code in RunMethodPacked 0
caught error code 0
checking sanity of file /pool/condor/dir_19405/MC13TeV_TTJets_tracking_up_78.root
file is good
Sanity test done
checking sanity of file /pool/condor/dir_19405/migration_MC13TeV_TTJets_tracking_up_78.root
file is good
Sanity test done
EXIT_CODE_PYTHON  0
[16MB/81.93MB][ 19%][=========>                                        ][16MB/s]  [32MB/81.93MB][ 39%][===================>                              ][16MB/s]  [80MB/81.93MB][ 97%][================================================> ][20MB/s]  [81.93MB/81.93MB][100%][==================================================][20.48MB/s]  [81.93MB/81.93MB][100%][==================================================][11.7MB/s]  
[16MB/30.22MB][ 52%][==========================>                       ][4MB/s]  [30.22MB/30.22MB][100%][==================================================][7.556MB/s]  [30.22MB/30.22MB][100%][==================================================][2.325MB/s]  
