klist
Ticket cache: FILE:/pool/condor/dir_28075/vveckaln.cc
Default principal: vveckaln@CERN.CH

Valid starting     Expires            Service principal
12/26/18 01:56:23  12/27/18 02:56:23  krbtgt/CERN.CH@CERN.CH
	renew until 12/27/18 17:00:15
12/26/18 01:56:23  12/27/18 02:56:23  afs/cern.ch@CERN.CH
	renew until 12/27/18 17:00:15
end klist
ls EOS
analysis_MC13TeV_TTJets
analysis_MC13TeV_TTJets_cflip
analysis_MC13TeV_TTJets_herwig
anothercomparison.cc
bins
cernbox
Chunks
Chunks_test
copy_test
data
flipped
flipped_old
LSF
merged_plots
migration
migration_MC13TeV_TTJets_jec_CorrelationGroupMPFInSitu_up_27.root
processing
reserve
rivet
rivet_results_23_March
rivet_test
rivet_test_21_March
save.root
SWAN_projects
test
testdir
unfolding_cflip
unfolding_nominal
end ls EOS
EXIT_CODE_SCRAM 0
exit code in RunMethodPacked 0
caught error code 0
checking sanity of file /pool/condor/dir_28075/MC13TeV_TTJets_uedn_19.root
file is good
Sanity test done
checking sanity of file /pool/condor/dir_28075/migration_MC13TeV_TTJets_uedn_19.root
file is good
Sanity test done
EXIT_CODE_PYTHON  0
[16MB/81.72MB][ 19%][=========>                                        ][16MB/s]  [80MB/81.72MB][ 97%][================================================> ][80MB/s]  [81.72MB/81.72MB][100%][==================================================][40.86MB/s]  [81.72MB/81.72MB][100%][==================================================][27.24MB/s]  
[16MB/28.18MB][ 56%][============================>                     ][16MB/s]  [28.18MB/28.18MB][100%][==================================================][28.18MB/s]  [28.18MB/28.18MB][100%][==================================================][9.393MB/s]  
