klist
Ticket cache: FILE:/pool/condor/dir_22874/vveckaln.cc
Default principal: vveckaln@CERN.CH

Valid starting     Expires            Service principal
12/26/18 13:09:37  12/27/18 14:09:37  krbtgt/CERN.CH@CERN.CH
	renew until 12/29/18 01:08:10
12/26/18 13:09:37  12/27/18 14:09:37  afs/cern.ch@CERN.CH
	renew until 12/29/18 01:08:10
end klist
ls EOS
analysis_MC13TeV_TTJets
analysis_MC13TeV_TTJets_cflip
analysis_MC13TeV_TTJets_herwig
anothercomparison.cc
bins
cernbox
Chunks
Chunks_test
copy_test
data
flipped
flipped_old
LSF
merged_plots
migration
migration_MC13TeV_TTJets_jec_CorrelationGroupMPFInSitu_up_27.root
processing
reserve
rivet
rivet_results_23_March
rivet_test
rivet_test_21_March
save.root
SWAN_projects
test
testdir
unfolding_cflip
unfolding_nominal
end ls EOS
EXIT_CODE_SCRAM 0
exit code in RunMethodPacked 0
caught error code 0
checking sanity of file /pool/condor/dir_22874/MC13TeV_TTJets_csv_heavy_down_24.root
file is good
Sanity test done
checking sanity of file /pool/condor/dir_22874/migration_MC13TeV_TTJets_csv_heavy_down_24.root
file is good
Sanity test done
EXIT_CODE_PYTHON  0
[16MB/82.09MB][ 19%][=========>                                        ][16MB/s]  [82.09MB/82.09MB][100%][==================================================][82.09MB/s]  [82.09MB/82.09MB][100%][==================================================][41.05MB/s]  
[16MB/30.57MB][ 52%][==========================>                       ][5.333MB/s]  [30.57MB/30.57MB][100%][==================================================][10.19MB/s]  [30.57MB/30.57MB][100%][==================================================][7.642MB/s]  
