condor_exec.exe: line 4: /afs/cern.ch/work/v/vveckaln/private/CMSSW_8_0_26_patch1/src/TopLJets2015/TopAnalysis/condor/registry_895525.txt: Connection timed out
klist
Ticket cache: FILE:/pool/condor/dir_9414/vveckaln.cc
Default principal: vveckaln@CERN.CH

Valid starting     Expires            Service principal
12/26/18 13:11:49  12/27/18 14:11:49  krbtgt/CERN.CH@CERN.CH
	renew until 12/29/18 01:10:08
12/26/18 13:11:50  12/27/18 14:11:49  afs/cern.ch@CERN.CH
	renew until 12/29/18 01:10:08
end klist
ls EOS
analysis_MC13TeV_TTJets
analysis_MC13TeV_TTJets_cflip
analysis_MC13TeV_TTJets_herwig
anothercomparison.cc
bins
cernbox
Chunks
Chunks_test
copy_test
data
flipped
flipped_old
LSF
merged_plots
migration
migration_MC13TeV_TTJets_jec_CorrelationGroupMPFInSitu_up_27.root
processing
reserve
rivet
rivet_results_23_March
rivet_test
rivet_test_21_March
save.root
SWAN_projects
test
testdir
unfolding_cflip
unfolding_nominal
end ls EOS
EXIT_CODE_SCRAM 0
exit code in RunMethodPacked 0
caught error code 0
checking sanity of file /pool/condor/dir_9414/MC13TeV_TTJets_jer_down_46.root
file is good
Sanity test done
checking sanity of file /pool/condor/dir_9414/migration_MC13TeV_TTJets_jer_down_46.root
file is good
Sanity test done
EXIT_CODE_PYTHON  0
[16MB/81.61MB][ 19%][=========>                                        ][8MB/s]  [32MB/81.61MB][ 39%][===================>                              ][10.67MB/s]  [48MB/81.61MB][ 58%][=============================>                    ][12MB/s]  [64MB/81.61MB][ 78%][=======================================>          ][12.8MB/s]  [81.61MB/81.61MB][100%][==================================================][16.32MB/s]  [81.61MB/81.61MB][100%][==================================================][7.419MB/s]  
[16MB/26.7MB][ 59%][=============================>                    ][8MB/s]  [26.7MB/26.7MB][100%][==================================================][13.35MB/s]  [26.7MB/26.7MB][100%][==================================================][2.966MB/s]  
