klist
Ticket cache: FILE:/pool/condor/dir_1738/vveckaln.cc
Default principal: vveckaln@CERN.CH

Valid starting     Expires            Service principal
12/26/18 09:10:52  12/27/18 10:10:52  krbtgt/CERN.CH@CERN.CH
	renew until 12/30/18 12:19:54
12/26/18 09:10:53  12/27/18 10:10:52  afs/cern.ch@CERN.CH
	renew until 12/30/18 12:19:54
end klist
ls EOS
analysis_MC13TeV_TTJets
analysis_MC13TeV_TTJets_cflip
analysis_MC13TeV_TTJets_herwig
anothercomparison.cc
bins
cernbox
Chunks
Chunks_test
copy_test
data
flipped
flipped_old
LSF
merged_plots
migration
migration_MC13TeV_TTJets_jec_CorrelationGroupMPFInSitu_up_27.root
processing
reserve
rivet
rivet_results_23_March
rivet_test
rivet_test_21_March
save.root
SWAN_projects
test
testdir
unfolding_cflip
unfolding_nominal
end ls EOS
EXIT_CODE_SCRAM 0
exit code in RunMethodPacked 0
caught error code 0
checking sanity of file /pool/condor/dir_1738/MC13TeV_TTJets_jec_CorrelationGroupUncorrelated_down_72.root
file is good
Sanity test done
checking sanity of file /pool/condor/dir_1738/migration_MC13TeV_TTJets_jec_CorrelationGroupUncorrelated_down_72.root
file is good
Sanity test done
EXIT_CODE_PYTHON  0
[16MB/81.62MB][ 19%][=========>                                        ][4MB/s]  [48MB/81.62MB][ 58%][=============================>                    ][9.6MB/s]  [80MB/81.62MB][ 98%][=================================================>][13.33MB/s]  [81.62MB/81.62MB][100%][==================================================][13.6MB/s]  [81.62MB/81.62MB][100%][==================================================][4.801MB/s]  
[16MB/28.16MB][ 56%][============================>                     ][8MB/s]  [28.16MB/28.16MB][100%][==================================================][9.388MB/s]  [28.16MB/28.16MB][100%][==================================================][5.633MB/s]  
