klist
Ticket cache: FILE:/pool/condor/dir_18687/vveckaln.cc
Default principal: vveckaln@CERN.CH

Valid starting     Expires            Service principal
12/30/18 12:08:16  12/31/18 13:08:16  krbtgt/CERN.CH@CERN.CH
	renew until 01/02/19 20:06:59
12/30/18 12:08:17  12/31/18 13:08:16  afs/cern.ch@CERN.CH
	renew until 01/02/19 20:06:59
end klist
ls EOS
analysis_MC13TeV_TTJets
analysis_MC13TeV_TTJets_cflip
analysis_MC13TeV_TTJets_herwig
bins
cernbox
Chunks
Chunks_test
copy_test
data
flipped
flipped_old
LSF
merged_plots
migration
migration_MC13TeV_TTJets_jec_CorrelationGroupMPFInSitu_up_27.root
moved.cc
processing
reserve
rivet
rivet_results_23_March
rivet_test
rivet_test_21_March
save.root
SWAN_projects
test
testdir
unfolding_cflip
unfolding_nominal
end ls EOS
EXIT_CODE_SCRAM 0
exit code in RunMethodPacked 0
caught error code 0
checking sanity of file /pool/condor/dir_18687/MC13TeV_TTJets_herwig_btag_heavy_up_2.root
file is good
Sanity test done
checking sanity of file /pool/condor/dir_18687/migration_MC13TeV_TTJets_herwig_btag_heavy_up_2.root
file is good
Sanity test done
EXIT_CODE_PYTHON  0
[16MB/58.51MB][ 27%][=============>                                    ][16MB/s]  [58.51MB/58.51MB][100%][==================================================][58.51MB/s]  [58.51MB/58.51MB][100%][==================================================][58.51MB/s]  
[13.44MB/13.44MB][100%][==================================================][13.44MB/s]  [13.44MB/13.44MB][100%][==================================================][13.44MB/s]  
