klist
Ticket cache: FILE:/pool/condor/dir_785/vveckaln.cc
Default principal: vveckaln@CERN.CH

Valid starting     Expires            Service principal
12/26/18 07:04:07  12/27/18 08:04:07  krbtgt/CERN.CH@CERN.CH
	renew until 12/31/18 07:04:07
12/26/18 07:04:08  12/27/18 08:04:07  afs/cern.ch@CERN.CH
	renew until 12/31/18 07:04:07
end klist
ls EOS
analysis_MC13TeV_TTJets
analysis_MC13TeV_TTJets_cflip
analysis_MC13TeV_TTJets_herwig
anothercomparison.cc
bins
cernbox
Chunks
Chunks_test
copy_test
data
flipped
flipped_old
LSF
merged_plots
migration
migration_MC13TeV_TTJets_jec_CorrelationGroupMPFInSitu_up_27.root
processing
reserve
rivet
rivet_results_23_March
rivet_test
rivet_test_21_March
save.root
SWAN_projects
test
testdir
unfolding_cflip
unfolding_nominal
end ls EOS
EXIT_CODE_SCRAM 0
exit code in RunMethodPacked 0
caught error code 0
checking sanity of file /pool/condor/dir_785/MC13TeV_W0Jets_9.root
file is good
Sanity test done
checking sanity of file /pool/condor/dir_785/migration_MC13TeV_W0Jets_9.root
file is good
Sanity test done
EXIT_CODE_PYTHON  0
[9.179MB/9.179MB][100%][==================================================][9.179MB/s]  [9.179MB/9.179MB][100%][==================================================][9.179MB/s]  
[18.01kB/18.01kB][100%][==================================================][18.01kB/s]  [18.01kB/18.01kB][100%][==================================================][18.01kB/s]  
