klist
Ticket cache: FILE:/pool/condor/dir_1035/vveckaln.cc
Default principal: vveckaln@CERN.CH

Valid starting     Expires            Service principal
12/25/18 22:28:16  12/26/18 23:28:15  krbtgt/CERN.CH@CERN.CH
	renew until 12/27/18 14:25:43
12/25/18 22:28:16  12/26/18 23:28:15  afs/cern.ch@CERN.CH
	renew until 12/27/18 14:25:43
end klist
ls EOS
analysis_MC13TeV_TTJets
analysis_MC13TeV_TTJets_cflip
analysis_MC13TeV_TTJets_herwig
anothercomparison.cc
bins
cernbox
Chunks
Chunks_test
copy_test
data
flipped
flipped_old
LSF
merged_plots
migration
migration_MC13TeV_TTJets_jec_CorrelationGroupMPFInSitu_up_27.root
processing
reserve
rivet
rivet_results_23_March
rivet_test
rivet_test_21_March
save.root
SWAN_projects
test
testdir
unfolding_cflip
unfolding_nominal
end ls EOS
EXIT_CODE_SCRAM 0
exit code in RunMethodPacked 0
caught error code 0
checking sanity of file /pool/condor/dir_1035/MC13TeV_TTJets_jec_FlavorPureCharm_down_78.root
file is good
Sanity test done
checking sanity of file /pool/condor/dir_1035/migration_MC13TeV_TTJets_jec_FlavorPureCharm_down_78.root
file is good
Sanity test done
EXIT_CODE_PYTHON  0
[16MB/81.93MB][ 19%][=========>                                        ][5.333MB/s]  [80MB/81.93MB][ 97%][================================================> ][20MB/s]  [81.93MB/81.93MB][100%][==================================================][20.48MB/s]  [81.93MB/81.93MB][100%][==================================================][4.097MB/s]  
[16MB/30.24MB][ 52%][==========================>                       ][4MB/s]  [30.24MB/30.24MB][100%][==================================================][7.561MB/s]  [30.24MB/30.24MB][100%][==================================================][2.749MB/s]  
