klist
Ticket cache: FILE:/pool/condor/dir_4087/vveckaln.cc
Default principal: vveckaln@CERN.CH

Valid starting     Expires            Service principal
12/26/18 13:06:18  12/27/18 14:06:18  krbtgt/CERN.CH@CERN.CH
	renew until 12/29/18 01:04:07
12/26/18 13:06:19  12/27/18 14:06:18  afs/cern.ch@CERN.CH
	renew until 12/29/18 01:04:07
end klist
ls EOS
analysis_MC13TeV_TTJets
analysis_MC13TeV_TTJets_cflip
analysis_MC13TeV_TTJets_herwig
anothercomparison.cc
bins
cernbox
Chunks
Chunks_test
copy_test
data
flipped
flipped_old
LSF
merged_plots
migration
migration_MC13TeV_TTJets_jec_CorrelationGroupMPFInSitu_up_27.root
processing
reserve
rivet
rivet_results_23_March
rivet_test
rivet_test_21_March
save.root
SWAN_projects
test
testdir
unfolding_cflip
unfolding_nominal
end ls EOS
EXIT_CODE_SCRAM 0
exit code in RunMethodPacked 0
caught error code 0
checking sanity of file /pool/condor/dir_4087/MC13TeV_TTJets_erdON_38.root
file is good
Sanity test done
checking sanity of file /pool/condor/dir_4087/migration_MC13TeV_TTJets_erdON_38.root
file is good
Sanity test done
EXIT_CODE_PYTHON  0
[16MB/80.77MB][ 19%][=========>                                        ][16MB/s]  [48MB/80.77MB][ 59%][=============================>                    ][48MB/s]  [80.77MB/80.77MB][100%][==================================================][80.77MB/s]  [80.77MB/80.77MB][100%][==================================================][40.39MB/s]  
[16MB/19.94MB][ 80%][========================================>         ][16MB/s]  [19.94MB/19.94MB][100%][==================================================][19.94MB/s]  [19.94MB/19.94MB][100%][==================================================][19.94MB/s]  
