klist
Ticket cache: FILE:/pool/condor/dir_22344/vveckaln.cc
Default principal: vveckaln@CERN.CH

Valid starting     Expires            Service principal
12/26/18 07:05:39  12/27/18 08:05:39  krbtgt/CERN.CH@CERN.CH
	renew until 12/31/18 07:05:39
12/26/18 07:05:40  12/27/18 08:05:39  afs/cern.ch@CERN.CH
	renew until 12/31/18 07:05:39
end klist
ls EOS
analysis_MC13TeV_TTJets
analysis_MC13TeV_TTJets_cflip
analysis_MC13TeV_TTJets_herwig
anothercomparison.cc
bins
cernbox
Chunks
Chunks_test
copy_test
data
flipped
flipped_old
LSF
merged_plots
migration
migration_MC13TeV_TTJets_jec_CorrelationGroupMPFInSitu_up_27.root
processing
reserve
rivet
rivet_results_23_March
rivet_test
rivet_test_21_March
save.root
SWAN_projects
test
testdir
unfolding_cflip
unfolding_nominal
end ls EOS
EXIT_CODE_SCRAM 0
exit code in RunMethodPacked 0
caught error code 0
checking sanity of file /pool/condor/dir_22344/MC13TeV_TTJets_jec_CorrelationGroupUncorrelated_down_85.root
file is good
Sanity test done
checking sanity of file /pool/condor/dir_22344/migration_MC13TeV_TTJets_jec_CorrelationGroupUncorrelated_down_85.root
file is good
Sanity test done
EXIT_CODE_PYTHON  0
[16MB/80.21MB][ 19%][=========>                                        ][4MB/s]  [80.21MB/80.21MB][100%][==================================================][16.04MB/s]  [80.21MB/80.21MB][100%][==================================================][4.718MB/s]  
[16MB/17.9MB][ 89%][============================================>     ][5.333MB/s]  [17.9MB/17.9MB][100%][==================================================][5.967MB/s]  [17.9MB/17.9MB][100%][==================================================][2.238MB/s]  
