klist
Ticket cache: FILE:/pool/condor/dir_27530/vveckaln.cc
Default principal: vveckaln@CERN.CH

Valid starting     Expires            Service principal
12/30/18 20:33:29  12/31/18 21:33:29  krbtgt/CERN.CH@CERN.CH
	renew until 01/01/19 12:01:02
12/30/18 20:33:30  12/31/18 21:33:29  afs/cern.ch@CERN.CH
	renew until 01/01/19 12:01:02
end klist
ls EOS
analysis_MC13TeV_TTJets
analysis_MC13TeV_TTJets_cflip
analysis_MC13TeV_TTJets_herwig
bins
cernbox
Chunks
Chunks_test
copy_test
data
flipped
flipped_old
LSF
merged_plots
migration
migration_MC13TeV_TTJets_jec_CorrelationGroupMPFInSitu_up_27.root
moved.cc
processing
reserve
rivet
rivet_results_23_March
rivet_test
rivet_test_21_March
save.root
SWAN_projects
test
testdir
unfolding_cflip
unfolding_nominal
end ls EOS
EXIT_CODE_SCRAM 0
exit code in RunMethodPacked 0
caught error code 0
checking sanity of file /pool/condor/dir_27530/MC13TeV_TTJets_herwig_jec_CorrelationGroupMPFInSitu_down_35.root
file is good
Sanity test done
checking sanity of file /pool/condor/dir_27530/migration_MC13TeV_TTJets_herwig_jec_CorrelationGroupMPFInSitu_down_35.root
file is good
Sanity test done
EXIT_CODE_PYTHON  0
[16MB/58.18MB][ 27%][=============>                                    ][16MB/s]  [58.18MB/58.18MB][100%][==================================================][29.09MB/s]  [58.18MB/58.18MB][100%][==================================================][19.39MB/s]  
[11.49MB/11.49MB][100%][==================================================][11.49MB/s]  [11.49MB/11.49MB][100%][==================================================][5.747MB/s]  
