klist
Ticket cache: FILE:/pool/condor/dir_3960/vveckaln.cc
Default principal: vveckaln@CERN.CH

Valid starting     Expires            Service principal
12/26/18 09:10:26  12/27/18 10:10:26  krbtgt/CERN.CH@CERN.CH
	renew until 12/30/18 12:19:54
12/26/18 09:10:26  12/27/18 10:10:26  afs/cern.ch@CERN.CH
	renew until 12/30/18 12:19:54
end klist
ls EOS
analysis_MC13TeV_TTJets
analysis_MC13TeV_TTJets_cflip
analysis_MC13TeV_TTJets_herwig
anothercomparison.cc
bins
cernbox
Chunks
Chunks_test
copy_test
data
flipped
flipped_old
LSF
merged_plots
migration
migration_MC13TeV_TTJets_jec_CorrelationGroupMPFInSitu_up_27.root
processing
reserve
rivet
rivet_results_23_March
rivet_test
rivet_test_21_March
save.root
SWAN_projects
test
testdir
unfolding_cflip
unfolding_nominal
end ls EOS
EXIT_CODE_SCRAM 0
exit code in RunMethodPacked 0
caught error code 0
checking sanity of file /pool/condor/dir_3960/MC13TeV_TTJets_btag_light_up_96.root
file is good
Sanity test done
checking sanity of file /pool/condor/dir_3960/migration_MC13TeV_TTJets_btag_light_up_96.root
file is good
Sanity test done
EXIT_CODE_PYTHON  0
[16MB/81.91MB][ 19%][=========>                                        ][2.286MB/s]  [32MB/81.91MB][ 39%][===================>                              ][3.2MB/s]  [48MB/81.91MB][ 58%][=============================>                    ][4.364MB/s]  [64MB/81.91MB][ 78%][=======================================>          ][4.923MB/s]  [80MB/81.91MB][ 97%][================================================> ][5.714MB/s]  [81.91MB/81.91MB][100%][==================================================][5.851MB/s]  [81.91MB/81.91MB][100%][==================================================][5.461MB/s]  
[16MB/30.44MB][ 52%][==========================>                       ][4MB/s]  [30.44MB/30.44MB][100%][==================================================][2.768MB/s]  [30.44MB/30.44MB][100%][==================================================][2.342MB/s]  
