klist
Ticket cache: FILE:/pool/condor/dir_7168/vveckaln.cc
Default principal: vveckaln@CERN.CH

Valid starting     Expires            Service principal
12/26/18 13:07:46  12/27/18 14:07:46  krbtgt/CERN.CH@CERN.CH
	renew until 12/29/18 01:05:40
12/26/18 13:07:47  12/27/18 14:07:46  afs/cern.ch@CERN.CH
	renew until 12/29/18 01:05:40
end klist
ls EOS
analysis_MC13TeV_TTJets
analysis_MC13TeV_TTJets_cflip
analysis_MC13TeV_TTJets_herwig
anothercomparison.cc
bins
cernbox
Chunks
Chunks_test
copy_test
data
flipped
flipped_old
LSF
merged_plots
migration
migration_MC13TeV_TTJets_jec_CorrelationGroupMPFInSitu_up_27.root
processing
reserve
rivet
rivet_results_23_March
rivet_test
rivet_test_21_March
save.root
SWAN_projects
test
testdir
unfolding_cflip
unfolding_nominal
end ls EOS
EXIT_CODE_SCRAM 0
exit code in RunMethodPacked 0
caught error code 0
checking sanity of file /pool/condor/dir_7168/MC13TeV_DY10to50_5.root
file is good
Sanity test done
checking sanity of file /pool/condor/dir_7168/migration_MC13TeV_DY10to50_5.root
file is good
Sanity test done
EXIT_CODE_PYTHON  0
[9.658MB/9.658MB][100%][==================================================][4.829MB/s]  [9.658MB/9.658MB][100%][==================================================][3.219MB/s]  
[23.57kB/23.57kB][100%][==================================================][23.57kB/s]  [23.57kB/23.57kB][100%][==================================================][11.78kB/s]  
