klist
Ticket cache: FILE:/pool/condor/dir_26796/vveckaln.cc
Default principal: vveckaln@CERN.CH

Valid starting     Expires            Service principal
12/26/18 13:08:24  12/27/18 14:08:24  krbtgt/CERN.CH@CERN.CH
	renew until 12/29/18 01:06:34
12/26/18 13:08:25  12/27/18 14:08:24  afs/cern.ch@CERN.CH
	renew until 12/29/18 01:06:34
end klist
ls EOS
analysis_MC13TeV_TTJets
analysis_MC13TeV_TTJets_cflip
analysis_MC13TeV_TTJets_herwig
anothercomparison.cc
bins
cernbox
Chunks
Chunks_test
copy_test
data
flipped
flipped_old
LSF
merged_plots
migration
migration_MC13TeV_TTJets_jec_CorrelationGroupMPFInSitu_up_27.root
processing
reserve
rivet
rivet_results_23_March
rivet_test
rivet_test_21_March
save.root
SWAN_projects
test
testdir
unfolding_cflip
unfolding_nominal
end ls EOS
EXIT_CODE_SCRAM 0
exit code in RunMethodPacked 0
caught error code 0
checking sanity of file /pool/condor/dir_26796/MC13TeV_TTJets_fsrup_63.root
file is good
Sanity test done
checking sanity of file /pool/condor/dir_26796/migration_MC13TeV_TTJets_fsrup_63.root
file is good
Sanity test done
EXIT_CODE_PYTHON  0
[16MB/80.01MB][ 19%][=========>                                        ][16MB/s]  [80MB/80.01MB][ 99%][=================================================>][80MB/s]  [80.01MB/80.01MB][100%][==================================================][80.01MB/s]  [80.01MB/80.01MB][100%][==================================================][40MB/s]  
[16MB/16.02MB][ 99%][=================================================>][16MB/s]  [16.02MB/16.02MB][100%][==================================================][16.02MB/s]  [16.02MB/16.02MB][100%][==================================================][16.02MB/s]  
