klist
Ticket cache: FILE:/pool/condor/dir_20079/vveckaln.cc
Default principal: vveckaln@CERN.CH

Valid starting     Expires            Service principal
12/26/18 06:12:04  12/27/18 07:12:03  krbtgt/CERN.CH@CERN.CH
	renew until 12/28/18 18:10:19
12/26/18 06:12:04  12/27/18 07:12:03  afs/cern.ch@CERN.CH
	renew until 12/28/18 18:10:19
end klist
ls EOS
analysis_MC13TeV_TTJets
analysis_MC13TeV_TTJets_cflip
analysis_MC13TeV_TTJets_herwig
anothercomparison.cc
bins
cernbox
Chunks
Chunks_test
copy_test
data
flipped
flipped_old
LSF
merged_plots
migration
migration_MC13TeV_TTJets_jec_CorrelationGroupMPFInSitu_up_27.root
processing
reserve
rivet
rivet_results_23_March
rivet_test
rivet_test_21_March
save.root
SWAN_projects
test
testdir
unfolding_cflip
unfolding_nominal
end ls EOS
EXIT_CODE_SCRAM 0
exit code in RunMethodPacked 0
caught error code 0
checking sanity of file /pool/condor/dir_20079/MC13TeV_WJets_1.root
file is good
Sanity test done
checking sanity of file /pool/condor/dir_20079/migration_MC13TeV_WJets_1.root
file is good
Sanity test done
EXIT_CODE_PYTHON  0
[12.28MB/12.28MB][100%][==================================================][12.28MB/s]  [12.28MB/12.28MB][100%][==================================================][12.28MB/s]  
[38.03kB/38.03kB][100%][==================================================][38.03kB/s]  [38.03kB/38.03kB][100%][==================================================][38.03kB/s]  
