klist
Ticket cache: FILE:/pool/condor/dir_8737/vveckaln.cc
Default principal: vveckaln@CERN.CH

Valid starting     Expires            Service principal
12/26/18 03:16:23  12/27/18 04:16:23  krbtgt/CERN.CH@CERN.CH
	renew until 12/30/18 07:15:58
12/26/18 03:16:23  12/27/18 04:16:23  afs/cern.ch@CERN.CH
	renew until 12/30/18 07:15:58
end klist
ls EOS
analysis_MC13TeV_TTJets
analysis_MC13TeV_TTJets_cflip
analysis_MC13TeV_TTJets_herwig
anothercomparison.cc
bins
cernbox
Chunks
Chunks_test
copy_test
data
flipped
flipped_old
LSF
merged_plots
migration
migration_MC13TeV_TTJets_jec_CorrelationGroupMPFInSitu_up_27.root
processing
reserve
rivet
rivet_results_23_March
rivet_test
rivet_test_21_March
save.root
SWAN_projects
test
testdir
unfolding_cflip
unfolding_nominal
end ls EOS
EXIT_CODE_SCRAM 0
exit code in RunMethodPacked 0
caught error code 0
checking sanity of file /pool/condor/dir_8737/MC13TeV_TTJets_jec_CorrelationGroupMPFInSitu_up_130.root
file is good
Sanity test done
checking sanity of file /pool/condor/dir_8737/migration_MC13TeV_TTJets_jec_CorrelationGroupMPFInSitu_up_130.root
file is good
Sanity test done
EXIT_CODE_PYTHON  0
[16MB/75.32MB][ 21%][==========>                                       ][16MB/s]  [75.32MB/75.32MB][100%][==================================================][75.32MB/s]  [75.32MB/75.32MB][100%][==================================================][18.83MB/s]  
[6.131MB/6.131MB][100%][==================================================][6.131MB/s]  [6.131MB/6.131MB][100%][==================================================][2.044MB/s]  
