klist
Ticket cache: FILE:/pool/condor/dir_6813/vveckaln.cc
Default principal: vveckaln@CERN.CH

Valid starting     Expires            Service principal
12/26/18 07:02:17  12/27/18 08:02:17  krbtgt/CERN.CH@CERN.CH
	renew until 12/31/18 07:02:17
12/26/18 07:02:18  12/27/18 08:02:17  afs/cern.ch@CERN.CH
	renew until 12/31/18 07:02:17
end klist
ls EOS
analysis_MC13TeV_TTJets
analysis_MC13TeV_TTJets_cflip
analysis_MC13TeV_TTJets_herwig
anothercomparison.cc
bins
cernbox
Chunks
Chunks_test
copy_test
data
flipped
flipped_old
LSF
merged_plots
migration
migration_MC13TeV_TTJets_jec_CorrelationGroupMPFInSitu_up_27.root
processing
reserve
rivet
rivet_results_23_March
rivet_test
rivet_test_21_March
save.root
SWAN_projects
test
testdir
unfolding_cflip
unfolding_nominal
end ls EOS
EXIT_CODE_SCRAM 0
exit code in RunMethodPacked 0
caught error code 0
checking sanity of file /pool/condor/dir_6813/MC13TeV_W0Jets_10.root
file is good
Sanity test done
checking sanity of file /pool/condor/dir_6813/migration_MC13TeV_W0Jets_10.root
file is good
Sanity test done
EXIT_CODE_PYTHON  0
[9.084MB/9.084MB][100%][==================================================][9.084MB/s]  [9.084MB/9.084MB][100%][==================================================][9.084MB/s]  
[18.02kB/18.02kB][100%][==================================================][18.02kB/s]  [18.02kB/18.02kB][100%][==================================================][18.02kB/s]  
