klist
Ticket cache: FILE:/pool/condor/dir_31892/vveckaln.cc
Default principal: vveckaln@CERN.CH

Valid starting     Expires            Service principal
01/02/19 12:54:03  01/03/19 13:54:03  krbtgt/CERN.CH@CERN.CH
	renew until 01/07/19 09:42:55
01/02/19 12:56:31  01/03/19 13:54:03  afs/cern.ch@CERN.CH
	renew until 01/07/19 09:42:55
end klist
ls EOS
analysis_MC13TeV_TTJets
analysis_MC13TeV_TTJets_cflip
analysis_MC13TeV_TTJets_herwig
bins
cernbox
Chunks
Chunks_test
copy_test
data
flipped
flipped_old
LSF
merged_plots
migration
migration_MC13TeV_TTJets_jec_CorrelationGroupMPFInSitu_up_27.root
moved.cc
processing
reserve
rivet
rivet_results_23_March
rivet_test
rivet_test_21_March
save.root
SWAN_projects
test
testdir
unfolding_cflip
unfolding_nominal
end ls EOS
EXIT_CODE_SCRAM 0
exit code in RunMethodPacked 0
caught error code 0
checking sanity of file /pool/condor/dir_31892/MC13TeV_TTJets_124.root
file is good
Sanity test done
checking sanity of file /pool/condor/dir_31892/migration_MC13TeV_TTJets_124.root
file is good
Sanity test done
EXIT_CODE_PYTHON  0
[16MB/81.95MB][ 19%][=========>                                        ][16MB/s]  [80MB/81.95MB][ 97%][================================================> ][26.67MB/s]  [81.95MB/81.95MB][100%][==================================================][27.32MB/s]  [81.95MB/81.95MB][100%][==================================================][16.39MB/s]  
[16MB/29.26MB][ 54%][===========================>                      ][16MB/s]  [29.26MB/29.26MB][100%][==================================================][29.26MB/s]  [29.26MB/29.26MB][100%][==================================================][9.753MB/s]  
