klist
Ticket cache: FILE:/pool/condor/dir_32146/vveckaln.cc
Default principal: vveckaln@CERN.CH

Valid starting     Expires            Service principal
01/01/19 23:49:20  01/03/19 00:49:20  krbtgt/CERN.CH@CERN.CH
	renew until 01/05/19 07:24:49
01/01/19 23:49:26  01/03/19 00:49:20  afs/cern.ch@CERN.CH
	renew until 01/05/19 07:24:49
end klist
ls EOS
analysis_MC13TeV_TTJets
analysis_MC13TeV_TTJets_cflip
analysis_MC13TeV_TTJets_herwig
bins
cernbox
Chunks
Chunks_test
copy_test
data
flipped
flipped_old
LSF
merged_plots
migration
migration_MC13TeV_TTJets_jec_CorrelationGroupMPFInSitu_up_27.root
moved.cc
processing
reserve
rivet
rivet_results_23_March
rivet_test
rivet_test_21_March
save.root
SWAN_projects
test
testdir
unfolding_cflip
unfolding_nominal
end ls EOS
EXIT_CODE_SCRAM 0
exit code in RunMethodPacked 0
caught error code 0
checking sanity of file /pool/condor/dir_32146/MC13TeV_TTJets_5.root
file is good
Sanity test done
checking sanity of file /pool/condor/dir_32146/migration_MC13TeV_TTJets_5.root
file is good
Sanity test done
EXIT_CODE_PYTHON  0
[16MB/81.62MB][ 19%][=========>                                        ][16MB/s]  [32MB/81.62MB][ 39%][===================>                              ][10.67MB/s]  [64MB/81.62MB][ 78%][=======================================>          ][16MB/s]  [80MB/81.62MB][ 98%][=================================================>][13.33MB/s]  [81.62MB/81.62MB][100%][==================================================][9.069MB/s]  [81.62MB/81.62MB][100%][==================================================][5.442MB/s]  
[16MB/27.42MB][ 58%][=============================>                    ][16MB/s]  [27.42MB/27.42MB][100%][==================================================][27.42MB/s]  [27.42MB/27.42MB][100%][==================================================][9.141MB/s]  
