klist
Ticket cache: FILE:/pool/condor/dir_29521/vveckaln.cc
Default principal: vveckaln@CERN.CH

Valid starting     Expires            Service principal
12/26/18 09:16:50  12/27/18 10:16:50  krbtgt/CERN.CH@CERN.CH
	renew until 12/30/18 12:19:54
12/26/18 09:16:50  12/27/18 10:16:50  afs/cern.ch@CERN.CH
	renew until 12/30/18 12:19:54
end klist
ls EOS
analysis_MC13TeV_TTJets
analysis_MC13TeV_TTJets_cflip
analysis_MC13TeV_TTJets_herwig
anothercomparison.cc
bins
cernbox
Chunks
Chunks_test
copy_test
data
flipped
flipped_old
LSF
merged_plots
migration
migration_MC13TeV_TTJets_jec_CorrelationGroupMPFInSitu_up_27.root
processing
reserve
rivet
rivet_results_23_March
rivet_test
rivet_test_21_March
save.root
SWAN_projects
test
testdir
unfolding_cflip
unfolding_nominal
end ls EOS
EXIT_CODE_SCRAM 0
exit code in RunMethodPacked 0
caught error code 0
checking sanity of file /pool/condor/dir_29521/MC13TeV_TTJets_jec_CorrelationGroupUncorrelated_up_52.root
file is good
Sanity test done
checking sanity of file /pool/condor/dir_29521/migration_MC13TeV_TTJets_jec_CorrelationGroupUncorrelated_up_52.root
file is good
Sanity test done
EXIT_CODE_PYTHON  0
[16MB/81.46MB][ 19%][=========>                                        ][4MB/s]  [64MB/81.46MB][ 78%][=======================================>          ][12.8MB/s]  [80MB/81.46MB][ 98%][=================================================>][13.33MB/s]  [81.46MB/81.46MB][100%][==================================================][13.58MB/s]  [81.46MB/81.46MB][100%][==================================================][4.287MB/s]  
[16MB/24.9MB][ 64%][================================>                 ][16MB/s]  [24.9MB/24.9MB][100%][==================================================][24.9MB/s]  [24.9MB/24.9MB][100%][==================================================][8.3MB/s]  
