klist
Ticket cache: FILE:/pool/condor/dir_28610/vveckaln.cc
Default principal: vveckaln@CERN.CH

Valid starting     Expires            Service principal
01/02/19 12:54:03  01/03/19 13:54:03  krbtgt/CERN.CH@CERN.CH
	renew until 01/07/19 09:42:55
01/02/19 12:56:17  01/03/19 13:54:03  afs/cern.ch@CERN.CH
	renew until 01/07/19 09:42:55
end klist
ls EOS
analysis_MC13TeV_TTJets
analysis_MC13TeV_TTJets_cflip
analysis_MC13TeV_TTJets_herwig
bins
cernbox
Chunks
Chunks_test
copy_test
data
flipped
flipped_old
LSF
merged_plots
migration
migration_MC13TeV_TTJets_jec_CorrelationGroupMPFInSitu_up_27.root
moved.cc
processing
reserve
rivet
rivet_results_23_March
rivet_test
rivet_test_21_March
save.root
SWAN_projects
test
testdir
unfolding_cflip
unfolding_nominal
end ls EOS
EXIT_CODE_SCRAM 0
exit code in RunMethodPacked 0
caught error code 0
checking sanity of file /pool/condor/dir_28610/MC13TeV_TTJets_68.root
file is good
Sanity test done
checking sanity of file /pool/condor/dir_28610/migration_MC13TeV_TTJets_68.root
file is good
Sanity test done
EXIT_CODE_PYTHON  0
[16MB/80.98MB][ 19%][=========>                                        ][16MB/s]  [80MB/80.98MB][ 98%][=================================================>][80MB/s]  [80.98MB/80.98MB][100%][==================================================][80.98MB/s]  [80.98MB/80.98MB][100%][==================================================][40.49MB/s]  
[16MB/21.82MB][ 73%][====================================>             ][16MB/s]  [21.82MB/21.82MB][100%][==================================================][21.82MB/s]  [21.82MB/21.82MB][100%][==================================================][10.91MB/s]  
