klist
Ticket cache: FILE:/pool/condor/dir_13514/vveckaln.cc
Default principal: vveckaln@CERN.CH

Valid starting     Expires            Service principal
12/26/18 07:01:48  12/27/18 08:01:47  krbtgt/CERN.CH@CERN.CH
	renew until 12/31/18 07:01:47
12/26/18 07:01:49  12/27/18 08:01:47  afs/cern.ch@CERN.CH
	renew until 12/31/18 07:01:47
end klist
ls EOS
analysis_MC13TeV_TTJets
analysis_MC13TeV_TTJets_cflip
analysis_MC13TeV_TTJets_herwig
anothercomparison.cc
bins
cernbox
Chunks
Chunks_test
copy_test
data
flipped
flipped_old
LSF
merged_plots
migration
migration_MC13TeV_TTJets_jec_CorrelationGroupMPFInSitu_up_27.root
processing
reserve
rivet
rivet_results_23_March
rivet_test
rivet_test_21_March
save.root
SWAN_projects
test
testdir
unfolding_cflip
unfolding_nominal
end ls EOS
EXIT_CODE_SCRAM 0
exit code in RunMethodPacked 0
caught error code 0
checking sanity of file /pool/condor/dir_13514/MC13TeV_TTJets_cflip_jec_CorrelationGroupUncorrelated_down_0.root
file is good
Sanity test done
checking sanity of file /pool/condor/dir_13514/migration_MC13TeV_TTJets_cflip_jec_CorrelationGroupUncorrelated_down_0.root
file is good
Sanity test done
EXIT_CODE_PYTHON  0
[16MB/58.19MB][ 27%][=============>                                    ][16MB/s]  [58.19MB/58.19MB][100%][==================================================][58.19MB/s]  [58.19MB/58.19MB][100%][==================================================][58.19MB/s]  
[12.92MB/12.92MB][100%][==================================================][12.92MB/s]  [12.92MB/12.92MB][100%][==================================================][12.92MB/s]  
