klist
Ticket cache: FILE:/pool/condor/dir_7260/vveckaln.cc
Default principal: vveckaln@CERN.CH

Valid starting     Expires            Service principal
12/26/18 13:16:36  12/27/18 14:16:36  krbtgt/CERN.CH@CERN.CH
	renew until 12/29/18 01:14:49
12/26/18 13:16:36  12/27/18 14:16:36  afs/cern.ch@CERN.CH
	renew until 12/29/18 01:14:49
end klist
ls EOS
analysis_MC13TeV_TTJets
analysis_MC13TeV_TTJets_cflip
analysis_MC13TeV_TTJets_herwig
anothercomparison.cc
bins
cernbox
Chunks
Chunks_test
copy_test
data
flipped
flipped_old
LSF
merged_plots
migration
migration_MC13TeV_TTJets_jec_CorrelationGroupMPFInSitu_up_27.root
processing
reserve
rivet
rivet_results_23_March
rivet_test
rivet_test_21_March
save.root
SWAN_projects
test
testdir
unfolding_cflip
unfolding_nominal
end ls EOS
EXIT_CODE_SCRAM 0
exit code in RunMethodPacked 0
caught error code 0
checking sanity of file /pool/condor/dir_7260/MC13TeV_TTJets_btag_light_down_71.root
file is good
Sanity test done
checking sanity of file /pool/condor/dir_7260/migration_MC13TeV_TTJets_btag_light_down_71.root
file is good
Sanity test done
EXIT_CODE_PYTHON  0
[16MB/80.2MB][ 19%][=========>                                        ][16MB/s]  [80.2MB/80.2MB][100%][==================================================][80.2MB/s]  [80.2MB/80.2MB][100%][==================================================][20.05MB/s]  
[16MB/17.87MB][ 89%][============================================>     ][16MB/s]  [17.87MB/17.87MB][100%][==================================================][17.87MB/s]  [17.87MB/17.87MB][100%][==================================================][17.87MB/s]  
