klist
Ticket cache: FILE:/pool/condor/dir_8413/vveckaln.cc
Default principal: vveckaln@CERN.CH

Valid starting     Expires            Service principal
12/26/18 02:06:48  12/27/18 03:06:48  krbtgt/CERN.CH@CERN.CH
	renew until 12/27/18 17:00:15
12/26/18 02:06:48  12/27/18 03:06:48  afs/cern.ch@CERN.CH
	renew until 12/27/18 17:00:15
end klist
ls EOS
analysis_MC13TeV_TTJets
analysis_MC13TeV_TTJets_cflip
analysis_MC13TeV_TTJets_herwig
anothercomparison.cc
bins
cernbox
Chunks
Chunks_test
copy_test
data
flipped
flipped_old
LSF
merged_plots
migration
migration_MC13TeV_TTJets_jec_CorrelationGroupMPFInSitu_up_27.root
processing
reserve
rivet
rivet_results_23_March
rivet_test
rivet_test_21_March
save.root
SWAN_projects
test
testdir
unfolding_cflip
unfolding_nominal
end ls EOS
EXIT_CODE_SCRAM 0
exit code in RunMethodPacked 0
caught error code 0
checking sanity of file /pool/condor/dir_8413/MC13TeV_TTJets2l2nu_amcatnlo_1.root
file is good
Sanity test done
checking sanity of file /pool/condor/dir_8413/migration_MC13TeV_TTJets2l2nu_amcatnlo_1.root
file is good
Sanity test done
EXIT_CODE_PYTHON  0
[16MB/56.54MB][ 28%][==============>                                   ][16MB/s]  [56.54MB/56.54MB][100%][==================================================][56.54MB/s]  [56.54MB/56.54MB][100%][==================================================][18.85MB/s]  
[5.023MB/5.023MB][100%][==================================================][5.023MB/s]  [5.023MB/5.023MB][100%][==================================================][5.023MB/s]  
