klist
Ticket cache: FILE:/pool/condor/dir_3349/vveckaln.cc
Default principal: vveckaln@CERN.CH

Valid starting     Expires            Service principal
12/26/18 01:53:11  12/27/18 02:53:11  krbtgt/CERN.CH@CERN.CH
	renew until 12/29/18 09:52:03
12/26/18 01:53:11  12/27/18 02:53:11  afs/cern.ch@CERN.CH
	renew until 12/29/18 09:52:03
end klist
ls EOS
analysis_MC13TeV_TTJets
analysis_MC13TeV_TTJets_cflip
analysis_MC13TeV_TTJets_herwig
anothercomparison.cc
bins
cernbox
Chunks
Chunks_test
copy_test
data
flipped
flipped_old
LSF
merged_plots
migration
migration_MC13TeV_TTJets_jec_CorrelationGroupMPFInSitu_up_27.root
processing
reserve
rivet
rivet_results_23_March
rivet_test
rivet_test_21_March
save.root
SWAN_projects
test
testdir
unfolding_cflip
unfolding_nominal
end ls EOS
EXIT_CODE_SCRAM 0
exit code in RunMethodPacked 0
caught error code 0
checking sanity of file /pool/condor/dir_3349/MC13TeV_TTJets_btag_light_up_60.root
file is good
Sanity test done
checking sanity of file /pool/condor/dir_3349/migration_MC13TeV_TTJets_btag_light_up_60.root
file is good
Sanity test done
EXIT_CODE_PYTHON  0
[16MB/81.87MB][ 19%][=========>                                        ][16MB/s]  [32MB/81.87MB][ 39%][===================>                              ][32MB/s]  [81.87MB/81.87MB][100%][==================================================][81.87MB/s]  [81.87MB/81.87MB][100%][==================================================][27.29MB/s]  
[16MB/30.13MB][ 53%][==========================>                       ][16MB/s]  [30.13MB/30.13MB][100%][==================================================][30.13MB/s]  [30.13MB/30.13MB][100%][==================================================][15.06MB/s]  
