klist
Ticket cache: FILE:/pool/condor/dir_5710/vveckaln.cc
Default principal: vveckaln@CERN.CH

Valid starting     Expires            Service principal
12/26/18 13:11:53  12/27/18 14:11:53  krbtgt/CERN.CH@CERN.CH
	renew until 12/29/18 01:10:25
12/26/18 13:11:54  12/27/18 14:11:53  afs/cern.ch@CERN.CH
	renew until 12/29/18 01:10:25
end klist
ls EOS
analysis_MC13TeV_TTJets
analysis_MC13TeV_TTJets_cflip
analysis_MC13TeV_TTJets_herwig
anothercomparison.cc
bins
cernbox
Chunks
Chunks_test
copy_test
data
flipped
flipped_old
LSF
merged_plots
migration
migration_MC13TeV_TTJets_jec_CorrelationGroupMPFInSitu_up_27.root
processing
reserve
rivet
rivet_results_23_March
rivet_test
rivet_test_21_March
save.root
SWAN_projects
test
testdir
unfolding_cflip
unfolding_nominal
end ls EOS
EXIT_CODE_SCRAM 0
exit code in RunMethodPacked 0
caught error code 0
checking sanity of file /pool/condor/dir_5710/MC13TeV_TTJets_jec_FlavorPureCharm_up_3.root
file is good
Sanity test done
checking sanity of file /pool/condor/dir_5710/migration_MC13TeV_TTJets_jec_FlavorPureCharm_up_3.root
file is good
Sanity test done
EXIT_CODE_PYTHON  0
[16MB/81.29MB][ 19%][=========>                                        ][16MB/s]  [80MB/81.29MB][ 98%][=================================================>][40MB/s]  [81.29MB/81.29MB][100%][==================================================][40.65MB/s]  [81.29MB/81.29MB][100%][==================================================][27.1MB/s]  
[16MB/24.88MB][ 64%][================================>                 ][2.286MB/s]  [24.88MB/24.88MB][100%][==================================================][3.554MB/s]  [24.88MB/24.88MB][100%][==================================================][1.659MB/s]  
