klist
Ticket cache: FILE:/pool/condor/dir_4088/vveckaln.cc
Default principal: vveckaln@CERN.CH

Valid starting     Expires            Service principal
12/30/18 01:20:30  12/31/18 02:20:30  krbtgt/CERN.CH@CERN.CH
	renew until 01/03/19 05:19:46
12/30/18 01:20:31  12/31/18 02:20:30  afs/cern.ch@CERN.CH
	renew until 01/03/19 05:19:46
end klist
ls EOS
analysis_MC13TeV_TTJets
analysis_MC13TeV_TTJets_cflip
analysis_MC13TeV_TTJets_herwig
bins
cernbox
Chunks
Chunks_test
copy_test
data
flipped
flipped_old
LSF
merged_plots
migration
migration_MC13TeV_TTJets_jec_CorrelationGroupMPFInSitu_up_27.root
moved.cc
processing
reserve
rivet
rivet_results_23_March
rivet_test
rivet_test_21_March
save.root
SWAN_projects
test
testdir
unfolding_cflip
unfolding_nominal
end ls EOS
EXIT_CODE_SCRAM 0
exit code in RunMethodPacked 0
caught error code 0
checking sanity of file /pool/condor/dir_4088/MC13TeV_TTJets_herwig_jer_down_30.root
file is good
Sanity test done
checking sanity of file /pool/condor/dir_4088/migration_MC13TeV_TTJets_herwig_jer_down_30.root
file is good
Sanity test done
EXIT_CODE_PYTHON  0
[16MB/58.33MB][ 27%][=============>                                    ][5.333MB/s]  [58.33MB/58.33MB][100%][==================================================][14.58MB/s]  [58.33MB/58.33MB][100%][==================================================][11.67MB/s]  
[12.37MB/12.37MB][100%][==================================================][12.37MB/s]  [12.37MB/12.37MB][100%][==================================================][12.37MB/s]  
