klist
Ticket cache: FILE:/pool/condor/dir_3163/vveckaln.cc
Default principal: vveckaln@CERN.CH

Valid starting     Expires            Service principal
01/01/19 19:38:35  01/02/19 20:38:35  krbtgt/CERN.CH@CERN.CH
	renew until 01/05/19 02:35:43
01/01/19 19:38:36  01/02/19 20:38:35  afs/cern.ch@CERN.CH
	renew until 01/05/19 02:35:43
end klist
ls EOS
analysis_MC13TeV_TTJets
analysis_MC13TeV_TTJets_cflip
analysis_MC13TeV_TTJets_herwig
bins
cernbox
Chunks
Chunks_test
copy_test
data
flipped
flipped_old
LSF
merged_plots
migration
migration_MC13TeV_TTJets_jec_CorrelationGroupMPFInSitu_up_27.root
moved.cc
processing
reserve
rivet
rivet_results_23_March
rivet_test
rivet_test_21_March
save.root
SWAN_projects
test
testdir
unfolding_cflip
unfolding_nominal
end ls EOS
EXIT_CODE_SCRAM 0
exit code in RunMethodPacked 0
caught error code 0
checking sanity of file /pool/condor/dir_3163/MC13TeV_TTJets_70.root
file is good
Sanity test done
checking sanity of file /pool/condor/dir_3163/migration_MC13TeV_TTJets_70.root
file is good
Sanity test done
EXIT_CODE_PYTHON  0
[16MB/81.6MB][ 19%][=========>                                        ][16MB/s]  [80MB/81.6MB][ 98%][=================================================>][80MB/s]  [81.6MB/81.6MB][100%][==================================================][81.6MB/s]  [81.6MB/81.6MB][100%][==================================================][40.8MB/s]  
[16MB/27.67MB][ 57%][============================>                     ][16MB/s]  [27.67MB/27.67MB][100%][==================================================][27.67MB/s]  [27.67MB/27.67MB][100%][==================================================][27.67MB/s]  
