klist
Ticket cache: FILE:/pool/condor/dir_24737/vveckaln.cc
Default principal: vveckaln@CERN.CH

Valid starting     Expires            Service principal
12/26/18 04:56:51  12/27/18 05:56:51  krbtgt/CERN.CH@CERN.CH
	renew until 12/29/18 12:55:14
12/26/18 04:56:52  12/27/18 05:56:51  afs/cern.ch@CERN.CH
	renew until 12/29/18 12:55:14
end klist
ls EOS
analysis_MC13TeV_TTJets
analysis_MC13TeV_TTJets_cflip
analysis_MC13TeV_TTJets_herwig
anothercomparison.cc
bins
cernbox
Chunks
Chunks_test
copy_test
data
flipped
flipped_old
LSF
merged_plots
migration
migration_MC13TeV_TTJets_jec_CorrelationGroupMPFInSitu_up_27.root
processing
reserve
rivet
rivet_results_23_March
rivet_test
rivet_test_21_March
save.root
SWAN_projects
test
testdir
unfolding_cflip
unfolding_nominal
end ls EOS
EXIT_CODE_SCRAM 0
exit code in RunMethodPacked 0
caught error code 0
checking sanity of file /pool/condor/dir_24737/MC13TeV_QCDMuEnriched50to80_0.root
file is good
Sanity test done
checking sanity of file /pool/condor/dir_24737/migration_MC13TeV_QCDMuEnriched50to80_0.root
file is good
Sanity test done
EXIT_CODE_PYTHON  0
[9.08MB/9.08MB][100%][==================================================][9.08MB/s]  [9.08MB/9.08MB][100%][==================================================][4.54MB/s]  
[18.07kB/18.07kB][100%][==================================================][18.07kB/s]  [18.07kB/18.07kB][100%][==================================================][9.034kB/s]  
