klist
Ticket cache: FILE:/pool/condor/dir_32451/vveckaln.cc
Default principal: vveckaln@CERN.CH

Valid starting     Expires            Service principal
12/26/18 13:08:12  12/27/18 14:08:12  krbtgt/CERN.CH@CERN.CH
	renew until 12/29/18 01:06:45
12/26/18 13:08:12  12/27/18 14:08:12  afs/cern.ch@CERN.CH
	renew until 12/29/18 01:06:45
end klist
ls EOS
analysis_MC13TeV_TTJets
analysis_MC13TeV_TTJets_cflip
analysis_MC13TeV_TTJets_herwig
anothercomparison.cc
bins
cernbox
Chunks
Chunks_test
copy_test
data
flipped
flipped_old
LSF
merged_plots
migration
migration_MC13TeV_TTJets_jec_CorrelationGroupMPFInSitu_up_27.root
processing
reserve
rivet
rivet_results_23_March
rivet_test
rivet_test_21_March
save.root
SWAN_projects
test
testdir
unfolding_cflip
unfolding_nominal
end ls EOS
EXIT_CODE_SCRAM 0
exit code in RunMethodPacked 0
caught error code 0
checking sanity of file /pool/condor/dir_32451/MC13TeV_TTJets_btag_heavy_up_45.root
file is good
Sanity test done
checking sanity of file /pool/condor/dir_32451/migration_MC13TeV_TTJets_btag_heavy_up_45.root
file is good
Sanity test done
EXIT_CODE_PYTHON  0
[16MB/81.18MB][ 19%][=========>                                        ][16MB/s]  [32MB/81.18MB][ 39%][===================>                              ][32MB/s]  [64MB/81.18MB][ 78%][=======================================>          ][32MB/s]  [81.18MB/81.18MB][100%][==================================================][40.59MB/s]  [81.18MB/81.18MB][100%][==================================================][40.59MB/s]  
[16MB/23.31MB][ 68%][==================================>               ][8MB/s]  [23.31MB/23.31MB][100%][==================================================][11.65MB/s]  [23.31MB/23.31MB][100%][==================================================][7.768MB/s]  
