klist
Ticket cache: FILE:/pool/condor/dir_13151/vveckaln.cc
Default principal: vveckaln@CERN.CH

Valid starting     Expires            Service principal
12/26/18 01:46:10  12/27/18 02:46:10  krbtgt/CERN.CH@CERN.CH
	renew until 12/29/18 09:45:17
12/26/18 01:46:11  12/27/18 02:46:10  afs/cern.ch@CERN.CH
	renew until 12/29/18 09:45:17
end klist
ls EOS
analysis_MC13TeV_TTJets
analysis_MC13TeV_TTJets_cflip
analysis_MC13TeV_TTJets_herwig
anothercomparison.cc
bins
cernbox
Chunks
Chunks_test
copy_test
data
flipped
flipped_old
LSF
merged_plots
migration
migration_MC13TeV_TTJets_jec_CorrelationGroupMPFInSitu_up_27.root
processing
reserve
rivet
rivet_results_23_March
rivet_test
rivet_test_21_March
save.root
SWAN_projects
test
testdir
unfolding_cflip
unfolding_nominal
end ls EOS
EXIT_CODE_SCRAM 0
exit code in RunMethodPacked 0
caught error code 0
checking sanity of file /pool/condor/dir_13151/MC13TeV_TTJets_widthx8_2.root
file is good
Sanity test done
checking sanity of file /pool/condor/dir_13151/migration_MC13TeV_TTJets_widthx8_2.root
file is good
Sanity test done
EXIT_CODE_PYTHON  0
[16MB/57.5MB][ 27%][=============>                                    ][16MB/s]  [57.5MB/57.5MB][100%][==================================================][57.5MB/s]  [57.5MB/57.5MB][100%][==================================================][57.5MB/s]  
[9.528MB/9.528MB][100%][==================================================][9.528MB/s]  [9.528MB/9.528MB][100%][==================================================][9.528MB/s]  
