klist
Ticket cache: FILE:/pool/condor/dir_19206/vveckaln.cc
Default principal: vveckaln@CERN.CH

Valid starting     Expires            Service principal
12/26/18 09:10:26  12/27/18 10:10:26  krbtgt/CERN.CH@CERN.CH
	renew until 12/30/18 12:19:54
12/26/18 09:10:26  12/27/18 10:10:26  afs/cern.ch@CERN.CH
	renew until 12/30/18 12:19:54
end klist
ls EOS
analysis_MC13TeV_TTJets
analysis_MC13TeV_TTJets_cflip
analysis_MC13TeV_TTJets_herwig
anothercomparison.cc
bins
cernbox
Chunks
Chunks_test
copy_test
data
flipped
flipped_old
LSF
merged_plots
migration
migration_MC13TeV_TTJets_jec_CorrelationGroupMPFInSitu_up_27.root
processing
reserve
rivet
rivet_results_23_March
rivet_test
rivet_test_21_March
save.root
SWAN_projects
test
testdir
unfolding_cflip
unfolding_nominal
end ls EOS
EXIT_CODE_SCRAM 0
exit code in RunMethodPacked 0
caught error code 0
checking sanity of file /pool/condor/dir_19206/MC13TeV_TTJets_btag_heavy_up_19.root
file is good
Sanity test done
checking sanity of file /pool/condor/dir_19206/migration_MC13TeV_TTJets_btag_heavy_up_19.root
file is good
Sanity test done
EXIT_CODE_PYTHON  0
[16MB/81.48MB][ 19%][=========>                                        ][528.5kB/s]  [32MB/81.48MB][ 39%][===================>                              ][910.2kB/s]  [48MB/81.48MB][ 58%][=============================>                    ][1.171MB/s]  [64MB/81.48MB][ 78%][=======================================>          ][1.455MB/s]  [80MB/81.48MB][ 98%][=================================================>][1.569MB/s]  [81.48MB/81.48MB][100%][==================================================][1.598MB/s]  [81.48MB/81.48MB][100%][==================================================][1.116MB/s]  
[16MB/25.51MB][ 62%][===============================>                  ][910.2kB/s]  [25.51MB/25.51MB][100%][==================================================][1005kB/s]  [25.51MB/25.51MB][100%][==================================================][746.4kB/s]  
