klist
Ticket cache: FILE:/pool/condor/dir_13466/vveckaln.cc
Default principal: vveckaln@CERN.CH

Valid starting     Expires            Service principal
12/30/18 12:11:08  12/31/18 13:11:08  krbtgt/CERN.CH@CERN.CH
	renew until 01/02/19 20:10:36
12/30/18 12:11:09  12/31/18 13:11:08  afs/cern.ch@CERN.CH
	renew until 01/02/19 20:10:36
end klist
ls EOS
analysis_MC13TeV_TTJets
analysis_MC13TeV_TTJets_cflip
analysis_MC13TeV_TTJets_herwig
bins
cernbox
Chunks
Chunks_test
copy_test
data
flipped
flipped_old
LSF
merged_plots
migration
migration_MC13TeV_TTJets_jec_CorrelationGroupMPFInSitu_up_27.root
moved.cc
processing
reserve
rivet
rivet_results_23_March
rivet_test
rivet_test_21_March
save.root
SWAN_projects
test
testdir
unfolding_cflip
unfolding_nominal
end ls EOS
EXIT_CODE_SCRAM 0
exit code in RunMethodPacked 0
caught error code 0
checking sanity of file /pool/condor/dir_13466/MC13TeV_TTJets_herwig_jec_CorrelationGroupUncorrelated_up_43.root
file is good
Sanity test done
checking sanity of file /pool/condor/dir_13466/migration_MC13TeV_TTJets_herwig_jec_CorrelationGroupUncorrelated_up_43.root
file is good
Sanity test done
EXIT_CODE_PYTHON  0
[16MB/58.75MB][ 27%][=============>                                    ][16MB/s]  [58.75MB/58.75MB][100%][==================================================][58.75MB/s]  [58.75MB/58.75MB][100%][==================================================][29.37MB/s]  
[14.46MB/14.46MB][100%][==================================================][14.46MB/s]  [14.46MB/14.46MB][100%][==================================================][14.46MB/s]  
