klist
Ticket cache: FILE:/pool/condor/dir_12646/vveckaln.cc
Default principal: vveckaln@CERN.CH

Valid starting     Expires            Service principal
12/26/18 13:08:49  12/27/18 14:08:49  krbtgt/CERN.CH@CERN.CH
	renew until 12/29/18 01:08:12
12/26/18 13:08:50  12/27/18 14:08:49  afs/cern.ch@CERN.CH
	renew until 12/29/18 01:08:12
end klist
ls EOS
analysis_MC13TeV_TTJets
analysis_MC13TeV_TTJets_cflip
analysis_MC13TeV_TTJets_herwig
anothercomparison.cc
bins
cernbox
Chunks
Chunks_test
copy_test
data
flipped
flipped_old
LSF
merged_plots
migration
migration_MC13TeV_TTJets_jec_CorrelationGroupMPFInSitu_up_27.root
processing
reserve
rivet
rivet_results_23_March
rivet_test
rivet_test_21_March
save.root
SWAN_projects
test
testdir
unfolding_cflip
unfolding_nominal
end ls EOS
EXIT_CODE_SCRAM 0
exit code in RunMethodPacked 0
caught error code 0
checking sanity of file /pool/condor/dir_12646/MC13TeV_TTJets_jec_FlavorPureBottom_down_17.root
file is good
Sanity test done
checking sanity of file /pool/condor/dir_12646/migration_MC13TeV_TTJets_jec_FlavorPureBottom_down_17.root
file is good
Sanity test done
EXIT_CODE_PYTHON  0
[16MB/81.26MB][ 19%][=========>                                        ][16MB/s]  [80MB/81.26MB][ 98%][=================================================>][40MB/s]  [81.26MB/81.26MB][100%][==================================================][40.63MB/s]  [81.26MB/81.26MB][100%][==================================================][27.09MB/s]  
[16MB/24.55MB][ 65%][================================>                 ][16MB/s]  [24.55MB/24.55MB][100%][==================================================][24.55MB/s]  [24.55MB/24.55MB][100%][==================================================][12.27MB/s]  
