klist
Ticket cache: FILE:/pool/condor/dir_17051/vveckaln.cc
Default principal: vveckaln@CERN.CH

Valid starting     Expires            Service principal
12/26/18 08:13:32  12/27/18 09:13:32  krbtgt/CERN.CH@CERN.CH
	renew until 12/28/18 20:11:48
12/26/18 08:13:33  12/27/18 09:13:32  afs/cern.ch@CERN.CH
	renew until 12/28/18 20:11:48
end klist
ls EOS
analysis_MC13TeV_TTJets
analysis_MC13TeV_TTJets_cflip
analysis_MC13TeV_TTJets_herwig
anothercomparison.cc
bins
cernbox
Chunks
Chunks_test
copy_test
data
flipped
flipped_old
LSF
merged_plots
migration
migration_MC13TeV_TTJets_jec_CorrelationGroupMPFInSitu_up_27.root
processing
reserve
rivet
rivet_results_23_March
rivet_test
rivet_test_21_March
save.root
SWAN_projects
test
testdir
unfolding_cflip
unfolding_nominal
end ls EOS
EXIT_CODE_SCRAM 0
exit code in RunMethodPacked 0
caught error code 0
checking sanity of file /pool/condor/dir_17051/MC13TeV_TTJets_erdON_23.root
file is good
Sanity test done
checking sanity of file /pool/condor/dir_17051/migration_MC13TeV_TTJets_erdON_23.root
file is good
Sanity test done
EXIT_CODE_PYTHON  0
[16MB/78.44MB][ 20%][==========>                                       ][16MB/s]  [78.44MB/78.44MB][100%][==================================================][78.44MB/s]  [78.44MB/78.44MB][100%][==================================================][39.22MB/s]  
[10.99MB/10.99MB][100%][==================================================][10.99MB/s]  [10.99MB/10.99MB][100%][==================================================][10.99MB/s]  
