klist
Ticket cache: FILE:/pool/condor/dir_11806/vveckaln.cc
Default principal: vveckaln@CERN.CH

Valid starting     Expires            Service principal
12/26/18 21:55:55  12/27/18 17:00:15  krbtgt/CERN.CH@CERN.CH
	renew until 12/27/18 17:00:15
12/26/18 21:55:56  12/27/18 17:00:15  afs/cern.ch@CERN.CH
	renew until 12/27/18 17:00:15
end klist
ls EOS
analysis_MC13TeV_TTJets
analysis_MC13TeV_TTJets_cflip
analysis_MC13TeV_TTJets_herwig
anothercomparison.cc
bins
cernbox
Chunks
Chunks_test
copy_test
data
flipped
flipped_old
LSF
merged_plots
migration
migration_MC13TeV_TTJets_jec_CorrelationGroupMPFInSitu_up_27.root
processing
reserve
rivet
rivet_results_23_March
rivet_test
rivet_test_21_March
save.root
SWAN_projects
test
testdir
unfolding_cflip
unfolding_nominal
end ls EOS
EXIT_CODE_SCRAM 0
exit code in RunMethodPacked 0
caught error code 0
checking sanity of file /pool/condor/dir_11806/MC13TeV_TTJets_jec_FlavorPureQuark_down_58.root
file is good
Sanity test done
checking sanity of file /pool/condor/dir_11806/migration_MC13TeV_TTJets_jec_FlavorPureQuark_down_58.root
file is good
Sanity test done
EXIT_CODE_PYTHON  0
[16MB/81.74MB][ 19%][=========>                                        ][5.333MB/s]  [81.74MB/81.74MB][100%][==================================================][27.25MB/s]  [81.74MB/81.74MB][100%][==================================================][13.62MB/s]  
[16MB/28.23MB][ 56%][============================>                     ][1.778MB/s]  [28.23MB/28.23MB][100%][==================================================][3.137MB/s]  [28.23MB/28.23MB][100%][==================================================][1.227MB/s]  
