klist
Ticket cache: FILE:/pool/condor/dir_10556/vveckaln.cc
Default principal: vveckaln@CERN.CH

Valid starting     Expires            Service principal
12/26/18 01:54:59  12/27/18 02:54:59  krbtgt/CERN.CH@CERN.CH
	renew until 12/27/18 17:00:15
12/26/18 01:54:59  12/27/18 02:54:59  afs/cern.ch@CERN.CH
	renew until 12/27/18 17:00:15
end klist
ls EOS
analysis_MC13TeV_TTJets
analysis_MC13TeV_TTJets_cflip
analysis_MC13TeV_TTJets_herwig
anothercomparison.cc
bins
cernbox
Chunks
Chunks_test
copy_test
data
flipped
flipped_old
LSF
merged_plots
migration
migration_MC13TeV_TTJets_jec_CorrelationGroupMPFInSitu_up_27.root
processing
reserve
rivet
rivet_results_23_March
rivet_test
rivet_test_21_March
save.root
SWAN_projects
test
testdir
unfolding_cflip
unfolding_nominal
end ls EOS
EXIT_CODE_SCRAM 0
exit code in RunMethodPacked 0
caught error code 0
checking sanity of file /pool/condor/dir_10556/MC13TeV_TTJets_jec_CorrelationGroupUncorrelated_up_134.root
file is good
Sanity test done
checking sanity of file /pool/condor/dir_10556/migration_MC13TeV_TTJets_jec_CorrelationGroupUncorrelated_up_134.root
file is good
Sanity test done
EXIT_CODE_PYTHON  0
[16MB/81.4MB][ 19%][=========>                                        ][16MB/s]  [80MB/81.4MB][ 98%][=================================================>][80MB/s]  [81.4MB/81.4MB][100%][==================================================][81.4MB/s]  [81.4MB/81.4MB][100%][==================================================][40.7MB/s]  
[16MB/25.43MB][ 62%][===============================>                  ][16MB/s]  [25.43MB/25.43MB][100%][==================================================][25.43MB/s]  [25.43MB/25.43MB][100%][==================================================][12.72MB/s]  
