klist
Ticket cache: FILE:/pool/condor/dir_30165/vveckaln.cc
Default principal: vveckaln@CERN.CH

Valid starting     Expires            Service principal
12/30/18 07:19:59  12/31/18 08:19:59  krbtgt/CERN.CH@CERN.CH
	renew until 01/04/19 07:19:59
12/30/18 07:19:59  12/31/18 08:19:59  afs/cern.ch@CERN.CH
	renew until 01/04/19 07:19:59
end klist
ls EOS
analysis_MC13TeV_TTJets
analysis_MC13TeV_TTJets_cflip
analysis_MC13TeV_TTJets_herwig
bins
cernbox
Chunks
Chunks_test
copy_test
data
flipped
flipped_old
LSF
merged_plots
migration
migration_MC13TeV_TTJets_jec_CorrelationGroupMPFInSitu_up_27.root
moved.cc
processing
reserve
rivet
rivet_results_23_March
rivet_test
rivet_test_21_March
save.root
SWAN_projects
test
testdir
unfolding_cflip
unfolding_nominal
end ls EOS
EXIT_CODE_SCRAM 0
exit code in RunMethodPacked 0
caught error code 0
checking sanity of file /pool/condor/dir_30165/MC13TeV_TTJets_herwig_jec_CorrelationGroupUncorrelated_up_13.root
file is good
Sanity test done
checking sanity of file /pool/condor/dir_30165/migration_MC13TeV_TTJets_herwig_jec_CorrelationGroupUncorrelated_up_13.root
file is good
Sanity test done
EXIT_CODE_PYTHON  0
[16MB/58.81MB][ 27%][=============>                                    ][16MB/s]  [58.81MB/58.81MB][100%][==================================================][58.81MB/s]  [58.81MB/58.81MB][100%][==================================================][58.81MB/s]  
[15.1MB/15.1MB][100%][==================================================][15.1MB/s]  [15.1MB/15.1MB][100%][==================================================][15.1MB/s]  
