klist
Ticket cache: FILE:/pool/condor/dir_22517/vveckaln.cc
Default principal: vveckaln@CERN.CH

Valid starting     Expires            Service principal
12/26/18 09:01:59  12/27/18 10:01:59  krbtgt/CERN.CH@CERN.CH
	renew until 12/29/18 12:07:26
12/26/18 09:02:00  12/27/18 10:01:59  afs/cern.ch@CERN.CH
	renew until 12/29/18 12:07:26
end klist
ls EOS
analysis_MC13TeV_TTJets
analysis_MC13TeV_TTJets_cflip
analysis_MC13TeV_TTJets_herwig
anothercomparison.cc
bins
cernbox
Chunks
Chunks_test
copy_test
data
flipped
flipped_old
LSF
merged_plots
migration
migration_MC13TeV_TTJets_jec_CorrelationGroupMPFInSitu_up_27.root
processing
reserve
rivet
rivet_results_23_March
rivet_test
rivet_test_21_March
save.root
SWAN_projects
test
testdir
unfolding_cflip
unfolding_nominal
end ls EOS
EXIT_CODE_SCRAM 0
exit code in RunMethodPacked 0
caught error code 0
checking sanity of file /pool/condor/dir_22517/MC13TeV_TTJets_jec_RelativeFSR_down_39.root
file is good
Sanity test done
checking sanity of file /pool/condor/dir_22517/migration_MC13TeV_TTJets_jec_RelativeFSR_down_39.root
file is good
Sanity test done
EXIT_CODE_PYTHON  0
[16MB/81.53MB][ 19%][=========>                                        ][4MB/s]  [81.53MB/81.53MB][100%][==================================================][20.38MB/s]  [81.53MB/81.53MB][100%][==================================================][11.65MB/s]  
[16MB/26.2MB][ 61%][==============================>                   ][16MB/s]  [26.2MB/26.2MB][100%][==================================================][26.2MB/s]  [26.2MB/26.2MB][100%][==================================================][26.2MB/s]  
