klist
Ticket cache: FILE:/pool/condor/dir_4794/vveckaln.cc
Default principal: vveckaln@CERN.CH

Valid starting     Expires            Service principal
12/30/18 07:19:55  12/31/18 08:19:55  krbtgt/CERN.CH@CERN.CH
	renew until 01/04/19 07:19:55
12/30/18 07:19:56  12/31/18 08:19:55  afs/cern.ch@CERN.CH
	renew until 01/04/19 07:19:55
end klist
ls EOS
analysis_MC13TeV_TTJets
analysis_MC13TeV_TTJets_cflip
analysis_MC13TeV_TTJets_herwig
bins
cernbox
Chunks
Chunks_test
copy_test
data
flipped
flipped_old
LSF
merged_plots
migration
migration_MC13TeV_TTJets_jec_CorrelationGroupMPFInSitu_up_27.root
moved.cc
processing
reserve
rivet
rivet_results_23_March
rivet_test
rivet_test_21_March
save.root
SWAN_projects
test
testdir
unfolding_cflip
unfolding_nominal
end ls EOS
EXIT_CODE_SCRAM 0
exit code in RunMethodPacked 0
caught error code 0
checking sanity of file /pool/condor/dir_4794/MC13TeV_TTJets_herwig_btag_heavy_up_45.root
file is good
Sanity test done
checking sanity of file /pool/condor/dir_4794/migration_MC13TeV_TTJets_herwig_btag_heavy_up_45.root
file is good
Sanity test done
EXIT_CODE_PYTHON  0
[16MB/58.69MB][ 27%][=============>                                    ][16MB/s]  [32MB/58.69MB][ 54%][===========================>                      ][10.67MB/s]  [48MB/58.69MB][ 81%][========================================>         ][12MB/s]  [58.69MB/58.69MB][100%][==================================================][14.67MB/s]  [58.69MB/58.69MB][100%][==================================================][14.67MB/s]  
[14.65MB/14.65MB][100%][==================================================][14.65MB/s]  [14.65MB/14.65MB][100%][==================================================][14.65MB/s]  
