klist
Ticket cache: FILE:/pool/condor/dir_8737/vveckaln.cc
Default principal: vveckaln@CERN.CH

Valid starting     Expires            Service principal
12/26/18 09:11:08  12/27/18 10:11:08  krbtgt/CERN.CH@CERN.CH
	renew until 12/30/18 12:19:54
12/26/18 09:11:09  12/27/18 10:11:08  afs/cern.ch@CERN.CH
	renew until 12/30/18 12:19:54
end klist
ls EOS
analysis_MC13TeV_TTJets
analysis_MC13TeV_TTJets_cflip
analysis_MC13TeV_TTJets_herwig
anothercomparison.cc
bins
cernbox
Chunks
Chunks_test
copy_test
data
flipped
flipped_old
LSF
merged_plots
migration
migration_MC13TeV_TTJets_jec_CorrelationGroupMPFInSitu_up_27.root
processing
reserve
rivet
rivet_results_23_March
rivet_test
rivet_test_21_March
save.root
SWAN_projects
test
testdir
unfolding_cflip
unfolding_nominal
end ls EOS
EXIT_CODE_SCRAM 0
exit code in RunMethodPacked 0
caught error code 0
checking sanity of file /pool/condor/dir_8737/MC13TeV_TTJets_csv_light_up_78.root
file is good
Sanity test done
checking sanity of file /pool/condor/dir_8737/migration_MC13TeV_TTJets_csv_light_up_78.root
file is good
Sanity test done
EXIT_CODE_PYTHON  0
[16MB/81.93MB][ 19%][=========>                                        ][16MB/s]  [48MB/81.93MB][ 58%][=============================>                    ][48MB/s]  [81.93MB/81.93MB][100%][==================================================][81.93MB/s]  [81.93MB/81.93MB][100%][==================================================][40.97MB/s]  
[16MB/30.24MB][ 52%][==========================>                       ][16MB/s]  [30.24MB/30.24MB][100%][==================================================][30.24MB/s]  [30.24MB/30.24MB][100%][==================================================][15.12MB/s]  
