klist
Ticket cache: FILE:/pool/condor/dir_12105/vveckaln.cc
Default principal: vveckaln@CERN.CH

Valid starting     Expires            Service principal
12/26/18 13:07:55  12/27/18 14:07:54  krbtgt/CERN.CH@CERN.CH
	renew until 12/29/18 01:05:55
12/26/18 13:07:56  12/27/18 14:07:54  afs/cern.ch@CERN.CH
	renew until 12/29/18 01:05:55
end klist
ls EOS
analysis_MC13TeV_TTJets
analysis_MC13TeV_TTJets_cflip
analysis_MC13TeV_TTJets_herwig
anothercomparison.cc
bins
cernbox
Chunks
Chunks_test
copy_test
data
flipped
flipped_old
LSF
merged_plots
migration
migration_MC13TeV_TTJets_jec_CorrelationGroupMPFInSitu_up_27.root
processing
reserve
rivet
rivet_results_23_March
rivet_test
rivet_test_21_March
save.root
SWAN_projects
test
testdir
unfolding_cflip
unfolding_nominal
end ls EOS
EXIT_CODE_SCRAM 0
exit code in RunMethodPacked 0
caught error code 0
checking sanity of file /pool/condor/dir_12105/MC13TeV_TTJets_jec_RelativeFSR_up_21.root
file is good
Sanity test done
checking sanity of file /pool/condor/dir_12105/migration_MC13TeV_TTJets_jec_RelativeFSR_up_21.root
file is good
Sanity test done
EXIT_CODE_PYTHON  0
[16MB/81.19MB][ 19%][=========>                                        ][16MB/s]  [80MB/81.19MB][ 98%][=================================================>][80MB/s]  [81.19MB/81.19MB][100%][==================================================][81.19MB/s]  [81.19MB/81.19MB][100%][==================================================][40.59MB/s]  
[16MB/23.85MB][ 67%][=================================>                ][16MB/s]  [23.85MB/23.85MB][100%][==================================================][23.85MB/s]  [23.85MB/23.85MB][100%][==================================================][11.93MB/s]  
