klist
Ticket cache: FILE:/pool/condor/dir_20302/vveckaln.cc
Default principal: vveckaln@CERN.CH

Valid starting     Expires            Service principal
12/26/18 13:09:04  12/27/18 14:09:04  krbtgt/CERN.CH@CERN.CH
	renew until 12/29/18 01:07:46
12/26/18 13:09:05  12/27/18 14:09:04  afs/cern.ch@CERN.CH
	renew until 12/29/18 01:07:46
end klist
ls EOS
analysis_MC13TeV_TTJets
analysis_MC13TeV_TTJets_cflip
analysis_MC13TeV_TTJets_herwig
anothercomparison.cc
bins
cernbox
Chunks
Chunks_test
copy_test
data
flipped
flipped_old
LSF
merged_plots
migration
migration_MC13TeV_TTJets_jec_CorrelationGroupMPFInSitu_up_27.root
processing
reserve
rivet
rivet_results_23_March
rivet_test
rivet_test_21_March
save.root
SWAN_projects
test
testdir
unfolding_cflip
unfolding_nominal
end ls EOS
EXIT_CODE_SCRAM 0
exit code in RunMethodPacked 0
caught error code 0
checking sanity of file /pool/condor/dir_20302/MC13TeV_TTJets_jec_FlavorPureQuark_up_11.root
file is good
Sanity test done
checking sanity of file /pool/condor/dir_20302/migration_MC13TeV_TTJets_jec_FlavorPureQuark_up_11.root
file is good
Sanity test done
EXIT_CODE_PYTHON  0
[16MB/81.15MB][ 19%][=========>                                        ][16MB/s]  [81.15MB/81.15MB][100%][==================================================][81.15MB/s]  [81.15MB/81.15MB][100%][==================================================][40.58MB/s]  
[16MB/23.7MB][ 67%][=================================>                ][16MB/s]  [23.7MB/23.7MB][100%][==================================================][23.7MB/s]  [23.7MB/23.7MB][100%][==================================================][23.7MB/s]  
