klist
Ticket cache: FILE:/pool/condor/dir_27224/vveckaln.cc
Default principal: vveckaln@CERN.CH

Valid starting     Expires            Service principal
12/26/18 01:55:25  12/27/18 02:55:25  krbtgt/CERN.CH@CERN.CH
	renew until 12/27/18 17:00:15
12/26/18 01:55:25  12/27/18 02:55:25  afs/cern.ch@CERN.CH
	renew until 12/27/18 17:00:15
end klist
ls EOS
analysis_MC13TeV_TTJets
analysis_MC13TeV_TTJets_cflip
analysis_MC13TeV_TTJets_herwig
anothercomparison.cc
bins
cernbox
Chunks
Chunks_test
copy_test
data
flipped
flipped_old
LSF
merged_plots
migration
migration_MC13TeV_TTJets_jec_CorrelationGroupMPFInSitu_up_27.root
processing
reserve
rivet
rivet_results_23_March
rivet_test
rivet_test_21_March
save.root
SWAN_projects
test
testdir
unfolding_cflip
unfolding_nominal
end ls EOS
EXIT_CODE_SCRAM 0
exit code in RunMethodPacked 0
caught error code 0
checking sanity of file /pool/condor/dir_27224/MC13TeV_TTJets_jec_CorrelationGroupUncorrelated_down_60.root
file is good
Sanity test done
checking sanity of file /pool/condor/dir_27224/migration_MC13TeV_TTJets_jec_CorrelationGroupUncorrelated_down_60.root
file is good
Sanity test done
EXIT_CODE_PYTHON  0
[16MB/81.82MB][ 19%][=========>                                        ][3.2MB/s]  [32MB/81.82MB][ 39%][===================>                              ][3.556MB/s]  [48MB/81.82MB][ 58%][=============================>                    ][4.364MB/s]  [64MB/81.82MB][ 78%][=======================================>          ][4.267MB/s]  [80MB/81.82MB][ 97%][================================================> ][4.444MB/s]  [81.82MB/81.82MB][100%][==================================================][4.546MB/s]  [81.82MB/81.82MB][100%][==================================================][3.409MB/s]  
[16MB/29.96MB][ 53%][==========================>                       ][4MB/s]  [29.96MB/29.96MB][100%][==================================================][5.991MB/s]  [29.96MB/29.96MB][100%][==================================================][4.28MB/s]  
