klist
Ticket cache: FILE:/pool/condor/dir_13873/vveckaln.cc
Default principal: vveckaln@CERN.CH

Valid starting     Expires            Service principal
12/26/18 03:15:14  12/27/18 04:15:14  krbtgt/CERN.CH@CERN.CH
	renew until 12/30/18 07:14:49
12/26/18 03:15:15  12/27/18 04:15:14  afs/cern.ch@CERN.CH
	renew until 12/30/18 07:14:49
end klist
ls EOS
analysis_MC13TeV_TTJets
analysis_MC13TeV_TTJets_cflip
analysis_MC13TeV_TTJets_herwig
anothercomparison.cc
bins
cernbox
Chunks
Chunks_test
copy_test
data
flipped
flipped_old
LSF
merged_plots
migration
migration_MC13TeV_TTJets_jec_CorrelationGroupMPFInSitu_up_27.root
processing
reserve
rivet
rivet_results_23_March
rivet_test
rivet_test_21_March
save.root
SWAN_projects
test
testdir
unfolding_cflip
unfolding_nominal
end ls EOS
EXIT_CODE_SCRAM 0
exit code in RunMethodPacked 0
caught error code 0
checking sanity of file /pool/condor/dir_13873/MC13TeV_TTJets_btag_heavy_down_119.root
file is good
Sanity test done
checking sanity of file /pool/condor/dir_13873/migration_MC13TeV_TTJets_btag_heavy_down_119.root
file is good
Sanity test done
EXIT_CODE_PYTHON  0
[16MB/81.69MB][ 19%][=========>                                        ][16MB/s]  [80MB/81.69MB][ 97%][================================================> ][80MB/s]  [81.69MB/81.69MB][100%][==================================================][40.85MB/s]  [81.69MB/81.69MB][100%][==================================================][27.23MB/s]  
[16MB/27.84MB][ 57%][============================>                     ][16MB/s]  [27.84MB/27.84MB][100%][==================================================][27.84MB/s]  [27.84MB/27.84MB][100%][==================================================][9.28MB/s]  
