klist
Ticket cache: FILE:/pool/condor/dir_29458/vveckaln.cc
Default principal: vveckaln@CERN.CH

Valid starting     Expires            Service principal
12/26/18 09:10:26  12/27/18 10:10:26  krbtgt/CERN.CH@CERN.CH
	renew until 12/30/18 12:19:54
12/26/18 09:10:26  12/27/18 10:10:26  afs/cern.ch@CERN.CH
	renew until 12/30/18 12:19:54
end klist
ls EOS
analysis_MC13TeV_TTJets
analysis_MC13TeV_TTJets_cflip
analysis_MC13TeV_TTJets_herwig
anothercomparison.cc
bins
cernbox
Chunks
Chunks_test
copy_test
data
flipped
flipped_old
LSF
merged_plots
migration
migration_MC13TeV_TTJets_jec_CorrelationGroupMPFInSitu_up_27.root
processing
reserve
rivet
rivet_results_23_March
rivet_test
rivet_test_21_March
save.root
SWAN_projects
test
testdir
unfolding_cflip
unfolding_nominal
end ls EOS
EXIT_CODE_SCRAM 0
exit code in RunMethodPacked 0
caught error code 0
checking sanity of file /pool/condor/dir_29458/MC13TeV_TTJets_jec_CorrelationGroupUncorrelated_down_40.root
file is good
Sanity test done
checking sanity of file /pool/condor/dir_29458/migration_MC13TeV_TTJets_jec_CorrelationGroupUncorrelated_down_40.root
file is good
Sanity test done
EXIT_CODE_PYTHON  0
[16MB/81.86MB][ 19%][=========>                                        ][5.333MB/s]  [32MB/81.86MB][ 39%][===================>                              ][8MB/s]  [48MB/81.86MB][ 58%][=============================>                    ][9.6MB/s]  [64MB/81.86MB][ 78%][=======================================>          ][10.67MB/s]  [80MB/81.86MB][ 97%][================================================> ][11.43MB/s]  [81.86MB/81.86MB][100%][==================================================][11.69MB/s]  [81.86MB/81.86MB][100%][==================================================][2.274MB/s]  
[16MB/29.97MB][ 53%][==========================>                       ][5.333MB/s]  [29.97MB/29.97MB][100%][==================================================][7.493MB/s]  [29.97MB/29.97MB][100%][==================================================][3.33MB/s]  
