klist
Ticket cache: FILE:/pool/condor/dir_9788/vveckaln.cc
Default principal: vveckaln@CERN.CH

Valid starting     Expires            Service principal
12/26/18 13:11:49  12/27/18 14:11:49  krbtgt/CERN.CH@CERN.CH
	renew until 12/29/18 01:10:08
12/26/18 13:11:50  12/27/18 14:11:49  afs/cern.ch@CERN.CH
	renew until 12/29/18 01:10:08
end klist
ls EOS
analysis_MC13TeV_TTJets
analysis_MC13TeV_TTJets_cflip
analysis_MC13TeV_TTJets_herwig
anothercomparison.cc
bins
cernbox
Chunks
Chunks_test
copy_test
data
flipped
flipped_old
LSF
merged_plots
migration
migration_MC13TeV_TTJets_jec_CorrelationGroupMPFInSitu_up_27.root
processing
reserve
rivet
rivet_results_23_March
rivet_test
rivet_test_21_March
save.root
SWAN_projects
test
testdir
unfolding_cflip
unfolding_nominal
end ls EOS
EXIT_CODE_SCRAM 0
exit code in RunMethodPacked 0
caught error code 0
checking sanity of file /pool/condor/dir_9788/MC13TeV_TTJets_btag_heavy_down_134.root
file is good
Sanity test done
checking sanity of file /pool/condor/dir_9788/migration_MC13TeV_TTJets_btag_heavy_down_134.root
file is good
Sanity test done
EXIT_CODE_PYTHON  0
[16MB/81.29MB][ 19%][=========>                                        ][5.333MB/s]  [32MB/81.29MB][ 39%][===================>                              ][8MB/s]  [48MB/81.29MB][ 59%][=============================>                    ][9.6MB/s]  [64MB/81.29MB][ 78%][=======================================>          ][10.67MB/s]  [80MB/81.29MB][ 98%][=================================================>][10MB/s]  [81.29MB/81.29MB][100%][==================================================][10.16MB/s]  [81.29MB/81.29MB][100%][==================================================][6.774MB/s]  
[16MB/25.24MB][ 63%][===============================>                  ][2.667MB/s]  [25.24MB/25.24MB][100%][==================================================][4.207MB/s]  [25.24MB/25.24MB][100%][==================================================][2.295MB/s]  
