klist
Ticket cache: FILE:/pool/condor/dir_5040/vveckaln.cc
Default principal: vveckaln@CERN.CH

Valid starting     Expires            Service principal
12/26/18 03:51:58  12/27/18 04:51:58  krbtgt/CERN.CH@CERN.CH
	renew until 12/27/18 17:00:15
12/26/18 03:51:58  12/27/18 04:51:58  afs/cern.ch@CERN.CH
	renew until 12/27/18 17:00:15
end klist
ls EOS
analysis_MC13TeV_TTJets
analysis_MC13TeV_TTJets_cflip
analysis_MC13TeV_TTJets_herwig
anothercomparison.cc
bins
cernbox
Chunks
Chunks_test
copy_test
data
flipped
flipped_old
LSF
merged_plots
migration
migration_MC13TeV_TTJets_jec_CorrelationGroupMPFInSitu_up_27.root
processing
reserve
rivet
rivet_results_23_March
rivet_test
rivet_test_21_March
save.root
SWAN_projects
test
testdir
unfolding_cflip
unfolding_nominal
end ls EOS
EXIT_CODE_SCRAM 0
exit code in RunMethodPacked 0
caught error code 0
checking sanity of file /pool/condor/dir_5040/MC13TeV_TTJets_jec_CorrelationGroupUncorrelated_down_36.root
file is good
Sanity test done
checking sanity of file /pool/condor/dir_5040/migration_MC13TeV_TTJets_jec_CorrelationGroupUncorrelated_down_36.root
file is good
Sanity test done
EXIT_CODE_PYTHON  0
[16MB/81.29MB][ 19%][=========>                                        ][16MB/s]  [81.29MB/81.29MB][100%][==================================================][40.64MB/s]  [81.29MB/81.29MB][100%][==================================================][20.32MB/s]  
[16MB/25.3MB][ 63%][===============================>                  ][16MB/s]  [25.3MB/25.3MB][100%][==================================================][25.3MB/s]  [25.3MB/25.3MB][100%][==================================================][6.326MB/s]  
