klist
Ticket cache: FILE:/pool/condor/dir_29514/vveckaln.cc
Default principal: vveckaln@CERN.CH

Valid starting     Expires            Service principal
12/25/18 23:45:18  12/27/18 00:45:18  krbtgt/CERN.CH@CERN.CH
	renew until 12/30/18 23:45:18
12/25/18 23:45:18  12/27/18 00:45:18  afs/cern.ch@CERN.CH
	renew until 12/30/18 23:45:18
end klist
ls EOS
analysis_MC13TeV_TTJets
analysis_MC13TeV_TTJets_cflip
analysis_MC13TeV_TTJets_herwig
anothercomparison.cc
bins
cernbox
Chunks
Chunks_test
copy_test
data
flipped
flipped_old
LSF
merged_plots
migration
migration_MC13TeV_TTJets_jec_CorrelationGroupMPFInSitu_up_27.root
processing
reserve
rivet
rivet_results_23_March
rivet_test
rivet_test_21_March
save.root
SWAN_projects
test
testdir
unfolding_cflip
unfolding_nominal
end ls EOS
EXIT_CODE_SCRAM 0
exit code in RunMethodPacked 0
caught error code 0
checking sanity of file /pool/condor/dir_29514/MC13TeV_TTJets_qcdBased_24.root
file is good
Sanity test done
checking sanity of file /pool/condor/dir_29514/migration_MC13TeV_TTJets_qcdBased_24.root
file is good
Sanity test done
EXIT_CODE_PYTHON  0
[16MB/73.82MB][ 21%][==========>                                       ][16MB/s]  [73.82MB/73.82MB][100%][==================================================][36.91MB/s]  [73.82MB/73.82MB][100%][==================================================][24.61MB/s]  
[4.968MB/4.968MB][100%][==================================================][4.968MB/s]  [4.968MB/4.968MB][100%][==================================================][4.968MB/s]  
