klist
Ticket cache: FILE:/pool/condor/dir_8884/vveckaln.cc
Default principal: vveckaln@CERN.CH

Valid starting     Expires            Service principal
01/02/19 08:49:27  01/03/19 09:49:27  krbtgt/CERN.CH@CERN.CH
	renew until 01/07/19 08:49:27
01/02/19 08:49:42  01/03/19 09:49:27  afs/cern.ch@CERN.CH
	renew until 01/07/19 08:49:27
end klist
ls EOS
analysis_MC13TeV_TTJets
analysis_MC13TeV_TTJets_cflip
analysis_MC13TeV_TTJets_herwig
bins
cernbox
Chunks
Chunks_test
copy_test
data
flipped
flipped_old
LSF
merged_plots
migration
migration_MC13TeV_TTJets_jec_CorrelationGroupMPFInSitu_up_27.root
moved.cc
processing
reserve
rivet
rivet_results_23_March
rivet_test
rivet_test_21_March
save.root
SWAN_projects
test
testdir
unfolding_cflip
unfolding_nominal
end ls EOS
EXIT_CODE_SCRAM 0
exit code in RunMethodPacked 0
caught error code 0
checking sanity of file /pool/condor/dir_8884/MC13TeV_TTJets_23.root
file is good
Sanity test done
checking sanity of file /pool/condor/dir_8884/migration_MC13TeV_TTJets_23.root
file is good
Sanity test done
EXIT_CODE_PYTHON  0
[16MB/81.35MB][ 19%][=========>                                        ][3.2MB/s]  [32MB/81.35MB][ 39%][===================>                              ][4.571MB/s]  [48MB/81.35MB][ 59%][=============================>                    ][4MB/s]  [64MB/81.35MB][ 78%][=======================================>          ][4.267MB/s]  [80MB/81.35MB][ 98%][=================================================>][5MB/s]  [81.35MB/81.35MB][100%][==================================================][5.084MB/s]  [81.35MB/81.35MB][100%][==================================================][5.084MB/s]  
[16MB/24.75MB][ 64%][================================>                 ][4MB/s]  [24.75MB/24.75MB][100%][==================================================][4.95MB/s]  [24.75MB/24.75MB][100%][==================================================][1.904MB/s]  
