klist
Ticket cache: FILE:/pool/condor/dir_12960/vveckaln.cc
Default principal: vveckaln@CERN.CH

Valid starting     Expires            Service principal
12/26/18 13:08:06  12/27/18 14:08:06  krbtgt/CERN.CH@CERN.CH
	renew until 12/29/18 01:06:14
12/26/18 13:08:07  12/27/18 14:08:06  afs/cern.ch@CERN.CH
	renew until 12/29/18 01:06:14
end klist
ls EOS
analysis_MC13TeV_TTJets
analysis_MC13TeV_TTJets_cflip
analysis_MC13TeV_TTJets_herwig
anothercomparison.cc
bins
cernbox
Chunks
Chunks_test
copy_test
data
flipped
flipped_old
LSF
merged_plots
migration
migration_MC13TeV_TTJets_jec_CorrelationGroupMPFInSitu_up_27.root
processing
reserve
rivet
rivet_results_23_March
rivet_test
rivet_test_21_March
save.root
SWAN_projects
test
testdir
unfolding_cflip
unfolding_nominal
end ls EOS
EXIT_CODE_SCRAM 0
exit code in RunMethodPacked 0
caught error code 0
checking sanity of file /pool/condor/dir_12960/MC13TeV_TTJets_jer_down_97.root
file is good
Sanity test done
checking sanity of file /pool/condor/dir_12960/migration_MC13TeV_TTJets_jer_down_97.root
file is good
Sanity test done
EXIT_CODE_PYTHON  0
[16MB/80.86MB][ 19%][=========>                                        ][16MB/s]  [80.86MB/80.86MB][100%][==================================================][80.86MB/s]  [80.86MB/80.86MB][100%][==================================================][80.86MB/s]  
[16MB/20.53MB][ 77%][======================================>           ][16MB/s]  [20.53MB/20.53MB][100%][==================================================][20.53MB/s]  [20.53MB/20.53MB][100%][==================================================][10.26MB/s]  
