klist
Ticket cache: FILE:/pool/condor/dir_7754/vveckaln.cc
Default principal: vveckaln@CERN.CH

Valid starting     Expires            Service principal
12/26/18 13:12:18  12/27/18 14:12:18  krbtgt/CERN.CH@CERN.CH
	renew until 12/29/18 01:10:10
12/26/18 13:12:18  12/27/18 14:12:18  afs/cern.ch@CERN.CH
	renew until 12/29/18 01:10:10
end klist
ls EOS
analysis_MC13TeV_TTJets
analysis_MC13TeV_TTJets_cflip
analysis_MC13TeV_TTJets_herwig
anothercomparison.cc
bins
cernbox
Chunks
Chunks_test
copy_test
data
flipped
flipped_old
LSF
merged_plots
migration
migration_MC13TeV_TTJets_jec_CorrelationGroupMPFInSitu_up_27.root
processing
reserve
rivet
rivet_results_23_March
rivet_test
rivet_test_21_March
save.root
SWAN_projects
test
testdir
unfolding_cflip
unfolding_nominal
end ls EOS
EXIT_CODE_SCRAM 0
exit code in RunMethodPacked 0
caught error code 0
checking sanity of file /pool/condor/dir_7754/MC13TeV_TTJets_jec_FlavorPureBottom_down_61.root
file is good
Sanity test done
checking sanity of file /pool/condor/dir_7754/migration_MC13TeV_TTJets_jec_FlavorPureBottom_down_61.root
file is good
Sanity test done
EXIT_CODE_PYTHON  0
[16MB/81.19MB][ 19%][=========>                                        ][16MB/s]  [81.19MB/81.19MB][100%][==================================================][81.19MB/s]  [81.19MB/81.19MB][100%][==================================================][40.59MB/s]  
[16MB/22.39MB][ 71%][===================================>              ][16MB/s]  [22.39MB/22.39MB][100%][==================================================][22.39MB/s]  [22.39MB/22.39MB][100%][==================================================][11.19MB/s]  
