klist
Ticket cache: FILE:/pool/condor/dir_15193/vveckaln.cc
Default principal: vveckaln@CERN.CH

Valid starting     Expires            Service principal
12/30/18 14:02:29  12/31/18 15:02:29  krbtgt/CERN.CH@CERN.CH
	renew until 01/02/19 21:53:44
12/30/18 14:03:22  12/31/18 15:02:29  afs/cern.ch@CERN.CH
	renew until 01/02/19 21:53:44
end klist
ls EOS
analysis_MC13TeV_TTJets
analysis_MC13TeV_TTJets_cflip
analysis_MC13TeV_TTJets_herwig
bins
cernbox
Chunks
Chunks_test
copy_test
data
flipped
flipped_old
LSF
merged_plots
migration
migration_MC13TeV_TTJets_jec_CorrelationGroupMPFInSitu_up_27.root
moved.cc
processing
reserve
rivet
rivet_results_23_March
rivet_test
rivet_test_21_March
save.root
SWAN_projects
test
testdir
unfolding_cflip
unfolding_nominal
end ls EOS
EXIT_CODE_SCRAM 0
exit code in RunMethodPacked 0
caught error code 0
checking sanity of file /pool/condor/dir_15193/MC13TeV_TTJets_herwig_csv_light_up_35.root
file is good
Sanity test done
checking sanity of file /pool/condor/dir_15193/migration_MC13TeV_TTJets_herwig_csv_light_up_35.root
file is good
Sanity test done
EXIT_CODE_PYTHON  0
[16MB/58.14MB][ 27%][=============>                                    ][16MB/s]  [58.14MB/58.14MB][100%][==================================================][58.14MB/s]  [58.14MB/58.14MB][100%][==================================================][29.07MB/s]  
[11.48MB/11.48MB][100%][==================================================][3.827MB/s]  [11.48MB/11.48MB][100%][==================================================][2.87MB/s]  
