klist
Ticket cache: FILE:/pool/condor/dir_2132/vveckaln.cc
Default principal: vveckaln@CERN.CH

Valid starting     Expires            Service principal
12/26/18 13:12:56  12/27/18 14:12:56  krbtgt/CERN.CH@CERN.CH
	renew until 12/29/18 01:11:20
12/26/18 13:12:56  12/27/18 14:12:56  afs/cern.ch@CERN.CH
	renew until 12/29/18 01:11:20
end klist
ls EOS
analysis_MC13TeV_TTJets
analysis_MC13TeV_TTJets_cflip
analysis_MC13TeV_TTJets_herwig
anothercomparison.cc
bins
cernbox
Chunks
Chunks_test
copy_test
data
flipped
flipped_old
LSF
merged_plots
migration
migration_MC13TeV_TTJets_jec_CorrelationGroupMPFInSitu_up_27.root
processing
reserve
rivet
rivet_results_23_March
rivet_test
rivet_test_21_March
save.root
SWAN_projects
test
testdir
unfolding_cflip
unfolding_nominal
end ls EOS
EXIT_CODE_SCRAM 0
exit code in RunMethodPacked 0
caught error code 0
checking sanity of file /pool/condor/dir_2132/MC13TeV_SingleT_tW_DS_0.root
file is good
Sanity test done
checking sanity of file /pool/condor/dir_2132/migration_MC13TeV_SingleT_tW_DS_0.root
file is good
Sanity test done
EXIT_CODE_PYTHON  0
[16MB/34.55MB][ 46%][=======================>                          ][16MB/s]  [32MB/34.55MB][ 92%][==============================================>   ][32MB/s]  [34.55MB/34.55MB][100%][==================================================][34.55MB/s]  [34.55MB/34.55MB][100%][==================================================][17.27MB/s]  
[2.04MB/2.04MB][100%][==================================================][2.04MB/s]  [2.04MB/2.04MB][100%][==================================================][2.04MB/s]  
