klist
Ticket cache: FILE:/pool/condor/dir_31382/vveckaln.cc
Default principal: vveckaln@CERN.CH

Valid starting     Expires            Service principal
12/26/18 08:45:22  12/27/18 09:45:22  krbtgt/CERN.CH@CERN.CH
	renew until 12/31/18 08:45:22
12/26/18 08:45:22  12/27/18 09:45:22  afs/cern.ch@CERN.CH
	renew until 12/31/18 08:45:22
end klist
ls EOS
analysis_MC13TeV_TTJets
analysis_MC13TeV_TTJets_cflip
analysis_MC13TeV_TTJets_herwig
anothercomparison.cc
bins
cernbox
Chunks
Chunks_test
copy_test
data
flipped
flipped_old
LSF
merged_plots
migration
migration_MC13TeV_TTJets_jec_CorrelationGroupMPFInSitu_up_27.root
processing
reserve
rivet
rivet_results_23_March
rivet_test
rivet_test_21_March
save.root
SWAN_projects
test
testdir
unfolding_cflip
unfolding_nominal
end ls EOS
EXIT_CODE_SCRAM 0
exit code in RunMethodPacked 0
caught error code 0
checking sanity of file /pool/condor/dir_31382/MC13TeV_TTJets_cflip_jec_CorrelationGroupUncorrelated_up_12.root
file is good
Sanity test done
checking sanity of file /pool/condor/dir_31382/migration_MC13TeV_TTJets_cflip_jec_CorrelationGroupUncorrelated_up_12.root
file is good
Sanity test done
EXIT_CODE_PYTHON  0
[16MB/57.67MB][ 27%][=============>                                    ][16MB/s]  [57.67MB/57.67MB][100%][==================================================][57.67MB/s]  [57.67MB/57.67MB][100%][==================================================][57.67MB/s]  
[9.854MB/9.854MB][100%][==================================================][9.854MB/s]  [9.854MB/9.854MB][100%][==================================================][9.854MB/s]  
