klist
Ticket cache: FILE:/pool/condor/dir_16076/vveckaln.cc
Default principal: vveckaln@CERN.CH

Valid starting     Expires            Service principal
12/26/18 07:04:07  12/27/18 08:04:07  krbtgt/CERN.CH@CERN.CH
	renew until 12/31/18 07:04:07
12/26/18 07:04:08  12/27/18 08:04:07  afs/cern.ch@CERN.CH
	renew until 12/31/18 07:04:07
end klist
ls EOS
analysis_MC13TeV_TTJets
analysis_MC13TeV_TTJets_cflip
analysis_MC13TeV_TTJets_herwig
anothercomparison.cc
bins
cernbox
Chunks
Chunks_test
copy_test
data
flipped
flipped_old
LSF
merged_plots
migration
migration_MC13TeV_TTJets_jec_CorrelationGroupMPFInSitu_up_27.root
processing
reserve
rivet
rivet_results_23_March
rivet_test
rivet_test_21_March
save.root
SWAN_projects
test
testdir
unfolding_cflip
unfolding_nominal
end ls EOS
EXIT_CODE_SCRAM 0
exit code in RunMethodPacked 0
caught error code 0
checking sanity of file /pool/condor/dir_16076/MC13TeV_WJets_7.root
file is good
Sanity test done
checking sanity of file /pool/condor/dir_16076/migration_MC13TeV_WJets_7.root
file is good
Sanity test done
EXIT_CODE_PYTHON  0
[10.05MB/10.05MB][100%][==================================================][10.05MB/s]  [10.05MB/10.05MB][100%][==================================================][10.05MB/s]  
[27.44kB/27.44kB][100%][==================================================][27.44kB/s]  [27.44kB/27.44kB][100%][==================================================][27.44kB/s]  
