klist
Ticket cache: FILE:/pool/condor/dir_2269/vveckaln.cc
Default principal: vveckaln@CERN.CH

Valid starting     Expires            Service principal
12/26/18 02:37:20  12/27/18 03:37:19  krbtgt/CERN.CH@CERN.CH
	renew until 12/30/18 06:36:27
12/26/18 02:37:21  12/27/18 03:37:19  afs/cern.ch@CERN.CH
	renew until 12/30/18 06:36:27
end klist
ls EOS
analysis_MC13TeV_TTJets
analysis_MC13TeV_TTJets_cflip
analysis_MC13TeV_TTJets_herwig
anothercomparison.cc
bins
cernbox
Chunks
Chunks_test
copy_test
data
flipped
flipped_old
LSF
merged_plots
migration
migration_MC13TeV_TTJets_jec_CorrelationGroupMPFInSitu_up_27.root
processing
reserve
rivet
rivet_results_23_March
rivet_test
rivet_test_21_March
save.root
SWAN_projects
test
testdir
unfolding_cflip
unfolding_nominal
end ls EOS
EXIT_CODE_SCRAM 0
exit code in RunMethodPacked 0
caught error code 0
checking sanity of file /pool/condor/dir_2269/MC13TeV_TTJets_csv_heavy_down_30.root
file is good
Sanity test done
checking sanity of file /pool/condor/dir_2269/migration_MC13TeV_TTJets_csv_heavy_down_30.root
file is good
Sanity test done
EXIT_CODE_PYTHON  0
[16MB/82.07MB][ 19%][=========>                                        ][16MB/s]  [80MB/82.07MB][ 97%][================================================> ][40MB/s]  [82.07MB/82.07MB][100%][==================================================][41.04MB/s]  [82.07MB/82.07MB][100%][==================================================][20.52MB/s]  
[16MB/30.68MB][ 52%][==========================>                       ][16MB/s]  [30.68MB/30.68MB][100%][==================================================][30.68MB/s]  [30.68MB/30.68MB][100%][==================================================][10.23MB/s]  
