klist
Ticket cache: FILE:/pool/condor/dir_18011/vveckaln.cc
Default principal: vveckaln@CERN.CH

Valid starting     Expires            Service principal
01/01/19 19:26:11  01/02/19 20:26:11  krbtgt/CERN.CH@CERN.CH
	renew until 01/04/19 07:20:18
01/01/19 19:26:13  01/02/19 20:26:11  afs/cern.ch@CERN.CH
	renew until 01/04/19 07:20:18
end klist
ls EOS
analysis_MC13TeV_TTJets
analysis_MC13TeV_TTJets_cflip
analysis_MC13TeV_TTJets_herwig
bins
cernbox
Chunks
Chunks_test
copy_test
data
flipped
flipped_old
LSF
merged_plots
migration
migration_MC13TeV_TTJets_jec_CorrelationGroupMPFInSitu_up_27.root
moved.cc
processing
reserve
rivet
rivet_results_23_March
rivet_test
rivet_test_21_March
save.root
SWAN_projects
test
testdir
unfolding_cflip
unfolding_nominal
end ls EOS
EXIT_CODE_SCRAM 0
exit code in RunMethodPacked 0
caught error code 0
checking sanity of file /pool/condor/dir_18011/MC13TeV_TTJets_96.root
file is good
Sanity test done
checking sanity of file /pool/condor/dir_18011/migration_MC13TeV_TTJets_96.root
file is good
Sanity test done
EXIT_CODE_PYTHON  0
[16MB/81.91MB][ 19%][=========>                                        ][16MB/s]  [80MB/81.91MB][ 97%][================================================> ][80MB/s]  [81.91MB/81.91MB][100%][==================================================][81.91MB/s]  [81.91MB/81.91MB][100%][==================================================][40.96MB/s]  
[16MB/30.43MB][ 52%][==========================>                       ][16MB/s]  [30.43MB/30.43MB][100%][==================================================][30.43MB/s]  [30.43MB/30.43MB][100%][==================================================][30.43MB/s]  
