klist
Ticket cache: FILE:/pool/condor/dir_7065/vveckaln.cc
Default principal: vveckaln@CERN.CH

Valid starting     Expires            Service principal
12/26/18 09:10:26  12/27/18 10:10:26  krbtgt/CERN.CH@CERN.CH
	renew until 12/30/18 12:19:54
12/26/18 09:10:26  12/27/18 10:10:26  afs/cern.ch@CERN.CH
	renew until 12/30/18 12:19:54
end klist
ls EOS
analysis_MC13TeV_TTJets
analysis_MC13TeV_TTJets_cflip
analysis_MC13TeV_TTJets_herwig
anothercomparison.cc
bins
cernbox
Chunks
Chunks_test
copy_test
data
flipped
flipped_old
LSF
merged_plots
migration
migration_MC13TeV_TTJets_jec_CorrelationGroupMPFInSitu_up_27.root
processing
reserve
rivet
rivet_results_23_March
rivet_test
rivet_test_21_March
save.root
SWAN_projects
test
testdir
unfolding_cflip
unfolding_nominal
end ls EOS
EXIT_CODE_SCRAM 0
exit code in RunMethodPacked 0
caught error code 0
checking sanity of file /pool/condor/dir_7065/MC13TeV_TTJets_btag_light_up_68.root
file is good
Sanity test done
checking sanity of file /pool/condor/dir_7065/migration_MC13TeV_TTJets_btag_light_up_68.root
file is good
Sanity test done
EXIT_CODE_PYTHON  0
[16MB/81MB][ 19%][=========>                                        ][16MB/s]  [80MB/81MB][ 98%][=================================================>][40MB/s]  [81MB/81MB][100%][==================================================][40.5MB/s]  [81MB/81MB][100%][==================================================][20.25MB/s]  
[16MB/21.82MB][ 73%][====================================>             ][8MB/s]  [21.82MB/21.82MB][100%][==================================================][10.91MB/s]  [21.82MB/21.82MB][100%][==================================================][5.455MB/s]  
