klist
Ticket cache: FILE:/pool/condor/dir_23205/vveckaln.cc
Default principal: vveckaln@CERN.CH

Valid starting     Expires            Service principal
12/26/18 00:00:57  12/27/18 01:00:57  krbtgt/CERN.CH@CERN.CH
	renew until 12/31/18 00:00:57
12/26/18 00:00:57  12/27/18 01:00:57  afs/cern.ch@CERN.CH
	renew until 12/31/18 00:00:57
end klist
ls EOS
analysis_MC13TeV_TTJets
analysis_MC13TeV_TTJets_cflip
analysis_MC13TeV_TTJets_herwig
anothercomparison.cc
bins
cernbox
Chunks
Chunks_test
copy_test
data
flipped
flipped_old
LSF
merged_plots
migration
migration_MC13TeV_TTJets_jec_CorrelationGroupMPFInSitu_up_27.root
processing
reserve
rivet
rivet_results_23_March
rivet_test
rivet_test_21_March
save.root
SWAN_projects
test
testdir
unfolding_cflip
unfolding_nominal
end ls EOS
EXIT_CODE_SCRAM 0
exit code in RunMethodPacked 0
caught error code 0
checking sanity of file /pool/condor/dir_23205/MC13TeV_TTJets_jec_FlavorPureCharm_up_124.root
file is good
Sanity test done
checking sanity of file /pool/condor/dir_23205/migration_MC13TeV_TTJets_jec_FlavorPureCharm_up_124.root
file is good
Sanity test done
EXIT_CODE_PYTHON  0
[16MB/81.92MB][ 19%][=========>                                        ][8MB/s]  [32MB/81.92MB][ 39%][===================>                              ][3.556MB/s]  [48MB/81.92MB][ 58%][=============================>                    ][3.429MB/s]  [64MB/81.92MB][ 78%][=======================================>          ][4.267MB/s]  [80MB/81.92MB][ 97%][================================================> ][5MB/s]  [81.92MB/81.92MB][100%][==================================================][4.819MB/s]  [81.92MB/81.92MB][100%][==================================================][4.312MB/s]  
[16MB/29.27MB][ 54%][===========================>                      ][16MB/s]  [29.27MB/29.27MB][100%][==================================================][14.64MB/s]  [29.27MB/29.27MB][100%][==================================================][4.181MB/s]  
