klist
Ticket cache: FILE:/pool/condor/dir_12514/vveckaln.cc
Default principal: vveckaln@CERN.CH

Valid starting     Expires            Service principal
12/26/18 13:09:22  12/27/18 14:09:21  krbtgt/CERN.CH@CERN.CH
	renew until 12/29/18 01:07:34
12/26/18 13:09:22  12/27/18 14:09:21  afs/cern.ch@CERN.CH
	renew until 12/29/18 01:07:34
end klist
ls EOS
analysis_MC13TeV_TTJets
analysis_MC13TeV_TTJets_cflip
analysis_MC13TeV_TTJets_herwig
anothercomparison.cc
bins
cernbox
Chunks
Chunks_test
copy_test
data
flipped
flipped_old
LSF
merged_plots
migration
migration_MC13TeV_TTJets_jec_CorrelationGroupMPFInSitu_up_27.root
processing
reserve
rivet
rivet_results_23_March
rivet_test
rivet_test_21_March
save.root
SWAN_projects
test
testdir
unfolding_cflip
unfolding_nominal
end ls EOS
EXIT_CODE_SCRAM 0
exit code in RunMethodPacked 0
caught error code 0
checking sanity of file /pool/condor/dir_12514/MC13TeV_TTJets_jec_RelativeFSR_up_93.root
file is good
Sanity test done
checking sanity of file /pool/condor/dir_12514/migration_MC13TeV_TTJets_jec_RelativeFSR_up_93.root
file is good
Sanity test done
EXIT_CODE_PYTHON  0
[16MB/80.53MB][ 19%][=========>                                        ][16MB/s]  [48MB/80.53MB][ 59%][=============================>                    ][48MB/s]  [80.53MB/80.53MB][100%][==================================================][80.53MB/s]  [80.53MB/80.53MB][100%][==================================================][40.27MB/s]  
[16MB/18.24MB][ 87%][===========================================>      ][16MB/s]  [18.24MB/18.24MB][100%][==================================================][18.24MB/s]  [18.24MB/18.24MB][100%][==================================================][18.24MB/s]  
