klist
Ticket cache: FILE:/pool/condor/dir_686/vveckaln.cc
Default principal: vveckaln@CERN.CH

Valid starting     Expires            Service principal
12/26/18 13:07:42  12/27/18 14:07:42  krbtgt/CERN.CH@CERN.CH
	renew until 12/29/18 01:06:49
12/26/18 13:07:43  12/27/18 14:07:42  afs/cern.ch@CERN.CH
	renew until 12/29/18 01:06:49
end klist
ls EOS
analysis_MC13TeV_TTJets
analysis_MC13TeV_TTJets_cflip
analysis_MC13TeV_TTJets_herwig
anothercomparison.cc
bins
cernbox
Chunks
Chunks_test
copy_test
data
flipped
flipped_old
LSF
merged_plots
migration
migration_MC13TeV_TTJets_jec_CorrelationGroupMPFInSitu_up_27.root
processing
reserve
rivet
rivet_results_23_March
rivet_test
rivet_test_21_March
save.root
SWAN_projects
test
testdir
unfolding_cflip
unfolding_nominal
end ls EOS
EXIT_CODE_SCRAM 0
exit code in RunMethodPacked 0
caught error code 0
checking sanity of file /pool/condor/dir_686/MC13TeV_QCDEMEnriched170to300_1.root
file is good
Sanity test done
checking sanity of file /pool/condor/dir_686/migration_MC13TeV_QCDEMEnriched170to300_1.root
file is good
Sanity test done
EXIT_CODE_PYTHON  0
[9.612MB/9.612MB][100%][==================================================][9.612MB/s]  [9.612MB/9.612MB][100%][==================================================][9.612MB/s]  
[21.18kB/21.18kB][100%][==================================================][21.18kB/s]  [21.18kB/21.18kB][100%][==================================================][21.18kB/s]  
