klist
Ticket cache: FILE:/pool/condor/dir_28107/vveckaln.cc
Default principal: vveckaln@CERN.CH

Valid starting     Expires            Service principal
12/26/18 04:27:40  12/27/18 05:27:40  krbtgt/CERN.CH@CERN.CH
	renew until 12/28/18 15:03:06
12/26/18 04:27:41  12/27/18 05:27:40  afs/cern.ch@CERN.CH
	renew until 12/28/18 15:03:06
end klist
ls EOS
analysis_MC13TeV_TTJets
analysis_MC13TeV_TTJets_cflip
analysis_MC13TeV_TTJets_herwig
anothercomparison.cc
bins
cernbox
Chunks
Chunks_test
copy_test
data
flipped
flipped_old
LSF
merged_plots
migration
migration_MC13TeV_TTJets_jec_CorrelationGroupMPFInSitu_up_27.root
processing
reserve
rivet
rivet_results_23_March
rivet_test
rivet_test_21_March
save.root
SWAN_projects
test
testdir
unfolding_cflip
unfolding_nominal
end ls EOS
EXIT_CODE_SCRAM 0
exit code in RunMethodPacked 0
caught error code 0
checking sanity of file /pool/condor/dir_28107/MC13TeV_TTJets_jec_CorrelationGroupMPFInSitu_up_83.root
file is good
Sanity test done
checking sanity of file /pool/condor/dir_28107/migration_MC13TeV_TTJets_jec_CorrelationGroupMPFInSitu_up_83.root
file is good
Sanity test done
EXIT_CODE_PYTHON  0
[16MB/80.83MB][ 19%][=========>                                        ][16MB/s]  [64MB/80.83MB][ 79%][=======================================>          ][64MB/s]  [80.83MB/80.83MB][100%][==================================================][80.83MB/s]  [80.83MB/80.83MB][100%][==================================================][40.41MB/s]  
[16MB/19.63MB][ 81%][========================================>         ][16MB/s]  [19.63MB/19.63MB][100%][==================================================][19.63MB/s]  [19.63MB/19.63MB][100%][==================================================][19.63MB/s]  
