klist
Ticket cache: FILE:/pool/condor/dir_26180/vveckaln.cc
Default principal: vveckaln@CERN.CH

Valid starting     Expires            Service principal
12/31/18 07:46:19  01/01/19 03:43:46  krbtgt/CERN.CH@CERN.CH
	renew until 01/01/19 03:43:46
12/31/18 07:46:20  01/01/19 03:43:46  afs/cern.ch@CERN.CH
	renew until 01/01/19 03:43:46
end klist
ls EOS
analysis_MC13TeV_TTJets
analysis_MC13TeV_TTJets_cflip
analysis_MC13TeV_TTJets_herwig
bins
cernbox
Chunks
Chunks_test
copy_test
data
flipped
flipped_old
LSF
merged_plots
migration
migration_MC13TeV_TTJets_jec_CorrelationGroupMPFInSitu_up_27.root
moved.cc
processing
reserve
rivet
rivet_results_23_March
rivet_test
rivet_test_21_March
save.root
SWAN_projects
test
testdir
unfolding_cflip
unfolding_nominal
end ls EOS
EXIT_CODE_SCRAM 0
exit code in RunMethodPacked 0
caught error code 0
checking sanity of file /pool/condor/dir_26180/MC13TeV_TTJets_herwig_tracking_up_34.root
file is good
Sanity test done
checking sanity of file /pool/condor/dir_26180/migration_MC13TeV_TTJets_herwig_tracking_up_34.root
file is good
Sanity test done
EXIT_CODE_PYTHON  0
[16MB/58.55MB][ 27%][=============>                                    ][2MB/s]  [32MB/58.55MB][ 54%][===========================>                      ][3.556MB/s]  [48MB/58.55MB][ 81%][========================================>         ][4.8MB/s]  [58.55MB/58.55MB][100%][==================================================][5.855MB/s]  [58.55MB/58.55MB][100%][==================================================][5.323MB/s]  
[13.86MB/13.86MB][100%][==================================================][6.929MB/s]  [13.86MB/13.86MB][100%][==================================================][4.619MB/s]  
