klist
Ticket cache: FILE:/pool/condor/dir_27229/vveckaln.cc
Default principal: vveckaln@CERN.CH

Valid starting     Expires            Service principal
01/02/19 10:26:11  01/03/19 11:26:11  krbtgt/CERN.CH@CERN.CH
	renew until 01/06/19 14:15:24
01/02/19 10:26:11  01/03/19 11:26:11  afs/cern.ch@CERN.CH
	renew until 01/06/19 14:15:24
end klist
ls EOS
analysis_MC13TeV_TTJets
analysis_MC13TeV_TTJets_cflip
analysis_MC13TeV_TTJets_herwig
bins
cernbox
Chunks
Chunks_test
copy_test
data
flipped
flipped_old
LSF
merged_plots
migration
migration_MC13TeV_TTJets_jec_CorrelationGroupMPFInSitu_up_27.root
moved.cc
processing
reserve
rivet
rivet_results_23_March
rivet_test
rivet_test_21_March
save.root
SWAN_projects
test
testdir
unfolding_cflip
unfolding_nominal
end ls EOS
EXIT_CODE_SCRAM 0
exit code in RunMethodPacked 0
caught error code 0
checking sanity of file /pool/condor/dir_27229/MC13TeV_TTJets_77.root
file is good
Sanity test done
checking sanity of file /pool/condor/dir_27229/migration_MC13TeV_TTJets_77.root
file is good
Sanity test done
EXIT_CODE_PYTHON  0
[16MB/80.73MB][ 19%][=========>                                        ][16MB/s]  [80MB/80.73MB][ 99%][=================================================>][80MB/s]  [80.73MB/80.73MB][100%][==================================================][40.37MB/s]  [80.73MB/80.73MB][100%][==================================================][40.37MB/s]  
[16MB/20.1MB][ 79%][=======================================>          ][16MB/s]  [20.1MB/20.1MB][100%][==================================================][20.1MB/s]  [20.1MB/20.1MB][100%][==================================================][20.1MB/s]  
