klist
Ticket cache: FILE:/pool/condor/dir_14639/vveckaln.cc
Default principal: vveckaln@CERN.CH

Valid starting     Expires            Service principal
12/26/18 13:07:14  12/27/18 14:07:14  krbtgt/CERN.CH@CERN.CH
	renew until 12/29/18 01:05:06
12/26/18 13:07:15  12/27/18 14:07:14  afs/cern.ch@CERN.CH
	renew until 12/29/18 01:05:06
end klist
ls EOS
analysis_MC13TeV_TTJets
analysis_MC13TeV_TTJets_cflip
analysis_MC13TeV_TTJets_herwig
anothercomparison.cc
bins
cernbox
Chunks
Chunks_test
copy_test
data
flipped
flipped_old
LSF
merged_plots
migration
migration_MC13TeV_TTJets_jec_CorrelationGroupMPFInSitu_up_27.root
processing
reserve
rivet
rivet_results_23_March
rivet_test
rivet_test_21_March
save.root
SWAN_projects
test
testdir
unfolding_cflip
unfolding_nominal
end ls EOS
EXIT_CODE_SCRAM 0
exit code in RunMethodPacked 0
caught error code 0
checking sanity of file /pool/condor/dir_14639/MC13TeV_TTJets_jec_FlavorPureQuark_down_74.root
file is good
Sanity test done
checking sanity of file /pool/condor/dir_14639/migration_MC13TeV_TTJets_jec_FlavorPureQuark_down_74.root
file is good
Sanity test done
EXIT_CODE_PYTHON  0
[16MB/81.66MB][ 19%][=========>                                        ][8MB/s]  [81.66MB/81.66MB][100%][==================================================][27.22MB/s]  [81.66MB/81.66MB][100%][==================================================][9.074MB/s]  
[16MB/27.82MB][ 57%][============================>                     ][2.286MB/s]  [27.82MB/27.82MB][100%][==================================================][3.974MB/s]  [27.82MB/27.82MB][100%][==================================================][1.113MB/s]  
