klist
Ticket cache: FILE:/pool/condor/dir_14669/vveckaln.cc
Default principal: vveckaln@CERN.CH

Valid starting     Expires            Service principal
12/26/18 13:10:36  12/27/18 14:10:36  krbtgt/CERN.CH@CERN.CH
	renew until 12/29/18 01:08:25
12/26/18 13:10:36  12/27/18 14:10:36  afs/cern.ch@CERN.CH
	renew until 12/29/18 01:08:25
end klist
ls EOS
analysis_MC13TeV_TTJets
analysis_MC13TeV_TTJets_cflip
analysis_MC13TeV_TTJets_herwig
anothercomparison.cc
bins
cernbox
Chunks
Chunks_test
copy_test
data
flipped
flipped_old
LSF
merged_plots
migration
migration_MC13TeV_TTJets_jec_CorrelationGroupMPFInSitu_up_27.root
processing
reserve
rivet
rivet_results_23_March
rivet_test
rivet_test_21_March
save.root
SWAN_projects
test
testdir
unfolding_cflip
unfolding_nominal
end ls EOS
EXIT_CODE_SCRAM 0
exit code in RunMethodPacked 0
caught error code 0
checking sanity of file /pool/condor/dir_14669/MC13TeV_TTJets_jer_up_4.root
file is good
Sanity test done
checking sanity of file /pool/condor/dir_14669/migration_MC13TeV_TTJets_jer_up_4.root
file is good
Sanity test done
EXIT_CODE_PYTHON  0
[16MB/81.86MB][ 19%][=========>                                        ][16MB/s]  [81.86MB/81.86MB][100%][==================================================][81.86MB/s]  [81.86MB/81.86MB][100%][==================================================][81.86MB/s]  
[16MB/30MB][ 53%][==========================>                       ][16MB/s]  [30MB/30MB][100%][==================================================][30MB/s]  [30MB/30MB][100%][==================================================][15MB/s]  
