klist
Ticket cache: FILE:/pool/condor/dir_4944/vveckaln.cc
Default principal: vveckaln@CERN.CH

Valid starting     Expires            Service principal
12/30/18 20:03:02  12/31/18 21:03:02  krbtgt/CERN.CH@CERN.CH
	renew until 01/01/19 12:01:09
12/30/18 20:03:02  12/31/18 21:03:02  afs/cern.ch@CERN.CH
	renew until 01/01/19 12:01:09
end klist
ls EOS
analysis_MC13TeV_TTJets
analysis_MC13TeV_TTJets_cflip
analysis_MC13TeV_TTJets_herwig
bins
cernbox
Chunks
Chunks_test
copy_test
data
flipped
flipped_old
LSF
merged_plots
migration
migration_MC13TeV_TTJets_jec_CorrelationGroupMPFInSitu_up_27.root
moved.cc
processing
reserve
rivet
rivet_results_23_March
rivet_test
rivet_test_21_March
save.root
SWAN_projects
test
testdir
unfolding_cflip
unfolding_nominal
end ls EOS
EXIT_CODE_SCRAM 0
exit code in RunMethodPacked 0
caught error code 0
checking sanity of file /pool/condor/dir_4944/MC13TeV_TTJets_herwig_jec_FlavorPureCharm_down_38.root
file is good
Sanity test done
checking sanity of file /pool/condor/dir_4944/migration_MC13TeV_TTJets_herwig_jec_FlavorPureCharm_down_38.root
file is good
Sanity test done
EXIT_CODE_PYTHON  0
[16MB/58.79MB][ 27%][=============>                                    ][16MB/s]  [58.79MB/58.79MB][100%][==================================================][58.79MB/s]  [58.79MB/58.79MB][100%][==================================================][58.79MB/s]  
[15.68MB/15.68MB][100%][==================================================][15.68MB/s]  [15.68MB/15.68MB][100%][==================================================][15.68MB/s]  
