klist
Ticket cache: FILE:/pool/condor/dir_7993/vveckaln.cc
Default principal: vveckaln@CERN.CH

Valid starting     Expires            Service principal
12/25/18 22:25:43  12/26/18 23:25:43  krbtgt/CERN.CH@CERN.CH
	renew until 12/27/18 14:24:01
12/25/18 22:25:43  12/26/18 23:25:43  afs/cern.ch@CERN.CH
	renew until 12/27/18 14:24:01
end klist
ls EOS
analysis_MC13TeV_TTJets
analysis_MC13TeV_TTJets_cflip
analysis_MC13TeV_TTJets_herwig
anothercomparison.cc
bins
cernbox
Chunks
Chunks_test
copy_test
data
flipped
flipped_old
LSF
merged_plots
migration
migration_MC13TeV_TTJets_jec_CorrelationGroupMPFInSitu_up_27.root
processing
reserve
rivet
rivet_results_23_March
rivet_test
rivet_test_21_March
save.root
SWAN_projects
test
testdir
unfolding_cflip
unfolding_nominal
end ls EOS
EXIT_CODE_SCRAM 0
exit code in RunMethodPacked 0
caught error code 0
checking sanity of file /pool/condor/dir_7993/MC13TeV_TTJets_widthx4_14.root
file is good
Sanity test done
checking sanity of file /pool/condor/dir_7993/migration_MC13TeV_TTJets_widthx4_14.root
file is good
Sanity test done
EXIT_CODE_PYTHON  0
[16MB/80.34MB][ 19%][=========>                                        ][16MB/s]  [80MB/80.34MB][ 99%][=================================================>][80MB/s]  [80.34MB/80.34MB][100%][==================================================][80.34MB/s]  [80.34MB/80.34MB][100%][==================================================][80.34MB/s]  
[16MB/18.28MB][ 87%][===========================================>      ][16MB/s]  [18.28MB/18.28MB][100%][==================================================][18.28MB/s]  [18.28MB/18.28MB][100%][==================================================][18.28MB/s]  
