klist
Ticket cache: FILE:/pool/condor/dir_4993/vveckaln.cc
Default principal: vveckaln@CERN.CH

Valid starting     Expires            Service principal
12/26/18 04:56:49  12/27/18 05:56:49  krbtgt/CERN.CH@CERN.CH
	renew until 12/29/18 12:55:13
12/26/18 04:56:49  12/27/18 05:56:49  afs/cern.ch@CERN.CH
	renew until 12/29/18 12:55:13
end klist
ls EOS
analysis_MC13TeV_TTJets
analysis_MC13TeV_TTJets_cflip
analysis_MC13TeV_TTJets_herwig
anothercomparison.cc
bins
cernbox
Chunks
Chunks_test
copy_test
data
flipped
flipped_old
LSF
merged_plots
migration
migration_MC13TeV_TTJets_jec_CorrelationGroupMPFInSitu_up_27.root
processing
reserve
rivet
rivet_results_23_March
rivet_test
rivet_test_21_March
save.root
SWAN_projects
test
testdir
unfolding_cflip
unfolding_nominal
end ls EOS
EXIT_CODE_SCRAM 0
exit code in RunMethodPacked 0
caught error code 0
checking sanity of file /pool/condor/dir_4993/MC13TeV_TTJets_widthx8_5.root
file is good
Sanity test done
checking sanity of file /pool/condor/dir_4993/migration_MC13TeV_TTJets_widthx8_5.root
file is good
Sanity test done
EXIT_CODE_PYTHON  0
[16MB/58.35MB][ 27%][=============>                                    ][16MB/s]  [48MB/58.35MB][ 82%][=========================================>        ][48MB/s]  [58.35MB/58.35MB][100%][==================================================][58.35MB/s]  [58.35MB/58.35MB][100%][==================================================][29.18MB/s]  
[13.56MB/13.56MB][100%][==================================================][13.56MB/s]  [13.56MB/13.56MB][100%][==================================================][13.56MB/s]  
