klist
Ticket cache: FILE:/pool/condor/dir_26301/vveckaln.cc
Default principal: vveckaln@CERN.CH

Valid starting     Expires            Service principal
12/26/18 09:01:38  12/27/18 10:01:38  krbtgt/CERN.CH@CERN.CH
	renew until 12/29/18 12:07:26
12/26/18 09:01:38  12/27/18 10:01:38  afs/cern.ch@CERN.CH
	renew until 12/29/18 12:07:26
end klist
ls EOS
analysis_MC13TeV_TTJets
analysis_MC13TeV_TTJets_cflip
analysis_MC13TeV_TTJets_herwig
anothercomparison.cc
bins
cernbox
Chunks
Chunks_test
copy_test
data
flipped
flipped_old
LSF
merged_plots
migration
migration_MC13TeV_TTJets_jec_CorrelationGroupMPFInSitu_up_27.root
processing
reserve
rivet
rivet_results_23_March
rivet_test
rivet_test_21_March
save.root
SWAN_projects
test
testdir
unfolding_cflip
unfolding_nominal
end ls EOS
EXIT_CODE_SCRAM 0
exit code in RunMethodPacked 0
caught error code 0
checking sanity of file /pool/condor/dir_26301/MC13TeV_TTJets_jec_CorrelationGroupUncorrelated_down_111.root
file is good
Sanity test done
checking sanity of file /pool/condor/dir_26301/migration_MC13TeV_TTJets_jec_CorrelationGroupUncorrelated_down_111.root
file is good
Sanity test done
EXIT_CODE_PYTHON  0
[16MB/81.23MB][ 19%][=========>                                        ][16MB/s]  [64MB/81.23MB][ 78%][=======================================>          ][64MB/s]  [81.23MB/81.23MB][100%][==================================================][81.23MB/s]  [81.23MB/81.23MB][100%][==================================================][81.23MB/s]  
[16MB/24.72MB][ 64%][================================>                 ][16MB/s]  [24.72MB/24.72MB][100%][==================================================][24.72MB/s]  [24.72MB/24.72MB][100%][==================================================][24.72MB/s]  
