klist
Ticket cache: FILE:/pool/condor/dir_2441/vveckaln.cc
Default principal: vveckaln@CERN.CH

Valid starting     Expires            Service principal
12/26/18 13:05:43  12/27/18 14:05:43  krbtgt/CERN.CH@CERN.CH
	renew until 12/29/18 01:04:11
12/26/18 13:05:44  12/27/18 14:05:43  afs/cern.ch@CERN.CH
	renew until 12/29/18 01:04:11
end klist
ls EOS
analysis_MC13TeV_TTJets
analysis_MC13TeV_TTJets_cflip
analysis_MC13TeV_TTJets_herwig
anothercomparison.cc
bins
cernbox
Chunks
Chunks_test
copy_test
data
flipped
flipped_old
LSF
merged_plots
migration
migration_MC13TeV_TTJets_jec_CorrelationGroupMPFInSitu_up_27.root
processing
reserve
rivet
rivet_results_23_March
rivet_test
rivet_test_21_March
save.root
SWAN_projects
test
testdir
unfolding_cflip
unfolding_nominal
end ls EOS
EXIT_CODE_SCRAM 0
exit code in RunMethodPacked 0
caught error code 0
checking sanity of file /pool/condor/dir_2441/MC13TeV_TTJets_jec_FlavorPureQuark_down_53.root
file is good
Sanity test done
checking sanity of file /pool/condor/dir_2441/migration_MC13TeV_TTJets_jec_FlavorPureQuark_down_53.root
file is good
Sanity test done
EXIT_CODE_PYTHON  0
[16MB/81.48MB][ 19%][=========>                                        ][4MB/s]  [32MB/81.48MB][ 39%][===================>                              ][6.4MB/s]  [81.48MB/81.48MB][100%][==================================================][16.3MB/s]  [81.48MB/81.48MB][100%][==================================================][5.432MB/s]  
[16MB/25.47MB][ 62%][===============================>                  ][16MB/s]  [25.47MB/25.47MB][100%][==================================================][25.47MB/s]  [25.47MB/25.47MB][100%][==================================================][8.491MB/s]  
