klist
Ticket cache: FILE:/pool/condor/dir_9652/vveckaln.cc
Default principal: vveckaln@CERN.CH

Valid starting     Expires            Service principal
12/26/18 01:58:25  12/27/18 02:58:25  krbtgt/CERN.CH@CERN.CH
	renew until 12/27/18 17:00:15
12/26/18 01:58:44  12/27/18 02:58:25  afs/cern.ch@CERN.CH
	renew until 12/27/18 17:00:15
end klist
ls EOS
analysis_MC13TeV_TTJets
analysis_MC13TeV_TTJets_cflip
analysis_MC13TeV_TTJets_herwig
anothercomparison.cc
bins
cernbox
Chunks
Chunks_test
copy_test
data
flipped
flipped_old
LSF
merged_plots
migration
migration_MC13TeV_TTJets_jec_CorrelationGroupMPFInSitu_up_27.root
processing
reserve
rivet
rivet_results_23_March
rivet_test
rivet_test_21_March
save.root
SWAN_projects
test
testdir
unfolding_cflip
unfolding_nominal
end ls EOS
EXIT_CODE_SCRAM 0
exit code in RunMethodPacked 0
caught error code 0
checking sanity of file /pool/condor/dir_9652/MC13TeV_DY2Jets_19.root
file is good
Sanity test done
checking sanity of file /pool/condor/dir_9652/migration_MC13TeV_DY2Jets_19.root
file is good
Sanity test done
EXIT_CODE_PYTHON  0
[16MB/18.58MB][ 86%][===========================================>      ][16MB/s]  [18.58MB/18.58MB][100%][==================================================][18.58MB/s]  [18.58MB/18.58MB][100%][==================================================][18.58MB/s]  
[72.69kB/72.69kB][100%][==================================================][72.69kB/s]  [72.69kB/72.69kB][100%][==================================================][72.69kB/s]  
