klist
Ticket cache: FILE:/pool/condor/dir_31792/vveckaln.cc
Default principal: vveckaln@CERN.CH

Valid starting     Expires            Service principal
12/26/18 02:24:25  12/27/18 03:24:25  krbtgt/CERN.CH@CERN.CH
	renew until 12/27/18 17:00:15
12/26/18 02:25:10  12/27/18 03:24:25  afs/cern.ch@CERN.CH
	renew until 12/27/18 17:00:15
end klist
ls EOS
analysis_MC13TeV_TTJets
analysis_MC13TeV_TTJets_cflip
analysis_MC13TeV_TTJets_herwig
anothercomparison.cc
bins
cernbox
Chunks
Chunks_test
copy_test
data
flipped
flipped_old
LSF
merged_plots
migration
migration_MC13TeV_TTJets_jec_CorrelationGroupMPFInSitu_up_27.root
processing
reserve
rivet
rivet_results_23_March
rivet_test
rivet_test_21_March
save.root
SWAN_projects
test
testdir
unfolding_cflip
unfolding_nominal
end ls EOS
EXIT_CODE_SCRAM 0
exit code in RunMethodPacked 0
caught error code 0
checking sanity of file /pool/condor/dir_31792/MC13TeV_TTJets_jec_CorrelationGroupUncorrelated_up_8.root
file is good
Sanity test done
checking sanity of file /pool/condor/dir_31792/migration_MC13TeV_TTJets_jec_CorrelationGroupUncorrelated_up_8.root
file is good
Sanity test done
EXIT_CODE_PYTHON  0
[16MB/81.68MB][ 19%][=========>                                        ][862.3kB/s]  [32MB/81.68MB][ 39%][===================>                              ][1.524MB/s]  [48MB/81.68MB][ 58%][=============================>                    ][2.087MB/s]  [64MB/81.68MB][ 78%][=======================================>          ][2.667MB/s]  [80MB/81.68MB][ 97%][================================================> ][3.077MB/s]  [81.68MB/81.68MB][100%][==================================================][3.142MB/s]  [81.68MB/81.68MB][100%][==================================================][1.047MB/s]  
[16MB/27.24MB][ 58%][=============================>                    ][1.333MB/s]  [27.24MB/27.24MB][100%][==================================================][2.27MB/s]  [27.24MB/27.24MB][100%][==================================================][715.3kB/s]  
