klist
Ticket cache: FILE:/pool/condor/dir_30881/vveckaln.cc
Default principal: vveckaln@CERN.CH

Valid starting     Expires            Service principal
12/26/18 13:08:48  12/27/18 14:08:48  krbtgt/CERN.CH@CERN.CH
	renew until 12/29/18 01:06:59
12/26/18 13:08:49  12/27/18 14:08:48  afs/cern.ch@CERN.CH
	renew until 12/29/18 01:06:59
end klist
ls EOS
analysis_MC13TeV_TTJets
analysis_MC13TeV_TTJets_cflip
analysis_MC13TeV_TTJets_herwig
anothercomparison.cc
bins
cernbox
Chunks
Chunks_test
copy_test
data
flipped
flipped_old
LSF
merged_plots
migration
migration_MC13TeV_TTJets_jec_CorrelationGroupMPFInSitu_up_27.root
processing
reserve
rivet
rivet_results_23_March
rivet_test
rivet_test_21_March
save.root
SWAN_projects
test
testdir
unfolding_cflip
unfolding_nominal
end ls EOS
EXIT_CODE_SCRAM 0
exit code in RunMethodPacked 0
caught error code 0
checking sanity of file /pool/condor/dir_30881/MC13TeV_TTJets_jec_FlavorPureCharm_down_20.root
file is good
Sanity test done
checking sanity of file /pool/condor/dir_30881/migration_MC13TeV_TTJets_jec_FlavorPureCharm_down_20.root
file is good
Sanity test done
EXIT_CODE_PYTHON  0
[16MB/81.69MB][ 19%][=========>                                        ][16MB/s]  [81.69MB/81.69MB][100%][==================================================][81.69MB/s]  [81.69MB/81.69MB][100%][==================================================][27.23MB/s]  
[16MB/26.99MB][ 59%][=============================>                    ][5.333MB/s]  [26.99MB/26.99MB][100%][==================================================][8.995MB/s]  [26.99MB/26.99MB][100%][==================================================][2.998MB/s]  
