klist
Ticket cache: FILE:/pool/condor/dir_17496/vveckaln.cc
Default principal: vveckaln@CERN.CH

Valid starting     Expires            Service principal
12/26/18 13:07:00  12/27/18 14:07:00  krbtgt/CERN.CH@CERN.CH
	renew until 12/29/18 01:05:37
12/26/18 13:07:01  12/27/18 14:07:00  afs/cern.ch@CERN.CH
	renew until 12/29/18 01:05:37
end klist
ls EOS
analysis_MC13TeV_TTJets
analysis_MC13TeV_TTJets_cflip
analysis_MC13TeV_TTJets_herwig
anothercomparison.cc
bins
cernbox
Chunks
Chunks_test
copy_test
data
flipped
flipped_old
LSF
merged_plots
migration
migration_MC13TeV_TTJets_jec_CorrelationGroupMPFInSitu_up_27.root
processing
reserve
rivet
rivet_results_23_March
rivet_test
rivet_test_21_March
save.root
SWAN_projects
test
testdir
unfolding_cflip
unfolding_nominal
end ls EOS
EXIT_CODE_SCRAM 0
exit code in RunMethodPacked 0
caught error code 0
checking sanity of file /pool/condor/dir_17496/MC13TeV_TTJets_jec_RelativeFSR_down_10.root
file is good
Sanity test done
checking sanity of file /pool/condor/dir_17496/migration_MC13TeV_TTJets_jec_RelativeFSR_down_10.root
file is good
Sanity test done
EXIT_CODE_PYTHON  0
[16MB/81.86MB][ 19%][=========>                                        ][16MB/s]  [80MB/81.86MB][ 97%][================================================> ][80MB/s]  [81.86MB/81.86MB][100%][==================================================][81.86MB/s]  [81.86MB/81.86MB][100%][==================================================][81.86MB/s]  
[16MB/29.48MB][ 54%][===========================>                      ][16MB/s]  [29.48MB/29.48MB][100%][==================================================][29.48MB/s]  [29.48MB/29.48MB][100%][==================================================][29.48MB/s]  
