klist
Ticket cache: FILE:/pool/condor/dir_9062/vveckaln.cc
Default principal: vveckaln@CERN.CH

Valid starting     Expires            Service principal
12/26/18 09:11:10  12/27/18 10:11:10  krbtgt/CERN.CH@CERN.CH
	renew until 12/30/18 12:19:54
12/26/18 09:11:10  12/27/18 10:11:10  afs/cern.ch@CERN.CH
	renew until 12/30/18 12:19:54
end klist
ls EOS
analysis_MC13TeV_TTJets
analysis_MC13TeV_TTJets_cflip
analysis_MC13TeV_TTJets_herwig
anothercomparison.cc
bins
cernbox
Chunks
Chunks_test
copy_test
data
flipped
flipped_old
LSF
merged_plots
migration
migration_MC13TeV_TTJets_jec_CorrelationGroupMPFInSitu_up_27.root
processing
reserve
rivet
rivet_results_23_March
rivet_test
rivet_test_21_March
save.root
SWAN_projects
test
testdir
unfolding_cflip
unfolding_nominal
end ls EOS
EXIT_CODE_SCRAM 0
exit code in RunMethodPacked 0
caught error code 0
checking sanity of file /pool/condor/dir_9062/MC13TeV_TTJets_jec_CorrelationGroupUncorrelated_up_40.root
file is good
Sanity test done
checking sanity of file /pool/condor/dir_9062/migration_MC13TeV_TTJets_jec_CorrelationGroupUncorrelated_up_40.root
file is good
Sanity test done
EXIT_CODE_PYTHON  0
[16MB/81.92MB][ 19%][=========>                                        ][963.8kB/s]  [32MB/81.92MB][ 39%][===================>                              ][1.524MB/s]  [48MB/81.92MB][ 58%][=============================>                    ][2MB/s]  [64MB/81.92MB][ 78%][=======================================>          ][2.133MB/s]  [80MB/81.92MB][ 97%][================================================> ][2.581MB/s]  [81.92MB/81.92MB][100%][==================================================][2.643MB/s]  [81.92MB/81.92MB][100%][==================================================][2.56MB/s]  
[16MB/30.18MB][ 53%][==========================>                       ][16MB/s]  [30.18MB/30.18MB][100%][==================================================][30.18MB/s]  [30.18MB/30.18MB][100%][==================================================][15.09MB/s]  
