klist
Ticket cache: FILE:/pool/condor/dir_27847/vveckaln.cc
Default principal: vveckaln@CERN.CH

Valid starting     Expires            Service principal
12/26/18 13:07:28  12/27/18 14:07:28  krbtgt/CERN.CH@CERN.CH
	renew until 12/29/18 01:05:41
12/26/18 13:07:29  12/27/18 14:07:28  afs/cern.ch@CERN.CH
	renew until 12/29/18 01:05:41
end klist
ls EOS
analysis_MC13TeV_TTJets
analysis_MC13TeV_TTJets_cflip
analysis_MC13TeV_TTJets_herwig
anothercomparison.cc
bins
cernbox
Chunks
Chunks_test
copy_test
data
flipped
flipped_old
LSF
merged_plots
migration
migration_MC13TeV_TTJets_jec_CorrelationGroupMPFInSitu_up_27.root
processing
reserve
rivet
rivet_results_23_March
rivet_test
rivet_test_21_March
save.root
SWAN_projects
test
testdir
unfolding_cflip
unfolding_nominal
end ls EOS
EXIT_CODE_SCRAM 0
exit code in RunMethodPacked 0
caught error code 0
checking sanity of file /pool/condor/dir_27847/MC13TeV_QCDMuEnriched170to300_2.root
file is good
Sanity test done
checking sanity of file /pool/condor/dir_27847/migration_MC13TeV_QCDMuEnriched170to300_2.root
file is good
Sanity test done
EXIT_CODE_PYTHON  0
[10.38MB/10.38MB][100%][==================================================][10.38MB/s]  [10.38MB/10.38MB][100%][==================================================][10.38MB/s]  
[31.11kB/31.11kB][100%][==================================================][31.11kB/s]  [31.11kB/31.11kB][100%][==================================================][31.11kB/s]  
