klist
Ticket cache: FILE:/pool/condor/dir_19830/vveckaln.cc
Default principal: vveckaln@CERN.CH

Valid starting     Expires            Service principal
12/26/18 13:09:08  12/27/18 14:09:08  krbtgt/CERN.CH@CERN.CH
	renew until 12/29/18 01:06:00
12/26/18 13:09:11  12/27/18 14:09:08  afs/cern.ch@CERN.CH
	renew until 12/29/18 01:06:00
end klist
ls EOS
analysis_MC13TeV_TTJets
analysis_MC13TeV_TTJets_cflip
analysis_MC13TeV_TTJets_herwig
anothercomparison.cc
bins
cernbox
Chunks
Chunks_test
copy_test
data
flipped
flipped_old
LSF
merged_plots
migration
migration_MC13TeV_TTJets_jec_CorrelationGroupMPFInSitu_up_27.root
processing
reserve
rivet
rivet_results_23_March
rivet_test
rivet_test_21_March
save.root
SWAN_projects
test
testdir
unfolding_cflip
unfolding_nominal
end ls EOS
EXIT_CODE_SCRAM 0
exit code in RunMethodPacked 0
caught error code 0
checking sanity of file /pool/condor/dir_19830/MC13TeV_TTJets_jer_up_20.root
file is good
Sanity test done
checking sanity of file /pool/condor/dir_19830/migration_MC13TeV_TTJets_jer_up_20.root
file is good
Sanity test done
EXIT_CODE_PYTHON  0
[16MB/81.73MB][ 19%][=========>                                        ][16MB/s]  [81.73MB/81.73MB][100%][==================================================][81.73MB/s]  [81.73MB/81.73MB][100%][==================================================][40.87MB/s]  
[16MB/26.98MB][ 59%][=============================>                    ][16MB/s]  [26.98MB/26.98MB][100%][==================================================][26.98MB/s]  [26.98MB/26.98MB][100%][==================================================][26.98MB/s]  
