klist
Ticket cache: FILE:/pool/condor/dir_17557/vveckaln.cc
Default principal: vveckaln@CERN.CH

Valid starting     Expires            Service principal
12/30/18 02:04:31  12/31/18 03:04:31  krbtgt/CERN.CH@CERN.CH
	renew until 01/02/19 10:03:33
12/30/18 02:04:31  12/31/18 03:04:31  afs/cern.ch@CERN.CH
	renew until 01/02/19 10:03:33
end klist
ls EOS
analysis_MC13TeV_TTJets
analysis_MC13TeV_TTJets_cflip
analysis_MC13TeV_TTJets_herwig
bins
cernbox
Chunks
Chunks_test
copy_test
data
flipped
flipped_old
LSF
merged_plots
migration
migration_MC13TeV_TTJets_jec_CorrelationGroupMPFInSitu_up_27.root
moved.cc
processing
reserve
rivet
rivet_results_23_March
rivet_test
rivet_test_21_March
save.root
SWAN_projects
test
testdir
unfolding_cflip
unfolding_nominal
end ls EOS
EXIT_CODE_SCRAM 0
exit code in RunMethodPacked 0
caught error code 0
checking sanity of file /pool/condor/dir_17557/MC13TeV_TTJets_herwig_jec_RelativeFSR_up_26.root
file is good
Sanity test done
checking sanity of file /pool/condor/dir_17557/migration_MC13TeV_TTJets_herwig_jec_RelativeFSR_up_26.root
file is good
Sanity test done
EXIT_CODE_PYTHON  0
[16MB/58.67MB][ 27%][=============>                                    ][16MB/s]  [58.67MB/58.67MB][100%][==================================================][58.67MB/s]  [58.67MB/58.67MB][100%][==================================================][29.33MB/s]  
[13.99MB/13.99MB][100%][==================================================][13.99MB/s]  [13.99MB/13.99MB][100%][==================================================][13.99MB/s]  
