klist
Ticket cache: FILE:/pool/condor/dir_6461/vveckaln.cc
Default principal: vveckaln@CERN.CH

Valid starting     Expires            Service principal
12/26/18 13:08:20  12/27/18 14:08:20  krbtgt/CERN.CH@CERN.CH
	renew until 12/29/18 01:06:42
12/26/18 13:08:21  12/27/18 14:08:20  afs/cern.ch@CERN.CH
	renew until 12/29/18 01:06:42
end klist
ls EOS
analysis_MC13TeV_TTJets
analysis_MC13TeV_TTJets_cflip
analysis_MC13TeV_TTJets_herwig
anothercomparison.cc
bins
cernbox
Chunks
Chunks_test
copy_test
data
flipped
flipped_old
LSF
merged_plots
migration
migration_MC13TeV_TTJets_jec_CorrelationGroupMPFInSitu_up_27.root
processing
reserve
rivet
rivet_results_23_March
rivet_test
rivet_test_21_March
save.root
SWAN_projects
test
testdir
unfolding_cflip
unfolding_nominal
end ls EOS
EXIT_CODE_SCRAM 0
exit code in RunMethodPacked 0
caught error code 0
checking sanity of file /pool/condor/dir_6461/MC13TeV_TTJets_btag_heavy_up_86.root
file is good
Sanity test done
checking sanity of file /pool/condor/dir_6461/migration_MC13TeV_TTJets_btag_heavy_up_86.root
file is good
Sanity test done
EXIT_CODE_PYTHON  0
[16MB/81.92MB][ 19%][=========>                                        ][16MB/s]  [80MB/81.92MB][ 97%][================================================> ][40MB/s]  [81.92MB/81.92MB][100%][==================================================][40.96MB/s]  [81.92MB/81.92MB][100%][==================================================][27.31MB/s]  
[16MB/28.57MB][ 56%][============================>                     ][16MB/s]  [28.57MB/28.57MB][100%][==================================================][28.57MB/s]  [28.57MB/28.57MB][100%][==================================================][14.28MB/s]  
