klist
Ticket cache: FILE:/pool/condor/dir_16875/vveckaln.cc
Default principal: vveckaln@CERN.CH

Valid starting     Expires            Service principal
12/26/18 03:50:37  12/27/18 04:50:37  krbtgt/CERN.CH@CERN.CH
	renew until 12/30/18 07:43:11
12/26/18 03:50:37  12/27/18 04:50:37  afs/cern.ch@CERN.CH
	renew until 12/30/18 07:43:11
end klist
ls EOS
analysis_MC13TeV_TTJets
analysis_MC13TeV_TTJets_cflip
analysis_MC13TeV_TTJets_herwig
anothercomparison.cc
bins
cernbox
Chunks
Chunks_test
copy_test
data
flipped
flipped_old
LSF
merged_plots
migration
migration_MC13TeV_TTJets_jec_CorrelationGroupMPFInSitu_up_27.root
processing
reserve
rivet
rivet_results_23_March
rivet_test
rivet_test_21_March
save.root
SWAN_projects
test
testdir
unfolding_cflip
unfolding_nominal
end ls EOS
EXIT_CODE_SCRAM 0
exit code in RunMethodPacked 0
caught error code 0
checking sanity of file /pool/condor/dir_16875/MC13TeV_TTJets_hdampup_9.root
file is good
Sanity test done
checking sanity of file /pool/condor/dir_16875/migration_MC13TeV_TTJets_hdampup_9.root
file is good
Sanity test done
EXIT_CODE_PYTHON  0
[16MB/58.23MB][ 27%][=============>                                    ][8MB/s]  [58.23MB/58.23MB][100%][==================================================][29.11MB/s]  [58.23MB/58.23MB][100%][==================================================][19.41MB/s]  
[11.86MB/11.86MB][100%][==================================================][11.86MB/s]  [11.86MB/11.86MB][100%][==================================================][11.86MB/s]  
