klist
Ticket cache: FILE:/pool/condor/dir_12066/vveckaln.cc
Default principal: vveckaln@CERN.CH

Valid starting     Expires            Service principal
12/26/18 05:45:45  12/27/18 06:45:45  krbtgt/CERN.CH@CERN.CH
	renew until 12/28/18 17:42:39
12/26/18 05:45:45  12/27/18 06:45:45  afs/cern.ch@CERN.CH
	renew until 12/28/18 17:42:39
end klist
ls EOS
analysis_MC13TeV_TTJets
analysis_MC13TeV_TTJets_cflip
analysis_MC13TeV_TTJets_herwig
anothercomparison.cc
bins
cernbox
Chunks
Chunks_test
copy_test
data
flipped
flipped_old
LSF
merged_plots
migration
migration_MC13TeV_TTJets_jec_CorrelationGroupMPFInSitu_up_27.root
processing
reserve
rivet
rivet_results_23_March
rivet_test
rivet_test_21_March
save.root
SWAN_projects
test
testdir
unfolding_cflip
unfolding_nominal
end ls EOS
EXIT_CODE_SCRAM 0
exit code in RunMethodPacked 0
caught error code 0
checking sanity of file /pool/condor/dir_12066/MC13TeV_TTJets_jec_RelativeFSR_up_9.root
file is good
Sanity test done
checking sanity of file /pool/condor/dir_12066/migration_MC13TeV_TTJets_jec_RelativeFSR_up_9.root
file is good
Sanity test done
EXIT_CODE_PYTHON  0
[16MB/81.48MB][ 19%][=========>                                        ][3.2MB/s]  [64MB/81.48MB][ 78%][=======================================>          ][10.67MB/s]  [81.48MB/81.48MB][100%][==================================================][13.58MB/s]  [81.48MB/81.48MB][100%][==================================================][4.288MB/s]  
[16MB/26.13MB][ 61%][==============================>                   ][5.333MB/s]  [26.13MB/26.13MB][100%][==================================================][8.71MB/s]  [26.13MB/26.13MB][100%][==================================================][3.733MB/s]  
