klist
Ticket cache: FILE:/pool/condor/dir_18113/vveckaln.cc
Default principal: vveckaln@CERN.CH

Valid starting     Expires            Service principal
12/26/18 13:11:47  12/27/18 14:11:47  krbtgt/CERN.CH@CERN.CH
	renew until 12/29/18 01:09:38
12/26/18 13:11:48  12/27/18 14:11:47  afs/cern.ch@CERN.CH
	renew until 12/29/18 01:09:38
end klist
ls EOS
analysis_MC13TeV_TTJets
analysis_MC13TeV_TTJets_cflip
analysis_MC13TeV_TTJets_herwig
anothercomparison.cc
bins
cernbox
Chunks
Chunks_test
copy_test
data
flipped
flipped_old
LSF
merged_plots
migration
migration_MC13TeV_TTJets_jec_CorrelationGroupMPFInSitu_up_27.root
processing
reserve
rivet
rivet_results_23_March
rivet_test
rivet_test_21_March
save.root
SWAN_projects
test
testdir
unfolding_cflip
unfolding_nominal
end ls EOS
EXIT_CODE_SCRAM 0
exit code in RunMethodPacked 0
caught error code 0
checking sanity of file /pool/condor/dir_18113/MC13TeV_TTJets_btag_light_down_72.root
file is good
Sanity test done
checking sanity of file /pool/condor/dir_18113/migration_MC13TeV_TTJets_btag_light_down_72.root
file is good
Sanity test done
EXIT_CODE_PYTHON  0
[16MB/81.65MB][ 19%][=========>                                        ][16MB/s]  [81.65MB/81.65MB][100%][==================================================][81.65MB/s]  [81.65MB/81.65MB][100%][==================================================][40.83MB/s]  
[16MB/28.31MB][ 56%][============================>                     ][16MB/s]  [28.31MB/28.31MB][100%][==================================================][28.31MB/s]  [28.31MB/28.31MB][100%][==================================================][14.15MB/s]  
