klist
Ticket cache: FILE:/pool/condor/dir_23532/vveckaln.cc
Default principal: vveckaln@CERN.CH

Valid starting     Expires            Service principal
12/25/18 22:26:14  12/26/18 23:26:14  krbtgt/CERN.CH@CERN.CH
	renew until 12/27/18 14:23:53
12/25/18 22:26:14  12/26/18 23:26:14  afs/cern.ch@CERN.CH
	renew until 12/27/18 14:23:53
end klist
ls EOS
analysis_MC13TeV_TTJets
analysis_MC13TeV_TTJets_cflip
analysis_MC13TeV_TTJets_herwig
anothercomparison.cc
bins
cernbox
Chunks
Chunks_test
copy_test
data
flipped
flipped_old
LSF
merged_plots
migration
migration_MC13TeV_TTJets_jec_CorrelationGroupMPFInSitu_up_27.root
processing
reserve
rivet
rivet_results_23_March
rivet_test
rivet_test_21_March
save.root
SWAN_projects
test
testdir
unfolding_cflip
unfolding_nominal
end ls EOS
EXIT_CODE_SCRAM 0
exit code in RunMethodPacked 0
caught error code 0
checking sanity of file /pool/condor/dir_23532/MC13TeV_TTJets_csv_light_down_29.root
file is good
Sanity test done
checking sanity of file /pool/condor/dir_23532/migration_MC13TeV_TTJets_csv_light_down_29.root
file is good
Sanity test done
EXIT_CODE_PYTHON  0
[16MB/81.43MB][ 19%][=========>                                        ][16MB/s]  [81.43MB/81.43MB][100%][==================================================][81.43MB/s]  [81.43MB/81.43MB][100%][==================================================][40.72MB/s]  
[16MB/25.31MB][ 63%][===============================>                  ][16MB/s]  [25.31MB/25.31MB][100%][==================================================][25.31MB/s]  [25.31MB/25.31MB][100%][==================================================][25.31MB/s]  
