klist
Ticket cache: FILE:/pool/condor/dir_14492/vveckaln.cc
Default principal: vveckaln@CERN.CH

Valid starting     Expires            Service principal
12/26/18 14:57:33  12/27/18 10:54:22  krbtgt/CERN.CH@CERN.CH
	renew until 12/27/18 10:54:22
12/26/18 14:57:33  12/27/18 10:54:22  afs/cern.ch@CERN.CH
	renew until 12/27/18 10:54:22
end klist
ls EOS
analysis_MC13TeV_TTJets
analysis_MC13TeV_TTJets_cflip
analysis_MC13TeV_TTJets_herwig
anothercomparison.cc
bins
cernbox
Chunks
Chunks_test
copy_test
data
flipped
flipped_old
LSF
merged_plots
migration
migration_MC13TeV_TTJets_jec_CorrelationGroupMPFInSitu_up_27.root
processing
reserve
rivet
rivet_results_23_March
rivet_test
rivet_test_21_March
save.root
SWAN_projects
test
testdir
unfolding_cflip
unfolding_nominal
end ls EOS
EXIT_CODE_SCRAM 0
exit code in RunMethodPacked 0
caught error code 0
checking sanity of file /pool/condor/dir_14492/MC13TeV_TTJets_btag_light_up_105.root
file is good
Sanity test done
checking sanity of file /pool/condor/dir_14492/migration_MC13TeV_TTJets_btag_light_up_105.root
file is good
Sanity test done
EXIT_CODE_PYTHON  0
[16MB/81.47MB][ 19%][=========>                                        ][8MB/s]  [80MB/81.47MB][ 98%][=================================================>][20MB/s]  [81.47MB/81.47MB][100%][==================================================][20.37MB/s]  [81.47MB/81.47MB][100%][==================================================][13.58MB/s]  
[16MB/25.35MB][ 63%][===============================>                  ][16MB/s]  [25.35MB/25.35MB][100%][==================================================][25.35MB/s]  [25.35MB/25.35MB][100%][==================================================][8.451MB/s]  
