klist
Ticket cache: FILE:/pool/condor/dir_26055/vveckaln.cc
Default principal: vveckaln@CERN.CH

Valid starting     Expires            Service principal
12/26/18 13:08:39  12/27/18 14:08:39  krbtgt/CERN.CH@CERN.CH
	renew until 12/29/18 01:06:23
12/26/18 13:08:40  12/27/18 14:08:39  afs/cern.ch@CERN.CH
	renew until 12/29/18 01:06:23
end klist
ls EOS
analysis_MC13TeV_TTJets
analysis_MC13TeV_TTJets_cflip
analysis_MC13TeV_TTJets_herwig
anothercomparison.cc
bins
cernbox
Chunks
Chunks_test
copy_test
data
flipped
flipped_old
LSF
merged_plots
migration
migration_MC13TeV_TTJets_jec_CorrelationGroupMPFInSitu_up_27.root
processing
reserve
rivet
rivet_results_23_March
rivet_test
rivet_test_21_March
save.root
SWAN_projects
test
testdir
unfolding_cflip
unfolding_nominal
end ls EOS
EXIT_CODE_SCRAM 0
exit code in RunMethodPacked 0
caught error code 0
checking sanity of file /pool/condor/dir_26055/MC13TeV_TTJets_csv_heavy_up_56.root
file is good
Sanity test done
checking sanity of file /pool/condor/dir_26055/migration_MC13TeV_TTJets_csv_heavy_up_56.root
file is good
Sanity test done
EXIT_CODE_PYTHON  0
[16MB/81.64MB][ 19%][=========>                                        ][16MB/s]  [80MB/81.64MB][ 97%][================================================> ][80MB/s]  [81.64MB/81.64MB][100%][==================================================][81.64MB/s]  [81.64MB/81.64MB][100%][==================================================][40.82MB/s]  
[16MB/29.62MB][ 54%][===========================>                      ][16MB/s]  [29.62MB/29.62MB][100%][==================================================][29.62MB/s]  [29.62MB/29.62MB][100%][==================================================][29.62MB/s]  
