klist
Ticket cache: FILE:/pool/condor/dir_6985/vveckaln.cc
Default principal: vveckaln@CERN.CH

Valid starting     Expires            Service principal
01/02/19 12:54:03  01/03/19 13:54:03  krbtgt/CERN.CH@CERN.CH
	renew until 01/07/19 09:42:55
01/02/19 12:56:02  01/03/19 13:54:03  afs/cern.ch@CERN.CH
	renew until 01/07/19 09:42:55
end klist
ls EOS
analysis_MC13TeV_TTJets
analysis_MC13TeV_TTJets_cflip
analysis_MC13TeV_TTJets_herwig
bins
cernbox
Chunks
Chunks_test
copy_test
data
flipped
flipped_old
LSF
merged_plots
migration
migration_MC13TeV_TTJets_jec_CorrelationGroupMPFInSitu_up_27.root
moved.cc
processing
reserve
rivet
rivet_results_23_March
rivet_test
rivet_test_21_March
save.root
SWAN_projects
test
testdir
unfolding_cflip
unfolding_nominal
end ls EOS
EXIT_CODE_SCRAM 0
exit code in RunMethodPacked 0
caught error code 0
checking sanity of file /pool/condor/dir_6985/MC13TeV_TTJets_19.root
file is good
Sanity test done
checking sanity of file /pool/condor/dir_6985/migration_MC13TeV_TTJets_19.root
file is good
Sanity test done
EXIT_CODE_PYTHON  0
[16MB/81.43MB][ 19%][=========>                                        ][16MB/s]  [80MB/81.43MB][ 98%][=================================================>][80MB/s]  [81.43MB/81.43MB][100%][==================================================][40.71MB/s]  [81.43MB/81.43MB][100%][==================================================][40.71MB/s]  
[16MB/25.44MB][ 62%][===============================>                  ][16MB/s]  [25.44MB/25.44MB][100%][==================================================][25.44MB/s]  [25.44MB/25.44MB][100%][==================================================][12.72MB/s]  
