klist
Ticket cache: FILE:/pool/condor/dir_17228/vveckaln.cc
Default principal: vveckaln@CERN.CH

Valid starting     Expires            Service principal
12/30/18 20:03:16  12/31/18 21:03:16  krbtgt/CERN.CH@CERN.CH
	renew until 01/01/19 12:01:01
12/30/18 20:03:17  12/31/18 21:03:16  afs/cern.ch@CERN.CH
	renew until 01/01/19 12:01:01
end klist
ls EOS
analysis_MC13TeV_TTJets
analysis_MC13TeV_TTJets_cflip
analysis_MC13TeV_TTJets_herwig
bins
cernbox
Chunks
Chunks_test
copy_test
data
flipped
flipped_old
LSF
merged_plots
migration
migration_MC13TeV_TTJets_jec_CorrelationGroupMPFInSitu_up_27.root
moved.cc
processing
reserve
rivet
rivet_results_23_March
rivet_test
rivet_test_21_March
save.root
SWAN_projects
test
testdir
unfolding_cflip
unfolding_nominal
end ls EOS
EXIT_CODE_SCRAM 0
exit code in RunMethodPacked 0
caught error code 0
checking sanity of file /pool/condor/dir_17228/MC13TeV_TTJets_herwig_csv_heavy_down_44.root
file is good
Sanity test done
checking sanity of file /pool/condor/dir_17228/migration_MC13TeV_TTJets_herwig_csv_heavy_down_44.root
file is good
Sanity test done
EXIT_CODE_PYTHON  0
[16MB/58.76MB][ 27%][=============>                                    ][16MB/s]  [58.76MB/58.76MB][100%][==================================================][58.76MB/s]  [58.76MB/58.76MB][100%][==================================================][58.76MB/s]  
[15.08MB/15.08MB][100%][==================================================][15.08MB/s]  [15.08MB/15.08MB][100%][==================================================][15.08MB/s]  
