klist
Ticket cache: FILE:/pool/condor/dir_13016/vveckaln.cc
Default principal: vveckaln@CERN.CH

Valid starting     Expires            Service principal
12/26/18 07:22:06  12/27/18 08:22:06  krbtgt/CERN.CH@CERN.CH
	renew until 12/31/18 07:22:06
12/26/18 07:22:08  12/27/18 08:22:06  afs/cern.ch@CERN.CH
	renew until 12/31/18 07:22:06
end klist
ls EOS
analysis_MC13TeV_TTJets
analysis_MC13TeV_TTJets_cflip
analysis_MC13TeV_TTJets_herwig
anothercomparison.cc
bins
cernbox
Chunks
Chunks_test
copy_test
data
flipped
flipped_old
LSF
merged_plots
migration
migration_MC13TeV_TTJets_jec_CorrelationGroupMPFInSitu_up_27.root
processing
reserve
rivet
rivet_results_23_March
rivet_test
rivet_test_21_March
save.root
SWAN_projects
test
testdir
unfolding_cflip
unfolding_nominal
end ls EOS
EXIT_CODE_SCRAM 0
exit code in RunMethodPacked 0
caught error code 0
checking sanity of file /pool/condor/dir_13016/MC13TeV_TTJets_jec_FlavorPureBottom_up_107.root
file is good
Sanity test done
checking sanity of file /pool/condor/dir_13016/migration_MC13TeV_TTJets_jec_FlavorPureBottom_up_107.root
file is good
Sanity test done
EXIT_CODE_PYTHON  0
[16MB/81.43MB][ 19%][=========>                                        ][8MB/s]  [32MB/81.43MB][ 39%][===================>                              ][2.909MB/s]  [48MB/81.43MB][ 58%][=============================>                    ][3.692MB/s]  [80MB/81.43MB][ 98%][=================================================>][5.714MB/s]  [81.43MB/81.43MB][100%][==================================================][5.817MB/s]  [81.43MB/81.43MB][100%][==================================================][5.09MB/s]  
[16MB/26.23MB][ 60%][==============================>                   ][1.333MB/s]  [26.23MB/26.23MB][100%][==================================================][2.186MB/s]  [26.23MB/26.23MB][100%][==================================================][1.141MB/s]  
