klist
Ticket cache: FILE:/pool/condor/dir_21658/vveckaln.cc
Default principal: vveckaln@CERN.CH

Valid starting     Expires            Service principal
12/26/18 18:21:56  12/27/18 19:21:56  krbtgt/CERN.CH@CERN.CH
	renew until 12/31/18 18:21:56
12/26/18 18:21:57  12/27/18 19:21:56  afs/cern.ch@CERN.CH
	renew until 12/31/18 18:21:56
end klist
ls EOS
analysis_MC13TeV_TTJets
analysis_MC13TeV_TTJets_cflip
analysis_MC13TeV_TTJets_herwig
anothercomparison.cc
bins
cernbox
Chunks
Chunks_test
copy_test
data
flipped
flipped_old
LSF
merged_plots
migration
migration_MC13TeV_TTJets_jec_CorrelationGroupMPFInSitu_up_27.root
processing
reserve
rivet
rivet_results_23_March
rivet_test
rivet_test_21_March
save.root
SWAN_projects
test
testdir
unfolding_cflip
unfolding_nominal
end ls EOS
EXIT_CODE_SCRAM 0
exit code in RunMethodPacked 0
caught error code 0
checking sanity of file /pool/condor/dir_21658/MC13TeV_TTJets_jec_FlavorPureQuark_down_59.root
file is good
Sanity test done
checking sanity of file /pool/condor/dir_21658/migration_MC13TeV_TTJets_jec_FlavorPureQuark_down_59.root
file is good
Sanity test done
EXIT_CODE_PYTHON  0
[16MB/81.41MB][ 19%][=========>                                        ][1.778MB/s]  [81.41MB/81.41MB][100%][==================================================][8.141MB/s]  [81.41MB/81.41MB][100%][==================================================][1.732MB/s]  
[16MB/25.34MB][ 63%][===============================>                  ][5.333MB/s]  [25.34MB/25.34MB][100%][==================================================][8.446MB/s]  [25.34MB/25.34MB][100%][==================================================][5.068MB/s]  
