klist
Ticket cache: FILE:/pool/condor/dir_27576/vveckaln.cc
Default principal: vveckaln@CERN.CH

Valid starting     Expires            Service principal
12/26/18 13:08:43  12/27/18 14:08:43  krbtgt/CERN.CH@CERN.CH
	renew until 12/29/18 01:07:13
12/26/18 13:08:43  12/27/18 14:08:43  afs/cern.ch@CERN.CH
	renew until 12/29/18 01:07:13
end klist
ls EOS
analysis_MC13TeV_TTJets
analysis_MC13TeV_TTJets_cflip
analysis_MC13TeV_TTJets_herwig
anothercomparison.cc
bins
cernbox
Chunks
Chunks_test
copy_test
data
flipped
flipped_old
LSF
merged_plots
migration
migration_MC13TeV_TTJets_jec_CorrelationGroupMPFInSitu_up_27.root
processing
reserve
rivet
rivet_results_23_March
rivet_test
rivet_test_21_March
save.root
SWAN_projects
test
testdir
unfolding_cflip
unfolding_nominal
end ls EOS
EXIT_CODE_SCRAM 0
exit code in RunMethodPacked 0
caught error code 0
checking sanity of file /pool/condor/dir_27576/MC13TeV_TTJets_jec_FlavorPureQuark_down_109.root
file is good
Sanity test done
checking sanity of file /pool/condor/dir_27576/migration_MC13TeV_TTJets_jec_FlavorPureQuark_down_109.root
file is good
Sanity test done
EXIT_CODE_PYTHON  0
[16MB/81.47MB][ 19%][=========>                                        ][2.667MB/s]  [80MB/81.47MB][ 98%][=================================================>][11.43MB/s]  [81.47MB/81.47MB][100%][==================================================][11.64MB/s]  [81.47MB/81.47MB][100%][==================================================][4.288MB/s]  
[16MB/26.8MB][ 59%][=============================>                    ][8MB/s]  [26.8MB/26.8MB][100%][==================================================][13.4MB/s]  [26.8MB/26.8MB][100%][==================================================][5.361MB/s]  
