klist
Ticket cache: FILE:/pool/condor/dir_15934/vveckaln.cc
Default principal: vveckaln@CERN.CH

Valid starting     Expires            Service principal
12/27/18 09:12:26  12/28/18 10:12:26  krbtgt/CERN.CH@CERN.CH
	renew until 12/29/18 01:09:11
12/27/18 09:12:26  12/28/18 10:12:26  afs/cern.ch@CERN.CH
	renew until 12/29/18 01:09:11
end klist
ls EOS
analysis_MC13TeV_TTJets
analysis_MC13TeV_TTJets_cflip
analysis_MC13TeV_TTJets_herwig
anothercomparison.cc
bins
cernbox
Chunks
Chunks_test
copy_test
data
flipped
flipped_old
LSF
merged_plots
migration
migration_MC13TeV_TTJets_jec_CorrelationGroupMPFInSitu_up_27.root
processing
reserve
rivet
rivet_results_23_March
rivet_test
rivet_test_21_March
save.root
SWAN_projects
test
testdir
unfolding_cflip
unfolding_nominal
end ls EOS
EXIT_CODE_SCRAM 0
exit code in RunMethodPacked 0
caught error code 0
checking sanity of file /pool/condor/dir_15934/MC13TeV_TTJets_jec_CorrelationGroupMPFInSitu_down_120.root
file is good
Sanity test done
checking sanity of file /pool/condor/dir_15934/migration_MC13TeV_TTJets_jec_CorrelationGroupMPFInSitu_down_120.root
file is good
Sanity test done
EXIT_CODE_PYTHON  0
[16MB/81.72MB][ 19%][=========>                                        ][16MB/s]  [32MB/81.72MB][ 39%][===================>                              ][32MB/s]  [81.72MB/81.72MB][100%][==================================================][40.86MB/s]  [81.72MB/81.72MB][100%][==================================================][27.24MB/s]  
[16MB/28.33MB][ 56%][============================>                     ][16MB/s]  [28.33MB/28.33MB][100%][==================================================][28.33MB/s]  [28.33MB/28.33MB][100%][==================================================][28.33MB/s]  
