klist
Ticket cache: FILE:/pool/condor/dir_31939/vveckaln.cc
Default principal: vveckaln@CERN.CH

Valid starting     Expires            Service principal
12/26/18 02:46:39  12/27/18 03:46:38  krbtgt/CERN.CH@CERN.CH
	renew until 12/30/18 06:46:27
12/26/18 02:46:40  12/27/18 03:46:38  afs/cern.ch@CERN.CH
	renew until 12/30/18 06:46:27
end klist
ls EOS
analysis_MC13TeV_TTJets
analysis_MC13TeV_TTJets_cflip
analysis_MC13TeV_TTJets_herwig
anothercomparison.cc
bins
cernbox
Chunks
Chunks_test
copy_test
data
flipped
flipped_old
LSF
merged_plots
migration
migration_MC13TeV_TTJets_jec_CorrelationGroupMPFInSitu_up_27.root
processing
reserve
rivet
rivet_results_23_March
rivet_test
rivet_test_21_March
save.root
SWAN_projects
test
testdir
unfolding_cflip
unfolding_nominal
end ls EOS
EXIT_CODE_SCRAM 0
exit code in RunMethodPacked 0
caught error code 0
checking sanity of file /pool/condor/dir_31939/MC13TeV_SingleTbar_tW_meup_1.root
file is good
Sanity test done
checking sanity of file /pool/condor/dir_31939/migration_MC13TeV_SingleTbar_tW_meup_1.root
file is good
Sanity test done
EXIT_CODE_PYTHON  0
[16MB/33.53MB][ 47%][=======================>                          ][16MB/s]  [33.53MB/33.53MB][100%][==================================================][33.53MB/s]  [33.53MB/33.53MB][100%][==================================================][16.76MB/s]  
[1.286MB/1.286MB][100%][==================================================][1.286MB/s]  [1.286MB/1.286MB][100%][==================================================][1.286MB/s]  
