klist
Ticket cache: FILE:/pool/condor/dir_12809/vveckaln.cc
Default principal: vveckaln@CERN.CH

Valid starting     Expires            Service principal
12/26/18 01:56:50  12/27/18 02:56:50  krbtgt/CERN.CH@CERN.CH
	renew until 12/29/18 09:55:40
12/26/18 01:56:51  12/27/18 02:56:50  afs/cern.ch@CERN.CH
	renew until 12/29/18 09:55:40
end klist
ls EOS
analysis_MC13TeV_TTJets
analysis_MC13TeV_TTJets_cflip
analysis_MC13TeV_TTJets_herwig
anothercomparison.cc
bins
cernbox
Chunks
Chunks_test
copy_test
data
flipped
flipped_old
LSF
merged_plots
migration
migration_MC13TeV_TTJets_jec_CorrelationGroupMPFInSitu_up_27.root
processing
reserve
rivet
rivet_results_23_March
rivet_test
rivet_test_21_March
save.root
SWAN_projects
test
testdir
unfolding_cflip
unfolding_nominal
end ls EOS
EXIT_CODE_SCRAM 0
exit code in RunMethodPacked 0
caught error code 0
checking sanity of file /pool/condor/dir_12809/MC13TeV_TTJets_jec_FlavorPureCharm_down_105.root
file is good
Sanity test done
checking sanity of file /pool/condor/dir_12809/migration_MC13TeV_TTJets_jec_FlavorPureCharm_down_105.root
file is good
Sanity test done
EXIT_CODE_PYTHON  0
[16MB/81.47MB][ 19%][=========>                                        ][16MB/s]  [80MB/81.47MB][ 98%][=================================================>][80MB/s]  [81.47MB/81.47MB][100%][==================================================][81.47MB/s]  [81.47MB/81.47MB][100%][==================================================][40.74MB/s]  
[16MB/25.4MB][ 62%][===============================>                  ][16MB/s]  [25.4MB/25.4MB][100%][==================================================][25.4MB/s]  [25.4MB/25.4MB][100%][==================================================][12.7MB/s]  
