klist
Ticket cache: FILE:/pool/condor/dir_4185/vveckaln.cc
Default principal: vveckaln@CERN.CH

Valid starting     Expires            Service principal
12/26/18 07:28:58  12/27/18 08:28:58  krbtgt/CERN.CH@CERN.CH
	renew until 12/31/18 07:28:58
12/26/18 07:28:59  12/27/18 08:28:58  afs/cern.ch@CERN.CH
	renew until 12/31/18 07:28:58
end klist
ls EOS
analysis_MC13TeV_TTJets
analysis_MC13TeV_TTJets_cflip
analysis_MC13TeV_TTJets_herwig
anothercomparison.cc
bins
cernbox
Chunks
Chunks_test
copy_test
data
flipped
flipped_old
LSF
merged_plots
migration
migration_MC13TeV_TTJets_jec_CorrelationGroupMPFInSitu_up_27.root
processing
reserve
rivet
rivet_results_23_March
rivet_test
rivet_test_21_March
save.root
SWAN_projects
test
testdir
unfolding_cflip
unfolding_nominal
end ls EOS
EXIT_CODE_SCRAM 0
exit code in RunMethodPacked 0
caught error code 0
checking sanity of file /pool/condor/dir_4185/MC13TeV_TTJets_jec_CorrelationGroupUncorrelated_up_6.root
file is good
Sanity test done
checking sanity of file /pool/condor/dir_4185/migration_MC13TeV_TTJets_jec_CorrelationGroupUncorrelated_up_6.root
file is good
Sanity test done
EXIT_CODE_PYTHON  0
[16MB/81.68MB][ 19%][=========>                                        ][16MB/s]  [80MB/81.68MB][ 97%][================================================> ][26.67MB/s]  [81.68MB/81.68MB][100%][==================================================][27.23MB/s]  [81.68MB/81.68MB][100%][==================================================][13.61MB/s]  
[16MB/27.12MB][ 59%][=============================>                    ][16MB/s]  [27.12MB/27.12MB][100%][==================================================][27.12MB/s]  [27.12MB/27.12MB][100%][==================================================][6.779MB/s]  
