klist
Ticket cache: FILE:/pool/condor/dir_17150/vveckaln.cc
Default principal: vveckaln@CERN.CH

Valid starting     Expires            Service principal
12/27/18 05:03:14  12/28/18 06:03:13  krbtgt/CERN.CH@CERN.CH
	renew until 12/31/18 09:03:07
12/27/18 05:03:15  12/28/18 06:03:13  afs/cern.ch@CERN.CH
	renew until 12/31/18 09:03:07
end klist
ls EOS
analysis_MC13TeV_TTJets
analysis_MC13TeV_TTJets_cflip
analysis_MC13TeV_TTJets_herwig
anothercomparison.cc
bins
cernbox
Chunks
Chunks_test
copy_test
data
flipped
flipped_old
LSF
merged_plots
migration
migration_MC13TeV_TTJets_jec_CorrelationGroupMPFInSitu_up_27.root
processing
reserve
rivet
rivet_results_23_March
rivet_test
rivet_test_21_March
save.root
SWAN_projects
test
testdir
unfolding_cflip
unfolding_nominal
end ls EOS
EXIT_CODE_SCRAM 0
exit code in RunMethodPacked 0
caught error code 0
checking sanity of file /pool/condor/dir_17150/MC13TeV_TTJets_jec_RelativeFSR_down_90.root
file is good
Sanity test done
checking sanity of file /pool/condor/dir_17150/migration_MC13TeV_TTJets_jec_RelativeFSR_down_90.root
file is good
Sanity test done
EXIT_CODE_PYTHON  0
[16MB/81.91MB][ 19%][=========>                                        ][16MB/s]  [80MB/81.91MB][ 97%][================================================> ][80MB/s]  [81.91MB/81.91MB][100%][==================================================][81.91MB/s]  [81.91MB/81.91MB][100%][==================================================][40.95MB/s]  
[16MB/29.75MB][ 53%][==========================>                       ][16MB/s]  [29.75MB/29.75MB][100%][==================================================][29.75MB/s]  [29.75MB/29.75MB][100%][==================================================][14.87MB/s]  
