klist
Ticket cache: FILE:/pool/condor/dir_17264/vveckaln.cc
Default principal: vveckaln@CERN.CH

Valid starting     Expires            Service principal
12/26/18 14:30:45  12/27/18 15:30:45  krbtgt/CERN.CH@CERN.CH
	renew until 12/29/18 22:17:55
12/26/18 14:30:49  12/27/18 15:30:45  afs/cern.ch@CERN.CH
	renew until 12/29/18 22:17:55
end klist
ls EOS
analysis_MC13TeV_TTJets
analysis_MC13TeV_TTJets_cflip
analysis_MC13TeV_TTJets_herwig
anothercomparison.cc
bins
cernbox
Chunks
Chunks_test
copy_test
data
flipped
flipped_old
LSF
merged_plots
migration
migration_MC13TeV_TTJets_jec_CorrelationGroupMPFInSitu_up_27.root
processing
reserve
rivet
rivet_results_23_March
rivet_test
rivet_test_21_March
save.root
SWAN_projects
test
testdir
unfolding_cflip
unfolding_nominal
end ls EOS
EXIT_CODE_SCRAM 0
exit code in RunMethodPacked 0
caught error code 0
checking sanity of file /pool/condor/dir_17264/MC13TeV_TTJets_tracking_up_27.root
file is good
Sanity test done
checking sanity of file /pool/condor/dir_17264/migration_MC13TeV_TTJets_tracking_up_27.root
file is good
Sanity test done
EXIT_CODE_PYTHON  0
[16MB/81.5MB][ 19%][=========>                                        ][5.333MB/s]  [32MB/81.5MB][ 39%][===================>                              ][8MB/s]  [48MB/81.5MB][ 58%][=============================>                    ][8MB/s]  [64MB/81.5MB][ 78%][=======================================>          ][9.143MB/s]  [81.5MB/81.5MB][100%][==================================================][11.64MB/s]  [81.5MB/81.5MB][100%][==================================================][9.055MB/s]  
[16MB/26.42MB][ 60%][==============================>                   ][5.333MB/s]  [26.42MB/26.42MB][100%][==================================================][6.605MB/s]  [26.42MB/26.42MB][100%][==================================================][4.403MB/s]  
