klist
Ticket cache: FILE:/pool/condor/dir_23718/vveckaln.cc
Default principal: vveckaln@CERN.CH

Valid starting     Expires            Service principal
01/01/19 19:27:21  01/02/19 20:27:20  krbtgt/CERN.CH@CERN.CH
	renew until 01/04/19 07:20:15
01/01/19 19:27:21  01/02/19 20:27:20  afs/cern.ch@CERN.CH
	renew until 01/04/19 07:20:15
end klist
ls EOS
analysis_MC13TeV_TTJets
analysis_MC13TeV_TTJets_cflip
analysis_MC13TeV_TTJets_herwig
bins
cernbox
Chunks
Chunks_test
copy_test
data
flipped
flipped_old
LSF
merged_plots
migration
migration_MC13TeV_TTJets_jec_CorrelationGroupMPFInSitu_up_27.root
moved.cc
processing
reserve
rivet
rivet_results_23_March
rivet_test
rivet_test_21_March
save.root
SWAN_projects
test
testdir
unfolding_cflip
unfolding_nominal
end ls EOS
EXIT_CODE_SCRAM 0
exit code in RunMethodPacked 0
caught error code 0
checking sanity of file /pool/condor/dir_23718/MC13TeV_TTJets_64.root
file is good
Sanity test done
checking sanity of file /pool/condor/dir_23718/migration_MC13TeV_TTJets_64.root
file is good
Sanity test done
EXIT_CODE_PYTHON  0
[16MB/81.86MB][ 19%][=========>                                        ][1.455MB/s]  [48MB/81.86MB][ 58%][=============================>                    ][3MB/s]  [64MB/81.86MB][ 78%][=======================================>          ][2.909MB/s]  [80MB/81.86MB][ 97%][================================================> ][3.478MB/s]  [81.86MB/81.86MB][100%][==================================================][3.559MB/s]  [81.86MB/81.86MB][100%][==================================================][3.148MB/s]  
[16MB/29.87MB][ 53%][==========================>                       ][4MB/s]  [29.87MB/29.87MB][100%][==================================================][2.987MB/s]  [29.87MB/29.87MB][100%][==================================================][2.715MB/s]  
