klist
Ticket cache: FILE:/pool/condor/dir_10325/vveckaln.cc
Default principal: vveckaln@CERN.CH

Valid starting     Expires            Service principal
12/26/18 07:54:33  12/27/18 08:54:33  krbtgt/CERN.CH@CERN.CH
	renew until 12/31/18 07:54:33
12/26/18 07:54:33  12/27/18 08:54:33  afs/cern.ch@CERN.CH
	renew until 12/31/18 07:54:33
end klist
ls EOS
analysis_MC13TeV_TTJets
analysis_MC13TeV_TTJets_cflip
analysis_MC13TeV_TTJets_herwig
anothercomparison.cc
bins
cernbox
Chunks
Chunks_test
copy_test
data
flipped
flipped_old
LSF
merged_plots
migration
migration_MC13TeV_TTJets_jec_CorrelationGroupMPFInSitu_up_27.root
processing
reserve
rivet
rivet_results_23_March
rivet_test
rivet_test_21_March
save.root
SWAN_projects
test
testdir
unfolding_cflip
unfolding_nominal
end ls EOS
EXIT_CODE_SCRAM 0
exit code in RunMethodPacked 0
caught error code 0
checking sanity of file /pool/condor/dir_10325/MC13TeV_TTJets_jer_down_126.root
file is good
Sanity test done
checking sanity of file /pool/condor/dir_10325/migration_MC13TeV_TTJets_jer_down_126.root
file is good
Sanity test done
EXIT_CODE_PYTHON  0
[16MB/81.36MB][ 19%][=========>                                        ][1.778MB/s]  [32MB/81.36MB][ 39%][===================>                              ][3.2MB/s]  [48MB/81.36MB][ 58%][=============================>                    ][3.2MB/s]  [64MB/81.36MB][ 78%][=======================================>          ][3.368MB/s]  [80MB/81.36MB][ 98%][=================================================>][3.636MB/s]  [81.36MB/81.36MB][100%][==================================================][3.698MB/s]  [81.36MB/81.36MB][100%][==================================================][3.39MB/s]  
[16MB/24.56MB][ 65%][================================>                 ][5.333MB/s]  [24.56MB/24.56MB][100%][==================================================][8.188MB/s]  [24.56MB/24.56MB][100%][==================================================][4.913MB/s]  
