klist
Ticket cache: FILE:/pool/condor/dir_1101/vveckaln.cc
Default principal: vveckaln@CERN.CH

Valid starting     Expires            Service principal
12/26/18 07:03:46  12/27/18 08:03:46  krbtgt/CERN.CH@CERN.CH
	renew until 12/31/18 07:03:46
12/26/18 07:03:46  12/27/18 08:03:46  afs/cern.ch@CERN.CH
	renew until 12/31/18 07:03:46
end klist
ls EOS
analysis_MC13TeV_TTJets
analysis_MC13TeV_TTJets_cflip
analysis_MC13TeV_TTJets_herwig
anothercomparison.cc
bins
cernbox
Chunks
Chunks_test
copy_test
data
flipped
flipped_old
LSF
merged_plots
migration
migration_MC13TeV_TTJets_jec_CorrelationGroupMPFInSitu_up_27.root
processing
reserve
rivet
rivet_results_23_March
rivet_test
rivet_test_21_March
save.root
SWAN_projects
test
testdir
unfolding_cflip
unfolding_nominal
end ls EOS
EXIT_CODE_SCRAM 0
exit code in RunMethodPacked 0
caught error code 0
checking sanity of file /pool/condor/dir_1101/MC13TeV_TTJets_btag_light_up_23.root
file is good
Sanity test done
checking sanity of file /pool/condor/dir_1101/migration_MC13TeV_TTJets_btag_light_up_23.root
file is good
Sanity test done
EXIT_CODE_PYTHON  0
[16MB/81.32MB][ 19%][=========>                                        ][16MB/s]  [64MB/81.32MB][ 78%][=======================================>          ][64MB/s]  [81.32MB/81.32MB][100%][==================================================][81.32MB/s]  [81.32MB/81.32MB][100%][==================================================][40.66MB/s]  
[16MB/24.74MB][ 64%][================================>                 ][16MB/s]  [24.74MB/24.74MB][100%][==================================================][24.74MB/s]  [24.74MB/24.74MB][100%][==================================================][12.37MB/s]  
