klist
Ticket cache: FILE:/pool/condor/dir_10697/vveckaln.cc
Default principal: vveckaln@CERN.CH

Valid starting     Expires            Service principal
12/26/18 01:55:53  12/27/18 02:55:53  krbtgt/CERN.CH@CERN.CH
	renew until 12/27/18 17:00:15
12/26/18 01:55:54  12/27/18 02:55:53  afs/cern.ch@CERN.CH
	renew until 12/27/18 17:00:15
end klist
ls EOS
analysis_MC13TeV_TTJets
analysis_MC13TeV_TTJets_cflip
analysis_MC13TeV_TTJets_herwig
anothercomparison.cc
bins
cernbox
Chunks
Chunks_test
copy_test
data
flipped
flipped_old
LSF
merged_plots
migration
migration_MC13TeV_TTJets_jec_CorrelationGroupMPFInSitu_up_27.root
processing
reserve
rivet
rivet_results_23_March
rivet_test
rivet_test_21_March
save.root
SWAN_projects
test
testdir
unfolding_cflip
unfolding_nominal
end ls EOS
EXIT_CODE_SCRAM 0
exit code in RunMethodPacked 0
caught error code 0
checking sanity of file /pool/condor/dir_10697/MC13TeV_TTJets_jec_FlavorPureCharm_up_97.root
file is good
Sanity test done
checking sanity of file /pool/condor/dir_10697/migration_MC13TeV_TTJets_jec_FlavorPureCharm_up_97.root
file is good
Sanity test done
EXIT_CODE_PYTHON  0
[16MB/80.92MB][ 19%][=========>                                        ][16MB/s]  [48MB/80.92MB][ 59%][=============================>                    ][48MB/s]  [80MB/80.92MB][ 98%][=================================================>][40MB/s]  [80.92MB/80.92MB][100%][==================================================][40.46MB/s]  [80.92MB/80.92MB][100%][==================================================][20.23MB/s]  
[16MB/20.54MB][ 77%][======================================>           ][16MB/s]  [20.54MB/20.54MB][100%][==================================================][20.54MB/s]  [20.54MB/20.54MB][100%][==================================================][10.27MB/s]  
