klist
Ticket cache: FILE:/pool/condor/dir_744/vveckaln.cc
Default principal: vveckaln@CERN.CH

Valid starting     Expires            Service principal
12/26/18 13:11:08  12/27/18 14:11:08  krbtgt/CERN.CH@CERN.CH
	renew until 12/29/18 01:10:12
12/26/18 13:11:09  12/27/18 14:11:08  afs/cern.ch@CERN.CH
	renew until 12/29/18 01:10:12
end klist
ls EOS
analysis_MC13TeV_TTJets
analysis_MC13TeV_TTJets_cflip
analysis_MC13TeV_TTJets_herwig
anothercomparison.cc
bins
cernbox
Chunks
Chunks_test
copy_test
data
flipped
flipped_old
LSF
merged_plots
migration
migration_MC13TeV_TTJets_jec_CorrelationGroupMPFInSitu_up_27.root
processing
reserve
rivet
rivet_results_23_March
rivet_test
rivet_test_21_March
save.root
SWAN_projects
test
testdir
unfolding_cflip
unfolding_nominal
end ls EOS
EXIT_CODE_SCRAM 0
exit code in RunMethodPacked 0
caught error code 0
checking sanity of file /pool/condor/dir_744/MC13TeV_TTJets_csv_light_up_92.root
file is good
Sanity test done
checking sanity of file /pool/condor/dir_744/migration_MC13TeV_TTJets_csv_light_up_92.root
file is good
Sanity test done
EXIT_CODE_PYTHON  0
[16MB/81.78MB][ 19%][=========>                                        ][16MB/s]  [81.78MB/81.78MB][100%][==================================================][40.89MB/s]  [81.78MB/81.78MB][100%][==================================================][27.26MB/s]  
[16MB/28.19MB][ 56%][============================>                     ][16MB/s]  [28.19MB/28.19MB][100%][==================================================][28.19MB/s]  [28.19MB/28.19MB][100%][==================================================][28.19MB/s]  
