klist
Ticket cache: FILE:/pool/condor/dir_12223/vveckaln.cc
Default principal: vveckaln@CERN.CH

Valid starting     Expires            Service principal
01/01/19 19:22:18  01/02/19 20:22:18  krbtgt/CERN.CH@CERN.CH
	renew until 01/04/19 07:20:18
01/01/19 19:22:20  01/02/19 20:22:18  afs/cern.ch@CERN.CH
	renew until 01/04/19 07:20:18
end klist
ls EOS
analysis_MC13TeV_TTJets
analysis_MC13TeV_TTJets_cflip
analysis_MC13TeV_TTJets_herwig
bins
cernbox
Chunks
Chunks_test
copy_test
data
flipped
flipped_old
LSF
merged_plots
migration
migration_MC13TeV_TTJets_jec_CorrelationGroupMPFInSitu_up_27.root
moved.cc
processing
reserve
rivet
rivet_results_23_March
rivet_test
rivet_test_21_March
save.root
SWAN_projects
test
testdir
unfolding_cflip
unfolding_nominal
end ls EOS
EXIT_CODE_SCRAM 0
exit code in RunMethodPacked 0
caught error code 0
checking sanity of file /pool/condor/dir_12223/MC13TeV_TTJets_10.root
file is good
Sanity test done
checking sanity of file /pool/condor/dir_12223/migration_MC13TeV_TTJets_10.root
file is good
Sanity test done
EXIT_CODE_PYTHON  0
[16MB/81.82MB][ 19%][=========>                                        ][8MB/s]  [32MB/81.82MB][ 39%][===================>                              ][10.67MB/s]  [48MB/81.82MB][ 58%][=============================>                    ][12MB/s]  [64MB/81.82MB][ 78%][=======================================>          ][9.143MB/s]  [80MB/81.82MB][ 97%][================================================> ][10MB/s]  [81.82MB/81.82MB][100%][==================================================][10.23MB/s]  [81.82MB/81.82MB][100%][==================================================][9.091MB/s]  
[16MB/29.46MB][ 54%][===========================>                      ][5.333MB/s]  [29.46MB/29.46MB][100%][==================================================][1006kB/s]  [29.46MB/29.46MB][100%][==================================================][942.8kB/s]  
