klist
Ticket cache: FILE:/pool/condor/dir_7188/vveckaln.cc
Default principal: vveckaln@CERN.CH

Valid starting     Expires            Service principal
12/26/18 01:54:37  12/27/18 02:54:37  krbtgt/CERN.CH@CERN.CH
	renew until 12/27/18 17:00:15
12/26/18 01:54:37  12/27/18 02:54:37  afs/cern.ch@CERN.CH
	renew until 12/27/18 17:00:15
end klist
ls EOS
analysis_MC13TeV_TTJets
analysis_MC13TeV_TTJets_cflip
analysis_MC13TeV_TTJets_herwig
anothercomparison.cc
bins
cernbox
Chunks
Chunks_test
copy_test
data
flipped
flipped_old
LSF
merged_plots
migration
migration_MC13TeV_TTJets_jec_CorrelationGroupMPFInSitu_up_27.root
processing
reserve
rivet
rivet_results_23_March
rivet_test
rivet_test_21_March
save.root
SWAN_projects
test
testdir
unfolding_cflip
unfolding_nominal
end ls EOS
EXIT_CODE_SCRAM 0
exit code in RunMethodPacked 0
caught error code 0
checking sanity of file /pool/condor/dir_7188/MC13TeV_TTJets_cflip_jec_FlavorPureBottom_down_6.root
file is good
Sanity test done
checking sanity of file /pool/condor/dir_7188/migration_MC13TeV_TTJets_cflip_jec_FlavorPureBottom_down_6.root
file is good
Sanity test done
EXIT_CODE_PYTHON  0
[16MB/58.28MB][ 27%][=============>                                    ][16MB/s]  [32MB/58.28MB][ 54%][===========================>                      ][32MB/s]  [48MB/58.28MB][ 82%][=========================================>        ][24MB/s]  [58.28MB/58.28MB][100%][==================================================][29.14MB/s]  [58.28MB/58.28MB][100%][==================================================][29.14MB/s]  
[12.67MB/12.67MB][100%][==================================================][12.67MB/s]  [12.67MB/12.67MB][100%][==================================================][12.67MB/s]  
