klist
Ticket cache: FILE:/pool/condor/dir_18733/vveckaln.cc
Default principal: vveckaln@CERN.CH

Valid starting     Expires            Service principal
12/26/18 15:03:34  12/27/18 16:03:34  krbtgt/CERN.CH@CERN.CH
	renew until 12/31/18 15:03:34
12/26/18 15:05:32  12/27/18 16:03:34  afs/cern.ch@CERN.CH
	renew until 12/31/18 15:03:34
end klist
ls EOS
analysis_MC13TeV_TTJets
analysis_MC13TeV_TTJets_cflip
analysis_MC13TeV_TTJets_herwig
anothercomparison.cc
bins
cernbox
Chunks
Chunks_test
copy_test
data
flipped
flipped_old
LSF
merged_plots
migration
migration_MC13TeV_TTJets_jec_CorrelationGroupMPFInSitu_up_27.root
processing
reserve
rivet
rivet_results_23_March
rivet_test
rivet_test_21_March
save.root
SWAN_projects
test
testdir
unfolding_cflip
unfolding_nominal
end ls EOS
EXIT_CODE_SCRAM 0
exit code in RunMethodPacked 0
caught error code 0
checking sanity of file /pool/condor/dir_18733/MC13TeV_TTJets_btag_heavy_up_30.root
file is good
Sanity test done
checking sanity of file /pool/condor/dir_18733/migration_MC13TeV_TTJets_btag_heavy_up_30.root
file is good
Sanity test done
EXIT_CODE_PYTHON  0
[16MB/81.96MB][ 19%][=========>                                        ][8MB/s]  [80MB/81.96MB][ 97%][================================================> ][26.67MB/s]  [81.96MB/81.96MB][100%][==================================================][27.32MB/s]  [81.96MB/81.96MB][100%][==================================================][16.39MB/s]  
[16MB/30.47MB][ 52%][==========================>                       ][16MB/s]  [30.47MB/30.47MB][100%][==================================================][30.47MB/s]  [30.47MB/30.47MB][100%][==================================================][15.24MB/s]  
