klist
Ticket cache: FILE:/pool/condor/dir_27218/vveckaln.cc
Default principal: vveckaln@CERN.CH

Valid starting     Expires            Service principal
12/26/18 00:26:33  12/27/18 01:26:33  krbtgt/CERN.CH@CERN.CH
	renew until 12/28/18 12:25:25
12/26/18 00:26:34  12/27/18 01:26:33  afs/cern.ch@CERN.CH
	renew until 12/28/18 12:25:25
end klist
ls EOS
analysis_MC13TeV_TTJets
analysis_MC13TeV_TTJets_cflip
analysis_MC13TeV_TTJets_herwig
anothercomparison.cc
bins
cernbox
Chunks
Chunks_test
copy_test
data
flipped
flipped_old
LSF
merged_plots
migration
migration_MC13TeV_TTJets_jec_CorrelationGroupMPFInSitu_up_27.root
processing
reserve
rivet
rivet_results_23_March
rivet_test
rivet_test_21_March
save.root
SWAN_projects
test
testdir
unfolding_cflip
unfolding_nominal
end ls EOS
EXIT_CODE_SCRAM 0
exit code in RunMethodPacked 0
caught error code 0
checking sanity of file /pool/condor/dir_27218/MC13TeV_TTJets_jec_FlavorPureCharm_up_55.root
file is good
Sanity test done
checking sanity of file /pool/condor/dir_27218/migration_MC13TeV_TTJets_jec_FlavorPureCharm_up_55.root
file is good
Sanity test done
EXIT_CODE_PYTHON  0
[16MB/81.33MB][ 19%][=========>                                        ][4MB/s]  [81.33MB/81.33MB][100%][==================================================][20.33MB/s]  [81.33MB/81.33MB][100%][==================================================][4.066MB/s]  
[16MB/24.01MB][ 66%][=================================>                ][5.333MB/s]  [24.01MB/24.01MB][100%][==================================================][8.003MB/s]  [24.01MB/24.01MB][100%][==================================================][3.43MB/s]  
