klist
Ticket cache: FILE:/pool/condor/dir_10962/vveckaln.cc
Default principal: vveckaln@CERN.CH

Valid starting     Expires            Service principal
12/26/18 01:59:19  12/27/18 02:59:19  krbtgt/CERN.CH@CERN.CH
	renew until 12/27/18 17:00:15
12/26/18 01:59:20  12/27/18 02:59:19  afs/cern.ch@CERN.CH
	renew until 12/27/18 17:00:15
end klist
ls EOS
analysis_MC13TeV_TTJets
analysis_MC13TeV_TTJets_cflip
analysis_MC13TeV_TTJets_herwig
anothercomparison.cc
bins
cernbox
Chunks
Chunks_test
copy_test
data
flipped
flipped_old
LSF
merged_plots
migration
migration_MC13TeV_TTJets_jec_CorrelationGroupMPFInSitu_up_27.root
processing
reserve
rivet
rivet_results_23_March
rivet_test
rivet_test_21_March
save.root
SWAN_projects
test
testdir
unfolding_cflip
unfolding_nominal
end ls EOS
EXIT_CODE_SCRAM 0
exit code in RunMethodPacked 0
caught error code 0
checking sanity of file /pool/condor/dir_10962/MC13TeV_TTJets_m178v5_6.root
file is good
Sanity test done
checking sanity of file /pool/condor/dir_10962/migration_MC13TeV_TTJets_m178v5_6.root
file is good
Sanity test done
EXIT_CODE_PYTHON  0
[16MB/78.83MB][ 20%][==========>                                       ][182kB/s]  [32MB/78.83MB][ 40%][====================>                             ][203.5kB/s]  [48MB/78.83MB][ 60%][==============================>                   ][299.7kB/s]  [64MB/78.83MB][ 81%][========================================>         ][392.4kB/s]  [78.83MB/78.83MB][100%][==================================================][469.3kB/s]  [78.83MB/78.83MB][100%][==================================================][463.9kB/s]  
[12.1MB/12.1MB][100%][==================================================][476.5kB/s]  [12.1MB/12.1MB][100%][==================================================][309.7kB/s]  
