klist
Ticket cache: FILE:/pool/condor/dir_29502/vveckaln.cc
Default principal: vveckaln@CERN.CH

Valid starting     Expires            Service principal
12/26/18 06:14:51  12/27/18 07:14:51  krbtgt/CERN.CH@CERN.CH
	renew until 12/30/18 10:13:56
12/26/18 06:14:51  12/27/18 07:14:51  afs/cern.ch@CERN.CH
	renew until 12/30/18 10:13:56
end klist
ls EOS
analysis_MC13TeV_TTJets
analysis_MC13TeV_TTJets_cflip
analysis_MC13TeV_TTJets_herwig
anothercomparison.cc
bins
cernbox
Chunks
Chunks_test
copy_test
data
flipped
flipped_old
LSF
merged_plots
migration
migration_MC13TeV_TTJets_jec_CorrelationGroupMPFInSitu_up_27.root
processing
reserve
rivet
rivet_results_23_March
rivet_test
rivet_test_21_March
save.root
SWAN_projects
test
testdir
unfolding_cflip
unfolding_nominal
end ls EOS
EXIT_CODE_SCRAM 0
exit code in RunMethodPacked 0
caught error code 0
checking sanity of file /pool/condor/dir_29502/MC13TeV_TTJets_jec_FlavorPureGluon_up_17.root
file is good
Sanity test done
checking sanity of file /pool/condor/dir_29502/migration_MC13TeV_TTJets_jec_FlavorPureGluon_up_17.root
file is good
Sanity test done
EXIT_CODE_PYTHON  0
[16MB/81.27MB][ 19%][=========>                                        ][16MB/s]  [80MB/81.27MB][ 98%][=================================================>][40MB/s]  [81.27MB/81.27MB][100%][==================================================][27.09MB/s]  [81.27MB/81.27MB][100%][==================================================][13.55MB/s]  
[16MB/24.59MB][ 65%][================================>                 ][16MB/s]  [24.59MB/24.59MB][100%][==================================================][24.59MB/s]  [24.59MB/24.59MB][100%][==================================================][6.147MB/s]  
