klist
Ticket cache: FILE:/pool/condor/dir_17018/vveckaln.cc
Default principal: vveckaln@CERN.CH

Valid starting     Expires            Service principal
12/26/18 09:10:27  12/27/18 10:10:27  krbtgt/CERN.CH@CERN.CH
	renew until 12/30/18 12:19:54
12/26/18 09:10:28  12/27/18 10:10:27  afs/cern.ch@CERN.CH
	renew until 12/30/18 12:19:54
end klist
ls EOS
analysis_MC13TeV_TTJets
analysis_MC13TeV_TTJets_cflip
analysis_MC13TeV_TTJets_herwig
anothercomparison.cc
bins
cernbox
Chunks
Chunks_test
copy_test
data
flipped
flipped_old
LSF
merged_plots
migration
migration_MC13TeV_TTJets_jec_CorrelationGroupMPFInSitu_up_27.root
processing
reserve
rivet
rivet_results_23_March
rivet_test
rivet_test_21_March
save.root
SWAN_projects
test
testdir
unfolding_cflip
unfolding_nominal
end ls EOS
EXIT_CODE_SCRAM 0
exit code in RunMethodPacked 0
caught error code 0
checking sanity of file /pool/condor/dir_17018/MC13TeV_TTJets_jec_RelativeFSR_down_88.root
file is good
Sanity test done
checking sanity of file /pool/condor/dir_17018/migration_MC13TeV_TTJets_jec_RelativeFSR_down_88.root
file is good
Sanity test done
EXIT_CODE_PYTHON  0
[16MB/82.05MB][ 19%][=========>                                        ][16MB/s]  [82.05MB/82.05MB][100%][==================================================][41.02MB/s]  [82.05MB/82.05MB][100%][==================================================][41.02MB/s]  
[16MB/30.57MB][ 52%][==========================>                       ][16MB/s]  [30.57MB/30.57MB][100%][==================================================][30.57MB/s]  [30.57MB/30.57MB][100%][==================================================][30.57MB/s]  
