klist
Ticket cache: FILE:/pool/condor/dir_12382/vveckaln.cc
Default principal: vveckaln@CERN.CH

Valid starting     Expires            Service principal
12/26/18 20:06:03  12/27/18 21:06:03  krbtgt/CERN.CH@CERN.CH
	renew until 12/31/18 20:06:03
12/26/18 20:06:03  12/27/18 21:06:03  afs/cern.ch@CERN.CH
	renew until 12/31/18 20:06:03
end klist
ls EOS
analysis_MC13TeV_TTJets
analysis_MC13TeV_TTJets_cflip
analysis_MC13TeV_TTJets_herwig
anothercomparison.cc
bins
cernbox
Chunks
Chunks_test
copy_test
data
flipped
flipped_old
LSF
merged_plots
migration
migration_MC13TeV_TTJets_jec_CorrelationGroupMPFInSitu_up_27.root
processing
reserve
rivet
rivet_results_23_March
rivet_test
rivet_test_21_March
save.root
SWAN_projects
test
testdir
unfolding_cflip
unfolding_nominal
end ls EOS
EXIT_CODE_SCRAM 0
exit code in RunMethodPacked 0
caught error code 0
checking sanity of file /pool/condor/dir_12382/MC13TeV_TTJets_jec_FlavorPureQuark_down_119.root
file is good
Sanity test done
checking sanity of file /pool/condor/dir_12382/migration_MC13TeV_TTJets_jec_FlavorPureQuark_down_119.root
file is good
Sanity test done
EXIT_CODE_PYTHON  0
[16MB/81.74MB][ 19%][=========>                                        ][1.6MB/s]  [81.74MB/81.74MB][100%][==================================================][7.431MB/s]  [81.74MB/81.74MB][100%][==================================================][2.819MB/s]  
[16MB/27.94MB][ 57%][============================>                     ][16MB/s]  [27.94MB/27.94MB][100%][==================================================][27.94MB/s]  [27.94MB/27.94MB][100%][==================================================][6.984MB/s]  
