klist
Ticket cache: FILE:/pool/condor/dir_10869/vveckaln.cc
Default principal: vveckaln@CERN.CH

Valid starting     Expires            Service principal
12/26/18 01:26:27  12/27/18 02:26:27  krbtgt/CERN.CH@CERN.CH
	renew until 12/27/18 17:24:11
12/26/18 01:26:27  12/27/18 02:26:27  afs/cern.ch@CERN.CH
	renew until 12/27/18 17:24:11
end klist
ls EOS
analysis_MC13TeV_TTJets
analysis_MC13TeV_TTJets_cflip
analysis_MC13TeV_TTJets_herwig
anothercomparison.cc
bins
cernbox
Chunks
Chunks_test
copy_test
data
flipped
flipped_old
LSF
merged_plots
migration
migration_MC13TeV_TTJets_jec_CorrelationGroupMPFInSitu_up_27.root
processing
reserve
rivet
rivet_results_23_March
rivet_test
rivet_test_21_March
save.root
SWAN_projects
test
testdir
unfolding_cflip
unfolding_nominal
end ls EOS
EXIT_CODE_SCRAM 0
exit code in RunMethodPacked 0
caught error code 0
checking sanity of file /pool/condor/dir_10869/MC13TeV_ZZTo2L2Q_3.root
file is good
Sanity test done
checking sanity of file /pool/condor/dir_10869/migration_MC13TeV_ZZTo2L2Q_3.root
file is good
Sanity test done
EXIT_CODE_PYTHON  0
[16MB/23.57MB][ 67%][=================================>                ][16MB/s]  [23.57MB/23.57MB][100%][==================================================][23.57MB/s]  [23.57MB/23.57MB][100%][==================================================][23.57MB/s]  
[134.5kB/134.5kB][100%][==================================================][134.5kB/s]  [134.5kB/134.5kB][100%][==================================================][134.5kB/s]  
