klist
Ticket cache: FILE:/pool/condor/dir_26762/vveckaln.cc
Default principal: vveckaln@CERN.CH

Valid starting     Expires            Service principal
12/30/18 11:09:38  12/31/18 07:04:01  krbtgt/CERN.CH@CERN.CH
	renew until 12/31/18 07:04:01
12/30/18 11:09:38  12/31/18 07:04:01  afs/cern.ch@CERN.CH
	renew until 12/31/18 07:04:01
end klist
ls EOS
analysis_MC13TeV_TTJets
analysis_MC13TeV_TTJets_cflip
analysis_MC13TeV_TTJets_herwig
bins
cernbox
Chunks
Chunks_test
copy_test
data
flipped
flipped_old
LSF
merged_plots
migration
migration_MC13TeV_TTJets_jec_CorrelationGroupMPFInSitu_up_27.root
moved.cc
processing
reserve
rivet
rivet_results_23_March
rivet_test
rivet_test_21_March
save.root
SWAN_projects
test
testdir
unfolding_cflip
unfolding_nominal
end ls EOS
EXIT_CODE_SCRAM 0
exit code in RunMethodPacked 0
caught error code 0
checking sanity of file /pool/condor/dir_26762/MC13TeV_TTJets_herwig_csv_light_down_8.root
file is good
Sanity test done
checking sanity of file /pool/condor/dir_26762/migration_MC13TeV_TTJets_herwig_csv_light_down_8.root
file is good
Sanity test done
EXIT_CODE_PYTHON  0
[16MB/58.58MB][ 27%][=============>                                    ][16MB/s]  [32MB/58.58MB][ 54%][===========================>                      ][16MB/s]  [58.58MB/58.58MB][100%][==================================================][29.29MB/s]  [58.58MB/58.58MB][100%][==================================================][19.53MB/s]  
[14.1MB/14.1MB][100%][==================================================][14.1MB/s]  [14.1MB/14.1MB][100%][==================================================][14.1MB/s]  
