klist
Ticket cache: FILE:/pool/condor/dir_14753/vveckaln.cc
Default principal: vveckaln@CERN.CH

Valid starting     Expires            Service principal
12/26/18 13:07:00  12/27/18 14:07:00  krbtgt/CERN.CH@CERN.CH
	renew until 12/29/18 01:05:34
12/26/18 13:07:00  12/27/18 14:07:00  afs/cern.ch@CERN.CH
	renew until 12/29/18 01:05:34
end klist
ls EOS
analysis_MC13TeV_TTJets
analysis_MC13TeV_TTJets_cflip
analysis_MC13TeV_TTJets_herwig
anothercomparison.cc
bins
cernbox
Chunks
Chunks_test
copy_test
data
flipped
flipped_old
LSF
merged_plots
migration
migration_MC13TeV_TTJets_jec_CorrelationGroupMPFInSitu_up_27.root
processing
reserve
rivet
rivet_results_23_March
rivet_test
rivet_test_21_March
save.root
SWAN_projects
test
testdir
unfolding_cflip
unfolding_nominal
end ls EOS
EXIT_CODE_SCRAM 0
exit code in RunMethodPacked 0
caught error code 0
checking sanity of file /pool/condor/dir_14753/MC13TeV_TTJets_gluonMove_38.root
file is good
Sanity test done
checking sanity of file /pool/condor/dir_14753/migration_MC13TeV_TTJets_gluonMove_38.root
file is good
Sanity test done
EXIT_CODE_PYTHON  0
[16MB/79.84MB][ 20%][==========>                                       ][16MB/s]  [79.84MB/79.84MB][100%][==================================================][79.84MB/s]  [79.84MB/79.84MB][100%][==================================================][26.61MB/s]  
[15.69MB/15.69MB][100%][==================================================][15.69MB/s]  [15.69MB/15.69MB][100%][==================================================][15.69MB/s]  
