klist
Ticket cache: FILE:/pool/condor/dir_11613/vveckaln.cc
Default principal: vveckaln@CERN.CH

Valid starting     Expires            Service principal
12/26/18 07:36:27  12/27/18 08:36:27  krbtgt/CERN.CH@CERN.CH
	renew until 12/31/18 07:36:27
12/26/18 07:36:28  12/27/18 08:36:27  afs/cern.ch@CERN.CH
	renew until 12/31/18 07:36:27
end klist
ls EOS
analysis_MC13TeV_TTJets
analysis_MC13TeV_TTJets_cflip
analysis_MC13TeV_TTJets_herwig
anothercomparison.cc
bins
cernbox
Chunks
Chunks_test
copy_test
data
flipped
flipped_old
LSF
merged_plots
migration
migration_MC13TeV_TTJets_jec_CorrelationGroupMPFInSitu_up_27.root
processing
reserve
rivet
rivet_results_23_March
rivet_test
rivet_test_21_March
save.root
SWAN_projects
test
testdir
unfolding_cflip
unfolding_nominal
end ls EOS
EXIT_CODE_SCRAM 0
exit code in RunMethodPacked 0
caught error code 0
checking sanity of file /pool/condor/dir_11613/MC13TeV_TTJets_qcdBased_31.root
file is good
Sanity test done
checking sanity of file /pool/condor/dir_11613/migration_MC13TeV_TTJets_qcdBased_31.root
file is good
Sanity test done
EXIT_CODE_PYTHON  0
[16MB/80.44MB][ 19%][=========>                                        ][1.6MB/s]  [32MB/80.44MB][ 39%][===================>                              ][2.667MB/s]  [48MB/80.44MB][ 59%][=============================>                    ][2.667MB/s]  [64MB/80.44MB][ 79%][=======================================>          ][3.368MB/s]  [80MB/80.44MB][ 99%][=================================================>][3.81MB/s]  [80.44MB/80.44MB][100%][==================================================][3.656MB/s]  [80.44MB/80.44MB][100%][==================================================][3.497MB/s]  
[16MB/19.6MB][ 81%][========================================>         ][5.333MB/s]  [19.6MB/19.6MB][100%][==================================================][6.532MB/s]  [19.6MB/19.6MB][100%][==================================================][3.919MB/s]  
