klist
Ticket cache: FILE:/pool/condor/dir_6072/vveckaln.cc
Default principal: vveckaln@CERN.CH

Valid starting     Expires            Service principal
12/26/18 03:04:29  12/27/18 04:04:29  krbtgt/CERN.CH@CERN.CH
	renew until 12/28/18 15:03:06
12/26/18 03:04:30  12/27/18 04:04:29  afs/cern.ch@CERN.CH
	renew until 12/28/18 15:03:06
end klist
ls EOS
analysis_MC13TeV_TTJets
analysis_MC13TeV_TTJets_cflip
analysis_MC13TeV_TTJets_herwig
anothercomparison.cc
bins
cernbox
Chunks
Chunks_test
copy_test
data
flipped
flipped_old
LSF
merged_plots
migration
migration_MC13TeV_TTJets_jec_CorrelationGroupMPFInSitu_up_27.root
processing
reserve
rivet
rivet_results_23_March
rivet_test
rivet_test_21_March
save.root
SWAN_projects
test
testdir
unfolding_cflip
unfolding_nominal
end ls EOS
EXIT_CODE_SCRAM 0
exit code in RunMethodPacked 0
caught error code 0
checking sanity of file /pool/condor/dir_6072/MC13TeV_TTJets_jec_FlavorPureQuark_down_122.root
file is good
Sanity test done
checking sanity of file /pool/condor/dir_6072/migration_MC13TeV_TTJets_jec_FlavorPureQuark_down_122.root
file is good
Sanity test done
EXIT_CODE_PYTHON  0
[16MB/81MB][ 19%][=========>                                        ][16MB/s]  [64MB/81MB][ 79%][=======================================>          ][32MB/s]  [81MB/81MB][100%][==================================================][27MB/s]  [81MB/81MB][100%][==================================================][13.5MB/s]  
[16MB/22.45MB][ 71%][===================================>              ][8MB/s]  [22.45MB/22.45MB][100%][==================================================][11.22MB/s]  [22.45MB/22.45MB][100%][==================================================][4.49MB/s]  
