klist
Ticket cache: FILE:/pool/condor/dir_15960/vveckaln.cc
Default principal: vveckaln@CERN.CH

Valid starting     Expires            Service principal
12/26/18 13:07:30  12/27/18 14:07:30  krbtgt/CERN.CH@CERN.CH
	renew until 12/29/18 01:05:31
12/26/18 13:07:30  12/27/18 14:07:30  afs/cern.ch@CERN.CH
	renew until 12/29/18 01:05:31
end klist
ls EOS
analysis_MC13TeV_TTJets
analysis_MC13TeV_TTJets_cflip
analysis_MC13TeV_TTJets_herwig
anothercomparison.cc
bins
cernbox
Chunks
Chunks_test
copy_test
data
flipped
flipped_old
LSF
merged_plots
migration
migration_MC13TeV_TTJets_jec_CorrelationGroupMPFInSitu_up_27.root
processing
reserve
rivet
rivet_results_23_March
rivet_test
rivet_test_21_March
save.root
SWAN_projects
test
testdir
unfolding_cflip
unfolding_nominal
end ls EOS
EXIT_CODE_SCRAM 0
exit code in RunMethodPacked 0
caught error code 0
checking sanity of file /pool/condor/dir_15960/MC13TeV_TTJets_cflip_btag_heavy_up_2.root
file is good
Sanity test done
checking sanity of file /pool/condor/dir_15960/migration_MC13TeV_TTJets_cflip_btag_heavy_up_2.root
file is good
Sanity test done
EXIT_CODE_PYTHON  0
[16MB/57.84MB][ 27%][=============>                                    ][16MB/s]  [32MB/57.84MB][ 55%][===========================>                      ][32MB/s]  [57.84MB/57.84MB][100%][==================================================][57.84MB/s]  [57.84MB/57.84MB][100%][==================================================][57.84MB/s]  
[9.956MB/9.956MB][100%][==================================================][9.956MB/s]  [9.956MB/9.956MB][100%][==================================================][9.956MB/s]  
