klist
Ticket cache: FILE:/pool/condor/dir_31989/vveckaln.cc
Default principal: vveckaln@CERN.CH

Valid starting     Expires            Service principal
12/26/18 04:52:16  12/27/18 05:52:16  krbtgt/CERN.CH@CERN.CH
	renew until 12/29/18 12:51:09
12/26/18 04:52:17  12/27/18 05:52:16  afs/cern.ch@CERN.CH
	renew until 12/29/18 12:51:09
end klist
ls EOS
analysis_MC13TeV_TTJets
analysis_MC13TeV_TTJets_cflip
analysis_MC13TeV_TTJets_herwig
anothercomparison.cc
bins
cernbox
Chunks
Chunks_test
copy_test
data
flipped
flipped_old
LSF
merged_plots
migration
migration_MC13TeV_TTJets_jec_CorrelationGroupMPFInSitu_up_27.root
processing
reserve
rivet
rivet_results_23_March
rivet_test
rivet_test_21_March
save.root
SWAN_projects
test
testdir
unfolding_cflip
unfolding_nominal
end ls EOS
EXIT_CODE_SCRAM 0
exit code in RunMethodPacked 0
caught error code 0
checking sanity of file /pool/condor/dir_31989/MC13TeV_TTJets_uedn_23.root
file is good
Sanity test done
checking sanity of file /pool/condor/dir_31989/migration_MC13TeV_TTJets_uedn_23.root
file is good
Sanity test done
EXIT_CODE_PYTHON  0
[16MB/81.08MB][ 19%][=========>                                        ][16MB/s]  [81.08MB/81.08MB][100%][==================================================][40.54MB/s]  [81.08MB/81.08MB][100%][==================================================][27.03MB/s]  
[16MB/24.08MB][ 66%][=================================>                ][16MB/s]  [24.08MB/24.08MB][100%][==================================================][24.08MB/s]  [24.08MB/24.08MB][100%][==================================================][12.04MB/s]  
