klist
Ticket cache: FILE:/pool/condor/dir_8800/vveckaln.cc
Default principal: vveckaln@CERN.CH

Valid starting     Expires            Service principal
12/26/18 07:46:33  12/27/18 08:46:32  krbtgt/CERN.CH@CERN.CH
	renew until 12/28/18 19:43:19
12/26/18 07:46:33  12/27/18 08:46:32  afs/cern.ch@CERN.CH
	renew until 12/28/18 19:43:19
end klist
ls EOS
analysis_MC13TeV_TTJets
analysis_MC13TeV_TTJets_cflip
analysis_MC13TeV_TTJets_herwig
anothercomparison.cc
bins
cernbox
Chunks
Chunks_test
copy_test
data
flipped
flipped_old
LSF
merged_plots
migration
migration_MC13TeV_TTJets_jec_CorrelationGroupMPFInSitu_up_27.root
processing
reserve
rivet
rivet_results_23_March
rivet_test
rivet_test_21_March
save.root
SWAN_projects
test
testdir
unfolding_cflip
unfolding_nominal
end ls EOS
EXIT_CODE_SCRAM 0
exit code in RunMethodPacked 0
caught error code 0
checking sanity of file /pool/condor/dir_8800/MC13TeV_TTJets_gluonMove_23.root
file is good
Sanity test done
checking sanity of file /pool/condor/dir_8800/migration_MC13TeV_TTJets_gluonMove_23.root
file is good
Sanity test done
EXIT_CODE_PYTHON  0
[16MB/80.12MB][ 19%][=========>                                        ][16MB/s]  [80.12MB/80.12MB][100%][==================================================][80.12MB/s]  [80.12MB/80.12MB][100%][==================================================][80.12MB/s]  
[16MB/16.82MB][ 95%][===============================================>  ][16MB/s]  [16.82MB/16.82MB][100%][==================================================][16.82MB/s]  [16.82MB/16.82MB][100%][==================================================][16.82MB/s]  
