klist
Ticket cache: FILE:/pool/condor/dir_28006/vveckaln.cc
Default principal: vveckaln@CERN.CH

Valid starting     Expires            Service principal
12/26/18 13:08:11  12/27/18 14:08:11  krbtgt/CERN.CH@CERN.CH
	renew until 12/29/18 01:06:54
12/26/18 13:08:11  12/27/18 14:08:11  afs/cern.ch@CERN.CH
	renew until 12/29/18 01:06:54
end klist
ls EOS
analysis_MC13TeV_TTJets
analysis_MC13TeV_TTJets_cflip
analysis_MC13TeV_TTJets_herwig
anothercomparison.cc
bins
cernbox
Chunks
Chunks_test
copy_test
data
flipped
flipped_old
LSF
merged_plots
migration
migration_MC13TeV_TTJets_jec_CorrelationGroupMPFInSitu_up_27.root
processing
reserve
rivet
rivet_results_23_March
rivet_test
rivet_test_21_March
save.root
SWAN_projects
test
testdir
unfolding_cflip
unfolding_nominal
end ls EOS
EXIT_CODE_SCRAM 0
exit code in RunMethodPacked 0
caught error code 0
checking sanity of file /pool/condor/dir_28006/MC13TeV_TTJets_cflip_tracking_up_4.root
file is good
Sanity test done
checking sanity of file /pool/condor/dir_28006/migration_MC13TeV_TTJets_cflip_tracking_up_4.root
file is good
Sanity test done
EXIT_CODE_PYTHON  0
[16MB/56.88MB][ 28%][==============>                                   ][16MB/s]  [56.88MB/56.88MB][100%][==================================================][56.88MB/s]  [56.88MB/56.88MB][100%][==================================================][28.44MB/s]  
[7.139MB/7.139MB][100%][==================================================][7.139MB/s]  [7.139MB/7.139MB][100%][==================================================][7.139MB/s]  
