klist
Ticket cache: FILE:/pool/condor/dir_32763/vveckaln.cc
Default principal: vveckaln@CERN.CH

Valid starting     Expires            Service principal
12/26/18 07:03:46  12/27/18 08:03:46  krbtgt/CERN.CH@CERN.CH
	renew until 12/31/18 07:03:46
12/26/18 07:03:46  12/27/18 08:03:46  afs/cern.ch@CERN.CH
	renew until 12/31/18 07:03:46
end klist
ls EOS
analysis_MC13TeV_TTJets
analysis_MC13TeV_TTJets_cflip
analysis_MC13TeV_TTJets_herwig
anothercomparison.cc
bins
cernbox
Chunks
Chunks_test
copy_test
data
flipped
flipped_old
LSF
merged_plots
migration
migration_MC13TeV_TTJets_jec_CorrelationGroupMPFInSitu_up_27.root
processing
reserve
rivet
rivet_results_23_March
rivet_test
rivet_test_21_March
save.root
SWAN_projects
test
testdir
unfolding_cflip
unfolding_nominal
end ls EOS
EXIT_CODE_SCRAM 0
exit code in RunMethodPacked 0
caught error code 0
checking sanity of file /pool/condor/dir_32763/MC13TeV_TTJets_jer_down_71.root
file is good
Sanity test done
checking sanity of file /pool/condor/dir_32763/migration_MC13TeV_TTJets_jer_down_71.root
file is good
Sanity test done
EXIT_CODE_PYTHON  0
[16MB/80.17MB][ 19%][=========>                                        ][16MB/s]  [48MB/80.17MB][ 59%][=============================>                    ][48MB/s]  [80.17MB/80.17MB][100%][==================================================][80.17MB/s]  [80.17MB/80.17MB][100%][==================================================][40.08MB/s]  
[16MB/17.85MB][ 89%][============================================>     ][16MB/s]  [17.85MB/17.85MB][100%][==================================================][17.85MB/s]  [17.85MB/17.85MB][100%][==================================================][8.927MB/s]  
