klist
Ticket cache: FILE:/pool/condor/dir_4141/vveckaln.cc
Default principal: vveckaln@CERN.CH

Valid starting     Expires            Service principal
12/31/18 12:56:38  01/01/19 13:56:38  krbtgt/CERN.CH@CERN.CH
	renew until 01/05/19 12:21:28
12/31/18 12:58:41  01/01/19 13:56:38  afs/cern.ch@CERN.CH
	renew until 01/05/19 12:21:28
end klist
ls EOS
analysis_MC13TeV_TTJets
analysis_MC13TeV_TTJets_cflip
analysis_MC13TeV_TTJets_herwig
bins
cernbox
Chunks
Chunks_test
copy_test
data
flipped
flipped_old
LSF
merged_plots
migration
migration_MC13TeV_TTJets_jec_CorrelationGroupMPFInSitu_up_27.root
moved.cc
processing
reserve
rivet
rivet_results_23_March
rivet_test
rivet_test_21_March
save.root
SWAN_projects
test
testdir
unfolding_cflip
unfolding_nominal
end ls EOS
EXIT_CODE_SCRAM 0
exit code in RunMethodPacked 0
caught error code 0
checking sanity of file /pool/condor/dir_4141/MC13TeV_TTJets_herwig_btag_light_up_9.root
file is good
Sanity test done
checking sanity of file /pool/condor/dir_4141/migration_MC13TeV_TTJets_herwig_btag_light_up_9.root
file is good
Sanity test done
EXIT_CODE_PYTHON  0
[16MB/58.69MB][ 27%][=============>                                    ][16MB/s]  [58.69MB/58.69MB][100%][==================================================][29.34MB/s]  [58.69MB/58.69MB][100%][==================================================][19.56MB/s]  
[15.04MB/15.04MB][100%][==================================================][15.04MB/s]  [15.04MB/15.04MB][100%][==================================================][15.04MB/s]  
