klist
Ticket cache: FILE:/pool/condor/dir_19519/vveckaln.cc
Default principal: vveckaln@CERN.CH

Valid starting     Expires            Service principal
01/02/19 08:59:02  01/03/19 09:59:02  krbtgt/CERN.CH@CERN.CH
	renew until 01/04/19 17:27:52
01/02/19 08:59:02  01/03/19 09:59:02  afs/cern.ch@CERN.CH
	renew until 01/04/19 17:27:52
end klist
ls EOS
analysis_MC13TeV_TTJets
analysis_MC13TeV_TTJets_cflip
analysis_MC13TeV_TTJets_herwig
bins
cernbox
Chunks
Chunks_test
copy_test
data
flipped
flipped_old
LSF
merged_plots
migration
migration_MC13TeV_TTJets_jec_CorrelationGroupMPFInSitu_up_27.root
moved.cc
processing
reserve
rivet
rivet_results_23_March
rivet_test
rivet_test_21_March
save.root
SWAN_projects
test
testdir
unfolding_cflip
unfolding_nominal
end ls EOS
EXIT_CODE_SCRAM 0
exit code in RunMethodPacked 0
caught error code 0
checking sanity of file /pool/condor/dir_19519/MC13TeV_TTJets_37.root
file is good
Sanity test done
checking sanity of file /pool/condor/dir_19519/migration_MC13TeV_TTJets_37.root
file is good
Sanity test done
EXIT_CODE_PYTHON  0
[16MB/81.11MB][ 19%][=========>                                        ][16MB/s]  [32MB/81.11MB][ 39%][===================>                              ][32MB/s]  [48MB/81.11MB][ 59%][=============================>                    ][24MB/s]  [64MB/81.11MB][ 78%][=======================================>          ][21.33MB/s]  [80MB/81.11MB][ 98%][=================================================>][20MB/s]  [81.11MB/81.11MB][100%][==================================================][20.28MB/s]  [81.11MB/81.11MB][100%][==================================================][20.28MB/s]  
[16MB/22.58MB][ 70%][===================================>              ][16MB/s]  [22.58MB/22.58MB][100%][==================================================][22.58MB/s]  [22.58MB/22.58MB][100%][==================================================][22.58MB/s]  
