klist
Ticket cache: FILE:/pool/condor/dir_10088/vveckaln.cc
Default principal: vveckaln@CERN.CH

Valid starting     Expires            Service principal
12/26/18 07:28:58  12/27/18 08:28:58  krbtgt/CERN.CH@CERN.CH
	renew until 12/31/18 07:28:58
12/26/18 07:28:59  12/27/18 08:28:58  afs/cern.ch@CERN.CH
	renew until 12/31/18 07:28:58
end klist
ls EOS
analysis_MC13TeV_TTJets
analysis_MC13TeV_TTJets_cflip
analysis_MC13TeV_TTJets_herwig
anothercomparison.cc
bins
cernbox
Chunks
Chunks_test
copy_test
data
flipped
flipped_old
LSF
merged_plots
migration
migration_MC13TeV_TTJets_jec_CorrelationGroupMPFInSitu_up_27.root
processing
reserve
rivet
rivet_results_23_March
rivet_test
rivet_test_21_March
save.root
SWAN_projects
test
testdir
unfolding_cflip
unfolding_nominal
end ls EOS
EXIT_CODE_SCRAM 0
exit code in RunMethodPacked 0
caught error code 0
checking sanity of file /pool/condor/dir_10088/MC13TeV_TTJets_jec_FlavorPureGluon_down_52.root
file is good
Sanity test done
checking sanity of file /pool/condor/dir_10088/migration_MC13TeV_TTJets_jec_FlavorPureGluon_down_52.root
file is good
Sanity test done
EXIT_CODE_PYTHON  0
[16MB/81.33MB][ 19%][=========>                                        ][5.333MB/s]  [32MB/81.33MB][ 39%][===================>                              ][8MB/s]  [48MB/81.33MB][ 59%][=============================>                    ][9.6MB/s]  [80MB/81.33MB][ 98%][=================================================>][11.43MB/s]  [81.33MB/81.33MB][100%][==================================================][11.62MB/s]  [81.33MB/81.33MB][100%][==================================================][10.17MB/s]  
[16MB/24.77MB][ 64%][================================>                 ][8MB/s]  [24.77MB/24.77MB][100%][==================================================][12.38MB/s]  [24.77MB/24.77MB][100%][==================================================][4.953MB/s]  
