klist
Ticket cache: FILE:/pool/condor/dir_6377/vveckaln.cc
Default principal: vveckaln@CERN.CH

Valid starting     Expires            Service principal
12/26/18 01:56:15  12/27/18 02:56:15  krbtgt/CERN.CH@CERN.CH
	renew until 12/29/18 09:54:20
12/26/18 01:56:16  12/27/18 02:56:15  afs/cern.ch@CERN.CH
	renew until 12/29/18 09:54:20
end klist
ls EOS
analysis_MC13TeV_TTJets
analysis_MC13TeV_TTJets_cflip
analysis_MC13TeV_TTJets_herwig
anothercomparison.cc
bins
cernbox
Chunks
Chunks_test
copy_test
data
flipped
flipped_old
LSF
merged_plots
migration
migration_MC13TeV_TTJets_jec_CorrelationGroupMPFInSitu_up_27.root
processing
reserve
rivet
rivet_results_23_March
rivet_test
rivet_test_21_March
save.root
SWAN_projects
test
testdir
unfolding_cflip
unfolding_nominal
end ls EOS
EXIT_CODE_SCRAM 0
exit code in RunMethodPacked 0
caught error code 0
checking sanity of file /pool/condor/dir_6377/MC13TeV_TTJets_uedn_5.root
file is good
Sanity test done
checking sanity of file /pool/condor/dir_6377/migration_MC13TeV_TTJets_uedn_5.root
file is good
Sanity test done
EXIT_CODE_PYTHON  0
[16MB/81.51MB][ 19%][=========>                                        ][16MB/s]  [80MB/81.51MB][ 98%][=================================================>][40MB/s]  [81.51MB/81.51MB][100%][==================================================][27.17MB/s]  [81.51MB/81.51MB][100%][==================================================][27.17MB/s]  
[16MB/27.21MB][ 58%][=============================>                    ][16MB/s]  [27.21MB/27.21MB][100%][==================================================][27.21MB/s]  [27.21MB/27.21MB][100%][==================================================][27.21MB/s]  
