klist
Ticket cache: FILE:/pool/condor/dir_393/vveckaln.cc
Default principal: vveckaln@CERN.CH

Valid starting     Expires            Service principal
12/26/18 02:52:53  12/27/18 03:52:53  krbtgt/CERN.CH@CERN.CH
	renew until 12/28/18 14:51:43
12/26/18 02:52:53  12/27/18 03:52:53  afs/cern.ch@CERN.CH
	renew until 12/28/18 14:51:43
end klist
ls EOS
analysis_MC13TeV_TTJets
analysis_MC13TeV_TTJets_cflip
analysis_MC13TeV_TTJets_herwig
anothercomparison.cc
bins
cernbox
Chunks
Chunks_test
copy_test
data
flipped
flipped_old
LSF
merged_plots
migration
migration_MC13TeV_TTJets_jec_CorrelationGroupMPFInSitu_up_27.root
processing
reserve
rivet
rivet_results_23_March
rivet_test
rivet_test_21_March
save.root
SWAN_projects
test
testdir
unfolding_cflip
unfolding_nominal
end ls EOS
EXIT_CODE_SCRAM 0
exit code in RunMethodPacked 0
caught error code 0
checking sanity of file /pool/condor/dir_393/MC13TeV_TTJets_erdON_44.root
file is good
Sanity test done
checking sanity of file /pool/condor/dir_393/migration_MC13TeV_TTJets_erdON_44.root
file is good
Sanity test done
EXIT_CODE_PYTHON  0
[16MB/77.48MB][ 20%][==========>                                       ][16MB/s]  [77.48MB/77.48MB][100%][==================================================][77.48MB/s]  [77.48MB/77.48MB][100%][==================================================][25.83MB/s]  
[8.872MB/8.872MB][100%][==================================================][8.872MB/s]  [8.872MB/8.872MB][100%][==================================================][8.872MB/s]  
