klist
Ticket cache: FILE:/pool/condor/dir_23604/vveckaln.cc
Default principal: vveckaln@CERN.CH

Valid starting     Expires            Service principal
12/26/18 01:44:20  12/27/18 02:44:20  krbtgt/CERN.CH@CERN.CH
	renew until 12/29/18 09:42:51
12/26/18 01:44:20  12/27/18 02:44:20  afs/cern.ch@CERN.CH
	renew until 12/29/18 09:42:51
end klist
ls EOS
analysis_MC13TeV_TTJets
analysis_MC13TeV_TTJets_cflip
analysis_MC13TeV_TTJets_herwig
anothercomparison.cc
bins
cernbox
Chunks
Chunks_test
copy_test
data
flipped
flipped_old
LSF
merged_plots
migration
migration_MC13TeV_TTJets_jec_CorrelationGroupMPFInSitu_up_27.root
processing
reserve
rivet
rivet_results_23_March
rivet_test
rivet_test_21_March
save.root
SWAN_projects
test
testdir
unfolding_cflip
unfolding_nominal
end ls EOS
EXIT_CODE_SCRAM 0
exit code in RunMethodPacked 0
caught error code 0
checking sanity of file /pool/condor/dir_23604/MC13TeV_SingleTbar_tW_isrdn_1.root
file is good
Sanity test done
checking sanity of file /pool/condor/dir_23604/migration_MC13TeV_SingleTbar_tW_isrdn_1.root
file is good
Sanity test done
EXIT_CODE_PYTHON  0
[16MB/34.8MB][ 45%][======================>                           ][16MB/s]  [34.8MB/34.8MB][100%][==================================================][34.8MB/s]  [34.8MB/34.8MB][100%][==================================================][17.4MB/s]  
[2.516MB/2.516MB][100%][==================================================][2.516MB/s]  [2.516MB/2.516MB][100%][==================================================][2.516MB/s]  
