klist
Ticket cache: FILE:/pool/condor/dir_18882/vveckaln.cc
Default principal: vveckaln@CERN.CH

Valid starting     Expires            Service principal
12/26/18 07:03:21  12/27/18 08:03:20  krbtgt/CERN.CH@CERN.CH
	renew until 12/31/18 07:03:20
12/26/18 07:03:21  12/27/18 08:03:20  afs/cern.ch@CERN.CH
	renew until 12/31/18 07:03:20
end klist
ls EOS
analysis_MC13TeV_TTJets
analysis_MC13TeV_TTJets_cflip
analysis_MC13TeV_TTJets_herwig
anothercomparison.cc
bins
cernbox
Chunks
Chunks_test
copy_test
data
flipped
flipped_old
LSF
merged_plots
migration
migration_MC13TeV_TTJets_jec_CorrelationGroupMPFInSitu_up_27.root
processing
reserve
rivet
rivet_results_23_March
rivet_test
rivet_test_21_March
save.root
SWAN_projects
test
testdir
unfolding_cflip
unfolding_nominal
end ls EOS
EXIT_CODE_SCRAM 0
exit code in RunMethodPacked 0
caught error code 0
checking sanity of file /pool/condor/dir_18882/MC13TeV_TTJets_jec_RelativeFSR_down_21.root
file is good
Sanity test done
checking sanity of file /pool/condor/dir_18882/migration_MC13TeV_TTJets_jec_RelativeFSR_down_21.root
file is good
Sanity test done
EXIT_CODE_PYTHON  0
[16MB/81.18MB][ 19%][=========>                                        ][8MB/s]  [81.18MB/81.18MB][100%][==================================================][40.59MB/s]  [81.18MB/81.18MB][100%][==================================================][16.24MB/s]  
[16MB/23.9MB][ 66%][=================================>                ][8MB/s]  [23.9MB/23.9MB][100%][==================================================][11.95MB/s]  [23.9MB/23.9MB][100%][==================================================][3.414MB/s]  
