klist
Ticket cache: FILE:/pool/condor/dir_17229/vveckaln.cc
Default principal: vveckaln@CERN.CH

Valid starting     Expires            Service principal
01/02/19 12:54:03  01/03/19 13:54:03  krbtgt/CERN.CH@CERN.CH
	renew until 01/07/19 09:42:55
01/02/19 12:56:33  01/03/19 13:54:03  afs/cern.ch@CERN.CH
	renew until 01/07/19 09:42:55
end klist
ls EOS
analysis_MC13TeV_TTJets
analysis_MC13TeV_TTJets_cflip
analysis_MC13TeV_TTJets_herwig
bins
cernbox
Chunks
Chunks_test
copy_test
data
flipped
flipped_old
LSF
merged_plots
migration
migration_MC13TeV_TTJets_jec_CorrelationGroupMPFInSitu_up_27.root
moved.cc
processing
reserve
rivet
rivet_results_23_March
rivet_test
rivet_test_21_March
save.root
SWAN_projects
test
testdir
unfolding_cflip
unfolding_nominal
end ls EOS
EXIT_CODE_SCRAM 0
exit code in RunMethodPacked 0
caught error code 0
checking sanity of file /pool/condor/dir_17229/MC13TeV_TTJets_cflip_0.root
file is good
Sanity test done
checking sanity of file /pool/condor/dir_17229/migration_MC13TeV_TTJets_cflip_0.root
file is good
Sanity test done
EXIT_CODE_PYTHON  0
[16MB/58.25MB][ 27%][=============>                                    ][16MB/s]  [58.25MB/58.25MB][100%][==================================================][58.25MB/s]  [58.25MB/58.25MB][100%][==================================================][14.56MB/s]  
[12.99MB/12.99MB][100%][==================================================][12.99MB/s]  [12.99MB/12.99MB][100%][==================================================][6.494MB/s]  
