klist
Ticket cache: FILE:/pool/condor/dir_3477/vveckaln.cc
Default principal: vveckaln@CERN.CH

Valid starting     Expires            Service principal
12/30/18 20:56:49  12/31/18 21:56:49  krbtgt/CERN.CH@CERN.CH
	renew until 01/04/19 17:27:52
12/30/18 21:11:57  12/31/18 21:56:49  afs/cern.ch@CERN.CH
	renew until 01/04/19 17:27:52
end klist
ls EOS
analysis_MC13TeV_TTJets
analysis_MC13TeV_TTJets_cflip
analysis_MC13TeV_TTJets_herwig
bins
cernbox
Chunks
Chunks_test
copy_test
data
flipped
flipped_old
LSF
merged_plots
migration
migration_MC13TeV_TTJets_jec_CorrelationGroupMPFInSitu_up_27.root
moved.cc
processing
reserve
rivet
rivet_results_23_March
rivet_test
rivet_test_21_March
save.root
SWAN_projects
test
testdir
unfolding_cflip
unfolding_nominal
end ls EOS
EXIT_CODE_SCRAM 0
exit code in RunMethodPacked 0
caught error code 0
checking sanity of file /pool/condor/dir_3477/MC13TeV_TTJets_herwig_csv_light_up_16.root
file is good
Sanity test done
checking sanity of file /pool/condor/dir_3477/migration_MC13TeV_TTJets_herwig_csv_light_up_16.root
file is good
Sanity test done
EXIT_CODE_PYTHON  0
[16MB/58.52MB][ 27%][=============>                                    ][2.667MB/s]  [32MB/58.52MB][ 54%][===========================>                      ][3.2MB/s]  [48MB/58.52MB][ 82%][=========================================>        ][3MB/s]  [58.52MB/58.52MB][100%][==================================================][2.66MB/s]  [58.52MB/58.52MB][100%][==================================================][2.544MB/s]  
[13.33MB/13.33MB][100%][==================================================][2.222MB/s]  [13.33MB/13.33MB][100%][==================================================][1.905MB/s]  
