klist
Ticket cache: FILE:/pool/condor/dir_28822/vveckaln.cc
Default principal: vveckaln@CERN.CH

Valid starting     Expires            Service principal
12/26/18 13:23:47  12/27/18 14:23:47  krbtgt/CERN.CH@CERN.CH
	renew until 12/29/18 01:21:56
12/26/18 13:23:49  12/27/18 14:23:47  afs/cern.ch@CERN.CH
	renew until 12/29/18 01:21:56
end klist
ls EOS
analysis_MC13TeV_TTJets
analysis_MC13TeV_TTJets_cflip
analysis_MC13TeV_TTJets_herwig
anothercomparison.cc
bins
cernbox
Chunks
Chunks_test
copy_test
data
flipped
flipped_old
LSF
merged_plots
migration
migration_MC13TeV_TTJets_jec_CorrelationGroupMPFInSitu_up_27.root
processing
reserve
rivet
rivet_results_23_March
rivet_test
rivet_test_21_March
save.root
SWAN_projects
test
testdir
unfolding_cflip
unfolding_nominal
end ls EOS
EXIT_CODE_SCRAM 0
exit code in RunMethodPacked 0
caught error code 0
checking sanity of file /pool/condor/dir_28822/MC13TeV_TTJets_jec_CorrelationGroupUncorrelated_down_41.root
file is good
Sanity test done
checking sanity of file /pool/condor/dir_28822/migration_MC13TeV_TTJets_jec_CorrelationGroupUncorrelated_down_41.root
file is good
Sanity test done
EXIT_CODE_PYTHON  0
[16MB/81.08MB][ 19%][=========>                                        ][5.333MB/s]  [32MB/81.08MB][ 39%][===================>                              ][8MB/s]  [48MB/81.08MB][ 59%][=============================>                    ][9.6MB/s]  [81.08MB/81.08MB][100%][==================================================][16.22MB/s]  [81.08MB/81.08MB][100%][==================================================][11.58MB/s]  
[16MB/23.08MB][ 69%][==================================>               ][8MB/s]  [23.08MB/23.08MB][100%][==================================================][11.54MB/s]  [23.08MB/23.08MB][100%][==================================================][4.617MB/s]  
