klist
Ticket cache: FILE:/pool/condor/dir_9499/vveckaln.cc
Default principal: vveckaln@CERN.CH

Valid starting     Expires            Service principal
12/26/18 07:05:55  12/27/18 08:05:55  krbtgt/CERN.CH@CERN.CH
	renew until 12/31/18 07:05:55
12/26/18 07:05:56  12/27/18 08:05:55  afs/cern.ch@CERN.CH
	renew until 12/31/18 07:05:55
end klist
ls EOS
analysis_MC13TeV_TTJets
analysis_MC13TeV_TTJets_cflip
analysis_MC13TeV_TTJets_herwig
anothercomparison.cc
bins
cernbox
Chunks
Chunks_test
copy_test
data
flipped
flipped_old
LSF
merged_plots
migration
migration_MC13TeV_TTJets_jec_CorrelationGroupMPFInSitu_up_27.root
processing
reserve
rivet
rivet_results_23_March
rivet_test
rivet_test_21_March
save.root
SWAN_projects
test
testdir
unfolding_cflip
unfolding_nominal
end ls EOS
EXIT_CODE_SCRAM 0
exit code in RunMethodPacked 0
caught error code 0
checking sanity of file /pool/condor/dir_9499/MC13TeV_TTJets_csv_light_down_7.root
file is good
Sanity test done
checking sanity of file /pool/condor/dir_9499/migration_MC13TeV_TTJets_csv_light_down_7.root
file is good
Sanity test done
EXIT_CODE_PYTHON  0
[16MB/80.98MB][ 19%][=========>                                        ][16MB/s]  [80.98MB/80.98MB][100%][==================================================][80.98MB/s]  [80.98MB/80.98MB][100%][==================================================][80.98MB/s]  
[16MB/21.53MB][ 74%][=====================================>            ][16MB/s]  [21.53MB/21.53MB][100%][==================================================][21.53MB/s]  [21.53MB/21.53MB][100%][==================================================][21.53MB/s]  
