klist
Ticket cache: FILE:/pool/condor/dir_27957/vveckaln.cc
Default principal: vveckaln@CERN.CH

Valid starting     Expires            Service principal
12/26/18 13:07:44  12/27/18 14:07:44  krbtgt/CERN.CH@CERN.CH
	renew until 12/29/18 01:06:14
12/26/18 13:07:44  12/27/18 14:07:44  afs/cern.ch@CERN.CH
	renew until 12/29/18 01:06:14
end klist
ls EOS
analysis_MC13TeV_TTJets
analysis_MC13TeV_TTJets_cflip
analysis_MC13TeV_TTJets_herwig
anothercomparison.cc
bins
cernbox
Chunks
Chunks_test
copy_test
data
flipped
flipped_old
LSF
merged_plots
migration
migration_MC13TeV_TTJets_jec_CorrelationGroupMPFInSitu_up_27.root
processing
reserve
rivet
rivet_results_23_March
rivet_test
rivet_test_21_March
save.root
SWAN_projects
test
testdir
unfolding_cflip
unfolding_nominal
end ls EOS
EXIT_CODE_SCRAM 0
exit code in RunMethodPacked 0
caught error code 0
checking sanity of file /pool/condor/dir_27957/MC13TeV_TTJets_jer_down_11.root
file is good
Sanity test done
checking sanity of file /pool/condor/dir_27957/migration_MC13TeV_TTJets_jer_down_11.root
file is good
Sanity test done
EXIT_CODE_PYTHON  0
[16MB/81.17MB][ 19%][=========>                                        ][16MB/s]  [81.17MB/81.17MB][100%][==================================================][81.17MB/s]  [81.17MB/81.17MB][100%][==================================================][27.06MB/s]  
[16MB/23.71MB][ 67%][=================================>                ][16MB/s]  [23.71MB/23.71MB][100%][==================================================][23.71MB/s]  [23.71MB/23.71MB][100%][==================================================][23.71MB/s]  
