klist
Ticket cache: FILE:/pool/condor/dir_15567/vveckaln.cc
Default principal: vveckaln@CERN.CH

Valid starting     Expires            Service principal
12/25/18 18:40:21  12/26/18 19:40:21  krbtgt/CERN.CH@CERN.CH
	renew until 12/30/18 18:40:21
12/25/18 18:40:21  12/26/18 19:40:21  afs/cern.ch@CERN.CH
	renew until 12/30/18 18:40:21
end klist
ls EOS
analysis_MC13TeV_TTJets
analysis_MC13TeV_TTJets_cflip
analysis_MC13TeV_TTJets_herwig
anothercomparison.cc
bins
cernbox
Chunks
Chunks_test
copy_test
data
flipped
flipped_old
LSF
merged_plots
migration
migration_MC13TeV_TTJets_jec_CorrelationGroupMPFInSitu_up_27.root
processing
reserve
rivet
rivet_results_23_March
rivet_test
rivet_test_21_March
save.root
SWAN_projects
test
testdir
unfolding_cflip
unfolding_nominal
end ls EOS
EXIT_CODE_SCRAM 0
exit code in RunMethodPacked 0
caught error code 0
checking sanity of file /pool/condor/dir_15567/MC13TeV_TTJets_hdampdn_0.root
file is good
Sanity test done
checking sanity of file /pool/condor/dir_15567/migration_MC13TeV_TTJets_hdampdn_0.root
file is good
Sanity test done
EXIT_CODE_PYTHON  0
[16MB/57.6MB][ 27%][=============>                                    ][16MB/s]  [32MB/57.6MB][ 55%][===========================>                      ][16MB/s]  [57.6MB/57.6MB][100%][==================================================][28.8MB/s]  [57.6MB/57.6MB][100%][==================================================][19.2MB/s]  
[9.705MB/9.705MB][100%][==================================================][9.705MB/s]  [9.705MB/9.705MB][100%][==================================================][9.705MB/s]  
