klist
Ticket cache: FILE:/pool/condor/dir_21937/vveckaln.cc
Default principal: vveckaln@CERN.CH

Valid starting     Expires            Service principal
12/30/18 07:20:19  12/31/18 08:20:18  krbtgt/CERN.CH@CERN.CH
	renew until 01/04/19 07:20:18
12/30/18 07:20:22  12/31/18 08:20:18  afs/cern.ch@CERN.CH
	renew until 01/04/19 07:20:18
end klist
ls EOS
analysis_MC13TeV_TTJets
analysis_MC13TeV_TTJets_cflip
analysis_MC13TeV_TTJets_herwig
bins
cernbox
Chunks
Chunks_test
copy_test
data
flipped
flipped_old
LSF
merged_plots
migration
migration_MC13TeV_TTJets_jec_CorrelationGroupMPFInSitu_up_27.root
moved.cc
processing
reserve
rivet
rivet_results_23_March
rivet_test
rivet_test_21_March
save.root
SWAN_projects
test
testdir
unfolding_cflip
unfolding_nominal
end ls EOS
EXIT_CODE_SCRAM 0
exit code in RunMethodPacked 0
caught error code 0
checking sanity of file /pool/condor/dir_21937/MC13TeV_TTJets_herwig_csv_light_up_26.root
file is good
Sanity test done
checking sanity of file /pool/condor/dir_21937/migration_MC13TeV_TTJets_herwig_csv_light_up_26.root
file is good
Sanity test done
EXIT_CODE_PYTHON  0
[16MB/58.64MB][ 27%][=============>                                    ][5.333MB/s]  [58.64MB/58.64MB][100%][==================================================][19.55MB/s]  [58.64MB/58.64MB][100%][==================================================][11.73MB/s]  
[13.99MB/13.99MB][100%][==================================================][13.99MB/s]  [13.99MB/13.99MB][100%][==================================================][13.99MB/s]  
