klist
Ticket cache: FILE:/pool/condor/dir_19654/vveckaln.cc
Default principal: vveckaln@CERN.CH

Valid starting     Expires            Service principal
01/01/19 19:21:22  01/02/19 20:21:22  krbtgt/CERN.CH@CERN.CH
	renew until 01/04/19 07:20:13
01/01/19 19:21:22  01/02/19 20:21:22  afs/cern.ch@CERN.CH
	renew until 01/04/19 07:20:13
end klist
ls EOS
analysis_MC13TeV_TTJets
analysis_MC13TeV_TTJets_cflip
analysis_MC13TeV_TTJets_herwig
bins
cernbox
Chunks
Chunks_test
copy_test
data
flipped
flipped_old
LSF
merged_plots
migration
migration_MC13TeV_TTJets_jec_CorrelationGroupMPFInSitu_up_27.root
moved.cc
processing
reserve
rivet
rivet_results_23_March
rivet_test
rivet_test_21_March
save.root
SWAN_projects
test
testdir
unfolding_cflip
unfolding_nominal
end ls EOS
EXIT_CODE_SCRAM 0
exit code in RunMethodPacked 0
caught error code 0
checking sanity of file /pool/condor/dir_19654/MC13TeV_TTJets_132.root
file is good
Sanity test done
checking sanity of file /pool/condor/dir_19654/migration_MC13TeV_TTJets_132.root
file is good
Sanity test done
EXIT_CODE_PYTHON  0
[16MB/81.56MB][ 19%][=========>                                        ][16MB/s]  [80MB/81.56MB][ 98%][=================================================>][80MB/s]  [81.56MB/81.56MB][100%][==================================================][40.78MB/s]  [81.56MB/81.56MB][100%][==================================================][13.59MB/s]  
[16MB/25.46MB][ 62%][===============================>                  ][16MB/s]  [25.46MB/25.46MB][100%][==================================================][25.46MB/s]  [25.46MB/25.46MB][100%][==================================================][12.73MB/s]  
