klist
Ticket cache: FILE:/pool/condor/dir_26326/vveckaln.cc
Default principal: vveckaln@CERN.CH

Valid starting     Expires            Service principal
12/26/18 14:33:03  12/27/18 15:33:03  krbtgt/CERN.CH@CERN.CH
	renew until 12/31/18 14:33:03
12/26/18 14:33:03  12/27/18 15:33:03  afs/cern.ch@CERN.CH
	renew until 12/31/18 14:33:03
end klist
ls EOS
analysis_MC13TeV_TTJets
analysis_MC13TeV_TTJets_cflip
analysis_MC13TeV_TTJets_herwig
anothercomparison.cc
bins
cernbox
Chunks
Chunks_test
copy_test
data
flipped
flipped_old
LSF
merged_plots
migration
migration_MC13TeV_TTJets_jec_CorrelationGroupMPFInSitu_up_27.root
processing
reserve
rivet
rivet_results_23_March
rivet_test
rivet_test_21_March
save.root
SWAN_projects
test
testdir
unfolding_cflip
unfolding_nominal
end ls EOS
EXIT_CODE_SCRAM 0
exit code in RunMethodPacked 0
caught error code 0
checking sanity of file /pool/condor/dir_26326/MC13TeV_TTJets_csv_heavy_down_109.root
file is good
Sanity test done
checking sanity of file /pool/condor/dir_26326/migration_MC13TeV_TTJets_csv_heavy_down_109.root
file is good
Sanity test done
EXIT_CODE_PYTHON  0
[16MB/81.64MB][ 19%][=========>                                        ][16MB/s]  [81.64MB/81.64MB][100%][==================================================][81.64MB/s]  [81.64MB/81.64MB][100%][==================================================][40.82MB/s]  
[16MB/27.03MB][ 59%][=============================>                    ][16MB/s]  [27.03MB/27.03MB][100%][==================================================][27.03MB/s]  [27.03MB/27.03MB][100%][==================================================][27.03MB/s]  
