klist
Ticket cache: FILE:/pool/condor/dir_8557/vveckaln.cc
Default principal: vveckaln@CERN.CH

Valid starting     Expires            Service principal
12/26/18 21:57:04  12/27/18 17:00:15  krbtgt/CERN.CH@CERN.CH
	renew until 12/27/18 17:00:15
12/26/18 21:57:04  12/27/18 17:00:15  afs/cern.ch@CERN.CH
	renew until 12/27/18 17:00:15
end klist
ls EOS
analysis_MC13TeV_TTJets
analysis_MC13TeV_TTJets_cflip
analysis_MC13TeV_TTJets_herwig
anothercomparison.cc
bins
cernbox
Chunks
Chunks_test
copy_test
data
flipped
flipped_old
LSF
merged_plots
migration
migration_MC13TeV_TTJets_jec_CorrelationGroupMPFInSitu_up_27.root
processing
reserve
rivet
rivet_results_23_March
rivet_test
rivet_test_21_March
save.root
SWAN_projects
test
testdir
unfolding_cflip
unfolding_nominal
end ls EOS
EXIT_CODE_SCRAM 0
exit code in RunMethodPacked 0
caught error code 0
checking sanity of file /pool/condor/dir_8557/MC13TeV_TTJets_jec_FlavorPureQuark_up_109.root
file is good
Sanity test done
checking sanity of file /pool/condor/dir_8557/migration_MC13TeV_TTJets_jec_FlavorPureQuark_up_109.root
file is good
Sanity test done
EXIT_CODE_PYTHON  0
[16MB/81.48MB][ 19%][=========>                                        ][8MB/s]  [64MB/81.48MB][ 78%][=======================================>          ][21.33MB/s]  [81.48MB/81.48MB][100%][==================================================][20.37MB/s]  [81.48MB/81.48MB][100%][==================================================][13.58MB/s]  
[16MB/26.8MB][ 59%][=============================>                    ][2.667MB/s]  [26.8MB/26.8MB][100%][==================================================][4.467MB/s]  [26.8MB/26.8MB][100%][==================================================][1.675MB/s]  
