klist
Ticket cache: FILE:/pool/condor/dir_9096/vveckaln.cc
Default principal: vveckaln@CERN.CH

Valid starting     Expires            Service principal
12/26/18 07:03:54  12/27/18 08:03:54  krbtgt/CERN.CH@CERN.CH
	renew until 12/31/18 07:03:54
12/26/18 07:03:54  12/27/18 08:03:54  afs/cern.ch@CERN.CH
	renew until 12/31/18 07:03:54
end klist
ls EOS
analysis_MC13TeV_TTJets
analysis_MC13TeV_TTJets_cflip
analysis_MC13TeV_TTJets_herwig
anothercomparison.cc
bins
cernbox
Chunks
Chunks_test
copy_test
data
flipped
flipped_old
LSF
merged_plots
migration
migration_MC13TeV_TTJets_jec_CorrelationGroupMPFInSitu_up_27.root
processing
reserve
rivet
rivet_results_23_March
rivet_test
rivet_test_21_March
save.root
SWAN_projects
test
testdir
unfolding_cflip
unfolding_nominal
end ls EOS
EXIT_CODE_SCRAM 0
exit code in RunMethodPacked 0
caught error code 0
checking sanity of file /pool/condor/dir_9096/MC13TeV_TTJets_jec_FlavorPureQuark_up_21.root
file is good
Sanity test done
checking sanity of file /pool/condor/dir_9096/migration_MC13TeV_TTJets_jec_FlavorPureQuark_up_21.root
file is good
Sanity test done
EXIT_CODE_PYTHON  0
[16MB/81.2MB][ 19%][=========>                                        ][16MB/s]  [81.2MB/81.2MB][100%][==================================================][81.2MB/s]  [81.2MB/81.2MB][100%][==================================================][40.6MB/s]  
[16MB/23.9MB][ 66%][=================================>                ][16MB/s]  [23.9MB/23.9MB][100%][==================================================][23.9MB/s]  [23.9MB/23.9MB][100%][==================================================][23.9MB/s]  
