klist
Ticket cache: FILE:/pool/condor/dir_24042/vveckaln.cc
Default principal: vveckaln@CERN.CH

Valid starting     Expires            Service principal
12/26/18 13:29:45  12/27/18 14:29:45  krbtgt/CERN.CH@CERN.CH
	renew until 12/29/18 01:28:05
12/26/18 13:29:46  12/27/18 14:29:45  afs/cern.ch@CERN.CH
	renew until 12/29/18 01:28:05
end klist
ls EOS
analysis_MC13TeV_TTJets
analysis_MC13TeV_TTJets_cflip
analysis_MC13TeV_TTJets_herwig
anothercomparison.cc
bins
cernbox
Chunks
Chunks_test
copy_test
data
flipped
flipped_old
LSF
merged_plots
migration
migration_MC13TeV_TTJets_jec_CorrelationGroupMPFInSitu_up_27.root
processing
reserve
rivet
rivet_results_23_March
rivet_test
rivet_test_21_March
save.root
SWAN_projects
test
testdir
unfolding_cflip
unfolding_nominal
end ls EOS
EXIT_CODE_SCRAM 0
exit code in RunMethodPacked 0
caught error code 0
checking sanity of file /pool/condor/dir_24042/MC13TeV_TTJets_tracking_up_19.root
file is good
Sanity test done
checking sanity of file /pool/condor/dir_24042/migration_MC13TeV_TTJets_tracking_up_19.root
file is good
Sanity test done
EXIT_CODE_PYTHON  0
[16MB/81.39MB][ 19%][=========>                                        ][8MB/s]  [64MB/81.39MB][ 78%][=======================================>          ][3.556MB/s]  [80MB/81.39MB][ 98%][=================================================>][4.211MB/s]  [81.39MB/81.39MB][100%][==================================================][4.284MB/s]  [81.39MB/81.39MB][100%][==================================================][3.876MB/s]  
[16MB/25.43MB][ 62%][===============================>                  ][5.333MB/s]  [25.43MB/25.43MB][100%][==================================================][8.476MB/s]  [25.43MB/25.43MB][100%][==================================================][1.496MB/s]  
