klist
Ticket cache: FILE:/pool/condor/dir_18553/vveckaln.cc
Default principal: vveckaln@CERN.CH

Valid starting     Expires            Service principal
12/30/18 12:09:25  12/31/18 13:09:25  krbtgt/CERN.CH@CERN.CH
	renew until 01/02/19 20:08:19
12/30/18 12:09:26  12/31/18 13:09:25  afs/cern.ch@CERN.CH
	renew until 01/02/19 20:08:19
end klist
ls EOS
analysis_MC13TeV_TTJets
analysis_MC13TeV_TTJets_cflip
analysis_MC13TeV_TTJets_herwig
bins
cernbox
Chunks
Chunks_test
copy_test
data
flipped
flipped_old
LSF
merged_plots
migration
migration_MC13TeV_TTJets_jec_CorrelationGroupMPFInSitu_up_27.root
moved.cc
processing
reserve
rivet
rivet_results_23_March
rivet_test
rivet_test_21_March
save.root
SWAN_projects
test
testdir
unfolding_cflip
unfolding_nominal
end ls EOS
EXIT_CODE_SCRAM 0
exit code in RunMethodPacked 0
caught error code 0
checking sanity of file /pool/condor/dir_18553/MC13TeV_TTJets_herwig_jec_FlavorPureBottom_up_23.root
file is good
Sanity test done
checking sanity of file /pool/condor/dir_18553/migration_MC13TeV_TTJets_herwig_jec_FlavorPureBottom_up_23.root
file is good
Sanity test done
EXIT_CODE_PYTHON  0
[16MB/58.4MB][ 27%][=============>                                    ][16MB/s]  [58.4MB/58.4MB][100%][==================================================][58.4MB/s]  [58.4MB/58.4MB][100%][==================================================][58.4MB/s]  
[13.16MB/13.16MB][100%][==================================================][13.16MB/s]  [13.16MB/13.16MB][100%][==================================================][13.16MB/s]  
