klist
Ticket cache: FILE:/pool/condor/dir_21291/vveckaln.cc
Default principal: vveckaln@CERN.CH

Valid starting     Expires            Service principal
12/26/18 09:11:12  12/27/18 10:11:12  krbtgt/CERN.CH@CERN.CH
	renew until 12/30/18 12:19:54
12/26/18 09:11:20  12/27/18 10:11:12  afs/cern.ch@CERN.CH
	renew until 12/30/18 12:19:54
end klist
ls EOS
analysis_MC13TeV_TTJets
analysis_MC13TeV_TTJets_cflip
analysis_MC13TeV_TTJets_herwig
anothercomparison.cc
bins
cernbox
Chunks
Chunks_test
copy_test
data
flipped
flipped_old
LSF
merged_plots
migration
migration_MC13TeV_TTJets_jec_CorrelationGroupMPFInSitu_up_27.root
processing
reserve
rivet
rivet_results_23_March
rivet_test
rivet_test_21_March
save.root
SWAN_projects
test
testdir
unfolding_cflip
unfolding_nominal
end ls EOS
EXIT_CODE_SCRAM 0
exit code in RunMethodPacked 0
caught error code 0
checking sanity of file /pool/condor/dir_21291/MC13TeV_TTJets_m169v5_38.root
file is good
Sanity test done
checking sanity of file /pool/condor/dir_21291/migration_MC13TeV_TTJets_m169v5_38.root
file is good
Sanity test done
EXIT_CODE_PYTHON  0
[16MB/81.72MB][ 19%][=========>                                        ][2MB/s]  [48MB/81.72MB][ 58%][=============================>                    ][5.333MB/s]  [80MB/81.72MB][ 97%][================================================> ][8MB/s]  [81.72MB/81.72MB][100%][==================================================][8.172MB/s]  [81.72MB/81.72MB][100%][==================================================][7.429MB/s]  
[16MB/29.13MB][ 54%][===========================>                      ][5.333MB/s]  [29.13MB/29.13MB][100%][==================================================][7.281MB/s]  [29.13MB/29.13MB][100%][==================================================][5.825MB/s]  
