klist
Ticket cache: FILE:/pool/condor/dir_20747/vveckaln.cc
Default principal: vveckaln@CERN.CH

Valid starting     Expires            Service principal
01/02/19 09:40:05  01/03/19 10:40:05  krbtgt/CERN.CH@CERN.CH
	renew until 01/04/19 17:27:52
01/02/19 09:40:06  01/03/19 10:40:05  afs/cern.ch@CERN.CH
	renew until 01/04/19 17:27:52
end klist
ls EOS
analysis_MC13TeV_TTJets
analysis_MC13TeV_TTJets_cflip
analysis_MC13TeV_TTJets_herwig
bins
cernbox
Chunks
Chunks_test
copy_test
data
flipped
flipped_old
LSF
merged_plots
migration
migration_MC13TeV_TTJets_jec_CorrelationGroupMPFInSitu_up_27.root
moved.cc
processing
reserve
rivet
rivet_results_23_March
rivet_test
rivet_test_21_March
save.root
SWAN_projects
test
testdir
unfolding_cflip
unfolding_nominal
end ls EOS
EXIT_CODE_SCRAM 0
exit code in RunMethodPacked 0
caught error code 0
checking sanity of file /pool/condor/dir_20747/MC13TeV_TTJets_cflip_2.root
file is good
Sanity test done
checking sanity of file /pool/condor/dir_20747/migration_MC13TeV_TTJets_cflip_2.root
file is good
Sanity test done
EXIT_CODE_PYTHON  0
[16MB/57.79MB][ 27%][=============>                                    ][8MB/s]  [32MB/57.79MB][ 55%][===========================>                      ][10.67MB/s]  [48MB/57.79MB][ 83%][=========================================>        ][9.6MB/s]  [57.79MB/57.79MB][100%][==================================================][11.56MB/s]  [57.79MB/57.79MB][100%][==================================================][8.256MB/s]  
[9.927MB/9.927MB][100%][==================================================][4.964MB/s]  [9.927MB/9.927MB][100%][==================================================][3.309MB/s]  
