klist
Ticket cache: FILE:/pool/condor/dir_30043/vveckaln.cc
Default principal: vveckaln@CERN.CH

Valid starting     Expires            Service principal
12/25/18 22:05:40  12/26/18 23:05:40  krbtgt/CERN.CH@CERN.CH
	renew until 12/27/18 14:02:29
12/25/18 22:05:40  12/26/18 23:05:40  afs/cern.ch@CERN.CH
	renew until 12/27/18 14:02:29
end klist
ls EOS
analysis_MC13TeV_TTJets
analysis_MC13TeV_TTJets_cflip
analysis_MC13TeV_TTJets_herwig
anothercomparison.cc
bins
cernbox
Chunks
Chunks_test
copy_test
data
flipped
flipped_old
LSF
merged_plots
migration
migration_MC13TeV_TTJets_jec_CorrelationGroupMPFInSitu_up_27.root
processing
reserve
rivet
rivet_results_23_March
rivet_test
rivet_test_21_March
save.root
SWAN_projects
test
testdir
unfolding_cflip
unfolding_nominal
end ls EOS
EXIT_CODE_SCRAM 0
exit code in RunMethodPacked 0
caught error code 0
checking sanity of file /pool/condor/dir_30043/MC13TeV_TTJets_jec_FlavorPureBottom_up_7.root
file is good
Sanity test done
checking sanity of file /pool/condor/dir_30043/migration_MC13TeV_TTJets_jec_FlavorPureBottom_up_7.root
file is good
Sanity test done
EXIT_CODE_PYTHON  0
[16MB/80.97MB][ 19%][=========>                                        ][3.2MB/s]  [32MB/80.97MB][ 39%][===================>                              ][5.333MB/s]  [80.97MB/80.97MB][100%][==================================================][13.49MB/s]  [80.97MB/80.97MB][100%][==================================================][3.52MB/s]  
[16MB/21.53MB][ 74%][=====================================>            ][8MB/s]  [21.53MB/21.53MB][100%][==================================================][10.76MB/s]  [21.53MB/21.53MB][100%][==================================================][4.305MB/s]  
