klist
Ticket cache: FILE:/pool/condor/dir_8899/vveckaln.cc
Default principal: vveckaln@CERN.CH

Valid starting     Expires            Service principal
12/26/18 02:04:37  12/27/18 03:04:37  krbtgt/CERN.CH@CERN.CH
	renew until 12/30/18 06:04:09
12/26/18 02:04:38  12/27/18 03:04:37  afs/cern.ch@CERN.CH
	renew until 12/30/18 06:04:09
end klist
ls EOS
analysis_MC13TeV_TTJets
analysis_MC13TeV_TTJets_cflip
analysis_MC13TeV_TTJets_herwig
anothercomparison.cc
bins
cernbox
Chunks
Chunks_test
copy_test
data
flipped
flipped_old
LSF
merged_plots
migration
migration_MC13TeV_TTJets_jec_CorrelationGroupMPFInSitu_up_27.root
processing
reserve
rivet
rivet_results_23_March
rivet_test
rivet_test_21_March
save.root
SWAN_projects
test
testdir
unfolding_cflip
unfolding_nominal
end ls EOS
EXIT_CODE_SCRAM 0
exit code in RunMethodPacked 0
caught error code 0
checking sanity of file /pool/condor/dir_8899/MC13TeV_TTJets_jec_FlavorPureGluon_down_105.root
file is good
Sanity test done
checking sanity of file /pool/condor/dir_8899/migration_MC13TeV_TTJets_jec_FlavorPureGluon_down_105.root
file is good
Sanity test done
EXIT_CODE_PYTHON  0
[16MB/81.45MB][ 19%][=========>                                        ][16MB/s]  [48MB/81.45MB][ 58%][=============================>                    ][48MB/s]  [80MB/81.45MB][ 98%][=================================================>][40MB/s]  [81.45MB/81.45MB][100%][==================================================][27.15MB/s]  [81.45MB/81.45MB][100%][==================================================][16.29MB/s]  
[16MB/25.32MB][ 63%][===============================>                  ][16MB/s]  [25.32MB/25.32MB][100%][==================================================][25.32MB/s]  [25.32MB/25.32MB][100%][==================================================][8.439MB/s]  
