klist
Ticket cache: FILE:/pool/condor/dir_18651/vveckaln.cc
Default principal: vveckaln@CERN.CH

Valid starting     Expires            Service principal
12/26/18 13:08:09  12/27/18 14:08:09  krbtgt/CERN.CH@CERN.CH
	renew until 12/29/18 01:06:03
12/26/18 13:08:10  12/27/18 14:08:09  afs/cern.ch@CERN.CH
	renew until 12/29/18 01:06:03
end klist
ls EOS
analysis_MC13TeV_TTJets
analysis_MC13TeV_TTJets_cflip
analysis_MC13TeV_TTJets_herwig
anothercomparison.cc
bins
cernbox
Chunks
Chunks_test
copy_test
data
flipped
flipped_old
LSF
merged_plots
migration
migration_MC13TeV_TTJets_jec_CorrelationGroupMPFInSitu_up_27.root
processing
reserve
rivet
rivet_results_23_March
rivet_test
rivet_test_21_March
save.root
SWAN_projects
test
testdir
unfolding_cflip
unfolding_nominal
end ls EOS
EXIT_CODE_SCRAM 0
exit code in RunMethodPacked 0
caught error code 0
checking sanity of file /pool/condor/dir_18651/MC13TeV_TTJets_cflip_jec_FlavorPureQuark_up_8.root
file is good
Sanity test done
checking sanity of file /pool/condor/dir_18651/migration_MC13TeV_TTJets_cflip_jec_FlavorPureQuark_up_8.root
file is good
Sanity test done
EXIT_CODE_PYTHON  0
[16MB/58.41MB][ 27%][=============>                                    ][16MB/s]  [48MB/58.41MB][ 82%][=========================================>        ][24MB/s]  [58.41MB/58.41MB][100%][==================================================][29.21MB/s]  [58.41MB/58.41MB][100%][==================================================][19.47MB/s]  
[13.28MB/13.28MB][100%][==================================================][13.28MB/s]  [13.28MB/13.28MB][100%][==================================================][13.28MB/s]  
