klist
Ticket cache: FILE:/pool/condor/dir_4088/vveckaln.cc
Default principal: vveckaln@CERN.CH

Valid starting     Expires            Service principal
12/26/18 09:10:57  12/27/18 10:10:57  krbtgt/CERN.CH@CERN.CH
	renew until 12/30/18 12:19:54
12/26/18 09:10:57  12/27/18 10:10:57  afs/cern.ch@CERN.CH
	renew until 12/30/18 12:19:54
end klist
ls EOS
analysis_MC13TeV_TTJets
analysis_MC13TeV_TTJets_cflip
analysis_MC13TeV_TTJets_herwig
anothercomparison.cc
bins
cernbox
Chunks
Chunks_test
copy_test
data
flipped
flipped_old
LSF
merged_plots
migration
migration_MC13TeV_TTJets_jec_CorrelationGroupMPFInSitu_up_27.root
processing
reserve
rivet
rivet_results_23_March
rivet_test
rivet_test_21_March
save.root
SWAN_projects
test
testdir
unfolding_cflip
unfolding_nominal
end ls EOS
EXIT_CODE_SCRAM 0
exit code in RunMethodPacked 0
caught error code 0
checking sanity of file /pool/condor/dir_4088/MC13TeV_TTJets_jec_FlavorPureQuark_down_41.root
file is good
Sanity test done
checking sanity of file /pool/condor/dir_4088/migration_MC13TeV_TTJets_jec_FlavorPureQuark_down_41.root
file is good
Sanity test done
EXIT_CODE_PYTHON  0
[16MB/81.17MB][ 19%][=========>                                        ][3.2MB/s]  [80MB/81.17MB][ 98%][=================================================>][13.33MB/s]  [81.17MB/81.17MB][100%][==================================================][13.53MB/s]  [81.17MB/81.17MB][100%][==================================================][2.799MB/s]  
[16MB/23.2MB][ 68%][==================================>               ][5.333MB/s]  [23.2MB/23.2MB][100%][==================================================][7.733MB/s]  [23.2MB/23.2MB][100%][==================================================][1.16MB/s]  
