klist
Ticket cache: FILE:/pool/condor/dir_5885/vveckaln.cc
Default principal: vveckaln@CERN.CH

Valid starting     Expires            Service principal
12/26/18 09:02:10  12/27/18 10:02:10  krbtgt/CERN.CH@CERN.CH
	renew until 12/29/18 12:07:26
12/26/18 09:02:10  12/27/18 10:02:10  afs/cern.ch@CERN.CH
	renew until 12/29/18 12:07:26
end klist
ls EOS
analysis_MC13TeV_TTJets
analysis_MC13TeV_TTJets_cflip
analysis_MC13TeV_TTJets_herwig
anothercomparison.cc
bins
cernbox
Chunks
Chunks_test
copy_test
data
flipped
flipped_old
LSF
merged_plots
migration
migration_MC13TeV_TTJets_jec_CorrelationGroupMPFInSitu_up_27.root
processing
reserve
rivet
rivet_results_23_March
rivet_test
rivet_test_21_March
save.root
SWAN_projects
test
testdir
unfolding_cflip
unfolding_nominal
end ls EOS
EXIT_CODE_SCRAM 0
exit code in RunMethodPacked 0
caught error code 0
checking sanity of file /pool/condor/dir_5885/MC13TeV_TTJets_btag_light_down_70.root
file is good
Sanity test done
checking sanity of file /pool/condor/dir_5885/migration_MC13TeV_TTJets_btag_light_down_70.root
file is good
Sanity test done
EXIT_CODE_PYTHON  0
[16MB/81.62MB][ 19%][=========>                                        ][16MB/s]  [81.62MB/81.62MB][100%][==================================================][40.81MB/s]  [81.62MB/81.62MB][100%][==================================================][40.81MB/s]  
[16MB/27.67MB][ 57%][============================>                     ][16MB/s]  [27.67MB/27.67MB][100%][==================================================][27.67MB/s]  [27.67MB/27.67MB][100%][==================================================][9.225MB/s]  
