klist
Ticket cache: FILE:/pool/condor/dir_8314/vveckaln.cc
Default principal: vveckaln@CERN.CH

Valid starting     Expires            Service principal
12/26/18 13:07:39  12/27/18 14:07:39  krbtgt/CERN.CH@CERN.CH
	renew until 12/29/18 01:06:43
12/26/18 13:07:40  12/27/18 14:07:39  afs/cern.ch@CERN.CH
	renew until 12/29/18 01:06:43
end klist
ls EOS
analysis_MC13TeV_TTJets
analysis_MC13TeV_TTJets_cflip
analysis_MC13TeV_TTJets_herwig
anothercomparison.cc
bins
cernbox
Chunks
Chunks_test
copy_test
data
flipped
flipped_old
LSF
merged_plots
migration
migration_MC13TeV_TTJets_jec_CorrelationGroupMPFInSitu_up_27.root
processing
reserve
rivet
rivet_results_23_March
rivet_test
rivet_test_21_March
save.root
SWAN_projects
test
testdir
unfolding_cflip
unfolding_nominal
end ls EOS
EXIT_CODE_SCRAM 0
exit code in RunMethodPacked 0
caught error code 0
checking sanity of file /pool/condor/dir_8314/MC13TeV_TTJets_uedn_4.root
file is good
Sanity test done
checking sanity of file /pool/condor/dir_8314/migration_MC13TeV_TTJets_uedn_4.root
file is good
Sanity test done
EXIT_CODE_PYTHON  0
[16MB/81.34MB][ 19%][=========>                                        ][16MB/s]  [32MB/81.34MB][ 39%][===================>                              ][16MB/s]  [48MB/81.34MB][ 59%][=============================>                    ][16MB/s]  [64MB/81.34MB][ 78%][=======================================>          ][16MB/s]  [80MB/81.34MB][ 98%][=================================================>][16MB/s]  [81.34MB/81.34MB][100%][==================================================][16.27MB/s]  [81.34MB/81.34MB][100%][==================================================][13.56MB/s]  
[16MB/24.86MB][ 64%][================================>                 ][16MB/s]  [24.86MB/24.86MB][100%][==================================================][24.86MB/s]  [24.86MB/24.86MB][100%][==================================================][24.86MB/s]  
