klist
Ticket cache: FILE:/pool/condor/dir_12524/vveckaln.cc
Default principal: vveckaln@CERN.CH

Valid starting     Expires            Service principal
12/26/18 13:07:43  12/27/18 14:07:43  krbtgt/CERN.CH@CERN.CH
	renew until 12/29/18 01:06:17
12/26/18 13:07:43  12/27/18 14:07:43  afs/cern.ch@CERN.CH
	renew until 12/29/18 01:06:17
end klist
ls EOS
analysis_MC13TeV_TTJets
analysis_MC13TeV_TTJets_cflip
analysis_MC13TeV_TTJets_herwig
anothercomparison.cc
bins
cernbox
Chunks
Chunks_test
copy_test
data
flipped
flipped_old
LSF
merged_plots
migration
migration_MC13TeV_TTJets_jec_CorrelationGroupMPFInSitu_up_27.root
processing
reserve
rivet
rivet_results_23_March
rivet_test
rivet_test_21_March
save.root
SWAN_projects
test
testdir
unfolding_cflip
unfolding_nominal
end ls EOS
EXIT_CODE_SCRAM 0
exit code in RunMethodPacked 0
caught error code 0
checking sanity of file /pool/condor/dir_12524/MC13TeV_TTJets_jec_FlavorPureQuark_up_79.root
file is good
Sanity test done
checking sanity of file /pool/condor/dir_12524/migration_MC13TeV_TTJets_jec_FlavorPureQuark_up_79.root
file is good
Sanity test done
EXIT_CODE_PYTHON  0
[16MB/80.43MB][ 19%][=========>                                        ][16MB/s]  [64MB/80.43MB][ 79%][=======================================>          ][64MB/s]  [80.43MB/80.43MB][100%][==================================================][80.43MB/s]  [80.43MB/80.43MB][100%][==================================================][40.21MB/s]  
[16MB/18.88MB][ 84%][==========================================>       ][16MB/s]  [18.88MB/18.88MB][100%][==================================================][18.88MB/s]  [18.88MB/18.88MB][100%][==================================================][9.441MB/s]  
