klist
Ticket cache: FILE:/pool/condor/dir_10290/vveckaln.cc
Default principal: vveckaln@CERN.CH

Valid starting     Expires            Service principal
12/26/18 01:55:33  12/27/18 02:55:33  krbtgt/CERN.CH@CERN.CH
	renew until 12/27/18 17:00:15
12/26/18 01:55:34  12/27/18 02:55:33  afs/cern.ch@CERN.CH
	renew until 12/27/18 17:00:15
end klist
ls EOS
analysis_MC13TeV_TTJets
analysis_MC13TeV_TTJets_cflip
analysis_MC13TeV_TTJets_herwig
anothercomparison.cc
bins
cernbox
Chunks
Chunks_test
copy_test
data
flipped
flipped_old
LSF
merged_plots
migration
migration_MC13TeV_TTJets_jec_CorrelationGroupMPFInSitu_up_27.root
processing
reserve
rivet
rivet_results_23_March
rivet_test
rivet_test_21_March
save.root
SWAN_projects
test
testdir
unfolding_cflip
unfolding_nominal
end ls EOS
EXIT_CODE_SCRAM 0
exit code in RunMethodPacked 0
caught error code 0
checking sanity of file /pool/condor/dir_10290/MC13TeV_DY2Jets_2.root
file is good
Sanity test done
checking sanity of file /pool/condor/dir_10290/migration_MC13TeV_DY2Jets_2.root
file is good
Sanity test done
EXIT_CODE_PYTHON  0
[16MB/17.19MB][ 93%][==============================================>   ][16MB/s]  [17.19MB/17.19MB][100%][==================================================][17.19MB/s]  [17.19MB/17.19MB][100%][==================================================][8.593MB/s]  
[62.85kB/62.85kB][100%][==================================================][62.85kB/s]  [62.85kB/62.85kB][100%][==================================================][62.85kB/s]  
