klist
Ticket cache: FILE:/pool/condor/dir_18931/vveckaln.cc
Default principal: vveckaln@CERN.CH

Valid starting     Expires            Service principal
12/26/18 09:13:56  12/27/18 10:13:56  krbtgt/CERN.CH@CERN.CH
	renew until 12/30/18 12:19:54
12/26/18 09:14:41  12/27/18 10:13:56  afs/cern.ch@CERN.CH
	renew until 12/30/18 12:19:54
end klist
ls EOS
analysis_MC13TeV_TTJets
analysis_MC13TeV_TTJets_cflip
analysis_MC13TeV_TTJets_herwig
anothercomparison.cc
bins
cernbox
Chunks
Chunks_test
copy_test
data
flipped
flipped_old
LSF
merged_plots
migration
migration_MC13TeV_TTJets_jec_CorrelationGroupMPFInSitu_up_27.root
processing
reserve
rivet
rivet_results_23_March
rivet_test
rivet_test_21_March
save.root
SWAN_projects
test
testdir
unfolding_cflip
unfolding_nominal
end ls EOS
EXIT_CODE_SCRAM 0
exit code in RunMethodPacked 0
caught error code 0
checking sanity of file /pool/condor/dir_18931/MC13TeV_TTJets_btag_heavy_down_128.root
file is good
Sanity test done
checking sanity of file /pool/condor/dir_18931/migration_MC13TeV_TTJets_btag_heavy_down_128.root
file is good
Sanity test done
EXIT_CODE_PYTHON  0
[16MB/81.41MB][ 19%][=========>                                        ][16MB/s]  [80MB/81.41MB][ 98%][=================================================>][26.67MB/s]  [81.41MB/81.41MB][100%][==================================================][27.14MB/s]  [81.41MB/81.41MB][100%][==================================================][16.28MB/s]  
[16MB/25.12MB][ 63%][===============================>                  ][16MB/s]  [25.12MB/25.12MB][100%][==================================================][25.12MB/s]  [25.12MB/25.12MB][100%][==================================================][12.56MB/s]  
