klist
Ticket cache: FILE:/pool/condor/dir_21350/vveckaln.cc
Default principal: vveckaln@CERN.CH

Valid starting     Expires            Service principal
01/01/19 19:22:12  01/02/19 20:22:11  krbtgt/CERN.CH@CERN.CH
	renew until 01/04/19 07:20:43
01/01/19 19:22:12  01/02/19 20:22:11  afs/cern.ch@CERN.CH
	renew until 01/04/19 07:20:43
end klist
ls EOS
analysis_MC13TeV_TTJets
analysis_MC13TeV_TTJets_cflip
analysis_MC13TeV_TTJets_herwig
bins
cernbox
Chunks
Chunks_test
copy_test
data
flipped
flipped_old
LSF
merged_plots
migration
migration_MC13TeV_TTJets_jec_CorrelationGroupMPFInSitu_up_27.root
moved.cc
processing
reserve
rivet
rivet_results_23_March
rivet_test
rivet_test_21_March
save.root
SWAN_projects
test
testdir
unfolding_cflip
unfolding_nominal
end ls EOS
EXIT_CODE_SCRAM 0
exit code in RunMethodPacked 0
caught error code 0
checking sanity of file /pool/condor/dir_21350/MC13TeV_TTJets_67.root
file is good
Sanity test done
checking sanity of file /pool/condor/dir_21350/migration_MC13TeV_TTJets_67.root
file is good
Sanity test done
EXIT_CODE_PYTHON  0
[16MB/81.47MB][ 19%][=========>                                        ][16MB/s]  [80MB/81.47MB][ 98%][=================================================>][26.67MB/s]  [81.47MB/81.47MB][100%][==================================================][27.16MB/s]  [81.47MB/81.47MB][100%][==================================================][20.37MB/s]  
[16MB/27.1MB][ 59%][=============================>                    ][16MB/s]  [27.1MB/27.1MB][100%][==================================================][27.1MB/s]  [27.1MB/27.1MB][100%][==================================================][13.55MB/s]  
