klist
Ticket cache: FILE:/pool/condor/dir_1325/vveckaln.cc
Default principal: vveckaln@CERN.CH

Valid starting     Expires            Service principal
12/26/18 01:00:44  12/27/18 02:00:44  krbtgt/CERN.CH@CERN.CH
	renew until 12/30/18 05:00:05
12/26/18 01:00:45  12/27/18 02:00:44  afs/cern.ch@CERN.CH
	renew until 12/30/18 05:00:05
end klist
ls EOS
analysis_MC13TeV_TTJets
analysis_MC13TeV_TTJets_cflip
analysis_MC13TeV_TTJets_herwig
anothercomparison.cc
bins
cernbox
Chunks
Chunks_test
copy_test
data
flipped
flipped_old
LSF
merged_plots
migration
migration_MC13TeV_TTJets_jec_CorrelationGroupMPFInSitu_up_27.root
processing
reserve
rivet
rivet_results_23_March
rivet_test
rivet_test_21_March
save.root
SWAN_projects
test
testdir
unfolding_cflip
unfolding_nominal
end ls EOS
EXIT_CODE_SCRAM 0
exit code in RunMethodPacked 0
caught error code 0
checking sanity of file /pool/condor/dir_1325/MC13TeV_TTJets_csv_heavy_down_29.root
file is good
Sanity test done
checking sanity of file /pool/condor/dir_1325/migration_MC13TeV_TTJets_csv_heavy_down_29.root
file is good
Sanity test done
EXIT_CODE_PYTHON  0
[16MB/81.59MB][ 19%][=========>                                        ][16MB/s]  [80MB/81.59MB][ 98%][=================================================>][80MB/s]  [81.59MB/81.59MB][100%][==================================================][40.8MB/s]  [81.59MB/81.59MB][100%][==================================================][20.4MB/s]  
[16MB/25.55MB][ 62%][===============================>                  ][16MB/s]  [25.55MB/25.55MB][100%][==================================================][25.55MB/s]  [25.55MB/25.55MB][100%][==================================================][8.516MB/s]  
