klist
Ticket cache: FILE:/pool/condor/dir_31740/vveckaln.cc
Default principal: vveckaln@CERN.CH

Valid starting     Expires            Service principal
12/30/18 20:07:27  12/31/18 21:07:27  krbtgt/CERN.CH@CERN.CH
	renew until 01/01/19 12:00:42
12/30/18 20:07:50  12/31/18 21:07:27  afs/cern.ch@CERN.CH
	renew until 01/01/19 12:00:42
end klist
ls EOS
ls: cannot access /eos/user/v/vveckaln: No such file or directory
end ls EOS
EXIT_CODE_SCRAM 0
exit code in RunMethodPacked 0
caught error code 0
checking sanity of file /pool/condor/dir_31740/MC13TeV_TTJets_herwig_jec_CorrelationGroupMPFInSitu_down_23.root
file is good
Sanity test done
checking sanity of file /pool/condor/dir_31740/migration_MC13TeV_TTJets_herwig_jec_CorrelationGroupMPFInSitu_down_23.root
file is good
Sanity test done
EXIT_CODE_PYTHON  0
[16MB/58.42MB][ 27%][=============>                                    ][8MB/s]  [32MB/58.42MB][ 54%][===========================>                      ][8MB/s]  [48MB/58.42MB][ 82%][=========================================>        ][5.333MB/s]  [58.42MB/58.42MB][100%][==================================================][4.173MB/s]  [58.42MB/58.42MB][100%][==================================================][3.894MB/s]  
[13.16MB/13.16MB][100%][==================================================][22.84kB/s]  [13.16MB/13.16MB][100%][==================================================][22.38kB/s]  
