klist
Ticket cache: FILE:/pool/condor/dir_4051/vveckaln.cc
Default principal: vveckaln@CERN.CH

Valid starting     Expires            Service principal
12/26/18 13:07:57  12/27/18 14:07:57  krbtgt/CERN.CH@CERN.CH
	renew until 12/29/18 01:06:15
12/26/18 13:07:57  12/27/18 14:07:57  afs/cern.ch@CERN.CH
	renew until 12/29/18 01:06:15
end klist
ls EOS
analysis_MC13TeV_TTJets
analysis_MC13TeV_TTJets_cflip
analysis_MC13TeV_TTJets_herwig
anothercomparison.cc
bins
cernbox
Chunks
Chunks_test
copy_test
data
flipped
flipped_old
LSF
merged_plots
migration
migration_MC13TeV_TTJets_jec_CorrelationGroupMPFInSitu_up_27.root
processing
reserve
rivet
rivet_results_23_March
rivet_test
rivet_test_21_March
save.root
SWAN_projects
test
testdir
unfolding_cflip
unfolding_nominal
end ls EOS
EXIT_CODE_SCRAM 0
exit code in RunMethodPacked 0
caught error code 0
checking sanity of file /pool/condor/dir_4051/MC13TeV_QCDEMEnriched120to170_21.root
file is good
Sanity test done
checking sanity of file /pool/condor/dir_4051/migration_MC13TeV_QCDEMEnriched120to170_21.root
file is good
Sanity test done
EXIT_CODE_PYTHON  0
[9.172MB/9.172MB][100%][==================================================][9.172MB/s]  [9.172MB/9.172MB][100%][==================================================][9.172MB/s]  
[18.08kB/18.08kB][100%][==================================================][18.08kB/s]  [18.08kB/18.08kB][100%][==================================================][18.08kB/s]  
