klist
Ticket cache: FILE:/pool/condor/dir_29256/vveckaln.cc
Default principal: vveckaln@CERN.CH

Valid starting     Expires            Service principal
12/26/18 06:14:51  12/27/18 07:14:51  krbtgt/CERN.CH@CERN.CH
	renew until 12/30/18 10:13:56
12/26/18 06:14:51  12/27/18 07:14:51  afs/cern.ch@CERN.CH
	renew until 12/30/18 10:13:56
end klist
ls EOS
analysis_MC13TeV_TTJets
analysis_MC13TeV_TTJets_cflip
analysis_MC13TeV_TTJets_herwig
anothercomparison.cc
bins
cernbox
Chunks
Chunks_test
copy_test
data
flipped
flipped_old
LSF
merged_plots
migration
migration_MC13TeV_TTJets_jec_CorrelationGroupMPFInSitu_up_27.root
processing
reserve
rivet
rivet_results_23_March
rivet_test
rivet_test_21_March
save.root
SWAN_projects
test
testdir
unfolding_cflip
unfolding_nominal
end ls EOS
EXIT_CODE_SCRAM 0
exit code in RunMethodPacked 0
caught error code 0
checking sanity of file /pool/condor/dir_29256/MC13TeV_TTJets_jec_RelativeFSR_down_124.root
file is good
Sanity test done
checking sanity of file /pool/condor/dir_29256/migration_MC13TeV_TTJets_jec_RelativeFSR_down_124.root
file is good
Sanity test done
EXIT_CODE_PYTHON  0
[16MB/81.93MB][ 19%][=========>                                        ][16MB/s]  [80MB/81.93MB][ 97%][================================================> ][40MB/s]  [81.93MB/81.93MB][100%][==================================================][40.96MB/s]  [81.93MB/81.93MB][100%][==================================================][20.48MB/s]  
[16MB/29.25MB][ 54%][===========================>                      ][16MB/s]  [29.25MB/29.25MB][100%][==================================================][29.25MB/s]  [29.25MB/29.25MB][100%][==================================================][14.63MB/s]  
