klist
Ticket cache: FILE:/pool/condor/dir_2289/vveckaln.cc
Default principal: vveckaln@CERN.CH

Valid starting     Expires            Service principal
12/26/18 09:02:51  12/27/18 10:02:51  krbtgt/CERN.CH@CERN.CH
	renew until 12/29/18 12:07:26
12/26/18 09:02:52  12/27/18 10:02:51  afs/cern.ch@CERN.CH
	renew until 12/29/18 12:07:26
end klist
ls EOS
analysis_MC13TeV_TTJets
analysis_MC13TeV_TTJets_cflip
analysis_MC13TeV_TTJets_herwig
anothercomparison.cc
bins
cernbox
Chunks
Chunks_test
copy_test
data
flipped
flipped_old
LSF
merged_plots
migration
migration_MC13TeV_TTJets_jec_CorrelationGroupMPFInSitu_up_27.root
processing
reserve
rivet
rivet_results_23_March
rivet_test
rivet_test_21_March
save.root
SWAN_projects
test
testdir
unfolding_cflip
unfolding_nominal
end ls EOS
EXIT_CODE_SCRAM 0
exit code in RunMethodPacked 0
caught error code 0
checking sanity of file /pool/condor/dir_2289/MC13TeV_TTJets_jec_CorrelationGroupUncorrelated_down_55.root
file is good
Sanity test done
checking sanity of file /pool/condor/dir_2289/migration_MC13TeV_TTJets_jec_CorrelationGroupUncorrelated_down_55.root
file is good
Sanity test done
EXIT_CODE_PYTHON  0
[16MB/81.27MB][ 19%][=========>                                        ][3.2MB/s]  [32MB/81.27MB][ 39%][===================>                              ][5.333MB/s]  [64MB/81.27MB][ 78%][=======================================>          ][9.143MB/s]  [81.27MB/81.27MB][100%][==================================================][10.16MB/s]  [81.27MB/81.27MB][100%][==================================================][8.127MB/s]  
[16MB/23.89MB][ 66%][=================================>                ][8MB/s]  [23.89MB/23.89MB][100%][==================================================][11.94MB/s]  [23.89MB/23.89MB][100%][==================================================][7.963MB/s]  
