klist
Ticket cache: FILE:/pool/condor/dir_27113/vveckaln.cc
Default principal: vveckaln@CERN.CH

Valid starting     Expires            Service principal
01/02/19 22:47:00  01/03/19 23:47:00  krbtgt/CERN.CH@CERN.CH
	renew until 01/07/19 22:33:58
01/02/19 23:01:58  01/03/19 23:47:00  afs/cern.ch@CERN.CH
	renew until 01/07/19 22:33:58
end klist
ls EOS
analysis_MC13TeV_TTJets
analysis_MC13TeV_TTJets_cflip
analysis_MC13TeV_TTJets_herwig
bins
cernbox
Chunks
Chunks_test
copy_test
data
flipped
flipped_old
LSF
merged_plots
migration
migration_MC13TeV_TTJets_jec_CorrelationGroupMPFInSitu_up_27.root
moved.cc
processing
reserve
rivet
rivet_results_23_March
rivet_test
rivet_test_21_March
save.root
SWAN_projects
test
testdir
unfolding_cflip
unfolding_nominal
end ls EOS
EXIT_CODE_SCRAM 0
exit code in RunMethodPacked 0
caught error code 0
checking sanity of file /pool/condor/dir_27113/MC13TeV_TTJets_1.root
file is good
Sanity test done
checking sanity of file /pool/condor/dir_27113/migration_MC13TeV_TTJets_1.root
file is good
Sanity test done
EXIT_CODE_PYTHON  0
[16MB/81.43MB][ 19%][=========>                                        ][2.667MB/s]  [32MB/81.43MB][ 39%][===================>                              ][3.556MB/s]  [48MB/81.43MB][ 58%][=============================>                    ][4.364MB/s]  [64MB/81.43MB][ 78%][=======================================>          ][4.923MB/s]  [80MB/81.43MB][ 98%][=================================================>][5.333MB/s]  [81.43MB/81.43MB][100%][==================================================][5.428MB/s]  [81.43MB/81.43MB][100%][==================================================][5.089MB/s]  
[16MB/25.78MB][ 62%][===============================>                  ][8MB/s]  [25.78MB/25.78MB][100%][==================================================][8.594MB/s]  [25.78MB/25.78MB][100%][==================================================][8.594MB/s]  
