klist
Ticket cache: FILE:/pool/condor/dir_25095/vveckaln.cc
Default principal: vveckaln@CERN.CH

Valid starting     Expires            Service principal
12/26/18 07:08:06  12/27/18 08:08:05  krbtgt/CERN.CH@CERN.CH
	renew until 12/31/18 07:08:05
12/26/18 07:08:07  12/27/18 08:08:05  afs/cern.ch@CERN.CH
	renew until 12/31/18 07:08:05
end klist
ls EOS
analysis_MC13TeV_TTJets
analysis_MC13TeV_TTJets_cflip
analysis_MC13TeV_TTJets_herwig
anothercomparison.cc
bins
cernbox
Chunks
Chunks_test
copy_test
data
flipped
flipped_old
LSF
merged_plots
migration
migration_MC13TeV_TTJets_jec_CorrelationGroupMPFInSitu_up_27.root
processing
reserve
rivet
rivet_results_23_March
rivet_test
rivet_test_21_March
save.root
SWAN_projects
test
testdir
unfolding_cflip
unfolding_nominal
end ls EOS
EXIT_CODE_SCRAM 0
exit code in RunMethodPacked 0
caught error code 0
checking sanity of file /pool/condor/dir_25095/MC13TeV_TTJets_tracking_up_36.root
file is good
Sanity test done
checking sanity of file /pool/condor/dir_25095/migration_MC13TeV_TTJets_tracking_up_36.root
file is good
Sanity test done
EXIT_CODE_PYTHON  0
[16MB/81.35MB][ 19%][=========>                                        ][4MB/s]  [64MB/81.35MB][ 78%][=======================================>          ][12.8MB/s]  [81.35MB/81.35MB][100%][==================================================][16.27MB/s]  [81.35MB/81.35MB][100%][==================================================][5.084MB/s]  
[16MB/25.43MB][ 62%][===============================>                  ][4MB/s]  [25.43MB/25.43MB][100%][==================================================][6.357MB/s]  [25.43MB/25.43MB][100%][==================================================][2.543MB/s]  
