klist
Ticket cache: FILE:/pool/condor/dir_18745/vveckaln.cc
Default principal: vveckaln@CERN.CH

Valid starting     Expires            Service principal
12/26/18 04:28:31  12/27/18 05:28:31  krbtgt/CERN.CH@CERN.CH
	renew until 12/28/18 15:03:06
12/26/18 04:28:31  12/27/18 05:28:31  afs/cern.ch@CERN.CH
	renew until 12/28/18 15:03:06
end klist
ls EOS
analysis_MC13TeV_TTJets
analysis_MC13TeV_TTJets_cflip
analysis_MC13TeV_TTJets_herwig
anothercomparison.cc
bins
cernbox
Chunks
Chunks_test
copy_test
data
flipped
flipped_old
LSF
merged_plots
migration
migration_MC13TeV_TTJets_jec_CorrelationGroupMPFInSitu_up_27.root
processing
reserve
rivet
rivet_results_23_March
rivet_test
rivet_test_21_March
save.root
SWAN_projects
test
testdir
unfolding_cflip
unfolding_nominal
end ls EOS
EXIT_CODE_SCRAM 0
exit code in RunMethodPacked 0
caught error code 0
checking sanity of file /pool/condor/dir_18745/MC13TeV_TTJets_tracking_down_94.root
file is good
Sanity test done
checking sanity of file /pool/condor/dir_18745/migration_MC13TeV_TTJets_tracking_down_94.root
file is good
Sanity test done
EXIT_CODE_PYTHON  0
[16MB/81.53MB][ 19%][=========>                                        ][16MB/s]  [80MB/81.53MB][ 98%][=================================================>][40MB/s]  [81.53MB/81.53MB][100%][==================================================][27.18MB/s]  [81.53MB/81.53MB][100%][==================================================][20.38MB/s]  
[16MB/27.2MB][ 58%][=============================>                    ][16MB/s]  [27.2MB/27.2MB][100%][==================================================][27.2MB/s]  [27.2MB/27.2MB][100%][==================================================][6.799MB/s]  
