klist
Ticket cache: FILE:/pool/condor/dir_1979/vveckaln.cc
Default principal: vveckaln@CERN.CH

Valid starting     Expires            Service principal
01/02/19 03:02:10  01/03/19 04:02:10  krbtgt/CERN.CH@CERN.CH
	renew until 01/06/19 07:01:15
01/02/19 03:02:11  01/03/19 04:02:10  afs/cern.ch@CERN.CH
	renew until 01/06/19 07:01:15
end klist
ls EOS
analysis_MC13TeV_TTJets
analysis_MC13TeV_TTJets_cflip
analysis_MC13TeV_TTJets_herwig
bins
cernbox
Chunks
Chunks_test
copy_test
data
flipped
flipped_old
LSF
merged_plots
migration
migration_MC13TeV_TTJets_jec_CorrelationGroupMPFInSitu_up_27.root
moved.cc
processing
reserve
rivet
rivet_results_23_March
rivet_test
rivet_test_21_March
save.root
SWAN_projects
test
testdir
unfolding_cflip
unfolding_nominal
end ls EOS
EXIT_CODE_SCRAM 0
exit code in RunMethodPacked 0
caught error code 0
checking sanity of file /pool/condor/dir_1979/MC13TeV_TTJets_32.root
file is good
Sanity test done
checking sanity of file /pool/condor/dir_1979/migration_MC13TeV_TTJets_32.root
file is good
Sanity test done
EXIT_CODE_PYTHON  0
[16MB/82.05MB][ 19%][=========>                                        ][16MB/s]  [64MB/82.05MB][ 78%][=======================================>          ][64MB/s]  [82.05MB/82.05MB][100%][==================================================][82.05MB/s]  [82.05MB/82.05MB][100%][==================================================][41.02MB/s]  
[16MB/31.45MB][ 50%][=========================>                        ][16MB/s]  [31.45MB/31.45MB][100%][==================================================][31.45MB/s]  [31.45MB/31.45MB][100%][==================================================][2.86MB/s]  
