klist
Ticket cache: FILE:/pool/condor/dir_22427/vveckaln.cc
Default principal: vveckaln@CERN.CH

Valid starting     Expires            Service principal
01/02/19 00:11:41  01/02/19 20:08:29  krbtgt/CERN.CH@CERN.CH
	renew until 01/02/19 20:08:29
01/02/19 00:11:41  01/02/19 20:08:29  afs/cern.ch@CERN.CH
	renew until 01/02/19 20:08:29
end klist
ls EOS
analysis_MC13TeV_TTJets
analysis_MC13TeV_TTJets_cflip
analysis_MC13TeV_TTJets_herwig
bins
cernbox
Chunks
Chunks_test
copy_test
data
flipped
flipped_old
LSF
merged_plots
migration
migration_MC13TeV_TTJets_jec_CorrelationGroupMPFInSitu_up_27.root
moved.cc
processing
reserve
rivet
rivet_results_23_March
rivet_test
rivet_test_21_March
save.root
SWAN_projects
test
testdir
unfolding_cflip
unfolding_nominal
end ls EOS
EXIT_CODE_SCRAM 0
exit code in RunMethodPacked 0
caught error code 0
checking sanity of file /pool/condor/dir_22427/MC13TeV_TTJets_127.root
file is good
Sanity test done
checking sanity of file /pool/condor/dir_22427/migration_MC13TeV_TTJets_127.root
file is good
Sanity test done
EXIT_CODE_PYTHON  0
[16MB/81.66MB][ 19%][=========>                                        ][16MB/s]  [81.66MB/81.66MB][100%][==================================================][81.66MB/s]  [81.66MB/81.66MB][100%][==================================================][81.66MB/s]  
[16MB/26.4MB][ 60%][==============================>                   ][16MB/s]  [26.4MB/26.4MB][100%][==================================================][26.4MB/s]  [26.4MB/26.4MB][100%][==================================================][26.4MB/s]  
