klist
Ticket cache: FILE:/pool/condor/dir_19279/vveckaln.cc
Default principal: vveckaln@CERN.CH

Valid starting     Expires            Service principal
12/26/18 13:12:29  12/27/18 14:12:29  krbtgt/CERN.CH@CERN.CH
	renew until 12/29/18 01:09:57
12/26/18 13:12:29  12/27/18 14:12:29  afs/cern.ch@CERN.CH
	renew until 12/29/18 01:09:57
end klist
ls EOS
analysis_MC13TeV_TTJets
analysis_MC13TeV_TTJets_cflip
analysis_MC13TeV_TTJets_herwig
anothercomparison.cc
bins
cernbox
Chunks
Chunks_test
copy_test
data
flipped
flipped_old
LSF
merged_plots
migration
migration_MC13TeV_TTJets_jec_CorrelationGroupMPFInSitu_up_27.root
processing
reserve
rivet
rivet_results_23_March
rivet_test
rivet_test_21_March
save.root
SWAN_projects
test
testdir
unfolding_cflip
unfolding_nominal
end ls EOS
EXIT_CODE_SCRAM 0
exit code in RunMethodPacked 0
caught error code 0
checking sanity of file /pool/condor/dir_19279/MC13TeV_W2Jets_14.root
file is good
Sanity test done
checking sanity of file /pool/condor/dir_19279/migration_MC13TeV_W2Jets_14.root
file is good
Sanity test done
EXIT_CODE_PYTHON  0
[14.54MB/14.54MB][100%][==================================================][14.54MB/s]  [14.54MB/14.54MB][100%][==================================================][7.271MB/s]  
[45.71kB/45.71kB][100%][==================================================][45.71kB/s]  [45.71kB/45.71kB][100%][==================================================][45.71kB/s]  
