klist
Ticket cache: FILE:/pool/condor/dir_16795/vveckaln.cc
Default principal: vveckaln@CERN.CH

Valid starting     Expires            Service principal
12/26/18 13:08:37  12/27/18 14:08:37  krbtgt/CERN.CH@CERN.CH
	renew until 12/29/18 01:07:30
12/26/18 13:08:38  12/27/18 14:08:37  afs/cern.ch@CERN.CH
	renew until 12/29/18 01:07:30
end klist
ls EOS
analysis_MC13TeV_TTJets
analysis_MC13TeV_TTJets_cflip
analysis_MC13TeV_TTJets_herwig
anothercomparison.cc
bins
cernbox
Chunks
Chunks_test
copy_test
data
flipped
flipped_old
LSF
merged_plots
migration
migration_MC13TeV_TTJets_jec_CorrelationGroupMPFInSitu_up_27.root
processing
reserve
rivet
rivet_results_23_March
rivet_test
rivet_test_21_March
save.root
SWAN_projects
test
testdir
unfolding_cflip
unfolding_nominal
end ls EOS
EXIT_CODE_SCRAM 0
exit code in RunMethodPacked 0
caught error code 0
checking sanity of file /pool/condor/dir_16795/MC13TeV_TTJets_gluonMove_7.root
file is good
Sanity test done
checking sanity of file /pool/condor/dir_16795/migration_MC13TeV_TTJets_gluonMove_7.root
file is good
Sanity test done
EXIT_CODE_PYTHON  0
[16MB/79.81MB][ 20%][==========>                                       ][16MB/s]  [79.81MB/79.81MB][100%][==================================================][79.81MB/s]  [79.81MB/79.81MB][100%][==================================================][79.81MB/s]  
[16MB/16.23MB][ 98%][=================================================>][16MB/s]  [16.23MB/16.23MB][100%][==================================================][16.23MB/s]  [16.23MB/16.23MB][100%][==================================================][8.113MB/s]  
