klist
Ticket cache: FILE:/pool/condor/dir_4220/vveckaln.cc
Default principal: vveckaln@CERN.CH

Valid starting     Expires            Service principal
12/25/18 19:16:21  12/26/18 20:16:21  krbtgt/CERN.CH@CERN.CH
	renew until 12/30/18 19:16:21
12/25/18 19:18:17  12/26/18 20:16:21  afs/cern.ch@CERN.CH
	renew until 12/30/18 19:16:21
end klist
ls EOS
analysis_MC13TeV_TTJets
analysis_MC13TeV_TTJets_cflip
analysis_MC13TeV_TTJets_herwig
anothercomparison.cc
bins
cernbox
Chunks
Chunks_test
copy_test
data
flipped
flipped_old
LSF
merged_plots
migration
migration_MC13TeV_TTJets_jec_CorrelationGroupMPFInSitu_up_27.root
processing
reserve
rivet
rivet_results_23_March
rivet_test
rivet_test_21_March
save.root
SWAN_projects
test
testdir
unfolding_cflip
unfolding_nominal
end ls EOS
EXIT_CODE_SCRAM 0
exit code in RunMethodPacked 0
caught error code 0
checking sanity of file /pool/condor/dir_4220/MC13TeV_TTJets_m171v5_12.root
file is good
Sanity test done
checking sanity of file /pool/condor/dir_4220/migration_MC13TeV_TTJets_m171v5_12.root
file is good
Sanity test done
EXIT_CODE_PYTHON  0
[16MB/78.56MB][ 20%][==========>                                       ][512kB/s]  [32MB/78.56MB][ 40%][====================>                             ][993kB/s]  [48MB/78.56MB][ 61%][==============================>                   ][1.412MB/s]  [64MB/78.56MB][ 81%][========================================>         ][1.829MB/s]  [78.56MB/78.56MB][100%][==================================================][2.014MB/s]  [78.56MB/78.56MB][100%][==================================================][1.916MB/s]  
[11.27MB/11.27MB][100%][==================================================][11.27MB/s]  [11.27MB/11.27MB][100%][==================================================][5.637MB/s]  
