klist
Ticket cache: FILE:/pool/condor/dir_32685/vveckaln.cc
Default principal: vveckaln@CERN.CH

Valid starting     Expires            Service principal
12/26/18 09:10:40  12/27/18 10:10:40  krbtgt/CERN.CH@CERN.CH
	renew until 12/30/18 12:19:54
12/26/18 09:10:40  12/27/18 10:10:40  afs/cern.ch@CERN.CH
	renew until 12/30/18 12:19:54
end klist
ls EOS
analysis_MC13TeV_TTJets
analysis_MC13TeV_TTJets_cflip
analysis_MC13TeV_TTJets_herwig
anothercomparison.cc
bins
cernbox
Chunks
Chunks_test
copy_test
data
flipped
flipped_old
LSF
merged_plots
migration
migration_MC13TeV_TTJets_jec_CorrelationGroupMPFInSitu_up_27.root
processing
reserve
rivet
rivet_results_23_March
rivet_test
rivet_test_21_March
save.root
SWAN_projects
test
testdir
unfolding_cflip
unfolding_nominal
end ls EOS
EXIT_CODE_SCRAM 0
exit code in RunMethodPacked 0
caught error code 0
checking sanity of file /pool/condor/dir_32685/MC13TeV_TTJets_jec_FlavorPureBottom_up_81.root
file is good
Sanity test done
checking sanity of file /pool/condor/dir_32685/migration_MC13TeV_TTJets_jec_FlavorPureBottom_up_81.root
file is good
Sanity test done
EXIT_CODE_PYTHON  0
[16MB/80.47MB][ 19%][=========>                                        ][4MB/s]  [80MB/80.47MB][ 99%][=================================================>][16MB/s]  [80.47MB/80.47MB][100%][==================================================][13.41MB/s]  [80.47MB/80.47MB][100%][==================================================][6.706MB/s]  
[16MB/18.45MB][ 86%][===========================================>      ][2.667MB/s]  [18.45MB/18.45MB][100%][==================================================][3.075MB/s]  [18.45MB/18.45MB][100%][==================================================][1.318MB/s]  
