klist
Ticket cache: FILE:/pool/condor/dir_19229/vveckaln.cc
Default principal: vveckaln@CERN.CH

Valid starting     Expires            Service principal
12/26/18 13:06:06  12/27/18 14:06:06  krbtgt/CERN.CH@CERN.CH
	renew until 12/29/18 01:04:41
12/26/18 13:06:07  12/27/18 14:06:06  afs/cern.ch@CERN.CH
	renew until 12/29/18 01:04:41
end klist
ls EOS
analysis_MC13TeV_TTJets
analysis_MC13TeV_TTJets_cflip
analysis_MC13TeV_TTJets_herwig
anothercomparison.cc
bins
cernbox
Chunks
Chunks_test
copy_test
data
flipped
flipped_old
LSF
merged_plots
migration
migration_MC13TeV_TTJets_jec_CorrelationGroupMPFInSitu_up_27.root
processing
reserve
rivet
rivet_results_23_March
rivet_test
rivet_test_21_March
save.root
SWAN_projects
test
testdir
unfolding_cflip
unfolding_nominal
end ls EOS
EXIT_CODE_SCRAM 0
exit code in RunMethodPacked 0
caught error code 0
checking sanity of file /pool/condor/dir_19229/MC13TeV_TTJets_csv_heavy_up_114.root
file is good
Sanity test done
checking sanity of file /pool/condor/dir_19229/migration_MC13TeV_TTJets_csv_heavy_up_114.root
file is good
Sanity test done
EXIT_CODE_PYTHON  0
[16MB/79.51MB][ 20%][==========>                                       ][16MB/s]  [79.51MB/79.51MB][100%][==================================================][79.51MB/s]  [79.51MB/79.51MB][100%][==================================================][39.75MB/s]  
[15.19MB/15.19MB][100%][==================================================][15.19MB/s]  [15.19MB/15.19MB][100%][==================================================][15.19MB/s]  
