klist
Ticket cache: FILE:/pool/condor/dir_3819/vveckaln.cc
Default principal: vveckaln@CERN.CH

Valid starting     Expires            Service principal
12/30/18 17:27:18  12/31/18 18:27:17  krbtgt/CERN.CH@CERN.CH
	renew until 01/01/19 09:25:37
12/30/18 17:27:19  12/31/18 18:27:17  afs/cern.ch@CERN.CH
	renew until 01/01/19 09:25:37
end klist
ls EOS
analysis_MC13TeV_TTJets
analysis_MC13TeV_TTJets_cflip
analysis_MC13TeV_TTJets_herwig
bins
cernbox
Chunks
Chunks_test
copy_test
data
flipped
flipped_old
LSF
merged_plots
migration
migration_MC13TeV_TTJets_jec_CorrelationGroupMPFInSitu_up_27.root
moved.cc
processing
reserve
rivet
rivet_results_23_March
rivet_test
rivet_test_21_March
save.root
SWAN_projects
test
testdir
unfolding_cflip
unfolding_nominal
end ls EOS
EXIT_CODE_SCRAM 0
exit code in RunMethodPacked 0
caught error code 0
checking sanity of file /pool/condor/dir_3819/MC13TeV_TTJets_herwig_btag_heavy_down_0.root
file is good
Sanity test done
checking sanity of file /pool/condor/dir_3819/migration_MC13TeV_TTJets_herwig_btag_heavy_down_0.root
file is good
Sanity test done
EXIT_CODE_PYTHON  0
[16MB/58.49MB][ 27%][=============>                                    ][16MB/s]  [58.49MB/58.49MB][100%][==================================================][58.49MB/s]  [58.49MB/58.49MB][100%][==================================================][58.49MB/s]  
[13.78MB/13.78MB][100%][==================================================][13.78MB/s]  [13.78MB/13.78MB][100%][==================================================][13.78MB/s]  
