klist
Ticket cache: FILE:/pool/condor/dir_27329/vveckaln.cc
Default principal: vveckaln@CERN.CH

Valid starting     Expires            Service principal
12/27/18 12:00:24  12/28/18 13:00:24  krbtgt/CERN.CH@CERN.CH
	renew until 01/01/19 12:00:24
12/27/18 12:00:25  12/28/18 13:00:24  afs/cern.ch@CERN.CH
	renew until 01/01/19 12:00:24
end klist
ls EOS
analysis_MC13TeV_TTJets
analysis_MC13TeV_TTJets_cflip
analysis_MC13TeV_TTJets_herwig
anothercomparison.cc
bins
cernbox
Chunks
Chunks_test
copy_test
data
flipped
flipped_old
LSF
merged_plots
migration
migration_MC13TeV_TTJets_jec_CorrelationGroupMPFInSitu_up_27.root
processing
reserve
rivet
rivet_results_23_March
rivet_test
rivet_test_21_March
save.root
SWAN_projects
test
testdir
unfolding_cflip
unfolding_nominal
end ls EOS
EXIT_CODE_SCRAM 0
exit code in RunMethodPacked 0
caught error code 0
checking sanity of file /pool/condor/dir_27329/MC13TeV_TTJets_jer_up_66.root
file is good
Sanity test done
checking sanity of file /pool/condor/dir_27329/migration_MC13TeV_TTJets_jer_up_66.root
file is good
Sanity test done
EXIT_CODE_PYTHON  0
[16MB/81.79MB][ 19%][=========>                                        ][16MB/s]  [80MB/81.79MB][ 97%][================================================> ][40MB/s]  [81.79MB/81.79MB][100%][==================================================][40.89MB/s]  [81.79MB/81.79MB][100%][==================================================][27.26MB/s]  
[16MB/29.41MB][ 54%][===========================>                      ][16MB/s]  [29.41MB/29.41MB][100%][==================================================][29.41MB/s]  [29.41MB/29.41MB][100%][==================================================][14.7MB/s]  
