klist
Ticket cache: FILE:/pool/condor/dir_7796/vveckaln.cc
Default principal: vveckaln@CERN.CH

Valid starting     Expires            Service principal
01/01/19 23:20:39  01/03/19 00:20:39  krbtgt/CERN.CH@CERN.CH
	renew until 01/06/19 21:23:27
01/01/19 23:28:57  01/03/19 00:20:39  afs/cern.ch@CERN.CH
	renew until 01/06/19 21:23:27
end klist
ls EOS
analysis_MC13TeV_TTJets
analysis_MC13TeV_TTJets_cflip
analysis_MC13TeV_TTJets_herwig
bins
cernbox
Chunks
Chunks_test
copy_test
data
flipped
flipped_old
LSF
merged_plots
migration
migration_MC13TeV_TTJets_jec_CorrelationGroupMPFInSitu_up_27.root
moved.cc
processing
reserve
rivet
rivet_results_23_March
rivet_test
rivet_test_21_March
save.root
SWAN_projects
test
testdir
unfolding_cflip
unfolding_nominal
end ls EOS
EXIT_CODE_SCRAM 0
exit code in RunMethodPacked 0
caught error code 0
checking sanity of file /pool/condor/dir_7796/MC13TeV_TTJets_13.root
file is good
Sanity test done
checking sanity of file /pool/condor/dir_7796/migration_MC13TeV_TTJets_13.root
file is good
Sanity test done
EXIT_CODE_PYTHON  0
[16MB/81.43MB][ 19%][=========>                                        ][2.667MB/s]  [32MB/81.43MB][ 39%][===================>                              ][4MB/s]  [48MB/81.43MB][ 58%][=============================>                    ][4.364MB/s]  [64MB/81.43MB][ 78%][=======================================>          ][5.333MB/s]  [80MB/81.43MB][ 98%][=================================================>][5.714MB/s]  [81.43MB/81.43MB][100%][==================================================][5.816MB/s]  [81.43MB/81.43MB][100%][==================================================][5.816MB/s]  
[16MB/25.7MB][ 62%][===============================>                  ][1.778MB/s]  [25.7MB/25.7MB][100%][==================================================][2.337MB/s]  [25.7MB/25.7MB][100%][==================================================][2.337MB/s]  
