klist
Ticket cache: FILE:/pool/condor/dir_8874/vveckaln.cc
Default principal: vveckaln@CERN.CH

Valid starting     Expires            Service principal
01/02/19 01:53:44  01/02/19 21:46:39  krbtgt/CERN.CH@CERN.CH
	renew until 01/02/19 21:46:39
01/02/19 01:53:44  01/02/19 21:46:39  afs/cern.ch@CERN.CH
	renew until 01/02/19 21:46:39
end klist
ls EOS
analysis_MC13TeV_TTJets
analysis_MC13TeV_TTJets_cflip
analysis_MC13TeV_TTJets_herwig
bins
cernbox
Chunks
Chunks_test
copy_test
data
flipped
flipped_old
LSF
merged_plots
migration
migration_MC13TeV_TTJets_jec_CorrelationGroupMPFInSitu_up_27.root
moved.cc
processing
reserve
rivet
rivet_results_23_March
rivet_test
rivet_test_21_March
save.root
SWAN_projects
test
testdir
unfolding_cflip
unfolding_nominal
end ls EOS
EXIT_CODE_SCRAM 0
exit code in RunMethodPacked 0
caught error code 0
checking sanity of file /pool/condor/dir_8874/MC13TeV_TTJets_108.root
file is good
Sanity test done
checking sanity of file /pool/condor/dir_8874/migration_MC13TeV_TTJets_108.root
file is good
Sanity test done
EXIT_CODE_PYTHON  0
[16MB/81.72MB][ 19%][=========>                                        ][16MB/s]  [80MB/81.72MB][ 97%][================================================> ][80MB/s]  [81.72MB/81.72MB][100%][==================================================][81.72MB/s]  [81.72MB/81.72MB][100%][==================================================][40.86MB/s]  
[16MB/26.88MB][ 59%][=============================>                    ][16MB/s]  [26.88MB/26.88MB][100%][==================================================][26.88MB/s]  [26.88MB/26.88MB][100%][==================================================][26.88MB/s]  
