klist
Ticket cache: FILE:/pool/condor/dir_350/vveckaln.cc
Default principal: vveckaln@CERN.CH

Valid starting     Expires            Service principal
12/26/18 14:53:21  12/27/18 15:53:21  krbtgt/CERN.CH@CERN.CH
	renew until 12/31/18 14:53:21
12/26/18 14:53:21  12/27/18 15:53:21  afs/cern.ch@CERN.CH
	renew until 12/31/18 14:53:21
end klist
ls EOS
analysis_MC13TeV_TTJets
analysis_MC13TeV_TTJets_cflip
analysis_MC13TeV_TTJets_herwig
anothercomparison.cc
bins
cernbox
Chunks
Chunks_test
copy_test
data
flipped
flipped_old
LSF
merged_plots
migration
migration_MC13TeV_TTJets_jec_CorrelationGroupMPFInSitu_up_27.root
processing
reserve
rivet
rivet_results_23_March
rivet_test
rivet_test_21_March
save.root
SWAN_projects
test
testdir
unfolding_cflip
unfolding_nominal
end ls EOS
EXIT_CODE_SCRAM 0
exit code in RunMethodPacked 0
caught error code 0
checking sanity of file /pool/condor/dir_350/MC13TeV_TTJets_csv_light_down_119.root
file is good
Sanity test done
checking sanity of file /pool/condor/dir_350/migration_MC13TeV_TTJets_csv_light_down_119.root
file is good
Sanity test done
EXIT_CODE_PYTHON  0
[16MB/81.76MB][ 19%][=========>                                        ][2.667MB/s]  [32MB/81.76MB][ 39%][===================>                              ][4.571MB/s]  [80MB/81.76MB][ 97%][================================================> ][10MB/s]  [81.76MB/81.76MB][100%][==================================================][10.22MB/s]  [81.76MB/81.76MB][100%][==================================================][5.11MB/s]  
[16MB/27.96MB][ 57%][============================>                     ][1.455MB/s]  [27.96MB/27.96MB][100%][==================================================][2.542MB/s]  [27.96MB/27.96MB][100%][==================================================][1.472MB/s]  
