klist
Ticket cache: FILE:/pool/condor/dir_24512/vveckaln.cc
Default principal: vveckaln@CERN.CH

Valid starting     Expires            Service principal
12/26/18 13:09:06  12/27/18 14:09:05  krbtgt/CERN.CH@CERN.CH
	renew until 12/29/18 01:08:23
12/26/18 13:09:06  12/27/18 14:09:05  afs/cern.ch@CERN.CH
	renew until 12/29/18 01:08:23
end klist
ls EOS
analysis_MC13TeV_TTJets
analysis_MC13TeV_TTJets_cflip
analysis_MC13TeV_TTJets_herwig
anothercomparison.cc
bins
cernbox
Chunks
Chunks_test
copy_test
data
flipped
flipped_old
LSF
merged_plots
migration
migration_MC13TeV_TTJets_jec_CorrelationGroupMPFInSitu_up_27.root
processing
reserve
rivet
rivet_results_23_March
rivet_test
rivet_test_21_March
save.root
SWAN_projects
test
testdir
unfolding_cflip
unfolding_nominal
end ls EOS
EXIT_CODE_SCRAM 0
exit code in RunMethodPacked 0
caught error code 0
checking sanity of file /pool/condor/dir_24512/MC13TeV_TTJets_btag_heavy_down_32.root
file is good
Sanity test done
checking sanity of file /pool/condor/dir_24512/migration_MC13TeV_TTJets_btag_heavy_down_32.root
file is good
Sanity test done
EXIT_CODE_PYTHON  0
[16MB/82MB][ 19%][=========>                                        ][16MB/s]  [82MB/82MB][100%][==================================================][82MB/s]  [82MB/82MB][100%][==================================================][41MB/s]  
[16MB/31.34MB][ 51%][=========================>                        ][16MB/s]  [31.34MB/31.34MB][100%][==================================================][31.34MB/s]  [31.34MB/31.34MB][100%][==================================================][31.34MB/s]  
