klist
Ticket cache: FILE:/pool/condor/dir_3187/vveckaln.cc
Default principal: vveckaln@CERN.CH

Valid starting     Expires            Service principal
12/26/18 13:08:45  12/27/18 14:08:44  krbtgt/CERN.CH@CERN.CH
	renew until 12/29/18 01:07:56
12/26/18 13:08:46  12/27/18 14:08:44  afs/cern.ch@CERN.CH
	renew until 12/29/18 01:07:56
end klist
ls EOS
analysis_MC13TeV_TTJets
analysis_MC13TeV_TTJets_cflip
analysis_MC13TeV_TTJets_herwig
anothercomparison.cc
bins
cernbox
Chunks
Chunks_test
copy_test
data
flipped
flipped_old
LSF
merged_plots
migration
migration_MC13TeV_TTJets_jec_CorrelationGroupMPFInSitu_up_27.root
processing
reserve
rivet
rivet_results_23_March
rivet_test
rivet_test_21_March
save.root
SWAN_projects
test
testdir
unfolding_cflip
unfolding_nominal
end ls EOS
EXIT_CODE_SCRAM 0
exit code in RunMethodPacked 0
caught error code 0
checking sanity of file /pool/condor/dir_3187/MC13TeV_TTJets_jec_RelativeFSR_up_24.root
file is good
Sanity test done
checking sanity of file /pool/condor/dir_3187/migration_MC13TeV_TTJets_jec_RelativeFSR_up_24.root
file is good
Sanity test done
EXIT_CODE_PYTHON  0
[16MB/81.9MB][ 19%][=========>                                        ][16MB/s]  [81.9MB/81.9MB][100%][==================================================][40.95MB/s]  [81.9MB/81.9MB][100%][==================================================][27.3MB/s]  
[16MB/30.19MB][ 52%][==========================>                       ][16MB/s]  [30.19MB/30.19MB][100%][==================================================][30.19MB/s]  [30.19MB/30.19MB][100%][==================================================][15.1MB/s]  
