klist
Ticket cache: FILE:/pool/condor/dir_15479/vveckaln.cc
Default principal: vveckaln@CERN.CH

Valid starting     Expires            Service principal
12/26/18 09:02:25  12/27/18 10:02:25  krbtgt/CERN.CH@CERN.CH
	renew until 12/29/18 12:07:26
12/26/18 09:02:25  12/27/18 10:02:25  afs/cern.ch@CERN.CH
	renew until 12/29/18 12:07:26
end klist
ls EOS
analysis_MC13TeV_TTJets
analysis_MC13TeV_TTJets_cflip
analysis_MC13TeV_TTJets_herwig
anothercomparison.cc
bins
cernbox
Chunks
Chunks_test
copy_test
data
flipped
flipped_old
LSF
merged_plots
migration
migration_MC13TeV_TTJets_jec_CorrelationGroupMPFInSitu_up_27.root
processing
reserve
rivet
rivet_results_23_March
rivet_test
rivet_test_21_March
save.root
SWAN_projects
test
testdir
unfolding_cflip
unfolding_nominal
end ls EOS
EXIT_CODE_SCRAM 0
exit code in RunMethodPacked 0
caught error code 0
checking sanity of file /pool/condor/dir_15479/MC13TeV_TTJets_csv_heavy_up_120.root
file is good
Sanity test done
checking sanity of file /pool/condor/dir_15479/migration_MC13TeV_TTJets_csv_heavy_up_120.root
file is good
Sanity test done
EXIT_CODE_PYTHON  0
[16MB/81.5MB][ 19%][=========>                                        ][16MB/s]  [64MB/81.5MB][ 78%][=======================================>          ][64MB/s]  [80MB/81.5MB][ 98%][=================================================>][40MB/s]  [81.5MB/81.5MB][100%][==================================================][16.3MB/s]  [81.5MB/81.5MB][100%][==================================================][9.056MB/s]  
[16MB/28.05MB][ 57%][============================>                     ][16MB/s]  [28.05MB/28.05MB][100%][==================================================][28.05MB/s]  [28.05MB/28.05MB][100%][==================================================][14.03MB/s]  
