klist
Ticket cache: FILE:/pool/condor/dir_29861/vveckaln.cc
Default principal: vveckaln@CERN.CH

Valid starting     Expires            Service principal
12/26/18 09:10:30  12/27/18 10:10:30  krbtgt/CERN.CH@CERN.CH
	renew until 12/30/18 13:09:57
12/26/18 09:10:30  12/27/18 10:10:30  afs/cern.ch@CERN.CH
	renew until 12/30/18 13:09:57
end klist
ls EOS
analysis_MC13TeV_TTJets
analysis_MC13TeV_TTJets_cflip
analysis_MC13TeV_TTJets_herwig
anothercomparison.cc
bins
cernbox
Chunks
Chunks_test
copy_test
data
flipped
flipped_old
LSF
merged_plots
migration
migration_MC13TeV_TTJets_jec_CorrelationGroupMPFInSitu_up_27.root
processing
reserve
rivet
rivet_results_23_March
rivet_test
rivet_test_21_March
save.root
SWAN_projects
test
testdir
unfolding_cflip
unfolding_nominal
end ls EOS
EXIT_CODE_SCRAM 0
exit code in RunMethodPacked 0
caught error code 0
checking sanity of file /pool/condor/dir_29861/MC13TeV_TTJets_csv_light_down_116.root
file is good
Sanity test done
checking sanity of file /pool/condor/dir_29861/migration_MC13TeV_TTJets_csv_light_down_116.root
file is good
Sanity test done
EXIT_CODE_PYTHON  0
[16MB/81.42MB][ 19%][=========>                                        ][16MB/s]  [32MB/81.42MB][ 39%][===================>                              ][16MB/s]  [81.42MB/81.42MB][100%][==================================================][27.14MB/s]  [81.42MB/81.42MB][100%][==================================================][20.36MB/s]  
[16MB/26.19MB][ 61%][==============================>                   ][16MB/s]  [26.19MB/26.19MB][100%][==================================================][26.19MB/s]  [26.19MB/26.19MB][100%][==================================================][8.731MB/s]  
