klist
Ticket cache: FILE:/pool/condor/dir_30613/vveckaln.cc
Default principal: vveckaln@CERN.CH

Valid starting     Expires            Service principal
12/26/18 04:24:12  12/27/18 05:24:12  krbtgt/CERN.CH@CERN.CH
	renew until 12/30/18 08:23:25
12/26/18 04:24:14  12/27/18 05:24:12  afs/cern.ch@CERN.CH
	renew until 12/30/18 08:23:25
end klist
ls EOS
analysis_MC13TeV_TTJets
analysis_MC13TeV_TTJets_cflip
analysis_MC13TeV_TTJets_herwig
anothercomparison.cc
bins
cernbox
Chunks
Chunks_test
copy_test
data
flipped
flipped_old
LSF
merged_plots
migration
migration_MC13TeV_TTJets_jec_CorrelationGroupMPFInSitu_up_27.root
processing
reserve
rivet
rivet_results_23_March
rivet_test
rivet_test_21_March
save.root
SWAN_projects
test
testdir
unfolding_cflip
unfolding_nominal
end ls EOS
EXIT_CODE_SCRAM 0
exit code in RunMethodPacked 0
caught error code 0
checking sanity of file /pool/condor/dir_30613/MC13TeV_TTJets_qcdBased_3.root
file is good
Sanity test done
checking sanity of file /pool/condor/dir_30613/migration_MC13TeV_TTJets_qcdBased_3.root
file is good
Sanity test done
EXIT_CODE_PYTHON  0
[16MB/77.68MB][ 20%][==========>                                       ][16MB/s]  [48MB/77.68MB][ 61%][==============================>                   ][24MB/s]  [77.68MB/77.68MB][100%][==================================================][38.84MB/s]  [77.68MB/77.68MB][100%][==================================================][15.54MB/s]  
[9.475MB/9.475MB][100%][==================================================][9.475MB/s]  [9.475MB/9.475MB][100%][==================================================][4.738MB/s]  
