klist
Ticket cache: FILE:/pool/condor/dir_20458/vveckaln.cc
Default principal: vveckaln@CERN.CH

Valid starting     Expires            Service principal
12/26/18 13:09:01  12/27/18 14:09:01  krbtgt/CERN.CH@CERN.CH
	renew until 12/29/18 01:07:07
12/26/18 13:09:02  12/27/18 14:09:01  afs/cern.ch@CERN.CH
	renew until 12/29/18 01:07:07
end klist
ls EOS
analysis_MC13TeV_TTJets
analysis_MC13TeV_TTJets_cflip
analysis_MC13TeV_TTJets_herwig
anothercomparison.cc
bins
cernbox
Chunks
Chunks_test
copy_test
data
flipped
flipped_old
LSF
merged_plots
migration
migration_MC13TeV_TTJets_jec_CorrelationGroupMPFInSitu_up_27.root
processing
reserve
rivet
rivet_results_23_March
rivet_test
rivet_test_21_March
save.root
SWAN_projects
test
testdir
unfolding_cflip
unfolding_nominal
end ls EOS
EXIT_CODE_SCRAM 0
exit code in RunMethodPacked 0
caught error code 0
checking sanity of file /pool/condor/dir_20458/MC13TeV_TTJets_herwig_22.root
file is good
Sanity test done
checking sanity of file /pool/condor/dir_20458/migration_MC13TeV_TTJets_herwig_22.root
file is good
Sanity test done
EXIT_CODE_PYTHON  0
[16MB/58.37MB][ 27%][=============>                                    ][16MB/s]  [58.37MB/58.37MB][100%][==================================================][58.37MB/s]  [58.37MB/58.37MB][100%][==================================================][58.37MB/s]  
[12.36MB/12.36MB][100%][==================================================][12.36MB/s]  [12.36MB/12.36MB][100%][==================================================][12.36MB/s]  
