klist
Ticket cache: FILE:/pool/condor/dir_8731/vveckaln.cc
Default principal: vveckaln@CERN.CH

Valid starting     Expires            Service principal
12/26/18 01:54:17  12/27/18 02:54:17  krbtgt/CERN.CH@CERN.CH
	renew until 12/29/18 09:52:55
12/26/18 01:54:18  12/27/18 02:54:17  afs/cern.ch@CERN.CH
	renew until 12/29/18 09:52:55
end klist
ls EOS
analysis_MC13TeV_TTJets
analysis_MC13TeV_TTJets_cflip
analysis_MC13TeV_TTJets_herwig
anothercomparison.cc
bins
cernbox
Chunks
Chunks_test
copy_test
data
flipped
flipped_old
LSF
merged_plots
migration
migration_MC13TeV_TTJets_jec_CorrelationGroupMPFInSitu_up_27.root
processing
reserve
rivet
rivet_results_23_March
rivet_test
rivet_test_21_March
save.root
SWAN_projects
test
testdir
unfolding_cflip
unfolding_nominal
end ls EOS
EXIT_CODE_SCRAM 0
exit code in RunMethodPacked 0
caught error code 0
checking sanity of file /pool/condor/dir_8731/MC13TeV_TTJets_csv_light_up_106.root
file is good
Sanity test done
checking sanity of file /pool/condor/dir_8731/migration_MC13TeV_TTJets_csv_light_up_106.root
file is good
Sanity test done
EXIT_CODE_PYTHON  0
[16MB/81.88MB][ 19%][=========>                                        ][16MB/s]  [81.88MB/81.88MB][100%][==================================================][81.88MB/s]  [81.88MB/81.88MB][100%][==================================================][81.88MB/s]  
[16MB/29.63MB][ 54%][===========================>                      ][16MB/s]  [29.63MB/29.63MB][100%][==================================================][29.63MB/s]  [29.63MB/29.63MB][100%][==================================================][29.63MB/s]  
