klist
Ticket cache: FILE:/pool/condor/dir_5459/vveckaln.cc
Default principal: vveckaln@CERN.CH

Valid starting     Expires            Service principal
12/26/18 07:24:31  12/27/18 08:24:31  krbtgt/CERN.CH@CERN.CH
	renew until 12/28/18 19:23:49
12/26/18 07:24:31  12/27/18 08:24:31  afs/cern.ch@CERN.CH
	renew until 12/28/18 19:23:49
end klist
ls EOS
analysis_MC13TeV_TTJets
analysis_MC13TeV_TTJets_cflip
analysis_MC13TeV_TTJets_herwig
anothercomparison.cc
bins
cernbox
Chunks
Chunks_test
copy_test
data
flipped
flipped_old
LSF
merged_plots
migration
migration_MC13TeV_TTJets_jec_CorrelationGroupMPFInSitu_up_27.root
processing
reserve
rivet
rivet_results_23_March
rivet_test
rivet_test_21_March
save.root
SWAN_projects
test
testdir
unfolding_cflip
unfolding_nominal
end ls EOS
EXIT_CODE_SCRAM 0
exit code in RunMethodPacked 0
caught error code 0
checking sanity of file /pool/condor/dir_5459/MC13TeV_TTJets_jec_FlavorPureCharm_up_105.root
file is good
Sanity test done
checking sanity of file /pool/condor/dir_5459/migration_MC13TeV_TTJets_jec_FlavorPureCharm_up_105.root
file is good
Sanity test done
EXIT_CODE_PYTHON  0
[16MB/81.46MB][ 19%][=========>                                        ][16MB/s]  [48MB/81.46MB][ 58%][=============================>                    ][24MB/s]  [80MB/81.46MB][ 98%][=================================================>][26.67MB/s]  [81.46MB/81.46MB][100%][==================================================][27.15MB/s]  [81.46MB/81.46MB][100%][==================================================][16.29MB/s]  
[16MB/25.37MB][ 63%][===============================>                  ][16MB/s]  [25.37MB/25.37MB][100%][==================================================][25.37MB/s]  [25.37MB/25.37MB][100%][==================================================][12.69MB/s]  
