klist
Ticket cache: FILE:/pool/condor/dir_7480/vveckaln.cc
Default principal: vveckaln@CERN.CH

Valid starting     Expires            Service principal
12/26/18 13:09:42  12/27/18 14:09:42  krbtgt/CERN.CH@CERN.CH
	renew until 12/29/18 01:07:23
12/26/18 13:09:44  12/27/18 14:09:42  afs/cern.ch@CERN.CH
	renew until 12/29/18 01:07:23
end klist
ls EOS
analysis_MC13TeV_TTJets
analysis_MC13TeV_TTJets_cflip
analysis_MC13TeV_TTJets_herwig
anothercomparison.cc
bins
cernbox
Chunks
Chunks_test
copy_test
data
flipped
flipped_old
LSF
merged_plots
migration
migration_MC13TeV_TTJets_jec_CorrelationGroupMPFInSitu_up_27.root
processing
reserve
rivet
rivet_results_23_March
rivet_test
rivet_test_21_March
save.root
SWAN_projects
test
testdir
unfolding_cflip
unfolding_nominal
end ls EOS
EXIT_CODE_SCRAM 0
exit code in RunMethodPacked 0
caught error code 0
checking sanity of file /pool/condor/dir_7480/MC13TeV_TTJets_jec_FlavorPureGluon_down_89.root
file is good
Sanity test done
checking sanity of file /pool/condor/dir_7480/migration_MC13TeV_TTJets_jec_FlavorPureGluon_down_89.root
file is good
Sanity test done
EXIT_CODE_PYTHON  0
[16MB/81.49MB][ 19%][=========>                                        ][1.455MB/s]  [32MB/81.49MB][ 39%][===================>                              ][1.684MB/s]  [48MB/81.49MB][ 58%][=============================>                    ][1.655MB/s]  [80MB/81.49MB][ 98%][=================================================>][2.667MB/s]  [81.49MB/81.49MB][100%][==================================================][2.716MB/s]  [81.49MB/81.49MB][100%][==================================================][2.203MB/s]  
[16MB/26.21MB][ 61%][==============================>                   ][8MB/s]  [26.21MB/26.21MB][100%][==================================================][13.11MB/s]  [26.21MB/26.21MB][100%][==================================================][4.369MB/s]  
