klist
Ticket cache: FILE:/pool/condor/dir_27494/vveckaln.cc
Default principal: vveckaln@CERN.CH

Valid starting     Expires            Service principal
01/02/19 10:26:11  01/03/19 11:26:11  krbtgt/CERN.CH@CERN.CH
	renew until 01/06/19 14:15:24
01/02/19 10:26:11  01/03/19 11:26:11  afs/cern.ch@CERN.CH
	renew until 01/06/19 14:15:24
end klist
ls EOS
analysis_MC13TeV_TTJets
analysis_MC13TeV_TTJets_cflip
analysis_MC13TeV_TTJets_herwig
bins
cernbox
Chunks
Chunks_test
copy_test
data
flipped
flipped_old
LSF
merged_plots
migration
migration_MC13TeV_TTJets_jec_CorrelationGroupMPFInSitu_up_27.root
moved.cc
processing
reserve
rivet
rivet_results_23_March
rivet_test
rivet_test_21_March
save.root
SWAN_projects
test
testdir
unfolding_cflip
unfolding_nominal
end ls EOS
EXIT_CODE_SCRAM 0
exit code in RunMethodPacked 0
caught error code 0
checking sanity of file /pool/condor/dir_27494/MC13TeV_TTJets_33.root
file is good
Sanity test done
checking sanity of file /pool/condor/dir_27494/migration_MC13TeV_TTJets_33.root
file is good
Sanity test done
EXIT_CODE_PYTHON  0
[16MB/81.54MB][ 19%][=========>                                        ][16MB/s]  [80MB/81.54MB][ 98%][=================================================>][80MB/s]  [81.54MB/81.54MB][100%][==================================================][40.77MB/s]  [81.54MB/81.54MB][100%][==================================================][40.77MB/s]  
[16MB/26.14MB][ 61%][==============================>                   ][16MB/s]  [26.14MB/26.14MB][100%][==================================================][26.14MB/s]  [26.14MB/26.14MB][100%][==================================================][13.07MB/s]  
