klist
Ticket cache: FILE:/pool/condor/dir_25531/vveckaln.cc
Default principal: vveckaln@CERN.CH

Valid starting     Expires            Service principal
12/26/18 02:03:16  12/27/18 03:03:16  krbtgt/CERN.CH@CERN.CH
	renew until 12/30/18 06:03:07
12/26/18 02:03:18  12/27/18 03:03:16  afs/cern.ch@CERN.CH
	renew until 12/30/18 06:03:07
end klist
ls EOS
analysis_MC13TeV_TTJets
analysis_MC13TeV_TTJets_cflip
analysis_MC13TeV_TTJets_herwig
anothercomparison.cc
bins
cernbox
Chunks
Chunks_test
copy_test
data
flipped
flipped_old
LSF
merged_plots
migration
migration_MC13TeV_TTJets_jec_CorrelationGroupMPFInSitu_up_27.root
processing
reserve
rivet
rivet_results_23_March
rivet_test
rivet_test_21_March
save.root
SWAN_projects
test
testdir
unfolding_cflip
unfolding_nominal
end ls EOS
EXIT_CODE_SCRAM 0
exit code in RunMethodPacked 0
caught error code 0
checking sanity of file /pool/condor/dir_25531/MC13TeV_TTJets_jer_down_108.root
file is good
Sanity test done
checking sanity of file /pool/condor/dir_25531/migration_MC13TeV_TTJets_jer_down_108.root
file is good
Sanity test done
EXIT_CODE_PYTHON  0
[16MB/81.68MB][ 19%][=========>                                        ][1.333MB/s]  [32MB/81.68MB][ 39%][===================>                              ][1.778MB/s]  [48MB/81.68MB][ 58%][=============================>                    ][2.286MB/s]  [64MB/81.68MB][ 78%][=======================================>          ][2.667MB/s]  [80MB/81.68MB][ 97%][================================================> ][2.857MB/s]  [81.68MB/81.68MB][100%][==================================================][2.917MB/s]  [81.68MB/81.68MB][100%][==================================================][1.815MB/s]  
[16MB/26.85MB][ 59%][=============================>                    ][8MB/s]  [26.85MB/26.85MB][100%][==================================================][13.43MB/s]  [26.85MB/26.85MB][100%][==================================================][2.685MB/s]  
