klist
Ticket cache: FILE:/pool/condor/dir_19109/vveckaln.cc
Default principal: vveckaln@CERN.CH

Valid starting     Expires            Service principal
01/02/19 09:05:01  01/03/19 10:05:01  krbtgt/CERN.CH@CERN.CH
	renew until 01/04/19 01:02:56
01/02/19 09:05:02  01/03/19 10:05:01  afs/cern.ch@CERN.CH
	renew until 01/04/19 01:02:56
end klist
ls EOS
analysis_MC13TeV_TTJets
analysis_MC13TeV_TTJets_cflip
analysis_MC13TeV_TTJets_herwig
bins
cernbox
Chunks
Chunks_test
copy_test
data
flipped
flipped_old
LSF
merged_plots
migration
migration_MC13TeV_TTJets_jec_CorrelationGroupMPFInSitu_up_27.root
moved.cc
processing
reserve
rivet
rivet_results_23_March
rivet_test
rivet_test_21_March
save.root
SWAN_projects
test
testdir
unfolding_cflip
unfolding_nominal
end ls EOS
EXIT_CODE_SCRAM 0
exit code in RunMethodPacked 0
caught error code 0
checking sanity of file /pool/condor/dir_19109/MC13TeV_TTJets_41.root
file is good
Sanity test done
checking sanity of file /pool/condor/dir_19109/migration_MC13TeV_TTJets_41.root
file is good
Sanity test done
EXIT_CODE_PYTHON  0
[16MB/81.17MB][ 19%][=========>                                        ][16MB/s]  [80MB/81.17MB][ 98%][=================================================>][40MB/s]  [81.17MB/81.17MB][100%][==================================================][27.06MB/s]  [81.17MB/81.17MB][100%][==================================================][27.06MB/s]  
[16MB/23.21MB][ 68%][==================================>               ][16MB/s]  [23.21MB/23.21MB][100%][==================================================][23.21MB/s]  [23.21MB/23.21MB][100%][==================================================][11.61MB/s]  
