klist
Ticket cache: FILE:/pool/condor/dir_31627/vveckaln.cc
Default principal: vveckaln@CERN.CH

Valid starting     Expires            Service principal
12/26/18 13:08:23  12/27/18 14:08:22  krbtgt/CERN.CH@CERN.CH
	renew until 12/29/18 01:07:25
12/26/18 13:08:24  12/27/18 14:08:22  afs/cern.ch@CERN.CH
	renew until 12/29/18 01:07:25
end klist
ls EOS
analysis_MC13TeV_TTJets
analysis_MC13TeV_TTJets_cflip
analysis_MC13TeV_TTJets_herwig
anothercomparison.cc
bins
cernbox
Chunks
Chunks_test
copy_test
data
flipped
flipped_old
LSF
merged_plots
migration
migration_MC13TeV_TTJets_jec_CorrelationGroupMPFInSitu_up_27.root
processing
reserve
rivet
rivet_results_23_March
rivet_test
rivet_test_21_March
save.root
SWAN_projects
test
testdir
unfolding_cflip
unfolding_nominal
end ls EOS
EXIT_CODE_SCRAM 0
exit code in RunMethodPacked 0
caught error code 0
checking sanity of file /pool/condor/dir_31627/MC13TeV_TTJets_jec_FlavorPureCharm_up_50.root
file is good
Sanity test done
checking sanity of file /pool/condor/dir_31627/migration_MC13TeV_TTJets_jec_FlavorPureCharm_up_50.root
file is good
Sanity test done
EXIT_CODE_PYTHON  0
[16MB/81.65MB][ 19%][=========>                                        ][16MB/s]  [32MB/81.65MB][ 39%][===================>                              ][32MB/s]  [81.65MB/81.65MB][100%][==================================================][81.65MB/s]  [81.65MB/81.65MB][100%][==================================================][40.82MB/s]  
[16MB/28.2MB][ 56%][============================>                     ][16MB/s]  [28.2MB/28.2MB][100%][==================================================][28.2MB/s]  [28.2MB/28.2MB][100%][==================================================][28.2MB/s]  
