klist
Ticket cache: FILE:/pool/condor/dir_5046/vveckaln.cc
Default principal: vveckaln@CERN.CH

Valid starting     Expires            Service principal
12/26/18 00:38:52  12/27/18 01:38:52  krbtgt/CERN.CH@CERN.CH
	renew until 12/30/18 04:38:29
12/26/18 00:38:52  12/27/18 01:38:52  afs/cern.ch@CERN.CH
	renew until 12/30/18 04:38:29
end klist
ls EOS
analysis_MC13TeV_TTJets
analysis_MC13TeV_TTJets_cflip
analysis_MC13TeV_TTJets_herwig
anothercomparison.cc
bins
cernbox
Chunks
Chunks_test
copy_test
data
flipped
flipped_old
LSF
merged_plots
migration
migration_MC13TeV_TTJets_jec_CorrelationGroupMPFInSitu_up_27.root
processing
reserve
rivet
rivet_results_23_March
rivet_test
rivet_test_21_March
save.root
SWAN_projects
test
testdir
unfolding_cflip
unfolding_nominal
end ls EOS
EXIT_CODE_SCRAM 0
exit code in RunMethodPacked 0
caught error code 0
checking sanity of file /pool/condor/dir_5046/MC13TeV_TTJets_jec_RelativeFSR_down_97.root
file is good
Sanity test done
checking sanity of file /pool/condor/dir_5046/migration_MC13TeV_TTJets_jec_RelativeFSR_down_97.root
file is good
Sanity test done
EXIT_CODE_PYTHON  0
[16MB/80.9MB][ 19%][=========>                                        ][16MB/s]  [80.9MB/80.9MB][100%][==================================================][80.9MB/s]  [80.9MB/80.9MB][100%][==================================================][80.9MB/s]  
[16MB/20.55MB][ 77%][======================================>           ][16MB/s]  [20.55MB/20.55MB][100%][==================================================][20.55MB/s]  [20.55MB/20.55MB][100%][==================================================][10.28MB/s]  
