klist
Ticket cache: FILE:/pool/condor/dir_24244/vveckaln.cc
Default principal: vveckaln@CERN.CH

Valid starting     Expires            Service principal
12/26/18 02:03:16  12/27/18 03:03:16  krbtgt/CERN.CH@CERN.CH
	renew until 12/30/18 06:03:07
12/26/18 02:03:18  12/27/18 03:03:16  afs/cern.ch@CERN.CH
	renew until 12/30/18 06:03:07
end klist
ls EOS
analysis_MC13TeV_TTJets
analysis_MC13TeV_TTJets_cflip
analysis_MC13TeV_TTJets_herwig
anothercomparison.cc
bins
cernbox
Chunks
Chunks_test
copy_test
data
flipped
flipped_old
LSF
merged_plots
migration
migration_MC13TeV_TTJets_jec_CorrelationGroupMPFInSitu_up_27.root
processing
reserve
rivet
rivet_results_23_March
rivet_test
rivet_test_21_March
save.root
SWAN_projects
test
testdir
unfolding_cflip
unfolding_nominal
end ls EOS
EXIT_CODE_SCRAM 0
exit code in RunMethodPacked 0
caught error code 0
checking sanity of file /pool/condor/dir_24244/MC13TeV_TTJets_btag_light_up_64.root
file is good
Sanity test done
checking sanity of file /pool/condor/dir_24244/migration_MC13TeV_TTJets_btag_light_up_64.root
file is good
Sanity test done
EXIT_CODE_PYTHON  0
[16MB/81.88MB][ 19%][=========>                                        ][2.286MB/s]  [80MB/81.88MB][ 97%][================================================> ][8.889MB/s]  [81.88MB/81.88MB][100%][==================================================][9.098MB/s]  [81.88MB/81.88MB][100%][==================================================][5.117MB/s]  
[16MB/29.88MB][ 53%][==========================>                       ][1.143MB/s]  [29.88MB/29.88MB][100%][==================================================][2.134MB/s]  [29.88MB/29.88MB][100%][==================================================][899.9kB/s]  
