klist
Ticket cache: FILE:/pool/condor/dir_26681/vveckaln.cc
Default principal: vveckaln@CERN.CH

Valid starting     Expires            Service principal
12/26/18 07:04:38  12/27/18 08:04:38  krbtgt/CERN.CH@CERN.CH
	renew until 12/31/18 07:04:38
12/26/18 07:04:39  12/27/18 08:04:38  afs/cern.ch@CERN.CH
	renew until 12/31/18 07:04:38
end klist
ls EOS
analysis_MC13TeV_TTJets
analysis_MC13TeV_TTJets_cflip
analysis_MC13TeV_TTJets_herwig
anothercomparison.cc
bins
cernbox
Chunks
Chunks_test
copy_test
data
flipped
flipped_old
LSF
merged_plots
migration
migration_MC13TeV_TTJets_jec_CorrelationGroupMPFInSitu_up_27.root
processing
reserve
rivet
rivet_results_23_March
rivet_test
rivet_test_21_March
save.root
SWAN_projects
test
testdir
unfolding_cflip
unfolding_nominal
end ls EOS
EXIT_CODE_SCRAM 0
exit code in RunMethodPacked 0
caught error code 0
checking sanity of file /pool/condor/dir_26681/MC13TeV_TTJets_m178v5_5.root
file is good
Sanity test done
checking sanity of file /pool/condor/dir_26681/migration_MC13TeV_TTJets_m178v5_5.root
file is good
Sanity test done
EXIT_CODE_PYTHON  0
[16MB/81.42MB][ 19%][=========>                                        ][16MB/s]  [32MB/81.42MB][ 39%][===================>                              ][16MB/s]  [80MB/81.42MB][ 98%][=================================================>][26.67MB/s]  [81.42MB/81.42MB][100%][==================================================][27.14MB/s]  [81.42MB/81.42MB][100%][==================================================][20.35MB/s]  
[16MB/25.55MB][ 62%][===============================>                  ][16MB/s]  [25.55MB/25.55MB][100%][==================================================][25.55MB/s]  [25.55MB/25.55MB][100%][==================================================][12.77MB/s]  
