klist
Ticket cache: FILE:/pool/condor/dir_31823/vveckaln.cc
Default principal: vveckaln@CERN.CH

Valid starting     Expires            Service principal
12/26/18 02:24:25  12/27/18 03:24:25  krbtgt/CERN.CH@CERN.CH
	renew until 12/27/18 17:00:15
12/26/18 02:25:10  12/27/18 03:24:25  afs/cern.ch@CERN.CH
	renew until 12/27/18 17:00:15
end klist
ls EOS
analysis_MC13TeV_TTJets
analysis_MC13TeV_TTJets_cflip
analysis_MC13TeV_TTJets_herwig
anothercomparison.cc
bins
cernbox
Chunks
Chunks_test
copy_test
data
flipped
flipped_old
LSF
merged_plots
migration
migration_MC13TeV_TTJets_jec_CorrelationGroupMPFInSitu_up_27.root
processing
reserve
rivet
rivet_results_23_March
rivet_test
rivet_test_21_March
save.root
SWAN_projects
test
testdir
unfolding_cflip
unfolding_nominal
end ls EOS
EXIT_CODE_SCRAM 0
exit code in RunMethodPacked 0
caught error code 0
checking sanity of file /pool/condor/dir_31823/MC13TeV_TTJets_jec_CorrelationGroupMPFInSitu_up_120.root
file is good
Sanity test done
checking sanity of file /pool/condor/dir_31823/migration_MC13TeV_TTJets_jec_CorrelationGroupMPFInSitu_up_120.root
file is good
Sanity test done
EXIT_CODE_PYTHON  0
[16MB/81.71MB][ 19%][=========>                                        ][4MB/s]  [32MB/81.71MB][ 39%][===================>                              ][5.333MB/s]  [48MB/81.71MB][ 58%][=============================>                    ][6.857MB/s]  [64MB/81.71MB][ 78%][=======================================>          ][7.111MB/s]  [80MB/81.71MB][ 97%][================================================> ][7.273MB/s]  [81.71MB/81.71MB][100%][==================================================][7.428MB/s]  [81.71MB/81.71MB][100%][==================================================][4.806MB/s]  
[16MB/28.34MB][ 56%][============================>                     ][1.333MB/s]  [28.34MB/28.34MB][100%][==================================================][2.024MB/s]  [28.34MB/28.34MB][100%][==================================================][1.417MB/s]  
