klist
Ticket cache: FILE:/pool/condor/dir_26129/vveckaln.cc
Default principal: vveckaln@CERN.CH

Valid starting     Expires            Service principal
12/25/18 22:25:54  12/26/18 23:25:54  krbtgt/CERN.CH@CERN.CH
	renew until 12/27/18 14:23:46
12/25/18 22:25:55  12/26/18 23:25:54  afs/cern.ch@CERN.CH
	renew until 12/27/18 14:23:46
end klist
ls EOS
analysis_MC13TeV_TTJets
analysis_MC13TeV_TTJets_cflip
analysis_MC13TeV_TTJets_herwig
anothercomparison.cc
bins
cernbox
Chunks
Chunks_test
copy_test
data
flipped
flipped_old
LSF
merged_plots
migration
migration_MC13TeV_TTJets_jec_CorrelationGroupMPFInSitu_up_27.root
processing
reserve
rivet
rivet_results_23_March
rivet_test
rivet_test_21_March
save.root
SWAN_projects
test
testdir
unfolding_cflip
unfolding_nominal
end ls EOS
EXIT_CODE_SCRAM 0
exit code in RunMethodPacked 0
caught error code 0
checking sanity of file /pool/condor/dir_26129/MC13TeV_TTJets_jer_up_99.root
file is good
Sanity test done
checking sanity of file /pool/condor/dir_26129/migration_MC13TeV_TTJets_jer_up_99.root
file is good
Sanity test done
EXIT_CODE_PYTHON  0
[16MB/79.71MB][ 20%][==========>                                       ][16MB/s]  [79.71MB/79.71MB][100%][==================================================][79.71MB/s]  [79.71MB/79.71MB][100%][==================================================][79.71MB/s]  
[14.91MB/14.91MB][100%][==================================================][14.91MB/s]  [14.91MB/14.91MB][100%][==================================================][14.91MB/s]  
