klist
Ticket cache: FILE:/pool/condor/dir_13749/vveckaln.cc
Default principal: vveckaln@CERN.CH

Valid starting     Expires            Service principal
12/26/18 09:01:40  12/27/18 10:01:40  krbtgt/CERN.CH@CERN.CH
	renew until 12/29/18 12:07:26
12/26/18 09:01:41  12/27/18 10:01:40  afs/cern.ch@CERN.CH
	renew until 12/29/18 12:07:26
end klist
ls EOS
analysis_MC13TeV_TTJets
analysis_MC13TeV_TTJets_cflip
analysis_MC13TeV_TTJets_herwig
anothercomparison.cc
bins
cernbox
Chunks
Chunks_test
copy_test
data
flipped
flipped_old
LSF
merged_plots
migration
migration_MC13TeV_TTJets_jec_CorrelationGroupMPFInSitu_up_27.root
processing
reserve
rivet
rivet_results_23_March
rivet_test
rivet_test_21_March
save.root
SWAN_projects
test
testdir
unfolding_cflip
unfolding_nominal
end ls EOS
EXIT_CODE_SCRAM 0
exit code in RunMethodPacked 0
caught error code 0
checking sanity of file /pool/condor/dir_13749/MC13TeV_TTJets_jec_RelativeFSR_down_31.root
file is good
Sanity test done
checking sanity of file /pool/condor/dir_13749/migration_MC13TeV_TTJets_jec_RelativeFSR_down_31.root
file is good
Sanity test done
EXIT_CODE_PYTHON  0
[16MB/81.28MB][ 19%][=========>                                        ][3.2MB/s]  [81.28MB/81.28MB][100%][==================================================][16.26MB/s]  [81.28MB/81.28MB][100%][==================================================][5.418MB/s]  
[16MB/24.16MB][ 66%][=================================>                ][2.667MB/s]  [24.16MB/24.16MB][100%][==================================================][4.027MB/s]  [24.16MB/24.16MB][100%][==================================================][1.726MB/s]  
