klist
Ticket cache: FILE:/pool/condor/dir_31066/vveckaln.cc
Default principal: vveckaln@CERN.CH

Valid starting     Expires            Service principal
12/26/18 10:16:07  12/27/18 11:16:07  krbtgt/CERN.CH@CERN.CH
	renew until 12/31/18 10:16:07
12/26/18 10:16:07  12/27/18 11:16:07  afs/cern.ch@CERN.CH
	renew until 12/31/18 10:16:07
end klist
ls EOS
analysis_MC13TeV_TTJets
analysis_MC13TeV_TTJets_cflip
analysis_MC13TeV_TTJets_herwig
anothercomparison.cc
bins
cernbox
Chunks
Chunks_test
copy_test
data
flipped
flipped_old
LSF
merged_plots
migration
migration_MC13TeV_TTJets_jec_CorrelationGroupMPFInSitu_up_27.root
processing
reserve
rivet
rivet_results_23_March
rivet_test
rivet_test_21_March
save.root
SWAN_projects
test
testdir
unfolding_cflip
unfolding_nominal
end ls EOS
EXIT_CODE_SCRAM 0
exit code in RunMethodPacked 0
caught error code 0
checking sanity of file /pool/condor/dir_31066/MC13TeV_TTJets_jec_CorrelationGroupMPFInSitu_down_3.root
file is good
Sanity test done
checking sanity of file /pool/condor/dir_31066/migration_MC13TeV_TTJets_jec_CorrelationGroupMPFInSitu_down_3.root
file is good
Sanity test done
EXIT_CODE_PYTHON  0
[16MB/81.31MB][ 19%][=========>                                        ][1.778MB/s]  [80MB/81.31MB][ 98%][=================================================>][7.273MB/s]  [81.31MB/81.31MB][100%][==================================================][7.392MB/s]  [81.31MB/81.31MB][100%][==================================================][3.872MB/s]  
[16MB/24.87MB][ 64%][================================>                 ][4MB/s]  [24.87MB/24.87MB][100%][==================================================][6.216MB/s]  [24.87MB/24.87MB][100%][==================================================][1.658MB/s]  
