klist
Ticket cache: FILE:/pool/condor/dir_7785/vveckaln.cc
Default principal: vveckaln@CERN.CH

Valid starting     Expires            Service principal
12/26/18 04:18:32  12/27/18 05:18:31  krbtgt/CERN.CH@CERN.CH
	renew until 12/28/18 16:16:02
12/26/18 04:18:33  12/27/18 05:18:31  afs/cern.ch@CERN.CH
	renew until 12/28/18 16:16:02
end klist
ls EOS
analysis_MC13TeV_TTJets
analysis_MC13TeV_TTJets_cflip
analysis_MC13TeV_TTJets_herwig
anothercomparison.cc
bins
cernbox
Chunks
Chunks_test
copy_test
data
flipped
flipped_old
LSF
merged_plots
migration
migration_MC13TeV_TTJets_jec_CorrelationGroupMPFInSitu_up_27.root
processing
reserve
rivet
rivet_results_23_March
rivet_test
rivet_test_21_March
save.root
SWAN_projects
test
testdir
unfolding_cflip
unfolding_nominal
end ls EOS
EXIT_CODE_SCRAM 0
exit code in RunMethodPacked 0
caught error code 0
checking sanity of file /pool/condor/dir_7785/MC13TeV_TTJets_m175v5_30.root
file is good
Sanity test done
checking sanity of file /pool/condor/dir_7785/migration_MC13TeV_TTJets_m175v5_30.root
file is good
Sanity test done
EXIT_CODE_PYTHON  0
[16MB/81.66MB][ 19%][=========>                                        ][16MB/s]  [64MB/81.66MB][ 78%][=======================================>          ][64MB/s]  [80MB/81.66MB][ 97%][================================================> ][40MB/s]  [81.66MB/81.66MB][100%][==================================================][27.22MB/s]  [81.66MB/81.66MB][100%][==================================================][16.33MB/s]  
[16MB/27.47MB][ 58%][=============================>                    ][16MB/s]  [27.47MB/27.47MB][100%][==================================================][27.47MB/s]  [27.47MB/27.47MB][100%][==================================================][9.155MB/s]  
