klist
Ticket cache: FILE:/pool/condor/dir_12920/vveckaln.cc
Default principal: vveckaln@CERN.CH

Valid starting     Expires            Service principal
12/26/18 02:02:12  12/27/18 03:02:12  krbtgt/CERN.CH@CERN.CH
	renew until 12/27/18 17:00:15
12/26/18 02:02:13  12/27/18 03:02:12  afs/cern.ch@CERN.CH
	renew until 12/27/18 17:00:15
end klist
ls EOS
analysis_MC13TeV_TTJets
analysis_MC13TeV_TTJets_cflip
analysis_MC13TeV_TTJets_herwig
anothercomparison.cc
bins
cernbox
Chunks
Chunks_test
copy_test
data
flipped
flipped_old
LSF
merged_plots
migration
migration_MC13TeV_TTJets_jec_CorrelationGroupMPFInSitu_up_27.root
processing
reserve
rivet
rivet_results_23_March
rivet_test
rivet_test_21_March
save.root
SWAN_projects
test
testdir
unfolding_cflip
unfolding_nominal
end ls EOS
EXIT_CODE_SCRAM 0
exit code in RunMethodPacked 0
caught error code 0
checking sanity of file /pool/condor/dir_12920/MC13TeV_TTJets_tracking_up_24.root
file is good
Sanity test done
checking sanity of file /pool/condor/dir_12920/migration_MC13TeV_TTJets_tracking_up_24.root
file is good
Sanity test done
EXIT_CODE_PYTHON  0
[16MB/81.94MB][ 19%][=========>                                        ][16MB/s]  [32MB/81.94MB][ 39%][===================>                              ][16MB/s]  [48MB/81.94MB][ 58%][=============================>                    ][12MB/s]  [81.94MB/81.94MB][100%][==================================================][20.48MB/s]  [81.94MB/81.94MB][100%][==================================================][13.66MB/s]  
[16MB/30.28MB][ 52%][==========================>                       ][5.333MB/s]  [30.28MB/30.28MB][100%][==================================================][10.09MB/s]  [30.28MB/30.28MB][100%][==================================================][7.57MB/s]  
