klist
Ticket cache: FILE:/pool/condor/dir_4530/vveckaln.cc
Default principal: vveckaln@CERN.CH

Valid starting     Expires            Service principal
12/26/18 01:54:56  12/27/18 02:54:56  krbtgt/CERN.CH@CERN.CH
	renew until 12/27/18 17:00:15
12/26/18 01:54:57  12/27/18 02:54:56  afs/cern.ch@CERN.CH
	renew until 12/27/18 17:00:15
end klist
ls EOS
analysis_MC13TeV_TTJets
analysis_MC13TeV_TTJets_cflip
analysis_MC13TeV_TTJets_herwig
anothercomparison.cc
bins
cernbox
Chunks
Chunks_test
copy_test
data
flipped
flipped_old
LSF
merged_plots
migration
migration_MC13TeV_TTJets_jec_CorrelationGroupMPFInSitu_up_27.root
processing
reserve
rivet
rivet_results_23_March
rivet_test
rivet_test_21_March
save.root
SWAN_projects
test
testdir
unfolding_cflip
unfolding_nominal
end ls EOS
EXIT_CODE_SCRAM 0
exit code in RunMethodPacked 0
caught error code 0
checking sanity of file /pool/condor/dir_4530/MC13TeV_TTJets_hdampdn_27.root
file is good
Sanity test done
checking sanity of file /pool/condor/dir_4530/migration_MC13TeV_TTJets_hdampdn_27.root
file is good
Sanity test done
EXIT_CODE_PYTHON  0
[16MB/55.02MB][ 29%][==============>                                   ][16MB/s]  [55.02MB/55.02MB][100%][==================================================][55.02MB/s]  [55.02MB/55.02MB][100%][==================================================][27.51MB/s]  
[4.321MB/4.321MB][100%][==================================================][4.321MB/s]  [4.321MB/4.321MB][100%][==================================================][2.16MB/s]  
