klist
Ticket cache: FILE:/pool/condor/dir_20000/vveckaln.cc
Default principal: vveckaln@CERN.CH

Valid starting     Expires            Service principal
12/26/18 07:12:02  12/27/18 08:12:01  krbtgt/CERN.CH@CERN.CH
	renew until 12/28/18 19:10:13
12/26/18 07:12:03  12/27/18 08:12:01  afs/cern.ch@CERN.CH
	renew until 12/28/18 19:10:13
end klist
ls EOS
analysis_MC13TeV_TTJets
analysis_MC13TeV_TTJets_cflip
analysis_MC13TeV_TTJets_herwig
anothercomparison.cc
bins
cernbox
Chunks
Chunks_test
copy_test
data
flipped
flipped_old
LSF
merged_plots
migration
migration_MC13TeV_TTJets_jec_CorrelationGroupMPFInSitu_up_27.root
processing
reserve
rivet
rivet_results_23_March
rivet_test
rivet_test_21_March
save.root
SWAN_projects
test
testdir
unfolding_cflip
unfolding_nominal
end ls EOS
EXIT_CODE_SCRAM 0
exit code in RunMethodPacked 0
caught error code 0
checking sanity of file /pool/condor/dir_20000/MC13TeV_TTJets_jec_RelativeFSR_down_83.root
file is good
Sanity test done
checking sanity of file /pool/condor/dir_20000/migration_MC13TeV_TTJets_jec_RelativeFSR_down_83.root
file is good
Sanity test done
EXIT_CODE_PYTHON  0
[16MB/80.8MB][ 19%][=========>                                        ][16MB/s]  [64MB/80.8MB][ 79%][=======================================>          ][64MB/s]  [80.8MB/80.8MB][100%][==================================================][80.8MB/s]  [80.8MB/80.8MB][100%][==================================================][40.4MB/s]  
[16MB/19.64MB][ 81%][========================================>         ][16MB/s]  [19.64MB/19.64MB][100%][==================================================][19.64MB/s]  [19.64MB/19.64MB][100%][==================================================][19.64MB/s]  
