klist
Ticket cache: FILE:/pool/condor/dir_3289/vveckaln.cc
Default principal: vveckaln@CERN.CH

Valid starting     Expires            Service principal
12/26/18 00:32:55  12/27/18 01:32:55  krbtgt/CERN.CH@CERN.CH
	renew until 12/28/18 12:30:50
12/26/18 00:32:55  12/27/18 01:32:55  afs/cern.ch@CERN.CH
	renew until 12/28/18 12:30:50
end klist
ls EOS
analysis_MC13TeV_TTJets
analysis_MC13TeV_TTJets_cflip
analysis_MC13TeV_TTJets_herwig
anothercomparison.cc
bins
cernbox
Chunks
Chunks_test
copy_test
data
flipped
flipped_old
LSF
merged_plots
migration
migration_MC13TeV_TTJets_jec_CorrelationGroupMPFInSitu_up_27.root
processing
reserve
rivet
rivet_results_23_March
rivet_test
rivet_test_21_March
save.root
SWAN_projects
test
testdir
unfolding_cflip
unfolding_nominal
end ls EOS
EXIT_CODE_SCRAM 0
exit code in RunMethodPacked 0
caught error code 0
checking sanity of file /pool/condor/dir_3289/MC13TeV_TTJets_csv_light_up_119.root
file is good
Sanity test done
checking sanity of file /pool/condor/dir_3289/migration_MC13TeV_TTJets_csv_light_up_119.root
file is good
Sanity test done
EXIT_CODE_PYTHON  0
[16MB/81.75MB][ 19%][=========>                                        ][16MB/s]  [81.75MB/81.75MB][100%][==================================================][81.75MB/s]  [81.75MB/81.75MB][100%][==================================================][40.87MB/s]  
[16MB/27.92MB][ 57%][============================>                     ][16MB/s]  [27.92MB/27.92MB][100%][==================================================][27.92MB/s]  [27.92MB/27.92MB][100%][==================================================][27.92MB/s]  
