klist
Ticket cache: FILE:/pool/condor/dir_26939/vveckaln.cc
Default principal: vveckaln@CERN.CH

Valid starting     Expires            Service principal
12/26/18 07:02:17  12/27/18 08:02:17  krbtgt/CERN.CH@CERN.CH
	renew until 12/31/18 07:02:17
12/26/18 07:02:19  12/27/18 08:02:17  afs/cern.ch@CERN.CH
	renew until 12/31/18 07:02:17
end klist
ls EOS
analysis_MC13TeV_TTJets
analysis_MC13TeV_TTJets_cflip
analysis_MC13TeV_TTJets_herwig
anothercomparison.cc
bins
cernbox
Chunks
Chunks_test
copy_test
data
flipped
flipped_old
LSF
merged_plots
migration
migration_MC13TeV_TTJets_jec_CorrelationGroupMPFInSitu_up_27.root
processing
reserve
rivet
rivet_results_23_March
rivet_test
rivet_test_21_March
save.root
SWAN_projects
test
testdir
unfolding_cflip
unfolding_nominal
end ls EOS
EXIT_CODE_SCRAM 0
exit code in RunMethodPacked 0
caught error code 0
checking sanity of file /pool/condor/dir_26939/MC13TeV_TTJets_jec_FlavorPureGluon_down_53.root
file is good
Sanity test done
checking sanity of file /pool/condor/dir_26939/migration_MC13TeV_TTJets_jec_FlavorPureGluon_down_53.root
file is good
Sanity test done
EXIT_CODE_PYTHON  0
[16MB/81.47MB][ 19%][=========>                                        ][3.2MB/s]  [32MB/81.47MB][ 39%][===================>                              ][4.571MB/s]  [48MB/81.47MB][ 58%][=============================>                    ][4.8MB/s]  [64MB/81.47MB][ 78%][=======================================>          ][5.333MB/s]  [80MB/81.47MB][ 98%][=================================================>][5MB/s]  [81.47MB/81.47MB][100%][==================================================][5.092MB/s]  [81.47MB/81.47MB][100%][==================================================][4.073MB/s]  
[16MB/25.43MB][ 62%][===============================>                  ][8MB/s]  [25.43MB/25.43MB][100%][==================================================][12.72MB/s]  [25.43MB/25.43MB][100%][==================================================][3.633MB/s]  
