klist
Ticket cache: FILE:/pool/condor/dir_2648/vveckaln.cc
Default principal: vveckaln@CERN.CH

Valid starting     Expires            Service principal
12/25/18 22:27:19  12/26/18 23:27:19  krbtgt/CERN.CH@CERN.CH
	renew until 12/27/18 14:25:03
12/25/18 22:27:19  12/26/18 23:27:19  afs/cern.ch@CERN.CH
	renew until 12/27/18 14:25:03
end klist
ls EOS
analysis_MC13TeV_TTJets
analysis_MC13TeV_TTJets_cflip
analysis_MC13TeV_TTJets_herwig
anothercomparison.cc
bins
cernbox
Chunks
Chunks_test
copy_test
data
flipped
flipped_old
LSF
merged_plots
migration
migration_MC13TeV_TTJets_jec_CorrelationGroupMPFInSitu_up_27.root
processing
reserve
rivet
rivet_results_23_March
rivet_test
rivet_test_21_March
save.root
SWAN_projects
test
testdir
unfolding_cflip
unfolding_nominal
end ls EOS
EXIT_CODE_SCRAM 0
exit code in RunMethodPacked 0
caught error code 0
checking sanity of file /pool/condor/dir_2648/MC13TeV_ZZTo2L2Q_5.root
file is good
Sanity test done
checking sanity of file /pool/condor/dir_2648/migration_MC13TeV_ZZTo2L2Q_5.root
file is good
Sanity test done
EXIT_CODE_PYTHON  0
[16MB/23.43MB][ 68%][==================================>               ][16MB/s]  [23.43MB/23.43MB][100%][==================================================][23.43MB/s]  [23.43MB/23.43MB][100%][==================================================][23.43MB/s]  
[130.7kB/130.7kB][100%][==================================================][130.7kB/s]  [130.7kB/130.7kB][100%][==================================================][130.7kB/s]  
