klist
Ticket cache: FILE:/pool/condor/dir_11584/vveckaln.cc
Default principal: vveckaln@CERN.CH

Valid starting     Expires            Service principal
12/26/18 13:07:57  12/27/18 14:07:57  krbtgt/CERN.CH@CERN.CH
	renew until 12/29/18 01:06:34
12/26/18 13:07:57  12/27/18 14:07:57  afs/cern.ch@CERN.CH
	renew until 12/29/18 01:06:34
end klist
ls EOS
analysis_MC13TeV_TTJets
analysis_MC13TeV_TTJets_cflip
analysis_MC13TeV_TTJets_herwig
anothercomparison.cc
bins
cernbox
Chunks
Chunks_test
copy_test
data
flipped
flipped_old
LSF
merged_plots
migration
migration_MC13TeV_TTJets_jec_CorrelationGroupMPFInSitu_up_27.root
processing
reserve
rivet
rivet_results_23_March
rivet_test
rivet_test_21_March
save.root
SWAN_projects
test
testdir
unfolding_cflip
unfolding_nominal
end ls EOS
EXIT_CODE_SCRAM 0
exit code in RunMethodPacked 0
caught error code 0
checking sanity of file /pool/condor/dir_11584/MC13TeV_TTJets_fsrup_13.root
file is good
Sanity test done
checking sanity of file /pool/condor/dir_11584/migration_MC13TeV_TTJets_fsrup_13.root
file is good
Sanity test done
EXIT_CODE_PYTHON  0
[16MB/79.44MB][ 20%][==========>                                       ][16MB/s]  [79.44MB/79.44MB][100%][==================================================][79.44MB/s]  [79.44MB/79.44MB][100%][==================================================][39.72MB/s]  
[13.52MB/13.52MB][100%][==================================================][13.52MB/s]  [13.52MB/13.52MB][100%][==================================================][13.52MB/s]  
