klist
Ticket cache: FILE:/pool/condor/dir_27401/vveckaln.cc
Default principal: vveckaln@CERN.CH

Valid starting     Expires            Service principal
12/26/18 02:04:57  12/27/18 03:04:57  krbtgt/CERN.CH@CERN.CH
	renew until 12/27/18 17:00:15
12/26/18 02:04:57  12/27/18 03:04:57  afs/cern.ch@CERN.CH
	renew until 12/27/18 17:00:15
end klist
ls EOS
analysis_MC13TeV_TTJets
analysis_MC13TeV_TTJets_cflip
analysis_MC13TeV_TTJets_herwig
anothercomparison.cc
bins
cernbox
Chunks
Chunks_test
copy_test
data
flipped
flipped_old
LSF
merged_plots
migration
migration_MC13TeV_TTJets_jec_CorrelationGroupMPFInSitu_up_27.root
processing
reserve
rivet
rivet_results_23_March
rivet_test
rivet_test_21_March
save.root
SWAN_projects
test
testdir
unfolding_cflip
unfolding_nominal
end ls EOS
EXIT_CODE_SCRAM 0
exit code in RunMethodPacked 0
caught error code 0
checking sanity of file /pool/condor/dir_27401/MC13TeV_TTJets_isrdn_30.root
file is good
Sanity test done
checking sanity of file /pool/condor/dir_27401/migration_MC13TeV_TTJets_isrdn_30.root
file is good
Sanity test done
EXIT_CODE_PYTHON  0
[16MB/81.84MB][ 19%][=========>                                        ][16MB/s]  [80MB/81.84MB][ 97%][================================================> ][80MB/s]  [81.84MB/81.84MB][100%][==================================================][81.84MB/s]  [81.84MB/81.84MB][100%][==================================================][40.92MB/s]  
[16MB/30.41MB][ 52%][==========================>                       ][16MB/s]  [30.41MB/30.41MB][100%][==================================================][30.41MB/s]  [30.41MB/30.41MB][100%][==================================================][15.21MB/s]  
