klist
Ticket cache: FILE:/pool/condor/dir_26605/vveckaln.cc
Default principal: vveckaln@CERN.CH

Valid starting     Expires            Service principal
12/26/18 07:04:31  12/27/18 08:04:31  krbtgt/CERN.CH@CERN.CH
	renew until 12/31/18 07:04:31
12/26/18 07:04:31  12/27/18 08:04:31  afs/cern.ch@CERN.CH
	renew until 12/31/18 07:04:31
end klist
ls EOS
analysis_MC13TeV_TTJets
analysis_MC13TeV_TTJets_cflip
analysis_MC13TeV_TTJets_herwig
anothercomparison.cc
bins
cernbox
Chunks
Chunks_test
copy_test
data
flipped
flipped_old
LSF
merged_plots
migration
migration_MC13TeV_TTJets_jec_CorrelationGroupMPFInSitu_up_27.root
processing
reserve
rivet
rivet_results_23_March
rivet_test
rivet_test_21_March
save.root
SWAN_projects
test
testdir
unfolding_cflip
unfolding_nominal
end ls EOS
EXIT_CODE_SCRAM 0
exit code in RunMethodPacked 0
caught error code 0
checking sanity of file /pool/condor/dir_26605/MC13TeV_TTJets_csv_light_down_106.root
file is good
Sanity test done
checking sanity of file /pool/condor/dir_26605/migration_MC13TeV_TTJets_csv_light_down_106.root
file is good
Sanity test done
EXIT_CODE_PYTHON  0
[16MB/81.85MB][ 19%][=========>                                        ][16MB/s]  [64MB/81.85MB][ 78%][=======================================>          ][64MB/s]  [80MB/81.85MB][ 97%][================================================> ][40MB/s]  [81.85MB/81.85MB][100%][==================================================][40.93MB/s]  [81.85MB/81.85MB][100%][==================================================][20.46MB/s]  
[16MB/29.62MB][ 54%][===========================>                      ][16MB/s]  [29.62MB/29.62MB][100%][==================================================][29.62MB/s]  [29.62MB/29.62MB][100%][==================================================][9.875MB/s]  
