klist
Ticket cache: FILE:/pool/condor/dir_5572/vveckaln.cc
Default principal: vveckaln@CERN.CH

Valid starting     Expires            Service principal
12/26/18 09:02:05  12/27/18 10:02:05  krbtgt/CERN.CH@CERN.CH
	renew until 12/29/18 12:07:26
12/26/18 09:02:06  12/27/18 10:02:05  afs/cern.ch@CERN.CH
	renew until 12/29/18 12:07:26
end klist
ls EOS
analysis_MC13TeV_TTJets
analysis_MC13TeV_TTJets_cflip
analysis_MC13TeV_TTJets_herwig
anothercomparison.cc
bins
cernbox
Chunks
Chunks_test
copy_test
data
flipped
flipped_old
LSF
merged_plots
migration
migration_MC13TeV_TTJets_jec_CorrelationGroupMPFInSitu_up_27.root
processing
reserve
rivet
rivet_results_23_March
rivet_test
rivet_test_21_March
save.root
SWAN_projects
test
testdir
unfolding_cflip
unfolding_nominal
end ls EOS
EXIT_CODE_SCRAM 0
exit code in RunMethodPacked 0
caught error code 0
checking sanity of file /pool/condor/dir_5572/MC13TeV_TTJets_csv_heavy_up_130.root
file is good
Sanity test done
checking sanity of file /pool/condor/dir_5572/migration_MC13TeV_TTJets_csv_heavy_up_130.root
file is good
Sanity test done
EXIT_CODE_PYTHON  0
[16MB/74.72MB][ 21%][==========>                                       ][16MB/s]  [48MB/74.72MB][ 64%][================================>                 ][24MB/s]  [74.72MB/74.72MB][100%][==================================================][37.36MB/s]  [74.72MB/74.72MB][100%][==================================================][18.68MB/s]  
[6.075MB/6.075MB][100%][==================================================][6.075MB/s]  [6.075MB/6.075MB][100%][==================================================][3.037MB/s]  
