klist
Ticket cache: FILE:/pool/condor/dir_1189/vveckaln.cc
Default principal: vveckaln@CERN.CH

Valid starting     Expires            Service principal
12/26/18 07:05:20  12/27/18 08:05:20  krbtgt/CERN.CH@CERN.CH
	renew until 12/31/18 07:05:20
12/26/18 07:05:20  12/27/18 08:05:20  afs/cern.ch@CERN.CH
	renew until 12/31/18 07:05:20
end klist
ls EOS
analysis_MC13TeV_TTJets
analysis_MC13TeV_TTJets_cflip
analysis_MC13TeV_TTJets_herwig
anothercomparison.cc
bins
cernbox
Chunks
Chunks_test
copy_test
data
flipped
flipped_old
LSF
merged_plots
migration
migration_MC13TeV_TTJets_jec_CorrelationGroupMPFInSitu_up_27.root
processing
reserve
rivet
rivet_results_23_March
rivet_test
rivet_test_21_March
save.root
SWAN_projects
test
testdir
unfolding_cflip
unfolding_nominal
end ls EOS
EXIT_CODE_SCRAM 0
exit code in RunMethodPacked 0
caught error code 0
checking sanity of file /pool/condor/dir_1189/MC13TeV_TTJets_jec_FlavorPureCharm_up_35.root
file is good
Sanity test done
checking sanity of file /pool/condor/dir_1189/migration_MC13TeV_TTJets_jec_FlavorPureCharm_up_35.root
file is good
Sanity test done
EXIT_CODE_PYTHON  0
[16MB/81.57MB][ 19%][=========>                                        ][16MB/s]  [81.57MB/81.57MB][100%][==================================================][81.57MB/s]  [81.57MB/81.57MB][100%][==================================================][40.78MB/s]  
[16MB/26.08MB][ 61%][==============================>                   ][16MB/s]  [26.08MB/26.08MB][100%][==================================================][26.08MB/s]  [26.08MB/26.08MB][100%][==================================================][8.694MB/s]  
