klist
Ticket cache: FILE:/pool/condor/dir_29870/vveckaln.cc
Default principal: vveckaln@CERN.CH

Valid starting     Expires            Service principal
12/26/18 09:02:13  12/27/18 10:02:13  krbtgt/CERN.CH@CERN.CH
	renew until 12/29/18 12:07:26
12/26/18 09:02:14  12/27/18 10:02:13  afs/cern.ch@CERN.CH
	renew until 12/29/18 12:07:26
end klist
ls EOS
analysis_MC13TeV_TTJets
analysis_MC13TeV_TTJets_cflip
analysis_MC13TeV_TTJets_herwig
anothercomparison.cc
bins
cernbox
Chunks
Chunks_test
copy_test
data
flipped
flipped_old
LSF
merged_plots
migration
migration_MC13TeV_TTJets_jec_CorrelationGroupMPFInSitu_up_27.root
processing
reserve
rivet
rivet_results_23_March
rivet_test
rivet_test_21_March
save.root
SWAN_projects
test
testdir
unfolding_cflip
unfolding_nominal
end ls EOS
EXIT_CODE_SCRAM 0
exit code in RunMethodPacked 0
caught error code 0
checking sanity of file /pool/condor/dir_29870/MC13TeV_TTJets_widthx8_8.root
file is good
Sanity test done
checking sanity of file /pool/condor/dir_29870/migration_MC13TeV_TTJets_widthx8_8.root
file is good
Sanity test done
EXIT_CODE_PYTHON  0
[16MB/57.75MB][ 27%][=============>                                    ][16MB/s]  [57.75MB/57.75MB][100%][==================================================][57.75MB/s]  [57.75MB/57.75MB][100%][==================================================][57.75MB/s]  
[10.2MB/10.2MB][100%][==================================================][10.2MB/s]  [10.2MB/10.2MB][100%][==================================================][10.2MB/s]  
