klist
Ticket cache: FILE:/pool/condor/dir_6144/vveckaln.cc
Default principal: vveckaln@CERN.CH

Valid starting     Expires            Service principal
12/25/18 22:24:39  12/26/18 23:24:39  krbtgt/CERN.CH@CERN.CH
	renew until 12/27/18 14:23:35
12/25/18 22:24:39  12/26/18 23:24:39  afs/cern.ch@CERN.CH
	renew until 12/27/18 14:23:35
end klist
ls EOS
analysis_MC13TeV_TTJets
analysis_MC13TeV_TTJets_cflip
analysis_MC13TeV_TTJets_herwig
anothercomparison.cc
bins
cernbox
Chunks
Chunks_test
copy_test
data
flipped
flipped_old
LSF
merged_plots
migration
migration_MC13TeV_TTJets_jec_CorrelationGroupMPFInSitu_up_27.root
processing
reserve
rivet
rivet_results_23_March
rivet_test
rivet_test_21_March
save.root
SWAN_projects
test
testdir
unfolding_cflip
unfolding_nominal
end ls EOS
EXIT_CODE_SCRAM 0
exit code in RunMethodPacked 0
caught error code 0
checking sanity of file /pool/condor/dir_6144/MC13TeV_WWToLNuQQ_0.root
file is good
Sanity test done
checking sanity of file /pool/condor/dir_6144/migration_MC13TeV_WWToLNuQQ_0.root
file is good
Sanity test done
EXIT_CODE_PYTHON  0
[16MB/16.43MB][ 97%][================================================> ][16MB/s]  [16.43MB/16.43MB][100%][==================================================][16.43MB/s]  [16.43MB/16.43MB][100%][==================================================][16.43MB/s]  
[53.25kB/53.25kB][100%][==================================================][53.25kB/s]  [53.25kB/53.25kB][100%][==================================================][26.62kB/s]  
