klist
Ticket cache: FILE:/pool/condor/dir_7938/vveckaln.cc
Default principal: vveckaln@CERN.CH

Valid starting     Expires            Service principal
12/26/18 07:03:29  12/27/18 08:03:29  krbtgt/CERN.CH@CERN.CH
	renew until 12/31/18 07:03:29
12/26/18 07:03:29  12/27/18 08:03:29  afs/cern.ch@CERN.CH
	renew until 12/31/18 07:03:29
end klist
ls EOS
analysis_MC13TeV_TTJets
analysis_MC13TeV_TTJets_cflip
analysis_MC13TeV_TTJets_herwig
anothercomparison.cc
bins
cernbox
Chunks
Chunks_test
copy_test
data
flipped
flipped_old
LSF
merged_plots
migration
migration_MC13TeV_TTJets_jec_CorrelationGroupMPFInSitu_up_27.root
processing
reserve
rivet
rivet_results_23_March
rivet_test
rivet_test_21_March
save.root
SWAN_projects
test
testdir
unfolding_cflip
unfolding_nominal
end ls EOS
EXIT_CODE_SCRAM 0
exit code in RunMethodPacked 0
caught error code 0
checking sanity of file /pool/condor/dir_7938/MC13TeV_WJets_6.root
file is good
Sanity test done
checking sanity of file /pool/condor/dir_7938/migration_MC13TeV_WJets_6.root
file is good
Sanity test done
EXIT_CODE_PYTHON  0
[11.45MB/11.45MB][100%][==================================================][11.45MB/s]  [11.45MB/11.45MB][100%][==================================================][11.45MB/s]  
[33.44kB/33.44kB][100%][==================================================][33.44kB/s]  [33.44kB/33.44kB][100%][==================================================][33.44kB/s]  
