klist
Ticket cache: FILE:/pool/condor/dir_11370/vveckaln.cc
Default principal: vveckaln@CERN.CH

Valid starting     Expires            Service principal
12/26/18 09:10:26  12/27/18 10:10:26  krbtgt/CERN.CH@CERN.CH
	renew until 12/30/18 12:19:54
12/26/18 09:10:26  12/27/18 10:10:26  afs/cern.ch@CERN.CH
	renew until 12/30/18 12:19:54
end klist
ls EOS
analysis_MC13TeV_TTJets
analysis_MC13TeV_TTJets_cflip
analysis_MC13TeV_TTJets_herwig
anothercomparison.cc
bins
cernbox
Chunks
Chunks_test
copy_test
data
flipped
flipped_old
LSF
merged_plots
migration
migration_MC13TeV_TTJets_jec_CorrelationGroupMPFInSitu_up_27.root
processing
reserve
rivet
rivet_results_23_March
rivet_test
rivet_test_21_March
save.root
SWAN_projects
test
testdir
unfolding_cflip
unfolding_nominal
end ls EOS
EXIT_CODE_SCRAM 0
exit code in RunMethodPacked 0
caught error code 0
checking sanity of file /pool/condor/dir_11370/MC13TeV_TTJets_m169v5_30.root
file is good
Sanity test done
checking sanity of file /pool/condor/dir_11370/migration_MC13TeV_TTJets_m169v5_30.root
file is good
Sanity test done
EXIT_CODE_PYTHON  0
[16MB/80.37MB][ 19%][=========>                                        ][16MB/s]  [80MB/80.37MB][ 99%][=================================================>][40MB/s]  [80.37MB/80.37MB][100%][==================================================][26.79MB/s]  [80.37MB/80.37MB][100%][==================================================][20.09MB/s]  
[16MB/17.76MB][ 90%][=============================================>    ][16MB/s]  [17.76MB/17.76MB][100%][==================================================][17.76MB/s]  [17.76MB/17.76MB][100%][==================================================][5.918MB/s]  
