klist
Ticket cache: FILE:/pool/condor/dir_6544/vveckaln.cc
Default principal: vveckaln@CERN.CH

Valid starting     Expires            Service principal
12/25/18 22:25:51  12/26/18 23:25:51  krbtgt/CERN.CH@CERN.CH
	renew until 12/27/18 14:24:05
12/25/18 22:25:52  12/26/18 23:25:51  afs/cern.ch@CERN.CH
	renew until 12/27/18 14:24:05
end klist
ls EOS
analysis_MC13TeV_TTJets
analysis_MC13TeV_TTJets_cflip
analysis_MC13TeV_TTJets_herwig
anothercomparison.cc
bins
cernbox
Chunks
Chunks_test
copy_test
data
flipped
flipped_old
LSF
merged_plots
migration
migration_MC13TeV_TTJets_jec_CorrelationGroupMPFInSitu_up_27.root
processing
reserve
rivet
rivet_results_23_March
rivet_test
rivet_test_21_March
save.root
SWAN_projects
test
testdir
unfolding_cflip
unfolding_nominal
end ls EOS
EXIT_CODE_SCRAM 0
exit code in RunMethodPacked 0
caught error code 0
checking sanity of file /pool/condor/dir_6544/MC13TeV_TTJets_jer_up_97.root
file is good
Sanity test done
checking sanity of file /pool/condor/dir_6544/migration_MC13TeV_TTJets_jer_up_97.root
file is good
Sanity test done
EXIT_CODE_PYTHON  0
[16MB/80.87MB][ 19%][=========>                                        ][16MB/s]  [80.87MB/80.87MB][100%][==================================================][80.87MB/s]  [80.87MB/80.87MB][100%][==================================================][16.17MB/s]  
[16MB/20.54MB][ 77%][======================================>           ][5.333MB/s]  [20.54MB/20.54MB][100%][==================================================][6.845MB/s]  [20.54MB/20.54MB][100%][==================================================][4.107MB/s]  
