klist
Ticket cache: FILE:/pool/condor/dir_6800/vveckaln.cc
Default principal: vveckaln@CERN.CH

Valid starting     Expires            Service principal
12/26/18 21:55:35  12/27/18 17:00:15  krbtgt/CERN.CH@CERN.CH
	renew until 12/27/18 17:00:15
12/26/18 21:55:36  12/27/18 17:00:15  afs/cern.ch@CERN.CH
	renew until 12/27/18 17:00:15
end klist
ls EOS
analysis_MC13TeV_TTJets
analysis_MC13TeV_TTJets_cflip
analysis_MC13TeV_TTJets_herwig
anothercomparison.cc
bins
cernbox
Chunks
Chunks_test
copy_test
data
flipped
flipped_old
LSF
merged_plots
migration
migration_MC13TeV_TTJets_jec_CorrelationGroupMPFInSitu_up_27.root
processing
reserve
rivet
rivet_results_23_March
rivet_test
rivet_test_21_March
save.root
SWAN_projects
test
testdir
unfolding_cflip
unfolding_nominal
end ls EOS
EXIT_CODE_SCRAM 0
exit code in RunMethodPacked 0
caught error code 0
checking sanity of file /pool/condor/dir_6800/MC13TeV_TTJets_jec_FlavorPureQuark_down_107.root
file is good
Sanity test done
checking sanity of file /pool/condor/dir_6800/migration_MC13TeV_TTJets_jec_FlavorPureQuark_down_107.root
file is good
Sanity test done
EXIT_CODE_PYTHON  0
[16MB/81.42MB][ 19%][=========>                                        ][1.6MB/s]  [64MB/81.42MB][ 78%][=======================================>          ][5.818MB/s]  [81.42MB/81.42MB][100%][==================================================][7.402MB/s]  [81.42MB/81.42MB][100%][==================================================][1.428MB/s]  
[16MB/26.21MB][ 61%][==============================>                   ][4MB/s]  [26.21MB/26.21MB][100%][==================================================][6.553MB/s]  [26.21MB/26.21MB][100%][==================================================][2.912MB/s]  
