klist
Ticket cache: FILE:/pool/condor/dir_5014/vveckaln.cc
Default principal: vveckaln@CERN.CH

Valid starting     Expires            Service principal
12/31/18 12:56:38  01/01/19 13:56:38  krbtgt/CERN.CH@CERN.CH
	renew until 01/05/19 12:21:28
12/31/18 12:58:48  01/01/19 13:56:38  afs/cern.ch@CERN.CH
	renew until 01/05/19 12:21:28
end klist
ls EOS
analysis_MC13TeV_TTJets
analysis_MC13TeV_TTJets_cflip
analysis_MC13TeV_TTJets_herwig
bins
cernbox
Chunks
Chunks_test
copy_test
data
flipped
flipped_old
LSF
merged_plots
migration
migration_MC13TeV_TTJets_jec_CorrelationGroupMPFInSitu_up_27.root
moved.cc
processing
reserve
rivet
rivet_results_23_March
rivet_test
rivet_test_21_March
save.root
SWAN_projects
test
testdir
unfolding_cflip
unfolding_nominal
end ls EOS
EXIT_CODE_SCRAM 0
exit code in RunMethodPacked 0
caught error code 0
checking sanity of file /pool/condor/dir_5014/MC13TeV_TTJets_herwig_jec_FlavorPureBottom_up_18.root
file is good
Sanity test done
checking sanity of file /pool/condor/dir_5014/migration_MC13TeV_TTJets_herwig_jec_FlavorPureBottom_up_18.root
file is good
Sanity test done
EXIT_CODE_PYTHON  0
[16MB/58.77MB][ 27%][=============>                                    ][1.333MB/s]  [32MB/58.77MB][ 54%][===========================>                      ][2MB/s]  [48MB/58.77MB][ 81%][========================================>         ][2.824MB/s]  [58.77MB/58.77MB][100%][==================================================][3.265MB/s]  [58.77MB/58.77MB][100%][==================================================][3.093MB/s]  
[15.18MB/15.18MB][100%][==================================================][7.589MB/s]  [15.18MB/15.18MB][100%][==================================================][5.059MB/s]  
