klist
Ticket cache: FILE:/pool/condor/dir_23800/vveckaln.cc
Default principal: vveckaln@CERN.CH

Valid starting     Expires            Service principal
09/07/18 09:30:12  09/08/18 10:30:12  krbtgt/CERN.CH@CERN.CH
	renew until 09/12/18 08:47:41
09/07/18 09:32:59  09/08/18 10:30:12  afs/cern.ch@CERN.CH
	renew until 09/12/18 08:47:41
end klist
ls EOS
analysis_MC13TeV_TTJets
analysis_MC13TeV_TTJets_cflip
analysis_MC13TeV_TTJetsfix
analysis_MC13TeV_TTJets_herwig
analysis_MC13TeV_TTJetsswap
bins
cernbox
Chunks
Chunks_test
copy_test
data
flipped
flipped_old
LSF
merged_plots
migration
processing
reserve
rivet
rivet_results_23_March
rivet_test
rivet_test_21_March
SWAN_projects
test
unfolding_cflip_old
unfolding_-m
unfolding_nominal
unfolding_nominal_old
end ls EOS
EXIT_CODE_SCRAM 0
Error in <TFile::TFile>: file /eos/user/v/vveckaln/analysis_MC13TeV_TTJets/HADDChunks//MC13TeV_TTWToLNu.root does not exist
failed to open /eos/user/v/vveckaln/analysis_MC13TeV_TTJets/HADDChunks//MC13TeV_TTWToLNu.root
Error in <TFile::TFile>: file /eos/user/v/vveckaln/analysis_MC13TeV_TTJets/HADDChunks//MC13TeV_TTWToQQ.root does not exist
failed to open /eos/user/v/vveckaln/analysis_MC13TeV_TTJets/HADDChunks//MC13TeV_TTWToQQ.root
Info in <TCanvas::MakeDefCanvas>:  created default TCanvas with name c1
rm: cannot remove `/eos/user/v/vveckaln/analysis_MC13TeV_TTJets_cflip/plots/plotter_E1_1l_j0eta_syst.root': No such file or directory
processing E1_1l_j0eta ***********************
processing E1_1l_j0pt ***********************
processing E1_1l_j1eta ***********************
processing E1_1l_j1pt ***********************
processing E1_1l_j2eta ***********************
processing E1_1l_j2pt ***********************
processing E1_1l_j3eta ***********************
processing E1_1l_j3pt ***********************
processing E1_1l_j4eta ***********************
processing E1_1l_j4pt ***********************
processing E1_1l_j5eta ***********************
processing E1_1l_j5pt ***********************
processing E1_1l_l0eta ***********************
processing E1_1l_l0pt ***********************
processing E1_1l_met ***********************
processing E1_1l_nbjets ***********************
processing E1_1l_njets ***********************
processing E1_1l_nleps ***********************
processing E1_1l_nvtx ***********************
processing E1_1l_nwjets ***********************
processing E1_1l_tcandm ***********************
processing E1_1l_tcandwcutm ***********************
processing E1_1l_wcandm ***********************
processing E2_1l4j_j0eta ***********************
processing E2_1l4j_j0pt ***********************
processing E2_1l4j_j1eta ***********************
processing E2_1l4j_j1pt ***********************
processing E2_1l4j_j2eta ***********************
processing E2_1l4j_j2pt ***********************
processing E2_1l4j_j3eta ***********************
processing E2_1l4j_j3pt ***********************
processing E2_1l4j_j4eta ***********************
processing E2_1l4j_j4pt ***********************
processing E2_1l4j_j5eta ***********************
processing E2_1l4j_j5pt ***********************
processing E2_1l4j_l0eta ***********************
processing E2_1l4j_l0pt ***********************
processing E2_1l4j_met ***********************
processing E2_1l4j_nbjets ***********************
processing E2_1l4j_njets ***********************
processing E2_1l4j_nleps ***********************
processing E2_1l4j_nvtx ***********************
processing E2_1l4j_nwjets ***********************
processing E2_1l4j_tcandm ***********************
processing E2_1l4j_tcandwcutm ***********************
processing E2_1l4j_wcandm ***********************
processing E3_1l4j2b_j0eta ***********************
processing E3_1l4j2b_j0pt ***********************
processing E3_1l4j2b_j1eta ***********************
processing E3_1l4j2b_j1pt ***********************
processing E3_1l4j2b_j2eta ***********************
processing E3_1l4j2b_j2pt ***********************
processing E3_1l4j2b_j3eta ***********************
processing E3_1l4j2b_j3pt ***********************
processing E3_1l4j2b_j4eta ***********************
processing E3_1l4j2b_j4pt ***********************
processing E3_1l4j2b_j5eta ***********************
processing E3_1l4j2b_j5pt ***********************
processing E3_1l4j2b_l0eta ***********************
processing E3_1l4j2b_l0pt ***********************
processing E3_1l4j2b_met ***********************
processing E3_1l4j2b_nbjets ***********************
processing E3_1l4j2b_njets ***********************
processing E3_1l4j2b_nleps ***********************
processing E3_1l4j2b_nvtx ***********************
processing E3_1l4j2b_nwjets ***********************
processing E3_1l4j2b_tcandm ***********************
processing E3_1l4j2b_tcandwcutm ***********************
processing E3_1l4j2b_wcandm ***********************
processing E4_1l4j2b2w_j0eta ***********************
processing E4_1l4j2b2w_j0pt ***********************
processing E4_1l4j2b2w_j1eta ***********************
processing E4_1l4j2b2w_j1pt ***********************
processing E4_1l4j2b2w_j2eta ***********************
processing E4_1l4j2b2w_j2pt ***********************
processing E4_1l4j2b2w_j3eta ***********************
processing E4_1l4j2b2w_j3pt ***********************
processing E4_1l4j2b2w_j4eta ***********************
processing E4_1l4j2b2w_j4pt ***********************
processing E4_1l4j2b2w_j5eta ***********************
processing E4_1l4j2b2w_j5pt ***********************
processing E4_1l4j2b2w_l0eta ***********************
processing E4_1l4j2b2w_l0pt ***********************
processing E4_1l4j2b2w_met ***********************
processing E4_1l4j2b2w_nbjets ***********************
processing E4_1l4j2b2w_njets ***********************
processing E4_1l4j2b2w_nleps ***********************
processing E4_1l4j2b2w_nvtx ***********************
processing E4_1l4j2b2w_nwjets ***********************
processing E4_1l4j2b2w_tcandm ***********************
processing E4_1l4j2b2w_tcandwcutm ***********************
processing E4_1l4j2b2w_wcandm ***********************
