klist
Ticket cache: FILE:/pool/condor/dir_25095/vveckaln.cc
Default principal: vveckaln@CERN.CH

Valid starting     Expires            Service principal
09/07/18 09:30:12  09/08/18 10:30:12  krbtgt/CERN.CH@CERN.CH
	renew until 09/12/18 08:47:41
09/07/18 09:33:21  09/08/18 10:30:12  afs/cern.ch@CERN.CH
	renew until 09/12/18 08:47:41
end klist
ls EOS
analysis_MC13TeV_TTJets
analysis_MC13TeV_TTJets_cflip
analysis_MC13TeV_TTJetsfix
analysis_MC13TeV_TTJets_herwig
analysis_MC13TeV_TTJetsswap
bins
cernbox
Chunks
Chunks_test
copy_test
data
flipped
flipped_old
LSF
merged_plots
migration
processing
reserve
rivet
rivet_results_23_March
rivet_test
rivet_test_21_March
SWAN_projects
test
unfolding_cflip_old
unfolding_-m
unfolding_nominal
unfolding_nominal_old
end ls EOS
EXIT_CODE_SCRAM 0
Error in <TFile::TFile>: file /eos/user/v/vveckaln/analysis_MC13TeV_TTJets/HADDChunks//MC13TeV_TTWToLNu.root does not exist
failed to open /eos/user/v/vveckaln/analysis_MC13TeV_TTJets/HADDChunks//MC13TeV_TTWToLNu.root
Error in <TFile::TFile>: file /eos/user/v/vveckaln/analysis_MC13TeV_TTJets/HADDChunks//MC13TeV_TTWToQQ.root does not exist
failed to open /eos/user/v/vveckaln/analysis_MC13TeV_TTJets/HADDChunks//MC13TeV_TTWToQQ.root
SysError in <TFile::ReadBuffer>: error reading from file /eos/user/v/vveckaln/analysis_MC13TeV_TTJets/HADDChunks//MC13TeV_TTJets.root (Input/output error)
Error in <TKey::ReadFile>: Failed to read data.
Info in <TFile::Recover>: /eos/user/v/vveckaln/analysis_MC13TeV_TTJets/HADDChunks//MC13TeV_TTJets.root, recovered key TH1F:E0_pre_j0eta at address 354
Info in <TFile::Recover>: /eos/user/v/vveckaln/analysis_MC13TeV_TTJets/HADDChunks//MC13TeV_TTJets.root, recovered key TH1F:E0_pre_j0pt at address 1010
Info in <TFile::Recover>: /eos/user/v/vveckaln/analysis_MC13TeV_TTJets/HADDChunks//MC13TeV_TTJets.root, recovered key TH1F:E0_pre_j1eta at address 1926
Info in <TFile::Recover>: /eos/user/v/vveckaln/analysis_MC13TeV_TTJets/HADDChunks//MC13TeV_TTJets.root, recovered key TH1F:E0_pre_j1pt at address 2581
Info in <TFile::Recover>: /eos/user/v/vveckaln/analysis_MC13TeV_TTJets/HADDChunks//MC13TeV_TTJets.root, recovered key TH1F:E0_pre_j2eta at address 3495
Info in <TFile::Recover>: /eos/user/v/vveckaln/analysis_MC13TeV_TTJets/HADDChunks//MC13TeV_TTJets.root, recovered key TH1F:E0_pre_j2pt at address 4151
Info in <TFile::Recover>: /eos/user/v/vveckaln/analysis_MC13TeV_TTJets/HADDChunks//MC13TeV_TTJets.root, recovered key TH1F:E0_pre_j3eta at address 5067
Info in <TFile::Recover>: /eos/user/v/vveckaln/analysis_MC13TeV_TTJets/HADDChunks//MC13TeV_TTJets.root, recovered key TH1F:E0_pre_j3pt at address 5722
Info in <TFile::Recover>: /eos/user/v/vveckaln/analysis_MC13TeV_TTJets/HADDChunks//MC13TeV_TTJets.root, recovered key TH1F:E0_pre_j4eta at address 6633
Info in <TFile::Recover>: /eos/user/v/vveckaln/analysis_MC13TeV_TTJets/HADDChunks//MC13TeV_TTJets.root, recovered key TH1F:E0_pre_j4pt at address 7285
Info in <TFile::Recover>: /eos/user/v/vveckaln/analysis_MC13TeV_TTJets/HADDChunks//MC13TeV_TTJets.root, recovered key TH1F:E0_pre_j5eta at address 8196
Info in <TFile::Recover>: /eos/user/v/vveckaln/analysis_MC13TeV_TTJets/HADDChunks//MC13TeV_TTJets.root, recovered key TH1F:E0_pre_j5pt at address 8849
Info in <TFile::Recover>: /eos/user/v/vveckaln/analysis_MC13TeV_TTJets/HADDChunks//MC13TeV_TTJets.root, recovered key TH1F:E0_pre_l0eta at address 9714
Info in <TFile::Recover>: /eos/user/v/vveckaln/analysis_MC13TeV_TTJets/HADDChunks//MC13TeV_TTJets.root, recovered key TH1F:E0_pre_l0pt at address 10599
Error in <TFile::ReadBuffer>: error reading all requested bytes from file /eos/user/v/vveckaln/analysis_MC13TeV_TTJets/HADDChunks//MC13TeV_TTJets.root, got 787 of 1024
Error in <TFile::Recover>: /eos/user/v/vveckaln/analysis_MC13TeV_TTJets/HADDChunks//MC13TeV_TTJets.root: failed to read the key data from disk at 11501.
SysError in <TFile::ReadBuffer>: error reading from file /eos/user/v/vveckaln/analysis_MC13TeV_TTJets/HADDChunks//MC13TeV_TTJets.root (Input/output error)
TFile::GetRecordHeader:0: RuntimeWarning: /eos/user/v/vveckaln/analysis_MC13TeV_TTJets/HADDChunks//MC13TeV_TTJets.root: failed to read the StreamerInfo data from disk.
failed to open /eos/user/v/vveckaln/analysis_MC13TeV_TTJets/HADDChunks//MC13TeV_TTJets.root
rm: cannot remove `/eos/user/v/vveckaln/analysis_MC13TeV_TTJets_cflip/plots/plotter_L_phi_PV_bckg_hadWPtgt50p0GeV_reco_scnd_leading_jet.root': No such file or directory
processing L_phi_PV_bckg_hadWPtgt50p0GeV_reco_scnd_leading_jet ***********************
Info in <TCanvas::Print>: pdf file /eos/user/v/vveckaln/analysis_MC13TeV_TTJets_cflip/plots/L_phi_PV_bckg_hadWPtgt50p0GeV_reco_scnd_leading_jet.pdf has been created
Info in <TCanvas::Print>: png file /eos/user/v/vveckaln/analysis_MC13TeV_TTJets_cflip/plots/L_phi_PV_bckg_hadWPtgt50p0GeV_reco_scnd_leading_jet.png has been created
processing L_phi_PV_bckg_hadWPtle50p0GeV_gen_had_b ***********************
totalMC.Integral() == 0.0 is True
self.dataH.Integral() == 0.0 is True
processing L_phi_PV_bckg_hadWPtle50p0GeV_gen_leading_b ***********************
Info in <TCanvas::Print>: pdf file /eos/user/v/vveckaln/analysis_MC13TeV_TTJets_cflip/plots/L_phi_PV_bckg_hadWPtle50p0GeV_gen_leading_b.pdf has been created
Info in <TCanvas::Print>: png file /eos/user/v/vveckaln/analysis_MC13TeV_TTJets_cflip/plots/L_phi_PV_bckg_hadWPtle50p0GeV_gen_leading_b.png has been created
processing L_phi_PV_bckg_hadWPtle50p0GeV_gen_leading_jet ***********************
Info in <TCanvas::Print>: pdf file /eos/user/v/vveckaln/analysis_MC13TeV_TTJets_cflip/plots/L_phi_PV_bckg_hadWPtle50p0GeV_gen_leading_jet.pdf has been created
Info in <TCanvas::Print>: png file /eos/user/v/vveckaln/analysis_MC13TeV_TTJets_cflip/plots/L_phi_PV_bckg_hadWPtle50p0GeV_gen_leading_jet.png has been created
processing L_phi_PV_bckg_hadWPtle50p0GeV_gen_lept_b ***********************
totalMC.Integral() == 0.0 is True
self.dataH.Integral() == 0.0 is True
processing L_phi_PV_bckg_hadWPtle50p0GeV_gen_scnd_leading_b ***********************
Info in <TCanvas::Print>: pdf file /eos/user/v/vveckaln/analysis_MC13TeV_TTJets_cflip/plots/L_phi_PV_bckg_hadWPtle50p0GeV_gen_scnd_leading_b.pdf has been created
Info in <TCanvas::Print>: png file /eos/user/v/vveckaln/analysis_MC13TeV_TTJets_cflip/plots/L_phi_PV_bckg_hadWPtle50p0GeV_gen_scnd_leading_b.png has been created
processing L_phi_PV_bckg_hadWPtle50p0GeV_gen_scnd_leading_jet ***********************
Info in <TCanvas::Print>: pdf file /eos/user/v/vveckaln/analysis_MC13TeV_TTJets_cflip/plots/L_phi_PV_bckg_hadWPtle50p0GeV_gen_scnd_leading_jet.pdf has been created
Info in <TCanvas::Print>: png file /eos/user/v/vveckaln/analysis_MC13TeV_TTJets_cflip/plots/L_phi_PV_bckg_hadWPtle50p0GeV_gen_scnd_leading_jet.png has been created
processing L_phi_PV_bckg_hadWPtle50p0GeV_reco_had_b ***********************
totalMC.Integral() == 0.0 is True
self.dataH.Integral() == 0.0 is True
processing L_phi_PV_bckg_hadWPtle50p0GeV_reco_leading_b ***********************
Info in <TCanvas::Print>: pdf file /eos/user/v/vveckaln/analysis_MC13TeV_TTJets_cflip/plots/L_phi_PV_bckg_hadWPtle50p0GeV_reco_leading_b.pdf has been created
Info in <TCanvas::Print>: png file /eos/user/v/vveckaln/analysis_MC13TeV_TTJets_cflip/plots/L_phi_PV_bckg_hadWPtle50p0GeV_reco_leading_b.png has been created
processing L_phi_PV_bckg_hadWPtle50p0GeV_reco_leading_jet ***********************
Info in <TCanvas::Print>: pdf file /eos/user/v/vveckaln/analysis_MC13TeV_TTJets_cflip/plots/L_phi_PV_bckg_hadWPtle50p0GeV_reco_leading_jet.pdf has been created
Info in <TCanvas::Print>: png file /eos/user/v/vveckaln/analysis_MC13TeV_TTJets_cflip/plots/L_phi_PV_bckg_hadWPtle50p0GeV_reco_leading_jet.png has been created
processing L_phi_PV_bckg_hadWPtle50p0GeV_reco_lept_b ***********************
totalMC.Integral() == 0.0 is True
self.dataH.Integral() == 0.0 is True
processing L_phi_PV_bckg_hadWPtle50p0GeV_reco_scnd_leading_b ***********************
Info in <TCanvas::Print>: pdf file /eos/user/v/vveckaln/analysis_MC13TeV_TTJets_cflip/plots/L_phi_PV_bckg_hadWPtle50p0GeV_reco_scnd_leading_b.pdf has been created
Info in <TCanvas::Print>: png file /eos/user/v/vveckaln/analysis_MC13TeV_TTJets_cflip/plots/L_phi_PV_bckg_hadWPtle50p0GeV_reco_scnd_leading_b.png has been created
processing L_phi_PV_bckg_hadWPtle50p0GeV_reco_scnd_leading_jet ***********************
Info in <TCanvas::Print>: pdf file /eos/user/v/vveckaln/analysis_MC13TeV_TTJets_cflip/plots/L_phi_PV_bckg_hadWPtle50p0GeV_reco_scnd_leading_jet.pdf has been created
Info in <TCanvas::Print>: png file /eos/user/v/vveckaln/analysis_MC13TeV_TTJets_cflip/plots/L_phi_PV_bckg_hadWPtle50p0GeV_reco_scnd_leading_jet.png has been created
processing L_phi_PV_chconst_gen_had_b ***********************
totalMC.Integral() == 0.0 is True
self.dataH.Integral() == 0.0 is True
processing L_phi_PV_chconst_gen_leading_b ***********************
Info in <TCanvas::Print>: pdf file /eos/user/v/vveckaln/analysis_MC13TeV_TTJets_cflip/plots/L_phi_PV_chconst_gen_leading_b.pdf has been created
Info in <TCanvas::Print>: png file /eos/user/v/vveckaln/analysis_MC13TeV_TTJets_cflip/plots/L_phi_PV_chconst_gen_leading_b.png has been created
processing L_phi_PV_chconst_gen_leading_jet ***********************
Info in <TCanvas::Print>: pdf file /eos/user/v/vveckaln/analysis_MC13TeV_TTJets_cflip/plots/L_phi_PV_chconst_gen_leading_jet.pdf has been created
Info in <TCanvas::Print>: png file /eos/user/v/vveckaln/analysis_MC13TeV_TTJets_cflip/plots/L_phi_PV_chconst_gen_leading_jet.png has been created
processing L_phi_PV_chconst_gen_lept_b ***********************
totalMC.Integral() == 0.0 is True
self.dataH.Integral() == 0.0 is True
processing L_phi_PV_chconst_gen_scnd_leading_b ***********************
Info in <TCanvas::Print>: pdf file /eos/user/v/vveckaln/analysis_MC13TeV_TTJets_cflip/plots/L_phi_PV_chconst_gen_scnd_leading_b.pdf has been created
Info in <TCanvas::Print>: png file /eos/user/v/vveckaln/analysis_MC13TeV_TTJets_cflip/plots/L_phi_PV_chconst_gen_scnd_leading_b.png has been created
processing L_phi_PV_chconst_gen_scnd_leading_jet ***********************
Info in <TCanvas::Print>: pdf file /eos/user/v/vveckaln/analysis_MC13TeV_TTJets_cflip/plots/L_phi_PV_chconst_gen_scnd_leading_jet.pdf has been created
Info in <TCanvas::Print>: png file /eos/user/v/vveckaln/analysis_MC13TeV_TTJets_cflip/plots/L_phi_PV_chconst_gen_scnd_leading_jet.png has been created
processing L_phi_PV_chconst_reco_had_b ***********************
totalMC.Integral() == 0.0 is True
self.dataH.Integral() == 0.0 is True
processing L_phi_PV_chconst_reco_leading_b ***********************
Info in <TCanvas::Print>: pdf file /eos/user/v/vveckaln/analysis_MC13TeV_TTJets_cflip/plots/L_phi_PV_chconst_reco_leading_b.pdf has been created
Info in <TCanvas::Print>: png file /eos/user/v/vveckaln/analysis_MC13TeV_TTJets_cflip/plots/L_phi_PV_chconst_reco_leading_b.png has been created
processing L_phi_PV_chconst_reco_leading_jet ***********************
Info in <TCanvas::Print>: pdf file /eos/user/v/vveckaln/analysis_MC13TeV_TTJets_cflip/plots/L_phi_PV_chconst_reco_leading_jet.pdf has been created
Info in <TCanvas::Print>: png file /eos/user/v/vveckaln/analysis_MC13TeV_TTJets_cflip/plots/L_phi_PV_chconst_reco_leading_jet.png has been created
processing L_phi_PV_chconst_reco_lept_b ***********************
totalMC.Integral() == 0.0 is True
self.dataH.Integral() == 0.0 is True
processing L_phi_PV_chconst_reco_scnd_leading_b ***********************
Info in <TCanvas::Print>: pdf file /eos/user/v/vveckaln/analysis_MC13TeV_TTJets_cflip/plots/L_phi_PV_chconst_reco_scnd_leading_b.pdf has been created
Info in <TCanvas::Print>: png file /eos/user/v/vveckaln/analysis_MC13TeV_TTJets_cflip/plots/L_phi_PV_chconst_reco_scnd_leading_b.png has been created
processing L_phi_PV_chconst_reco_scnd_leading_jet ***********************
Info in <TCanvas::Print>: pdf file /eos/user/v/vveckaln/analysis_MC13TeV_TTJets_cflip/plots/L_phi_PV_chconst_reco_scnd_leading_jet.pdf has been created
Info in <TCanvas::Print>: png file /eos/user/v/vveckaln/analysis_MC13TeV_TTJets_cflip/plots/L_phi_PV_chconst_reco_scnd_leading_jet.png has been created
processing L_phi_PV_hadWPtgt50p0GeV_gen_had_b ***********************
totalMC.Integral() == 0.0 is True
self.dataH.Integral() == 0.0 is True
processing L_phi_PV_hadWPtgt50p0GeV_gen_leading_b ***********************
Info in <TCanvas::Print>: pdf file /eos/user/v/vveckaln/analysis_MC13TeV_TTJets_cflip/plots/L_phi_PV_hadWPtgt50p0GeV_gen_leading_b.pdf has been created
Info in <TCanvas::Print>: png file /eos/user/v/vveckaln/analysis_MC13TeV_TTJets_cflip/plots/L_phi_PV_hadWPtgt50p0GeV_gen_leading_b.png has been created
processing L_phi_PV_hadWPtgt50p0GeV_gen_leading_jet ***********************
Info in <TCanvas::Print>: pdf file /eos/user/v/vveckaln/analysis_MC13TeV_TTJets_cflip/plots/L_phi_PV_hadWPtgt50p0GeV_gen_leading_jet.pdf has been created
Info in <TCanvas::Print>: png file /eos/user/v/vveckaln/analysis_MC13TeV_TTJets_cflip/plots/L_phi_PV_hadWPtgt50p0GeV_gen_leading_jet.png has been created
processing L_phi_PV_hadWPtgt50p0GeV_gen_lept_b ***********************
totalMC.Integral() == 0.0 is True
self.dataH.Integral() == 0.0 is True
processing L_phi_PV_hadWPtgt50p0GeV_gen_scnd_leading_b ***********************
Info in <TCanvas::Print>: pdf file /eos/user/v/vveckaln/analysis_MC13TeV_TTJets_cflip/plots/L_phi_PV_hadWPtgt50p0GeV_gen_scnd_leading_b.pdf has been created
Info in <TCanvas::Print>: png file /eos/user/v/vveckaln/analysis_MC13TeV_TTJets_cflip/plots/L_phi_PV_hadWPtgt50p0GeV_gen_scnd_leading_b.png has been created
processing L_phi_PV_hadWPtgt50p0GeV_gen_scnd_leading_jet ***********************
Info in <TCanvas::Print>: pdf file /eos/user/v/vveckaln/analysis_MC13TeV_TTJets_cflip/plots/L_phi_PV_hadWPtgt50p0GeV_gen_scnd_leading_jet.pdf has been created
Info in <TCanvas::Print>: png file /eos/user/v/vveckaln/analysis_MC13TeV_TTJets_cflip/plots/L_phi_PV_hadWPtgt50p0GeV_gen_scnd_leading_jet.png has been created
processing L_phi_PV_hadWPtgt50p0GeV_reco_had_b ***********************
totalMC.Integral() == 0.0 is True
self.dataH.Integral() == 0.0 is True
processing L_phi_PV_hadWPtgt50p0GeV_reco_leading_b ***********************
Info in <TCanvas::Print>: pdf file /eos/user/v/vveckaln/analysis_MC13TeV_TTJets_cflip/plots/L_phi_PV_hadWPtgt50p0GeV_reco_leading_b.pdf has been created
Info in <TCanvas::Print>: png file /eos/user/v/vveckaln/analysis_MC13TeV_TTJets_cflip/plots/L_phi_PV_hadWPtgt50p0GeV_reco_leading_b.png has been created
processing L_phi_PV_hadWPtgt50p0GeV_reco_leading_jet ***********************
Info in <TCanvas::Print>: pdf file /eos/user/v/vveckaln/analysis_MC13TeV_TTJets_cflip/plots/L_phi_PV_hadWPtgt50p0GeV_reco_leading_jet.pdf has been created
Info in <TCanvas::Print>: png file /eos/user/v/vveckaln/analysis_MC13TeV_TTJets_cflip/plots/L_phi_PV_hadWPtgt50p0GeV_reco_leading_jet.png has been created
processing L_phi_PV_hadWPtgt50p0GeV_reco_lept_b ***********************
totalMC.Integral() == 0.0 is True
self.dataH.Integral() == 0.0 is True
processing L_phi_PV_hadWPtgt50p0GeV_reco_scnd_leading_b ***********************
Info in <TCanvas::Print>: pdf file /eos/user/v/vveckaln/analysis_MC13TeV_TTJets_cflip/plots/L_phi_PV_hadWPtgt50p0GeV_reco_scnd_leading_b.pdf has been created
Info in <TCanvas::Print>: png file /eos/user/v/vveckaln/analysis_MC13TeV_TTJets_cflip/plots/L_phi_PV_hadWPtgt50p0GeV_reco_scnd_leading_b.png has been created
processing L_phi_PV_hadWPtgt50p0GeV_reco_scnd_leading_jet ***********************
Info in <TCanvas::Print>: pdf file /eos/user/v/vveckaln/analysis_MC13TeV_TTJets_cflip/plots/L_phi_PV_hadWPtgt50p0GeV_reco_scnd_leading_jet.pdf has been created
Info in <TCanvas::Print>: png file /eos/user/v/vveckaln/analysis_MC13TeV_TTJets_cflip/plots/L_phi_PV_hadWPtgt50p0GeV_reco_scnd_leading_jet.png has been created
processing L_phi_PV_hadWPtle50p0GeV_gen_had_b ***********************
totalMC.Integral() == 0.0 is True
self.dataH.Integral() == 0.0 is True
processing L_phi_PV_hadWPtle50p0GeV_gen_leading_b ***********************
Info in <TCanvas::Print>: pdf file /eos/user/v/vveckaln/analysis_MC13TeV_TTJets_cflip/plots/L_phi_PV_hadWPtle50p0GeV_gen_leading_b.pdf has been created
Info in <TCanvas::Print>: png file /eos/user/v/vveckaln/analysis_MC13TeV_TTJets_cflip/plots/L_phi_PV_hadWPtle50p0GeV_gen_leading_b.png has been created
processing L_phi_PV_hadWPtle50p0GeV_gen_leading_jet ***********************
Info in <TCanvas::Print>: pdf file /eos/user/v/vveckaln/analysis_MC13TeV_TTJets_cflip/plots/L_phi_PV_hadWPtle50p0GeV_gen_leading_jet.pdf has been created
Info in <TCanvas::Print>: png file /eos/user/v/vveckaln/analysis_MC13TeV_TTJets_cflip/plots/L_phi_PV_hadWPtle50p0GeV_gen_leading_jet.png has been created
processing L_phi_PV_hadWPtle50p0GeV_gen_lept_b ***********************
totalMC.Integral() == 0.0 is True
self.dataH.Integral() == 0.0 is True
processing L_phi_PV_hadWPtle50p0GeV_gen_scnd_leading_b ***********************
Info in <TCanvas::Print>: pdf file /eos/user/v/vveckaln/analysis_MC13TeV_TTJets_cflip/plots/L_phi_PV_hadWPtle50p0GeV_gen_scnd_leading_b.pdf has been created
Info in <TCanvas::Print>: png file /eos/user/v/vveckaln/analysis_MC13TeV_TTJets_cflip/plots/L_phi_PV_hadWPtle50p0GeV_gen_scnd_leading_b.png has been created
processing L_phi_PV_hadWPtle50p0GeV_gen_scnd_leading_jet ***********************
Info in <TCanvas::Print>: pdf file /eos/user/v/vveckaln/analysis_MC13TeV_TTJets_cflip/plots/L_phi_PV_hadWPtle50p0GeV_gen_scnd_leading_jet.pdf has been created
Info in <TCanvas::Print>: png file /eos/user/v/vveckaln/analysis_MC13TeV_TTJets_cflip/plots/L_phi_PV_hadWPtle50p0GeV_gen_scnd_leading_jet.png has been created
processing L_phi_PV_hadWPtle50p0GeV_reco_had_b ***********************
totalMC.Integral() == 0.0 is True
self.dataH.Integral() == 0.0 is True
processing L_phi_PV_hadWPtle50p0GeV_reco_leading_b ***********************
Info in <TCanvas::Print>: pdf file /eos/user/v/vveckaln/analysis_MC13TeV_TTJets_cflip/plots/L_phi_PV_hadWPtle50p0GeV_reco_leading_b.pdf has been created
Info in <TCanvas::Print>: png file /eos/user/v/vveckaln/analysis_MC13TeV_TTJets_cflip/plots/L_phi_PV_hadWPtle50p0GeV_reco_leading_b.png has been created
processing L_phi_PV_hadWPtle50p0GeV_reco_leading_jet ***********************
Info in <TCanvas::Print>: pdf file /eos/user/v/vveckaln/analysis_MC13TeV_TTJets_cflip/plots/L_phi_PV_hadWPtle50p0GeV_reco_leading_jet.pdf has been created
Info in <TCanvas::Print>: png file /eos/user/v/vveckaln/analysis_MC13TeV_TTJets_cflip/plots/L_phi_PV_hadWPtle50p0GeV_reco_leading_jet.png has been created
processing L_phi_PV_hadWPtle50p0GeV_reco_lept_b ***********************
totalMC.Integral() == 0.0 is True
self.dataH.Integral() == 0.0 is True
processing L_phi_PV_hadWPtle50p0GeV_reco_scnd_leading_b ***********************
Info in <TCanvas::Print>: pdf file /eos/user/v/vveckaln/analysis_MC13TeV_TTJets_cflip/plots/L_phi_PV_hadWPtle50p0GeV_reco_scnd_leading_b.pdf has been created
Info in <TCanvas::Print>: png file /eos/user/v/vveckaln/analysis_MC13TeV_TTJets_cflip/plots/L_phi_PV_hadWPtle50p0GeV_reco_scnd_leading_b.png has been created
processing L_phi_PV_hadWPtle50p0GeV_reco_scnd_leading_jet ***********************
Info in <TCanvas::Print>: pdf file /eos/user/v/vveckaln/analysis_MC13TeV_TTJets_cflip/plots/L_phi_PV_hadWPtle50p0GeV_reco_scnd_leading_jet.pdf has been created
Info in <TCanvas::Print>: png file /eos/user/v/vveckaln/analysis_MC13TeV_TTJets_cflip/plots/L_phi_PV_hadWPtle50p0GeV_reco_scnd_leading_jet.png has been created
processing L_pull_angle_PFNgt20_gen_leading_b_scnd_leading_b_DeltaRTotal ***********************
Info in <TCanvas::Print>: pdf file /eos/user/v/vveckaln/analysis_MC13TeV_TTJets_cflip/plots/L_pull_angle_PFNgt20_gen_leading_b_scnd_leading_b_DeltaRTotal.pdf has been created
Info in <TCanvas::Print>: png file /eos/user/v/vveckaln/analysis_MC13TeV_TTJets_cflip/plots/L_pull_angle_PFNgt20_gen_leading_b_scnd_leading_b_DeltaRTotal.png has been created
processing L_pull_angle_PFNgt20_gen_leading_b_scnd_leading_b_DeltaRgt1p0 ***********************
Info in <TCanvas::Print>: pdf file /eos/user/v/vveckaln/analysis_MC13TeV_TTJets_cflip/plots/L_pull_angle_PFNgt20_gen_leading_b_scnd_leading_b_DeltaRgt1p0.pdf has been created
Info in <TCanvas::Print>: png file /eos/user/v/vveckaln/analysis_MC13TeV_TTJets_cflip/plots/L_pull_angle_PFNgt20_gen_leading_b_scnd_leading_b_DeltaRgt1p0.png has been created
processing L_pull_angle_PFNgt20_gen_leading_b_scnd_leading_b_DeltaRle1p0 ***********************
Info in <TCanvas::Print>: pdf file /eos/user/v/vveckaln/analysis_MC13TeV_TTJets_cflip/plots/L_pull_angle_PFNgt20_gen_leading_b_scnd_leading_b_DeltaRle1p0.pdf has been created
Info in <TCanvas::Print>: png file /eos/user/v/vveckaln/analysis_MC13TeV_TTJets_cflip/plots/L_pull_angle_PFNgt20_gen_leading_b_scnd_leading_b_DeltaRle1p0.png has been created
processing L_pull_angle_PFNgt20_gen_leading_jet_beam_DeltaRTotal ***********************
Info in <TCanvas::Print>: pdf file /eos/user/v/vveckaln/analysis_MC13TeV_TTJets_cflip/plots/L_pull_angle_PFNgt20_gen_leading_jet_beam_DeltaRTotal.pdf has been created
Info in <TCanvas::Print>: png file /eos/user/v/vveckaln/analysis_MC13TeV_TTJets_cflip/plots/L_pull_angle_PFNgt20_gen_leading_jet_beam_DeltaRTotal.png has been created
processing L_pull_angle_PFNgt20_gen_leading_jet_beam_DeltaRgt1p0 ***********************
Info in <TCanvas::Print>: pdf file /eos/user/v/vveckaln/analysis_MC13TeV_TTJets_cflip/plots/L_pull_angle_PFNgt20_gen_leading_jet_beam_DeltaRgt1p0.pdf has been created
Info in <TCanvas::Print>: png file /eos/user/v/vveckaln/analysis_MC13TeV_TTJets_cflip/plots/L_pull_angle_PFNgt20_gen_leading_jet_beam_DeltaRgt1p0.png has been created
processing L_pull_angle_PFNgt20_gen_leading_jet_beam_DeltaRle1p0 ***********************
totalMC.Integral() == 0.0 is True
self.dataH.Integral() == 0.0 is True
processing L_pull_angle_PFNgt20_gen_leading_jet_fake_DeltaRTotal ***********************
totalMC.Integral() == 0.0 is True
self.dataH.Integral() == 0.0 is True
processing L_pull_angle_PFNgt20_gen_leading_jet_fake_DeltaRgt1p0 ***********************
totalMC.Integral() == 0.0 is True
self.dataH.Integral() == 0.0 is True
processing L_pull_angle_PFNgt20_gen_leading_jet_fake_DeltaRle1p0 ***********************
totalMC.Integral() == 0.0 is True
self.dataH.Integral() == 0.0 is True
processing L_pull_angle_PFNgt20_gen_leading_jet_had_b_DeltaRTotal ***********************
Info in <TCanvas::Print>: pdf file /eos/user/v/vveckaln/analysis_MC13TeV_TTJets_cflip/plots/L_pull_angle_PFNgt20_gen_leading_jet_had_b_DeltaRTotal.pdf has been created
Info in <TCanvas::Print>: png file /eos/user/v/vveckaln/analysis_MC13TeV_TTJets_cflip/plots/L_pull_angle_PFNgt20_gen_leading_jet_had_b_DeltaRTotal.png has been created
processing L_pull_angle_PFNgt20_gen_leading_jet_had_b_DeltaRgt1p0 ***********************
Info in <TCanvas::Print>: pdf file /eos/user/v/vveckaln/analysis_MC13TeV_TTJets_cflip/plots/L_pull_angle_PFNgt20_gen_leading_jet_had_b_DeltaRgt1p0.pdf has been created
Info in <TCanvas::Print>: png file /eos/user/v/vveckaln/analysis_MC13TeV_TTJets_cflip/plots/L_pull_angle_PFNgt20_gen_leading_jet_had_b_DeltaRgt1p0.png has been created
processing L_pull_angle_PFNgt20_gen_leading_jet_had_b_DeltaRle1p0 ***********************
Info in <TCanvas::Print>: pdf file /eos/user/v/vveckaln/analysis_MC13TeV_TTJets_cflip/plots/L_pull_angle_PFNgt20_gen_leading_jet_had_b_DeltaRle1p0.pdf has been created
Info in <TCanvas::Print>: png file /eos/user/v/vveckaln/analysis_MC13TeV_TTJets_cflip/plots/L_pull_angle_PFNgt20_gen_leading_jet_had_b_DeltaRle1p0.png has been created
processing L_pull_angle_PFNgt20_gen_leading_jet_had_t_DeltaRTotal ***********************
Info in <TCanvas::Print>: pdf file /eos/user/v/vveckaln/analysis_MC13TeV_TTJets_cflip/plots/L_pull_angle_PFNgt20_gen_leading_jet_had_t_DeltaRTotal.pdf has been created
Info in <TCanvas::Print>: png file /eos/user/v/vveckaln/analysis_MC13TeV_TTJets_cflip/plots/L_pull_angle_PFNgt20_gen_leading_jet_had_t_DeltaRTotal.png has been created
processing L_pull_angle_PFNgt20_gen_leading_jet_had_t_DeltaRgt1p0 ***********************
Info in <TCanvas::Print>: pdf file /eos/user/v/vveckaln/analysis_MC13TeV_TTJets_cflip/plots/L_pull_angle_PFNgt20_gen_leading_jet_had_t_DeltaRgt1p0.pdf has been created
Info in <TCanvas::Print>: png file /eos/user/v/vveckaln/analysis_MC13TeV_TTJets_cflip/plots/L_pull_angle_PFNgt20_gen_leading_jet_had_t_DeltaRgt1p0.png has been created
processing L_pull_angle_PFNgt20_gen_leading_jet_had_t_DeltaRle1p0 ***********************
Info in <TCanvas::Print>: pdf file /eos/user/v/vveckaln/analysis_MC13TeV_TTJets_cflip/plots/L_pull_angle_PFNgt20_gen_leading_jet_had_t_DeltaRle1p0.pdf has been created
Info in <TCanvas::Print>: png file /eos/user/v/vveckaln/analysis_MC13TeV_TTJets_cflip/plots/L_pull_angle_PFNgt20_gen_leading_jet_had_t_DeltaRle1p0.png has been created
processing L_pull_angle_PFNgt20_gen_leading_jet_had_w_DeltaRTotal ***********************
Info in <TCanvas::Print>: pdf file /eos/user/v/vveckaln/analysis_MC13TeV_TTJets_cflip/plots/L_pull_angle_PFNgt20_gen_leading_jet_had_w_DeltaRTotal.pdf has been created
Info in <TCanvas::Print>: png file /eos/user/v/vveckaln/analysis_MC13TeV_TTJets_cflip/plots/L_pull_angle_PFNgt20_gen_leading_jet_had_w_DeltaRTotal.png has been created
processing L_pull_angle_PFNgt20_gen_leading_jet_had_w_DeltaRgt1p0 ***********************
Info in <TCanvas::Print>: pdf file /eos/user/v/vveckaln/analysis_MC13TeV_TTJets_cflip/plots/L_pull_angle_PFNgt20_gen_leading_jet_had_w_DeltaRgt1p0.pdf has been created
Info in <TCanvas::Print>: png file /eos/user/v/vveckaln/analysis_MC13TeV_TTJets_cflip/plots/L_pull_angle_PFNgt20_gen_leading_jet_had_w_DeltaRgt1p0.png has been created
processing L_pull_angle_PFNgt20_gen_leading_jet_had_w_DeltaRle1p0 ***********************
Info in <TCanvas::Print>: pdf file /eos/user/v/vveckaln/analysis_MC13TeV_TTJets_cflip/plots/L_pull_angle_PFNgt20_gen_leading_jet_had_w_DeltaRle1p0.pdf has been created
Info in <TCanvas::Print>: png file /eos/user/v/vveckaln/analysis_MC13TeV_TTJets_cflip/plots/L_pull_angle_PFNgt20_gen_leading_jet_had_w_DeltaRle1p0.png has been created
processing L_pull_angle_PFNgt20_gen_leading_jet_lept_b_DeltaRTotal ***********************
Info in <TCanvas::Print>: pdf file /eos/user/v/vveckaln/analysis_MC13TeV_TTJets_cflip/plots/L_pull_angle_PFNgt20_gen_leading_jet_lept_b_DeltaRTotal.pdf has been created
Info in <TCanvas::Print>: png file /eos/user/v/vveckaln/analysis_MC13TeV_TTJets_cflip/plots/L_pull_angle_PFNgt20_gen_leading_jet_lept_b_DeltaRTotal.png has been created
processing L_pull_angle_PFNgt20_gen_leading_jet_lept_b_DeltaRgt1p0 ***********************
Info in <TCanvas::Print>: pdf file /eos/user/v/vveckaln/analysis_MC13TeV_TTJets_cflip/plots/L_pull_angle_PFNgt20_gen_leading_jet_lept_b_DeltaRgt1p0.pdf has been created
Info in <TCanvas::Print>: png file /eos/user/v/vveckaln/analysis_MC13TeV_TTJets_cflip/plots/L_pull_angle_PFNgt20_gen_leading_jet_lept_b_DeltaRgt1p0.png has been created
processing L_pull_angle_PFNgt20_gen_leading_jet_lept_b_DeltaRle1p0 ***********************
Info in <TCanvas::Print>: pdf file /eos/user/v/vveckaln/analysis_MC13TeV_TTJets_cflip/plots/L_pull_angle_PFNgt20_gen_leading_jet_lept_b_DeltaRle1p0.pdf has been created
Info in <TCanvas::Print>: png file /eos/user/v/vveckaln/analysis_MC13TeV_TTJets_cflip/plots/L_pull_angle_PFNgt20_gen_leading_jet_lept_b_DeltaRle1p0.png has been created
processing L_pull_angle_PFNgt20_gen_leading_jet_lept_t_DeltaRTotal ***********************
Info in <TCanvas::Print>: pdf file /eos/user/v/vveckaln/analysis_MC13TeV_TTJets_cflip/plots/L_pull_angle_PFNgt20_gen_leading_jet_lept_t_DeltaRTotal.pdf has been created
Info in <TCanvas::Print>: png file /eos/user/v/vveckaln/analysis_MC13TeV_TTJets_cflip/plots/L_pull_angle_PFNgt20_gen_leading_jet_lept_t_DeltaRTotal.png has been created
processing L_pull_angle_PFNgt20_gen_leading_jet_lept_t_DeltaRgt1p0 ***********************
Info in <TCanvas::Print>: pdf file /eos/user/v/vveckaln/analysis_MC13TeV_TTJets_cflip/plots/L_pull_angle_PFNgt20_gen_leading_jet_lept_t_DeltaRgt1p0.pdf has been created
Info in <TCanvas::Print>: png file /eos/user/v/vveckaln/analysis_MC13TeV_TTJets_cflip/plots/L_pull_angle_PFNgt20_gen_leading_jet_lept_t_DeltaRgt1p0.png has been created
processing L_pull_angle_PFNgt20_gen_leading_jet_lept_t_DeltaRle1p0 ***********************
Info in <TCanvas::Print>: pdf file /eos/user/v/vveckaln/analysis_MC13TeV_TTJets_cflip/plots/L_pull_angle_PFNgt20_gen_leading_jet_lept_t_DeltaRle1p0.pdf has been created
Info in <TCanvas::Print>: png file /eos/user/v/vveckaln/analysis_MC13TeV_TTJets_cflip/plots/L_pull_angle_PFNgt20_gen_leading_jet_lept_t_DeltaRle1p0.png has been created
processing L_pull_angle_PFNgt20_gen_leading_jet_lept_w_DeltaRTotal ***********************
Info in <TCanvas::Print>: pdf file /eos/user/v/vveckaln/analysis_MC13TeV_TTJets_cflip/plots/L_pull_angle_PFNgt20_gen_leading_jet_lept_w_DeltaRTotal.pdf has been created
Info in <TCanvas::Print>: png file /eos/user/v/vveckaln/analysis_MC13TeV_TTJets_cflip/plots/L_pull_angle_PFNgt20_gen_leading_jet_lept_w_DeltaRTotal.png has been created
processing L_pull_angle_PFNgt20_gen_leading_jet_lept_w_DeltaRgt1p0 ***********************
Info in <TCanvas::Print>: pdf file /eos/user/v/vveckaln/analysis_MC13TeV_TTJets_cflip/plots/L_pull_angle_PFNgt20_gen_leading_jet_lept_w_DeltaRgt1p0.pdf has been created
Info in <TCanvas::Print>: png file /eos/user/v/vveckaln/analysis_MC13TeV_TTJets_cflip/plots/L_pull_angle_PFNgt20_gen_leading_jet_lept_w_DeltaRgt1p0.png has been created
processing L_pull_angle_PFNgt20_gen_leading_jet_lept_w_DeltaRle1p0 ***********************
Info in <TCanvas::Print>: pdf file /eos/user/v/vveckaln/analysis_MC13TeV_TTJets_cflip/plots/L_pull_angle_PFNgt20_gen_leading_jet_lept_w_DeltaRle1p0.pdf has been created
Info in <TCanvas::Print>: png file /eos/user/v/vveckaln/analysis_MC13TeV_TTJets_cflip/plots/L_pull_angle_PFNgt20_gen_leading_jet_lept_w_DeltaRle1p0.png has been created
processing L_pull_angle_PFNgt20_gen_leading_jet_lepton_DeltaRTotal ***********************
Info in <TCanvas::Print>: pdf file /eos/user/v/vveckaln/analysis_MC13TeV_TTJets_cflip/plots/L_pull_angle_PFNgt20_gen_leading_jet_lepton_DeltaRTotal.pdf has been created
Info in <TCanvas::Print>: png file /eos/user/v/vveckaln/analysis_MC13TeV_TTJets_cflip/plots/L_pull_angle_PFNgt20_gen_leading_jet_lepton_DeltaRTotal.png has been created
processing L_pull_angle_PFNgt20_gen_leading_jet_lepton_DeltaRgt1p0 ***********************
Info in <TCanvas::Print>: pdf file /eos/user/v/vveckaln/analysis_MC13TeV_TTJets_cflip/plots/L_pull_angle_PFNgt20_gen_leading_jet_lepton_DeltaRgt1p0.pdf has been created
Info in <TCanvas::Print>: png file /eos/user/v/vveckaln/analysis_MC13TeV_TTJets_cflip/plots/L_pull_angle_PFNgt20_gen_leading_jet_lepton_DeltaRgt1p0.png has been created
processing L_pull_angle_PFNgt20_gen_leading_jet_lepton_DeltaRle1p0 ***********************
Info in <TCanvas::Print>: pdf file /eos/user/v/vveckaln/analysis_MC13TeV_TTJets_cflip/plots/L_pull_angle_PFNgt20_gen_leading_jet_lepton_DeltaRle1p0.pdf has been created
Info in <TCanvas::Print>: png file /eos/user/v/vveckaln/analysis_MC13TeV_TTJets_cflip/plots/L_pull_angle_PFNgt20_gen_leading_jet_lepton_DeltaRle1p0.png has been created
processing L_pull_angle_PFNgt20_gen_leading_jet_neutrino_DeltaRTotal ***********************
Info in <TCanvas::Print>: pdf file /eos/user/v/vveckaln/analysis_MC13TeV_TTJets_cflip/plots/L_pull_angle_PFNgt20_gen_leading_jet_neutrino_DeltaRTotal.pdf has been created
Info in <TCanvas::Print>: png file /eos/user/v/vveckaln/analysis_MC13TeV_TTJets_cflip/plots/L_pull_angle_PFNgt20_gen_leading_jet_neutrino_DeltaRTotal.png has been created
processing L_pull_angle_PFNgt20_gen_leading_jet_neutrino_DeltaRgt1p0 ***********************
Info in <TCanvas::Print>: pdf file /eos/user/v/vveckaln/analysis_MC13TeV_TTJets_cflip/plots/L_pull_angle_PFNgt20_gen_leading_jet_neutrino_DeltaRgt1p0.pdf has been created
Info in <TCanvas::Print>: png file /eos/user/v/vveckaln/analysis_MC13TeV_TTJets_cflip/plots/L_pull_angle_PFNgt20_gen_leading_jet_neutrino_DeltaRgt1p0.png has been created
processing L_pull_angle_PFNgt20_gen_leading_jet_neutrino_DeltaRle1p0 ***********************
Info in <TCanvas::Print>: pdf file /eos/user/v/vveckaln/analysis_MC13TeV_TTJets_cflip/plots/L_pull_angle_PFNgt20_gen_leading_jet_neutrino_DeltaRle1p0.pdf has been created
Info in <TCanvas::Print>: png file /eos/user/v/vveckaln/analysis_MC13TeV_TTJets_cflip/plots/L_pull_angle_PFNgt20_gen_leading_jet_neutrino_DeltaRle1p0.png has been created
processing L_pull_angle_PFNgt20_gen_leading_jet_scnd_leading_jet_DeltaRTotal ***********************
Info in <TCanvas::Print>: pdf file /eos/user/v/vveckaln/analysis_MC13TeV_TTJets_cflip/plots/L_pull_angle_PFNgt20_gen_leading_jet_scnd_leading_jet_DeltaRTotal.pdf has been created
Info in <TCanvas::Print>: png file /eos/user/v/vveckaln/analysis_MC13TeV_TTJets_cflip/plots/L_pull_angle_PFNgt20_gen_leading_jet_scnd_leading_jet_DeltaRTotal.png has been created
processing L_pull_angle_PFNgt20_gen_leading_jet_scnd_leading_jet_DeltaRgt1p0 ***********************
Info in <TCanvas::Print>: pdf file /eos/user/v/vveckaln/analysis_MC13TeV_TTJets_cflip/plots/L_pull_angle_PFNgt20_gen_leading_jet_scnd_leading_jet_DeltaRgt1p0.pdf has been created
Info in <TCanvas::Print>: png file /eos/user/v/vveckaln/analysis_MC13TeV_TTJets_cflip/plots/L_pull_angle_PFNgt20_gen_leading_jet_scnd_leading_jet_DeltaRgt1p0.png has been created
processing L_pull_angle_PFNgt20_gen_leading_jet_scnd_leading_jet_DeltaRle1p0 ***********************
Info in <TCanvas::Print>: pdf file /eos/user/v/vveckaln/analysis_MC13TeV_TTJets_cflip/plots/L_pull_angle_PFNgt20_gen_leading_jet_scnd_leading_jet_DeltaRle1p0.pdf has been created
Info in <TCanvas::Print>: png file /eos/user/v/vveckaln/analysis_MC13TeV_TTJets_cflip/plots/L_pull_angle_PFNgt20_gen_leading_jet_scnd_leading_jet_DeltaRle1p0.png has been created
processing L_pull_angle_PFNgt20_gen_scnd_leading_b_leading_b_DeltaRTotal ***********************
Info in <TCanvas::Print>: pdf file /eos/user/v/vveckaln/analysis_MC13TeV_TTJets_cflip/plots/L_pull_angle_PFNgt20_gen_scnd_leading_b_leading_b_DeltaRTotal.pdf has been created
Info in <TCanvas::Print>: png file /eos/user/v/vveckaln/analysis_MC13TeV_TTJets_cflip/plots/L_pull_angle_PFNgt20_gen_scnd_leading_b_leading_b_DeltaRTotal.png has been created
processing L_pull_angle_PFNgt20_gen_scnd_leading_b_leading_b_DeltaRgt1p0 ***********************
Info in <TCanvas::Print>: pdf file /eos/user/v/vveckaln/analysis_MC13TeV_TTJets_cflip/plots/L_pull_angle_PFNgt20_gen_scnd_leading_b_leading_b_DeltaRgt1p0.pdf has been created
Info in <TCanvas::Print>: png file /eos/user/v/vveckaln/analysis_MC13TeV_TTJets_cflip/plots/L_pull_angle_PFNgt20_gen_scnd_leading_b_leading_b_DeltaRgt1p0.png has been created
processing L_pull_angle_PFNgt20_gen_scnd_leading_b_leading_b_DeltaRle1p0 ***********************
Info in <TCanvas::Print>: pdf file /eos/user/v/vveckaln/analysis_MC13TeV_TTJets_cflip/plots/L_pull_angle_PFNgt20_gen_scnd_leading_b_leading_b_DeltaRle1p0.pdf has been created
Info in <TCanvas::Print>: png file /eos/user/v/vveckaln/analysis_MC13TeV_TTJets_cflip/plots/L_pull_angle_PFNgt20_gen_scnd_leading_b_leading_b_DeltaRle1p0.png has been created
processing L_pull_angle_PFNgt20_gen_scnd_leading_jet_beam_DeltaRTotal ***********************
Info in <TCanvas::Print>: pdf file /eos/user/v/vveckaln/analysis_MC13TeV_TTJets_cflip/plots/L_pull_angle_PFNgt20_gen_scnd_leading_jet_beam_DeltaRTotal.pdf has been created
Info in <TCanvas::Print>: png file /eos/user/v/vveckaln/analysis_MC13TeV_TTJets_cflip/plots/L_pull_angle_PFNgt20_gen_scnd_leading_jet_beam_DeltaRTotal.png has been created
processing L_pull_angle_PFNgt20_gen_scnd_leading_jet_beam_DeltaRgt1p0 ***********************
Info in <TCanvas::Print>: pdf file /eos/user/v/vveckaln/analysis_MC13TeV_TTJets_cflip/plots/L_pull_angle_PFNgt20_gen_scnd_leading_jet_beam_DeltaRgt1p0.pdf has been created
Info in <TCanvas::Print>: png file /eos/user/v/vveckaln/analysis_MC13TeV_TTJets_cflip/plots/L_pull_angle_PFNgt20_gen_scnd_leading_jet_beam_DeltaRgt1p0.png has been created
processing L_pull_angle_PFNgt20_gen_scnd_leading_jet_beam_DeltaRle1p0 ***********************
totalMC.Integral() == 0.0 is True
self.dataH.Integral() == 0.0 is True
processing L_pull_angle_PFNgt20_gen_scnd_leading_jet_fake_DeltaRTotal ***********************
totalMC.Integral() == 0.0 is True
self.dataH.Integral() == 0.0 is True
processing L_pull_angle_PFNgt20_gen_scnd_leading_jet_fake_DeltaRgt1p0 ***********************
totalMC.Integral() == 0.0 is True
self.dataH.Integral() == 0.0 is True
processing L_pull_angle_PFNgt20_gen_scnd_leading_jet_fake_DeltaRle1p0 ***********************
totalMC.Integral() == 0.0 is True
self.dataH.Integral() == 0.0 is True
processing L_pull_angle_PFNgt20_gen_scnd_leading_jet_had_b_DeltaRTotal ***********************
Info in <TCanvas::Print>: pdf file /eos/user/v/vveckaln/analysis_MC13TeV_TTJets_cflip/plots/L_pull_angle_PFNgt20_gen_scnd_leading_jet_had_b_DeltaRTotal.pdf has been created
Info in <TCanvas::Print>: png file /eos/user/v/vveckaln/analysis_MC13TeV_TTJets_cflip/plots/L_pull_angle_PFNgt20_gen_scnd_leading_jet_had_b_DeltaRTotal.png has been created
processing L_pull_angle_PFNgt20_gen_scnd_leading_jet_had_b_DeltaRgt1p0 ***********************
Info in <TCanvas::Print>: pdf file /eos/user/v/vveckaln/analysis_MC13TeV_TTJets_cflip/plots/L_pull_angle_PFNgt20_gen_scnd_leading_jet_had_b_DeltaRgt1p0.pdf has been created
Info in <TCanvas::Print>: png file /eos/user/v/vveckaln/analysis_MC13TeV_TTJets_cflip/plots/L_pull_angle_PFNgt20_gen_scnd_leading_jet_had_b_DeltaRgt1p0.png has been created
processing L_pull_angle_PFNgt20_gen_scnd_leading_jet_had_b_DeltaRle1p0 ***********************
Info in <TCanvas::Print>: pdf file /eos/user/v/vveckaln/analysis_MC13TeV_TTJets_cflip/plots/L_pull_angle_PFNgt20_gen_scnd_leading_jet_had_b_DeltaRle1p0.pdf has been created
Info in <TCanvas::Print>: png file /eos/user/v/vveckaln/analysis_MC13TeV_TTJets_cflip/plots/L_pull_angle_PFNgt20_gen_scnd_leading_jet_had_b_DeltaRle1p0.png has been created
processing L_pull_angle_PFNgt20_gen_scnd_leading_jet_had_t_DeltaRTotal ***********************
Info in <TCanvas::Print>: pdf file /eos/user/v/vveckaln/analysis_MC13TeV_TTJets_cflip/plots/L_pull_angle_PFNgt20_gen_scnd_leading_jet_had_t_DeltaRTotal.pdf has been created
Info in <TCanvas::Print>: png file /eos/user/v/vveckaln/analysis_MC13TeV_TTJets_cflip/plots/L_pull_angle_PFNgt20_gen_scnd_leading_jet_had_t_DeltaRTotal.png has been created
processing L_pull_angle_PFNgt20_gen_scnd_leading_jet_had_t_DeltaRgt1p0 ***********************
Info in <TCanvas::Print>: pdf file /eos/user/v/vveckaln/analysis_MC13TeV_TTJets_cflip/plots/L_pull_angle_PFNgt20_gen_scnd_leading_jet_had_t_DeltaRgt1p0.pdf has been created
Info in <TCanvas::Print>: png file /eos/user/v/vveckaln/analysis_MC13TeV_TTJets_cflip/plots/L_pull_angle_PFNgt20_gen_scnd_leading_jet_had_t_DeltaRgt1p0.png has been created
processing L_pull_angle_PFNgt20_gen_scnd_leading_jet_had_t_DeltaRle1p0 ***********************
Info in <TCanvas::Print>: pdf file /eos/user/v/vveckaln/analysis_MC13TeV_TTJets_cflip/plots/L_pull_angle_PFNgt20_gen_scnd_leading_jet_had_t_DeltaRle1p0.pdf has been created
Info in <TCanvas::Print>: png file /eos/user/v/vveckaln/analysis_MC13TeV_TTJets_cflip/plots/L_pull_angle_PFNgt20_gen_scnd_leading_jet_had_t_DeltaRle1p0.png has been created
