klist
Ticket cache: FILE:/pool/condor/dir_10184/vveckaln.cc
Default principal: vveckaln@CERN.CH

Valid starting     Expires            Service principal
09/07/18 09:30:12  09/08/18 10:30:12  krbtgt/CERN.CH@CERN.CH
	renew until 09/12/18 08:47:41
09/07/18 09:33:00  09/08/18 10:30:12  afs/cern.ch@CERN.CH
	renew until 09/12/18 08:47:41
end klist
ls EOS
analysis_MC13TeV_TTJets
analysis_MC13TeV_TTJets_cflip
analysis_MC13TeV_TTJetsfix
analysis_MC13TeV_TTJets_herwig
analysis_MC13TeV_TTJetsswap
bins
cernbox
Chunks
Chunks_test
copy_test
data
flipped
flipped_old
LSF
merged_plots
migration
processing
reserve
rivet
rivet_results_23_March
rivet_test
rivet_test_21_March
SWAN_projects
test
unfolding_cflip_old
unfolding_-m
unfolding_nominal
unfolding_nominal_old
end ls EOS
EXIT_CODE_SCRAM 0
Error in <TFile::TFile>: file /eos/user/v/vveckaln/analysis_MC13TeV_TTJets/HADDChunks//MC13TeV_TTWToLNu.root does not exist
failed to open /eos/user/v/vveckaln/analysis_MC13TeV_TTJets/HADDChunks//MC13TeV_TTWToLNu.root
Error in <TFile::TFile>: file /eos/user/v/vveckaln/analysis_MC13TeV_TTJets/HADDChunks//MC13TeV_TTWToQQ.root does not exist
failed to open /eos/user/v/vveckaln/analysis_MC13TeV_TTJets/HADDChunks//MC13TeV_TTWToQQ.root
Info in <TCanvas::MakeDefCanvas>:  created default TCanvas with name c1
rm: cannot remove `/eos/user/v/vveckaln/analysis_MC13TeV_TTJets_cflip/plots/plotter_M3_1l4j2b_j0eta_syst.root': No such file or directory
processing E_chiblb2l_E_allconst_gen_allpart ***********************
Info in <TCanvas::Print>: pdf file /eos/user/v/vveckaln/analysis_MC13TeV_TTJets_cflip/plots/E_chiblb2l_E_allconst_gen_allpart.pdf has been created
Info in <TCanvas::Print>: png file /eos/user/v/vveckaln/analysis_MC13TeV_TTJets_cflip/plots/E_chiblb2l_E_allconst_gen_allpart.png has been created
processing E_chiblb2l_E_allconst_gen_jetprt ***********************
Info in <TCanvas::Print>: pdf file /eos/user/v/vveckaln/analysis_MC13TeV_TTJets_cflip/plots/E_chiblb2l_E_allconst_gen_jetprt.pdf has been created
Info in <TCanvas::Print>: png file /eos/user/v/vveckaln/analysis_MC13TeV_TTJets_cflip/plots/E_chiblb2l_E_allconst_gen_jetprt.png has been created
processing E_chiblb2l_E_allconst_reco_allpart ***********************
Info in <TCanvas::Print>: pdf file /eos/user/v/vveckaln/analysis_MC13TeV_TTJets_cflip/plots/E_chiblb2l_E_allconst_reco_allpart.pdf has been created
Info in <TCanvas::Print>: png file /eos/user/v/vveckaln/analysis_MC13TeV_TTJets_cflip/plots/E_chiblb2l_E_allconst_reco_allpart.png has been created
processing E_chiblb2l_E_allconst_reco_jetprt ***********************
Info in <TCanvas::Print>: pdf file /eos/user/v/vveckaln/analysis_MC13TeV_TTJets_cflip/plots/E_chiblb2l_E_allconst_reco_jetprt.pdf has been created
Info in <TCanvas::Print>: png file /eos/user/v/vveckaln/analysis_MC13TeV_TTJets_cflip/plots/E_chiblb2l_E_allconst_reco_jetprt.png has been created
processing E_chiblb2l_E_chconst_gen_allpart ***********************
Info in <TCanvas::Print>: pdf file /eos/user/v/vveckaln/analysis_MC13TeV_TTJets_cflip/plots/E_chiblb2l_E_chconst_gen_allpart.pdf has been created
Info in <TCanvas::Print>: png file /eos/user/v/vveckaln/analysis_MC13TeV_TTJets_cflip/plots/E_chiblb2l_E_chconst_gen_allpart.png has been created
processing E_chiblb2l_E_chconst_gen_jetprt ***********************
Info in <TCanvas::Print>: pdf file /eos/user/v/vveckaln/analysis_MC13TeV_TTJets_cflip/plots/E_chiblb2l_E_chconst_gen_jetprt.pdf has been created
Info in <TCanvas::Print>: png file /eos/user/v/vveckaln/analysis_MC13TeV_TTJets_cflip/plots/E_chiblb2l_E_chconst_gen_jetprt.png has been created
processing E_chiblb2l_E_chconst_reco_allpart ***********************
Info in <TCanvas::Print>: pdf file /eos/user/v/vveckaln/analysis_MC13TeV_TTJets_cflip/plots/E_chiblb2l_E_chconst_reco_allpart.pdf has been created
Info in <TCanvas::Print>: png file /eos/user/v/vveckaln/analysis_MC13TeV_TTJets_cflip/plots/E_chiblb2l_E_chconst_reco_allpart.png has been created
processing E_chiblb2l_E_chconst_reco_jetprt ***********************
Info in <TCanvas::Print>: pdf file /eos/user/v/vveckaln/analysis_MC13TeV_TTJets_cflip/plots/E_chiblb2l_E_chconst_reco_jetprt.pdf has been created
Info in <TCanvas::Print>: png file /eos/user/v/vveckaln/analysis_MC13TeV_TTJets_cflip/plots/E_chiblb2l_E_chconst_reco_jetprt.png has been created
processing E_chiblb2l_N_allconst_gen_allpart ***********************
Info in <TCanvas::Print>: pdf file /eos/user/v/vveckaln/analysis_MC13TeV_TTJets_cflip/plots/E_chiblb2l_N_allconst_gen_allpart.pdf has been created
Info in <TCanvas::Print>: png file /eos/user/v/vveckaln/analysis_MC13TeV_TTJets_cflip/plots/E_chiblb2l_N_allconst_gen_allpart.png has been created
processing E_chiblb2l_N_allconst_gen_jetprt ***********************
Info in <TCanvas::Print>: pdf file /eos/user/v/vveckaln/analysis_MC13TeV_TTJets_cflip/plots/E_chiblb2l_N_allconst_gen_jetprt.pdf has been created
Info in <TCanvas::Print>: png file /eos/user/v/vveckaln/analysis_MC13TeV_TTJets_cflip/plots/E_chiblb2l_N_allconst_gen_jetprt.png has been created
processing E_chiblb2l_N_allconst_reco_allpart ***********************
Info in <TCanvas::Print>: pdf file /eos/user/v/vveckaln/analysis_MC13TeV_TTJets_cflip/plots/E_chiblb2l_N_allconst_reco_allpart.pdf has been created
Info in <TCanvas::Print>: png file /eos/user/v/vveckaln/analysis_MC13TeV_TTJets_cflip/plots/E_chiblb2l_N_allconst_reco_allpart.png has been created
processing E_chiblb2l_N_allconst_reco_jetprt ***********************
Info in <TCanvas::Print>: pdf file /eos/user/v/vveckaln/analysis_MC13TeV_TTJets_cflip/plots/E_chiblb2l_N_allconst_reco_jetprt.pdf has been created
Info in <TCanvas::Print>: png file /eos/user/v/vveckaln/analysis_MC13TeV_TTJets_cflip/plots/E_chiblb2l_N_allconst_reco_jetprt.png has been created
processing E_chiblb2l_N_chconst_gen_allpart ***********************
Info in <TCanvas::Print>: pdf file /eos/user/v/vveckaln/analysis_MC13TeV_TTJets_cflip/plots/E_chiblb2l_N_chconst_gen_allpart.pdf has been created
Info in <TCanvas::Print>: png file /eos/user/v/vveckaln/analysis_MC13TeV_TTJets_cflip/plots/E_chiblb2l_N_chconst_gen_allpart.png has been created
processing E_chiblb2l_N_chconst_gen_jetprt ***********************
Info in <TCanvas::Print>: pdf file /eos/user/v/vveckaln/analysis_MC13TeV_TTJets_cflip/plots/E_chiblb2l_N_chconst_gen_jetprt.pdf has been created
Info in <TCanvas::Print>: png file /eos/user/v/vveckaln/analysis_MC13TeV_TTJets_cflip/plots/E_chiblb2l_N_chconst_gen_jetprt.png has been created
processing E_chiblb2l_N_chconst_reco_allpart ***********************
Info in <TCanvas::Print>: pdf file /eos/user/v/vveckaln/analysis_MC13TeV_TTJets_cflip/plots/E_chiblb2l_N_chconst_reco_allpart.pdf has been created
Info in <TCanvas::Print>: png file /eos/user/v/vveckaln/analysis_MC13TeV_TTJets_cflip/plots/E_chiblb2l_N_chconst_reco_allpart.png has been created
processing E_chiblb2l_N_chconst_reco_jetprt ***********************
Info in <TCanvas::Print>: pdf file /eos/user/v/vveckaln/analysis_MC13TeV_TTJets_cflip/plots/E_chiblb2l_N_chconst_reco_jetprt.pdf has been created
Info in <TCanvas::Print>: png file /eos/user/v/vveckaln/analysis_MC13TeV_TTJets_cflip/plots/E_chiblb2l_N_chconst_reco_jetprt.png has been created
processing E_chiblb2l_Pt_allconst_gen_allpart ***********************
totalMC.Integral() == 0.0 is True
self.dataH.Integral() == 0.0 is True
processing E_chiblb2l_Pt_allconst_gen_jetprt ***********************
Info in <TCanvas::Print>: pdf file /eos/user/v/vveckaln/analysis_MC13TeV_TTJets_cflip/plots/E_chiblb2l_Pt_allconst_gen_jetprt.pdf has been created
Info in <TCanvas::Print>: png file /eos/user/v/vveckaln/analysis_MC13TeV_TTJets_cflip/plots/E_chiblb2l_Pt_allconst_gen_jetprt.png has been created
processing E_chiblb2l_Pt_allconst_reco_allpart ***********************
totalMC.Integral() == 0.0 is True
self.dataH.Integral() == 0.0 is True
processing E_chiblb2l_Pt_allconst_reco_jetprt ***********************
Info in <TCanvas::Print>: pdf file /eos/user/v/vveckaln/analysis_MC13TeV_TTJets_cflip/plots/E_chiblb2l_Pt_allconst_reco_jetprt.pdf has been created
Info in <TCanvas::Print>: png file /eos/user/v/vveckaln/analysis_MC13TeV_TTJets_cflip/plots/E_chiblb2l_Pt_allconst_reco_jetprt.png has been created
processing E_chiblb2l_Pt_chconst_gen_allpart ***********************
totalMC.Integral() == 0.0 is True
self.dataH.Integral() == 0.0 is True
processing E_chiblb2l_Pt_chconst_gen_jetprt ***********************
Info in <TCanvas::Print>: pdf file /eos/user/v/vveckaln/analysis_MC13TeV_TTJets_cflip/plots/E_chiblb2l_Pt_chconst_gen_jetprt.pdf has been created
Info in <TCanvas::Print>: png file /eos/user/v/vveckaln/analysis_MC13TeV_TTJets_cflip/plots/E_chiblb2l_Pt_chconst_gen_jetprt.png has been created
processing E_chiblb2l_Pt_chconst_reco_allpart ***********************
totalMC.Integral() == 0.0 is True
self.dataH.Integral() == 0.0 is True
processing E_chiblb2l_Pt_chconst_reco_jetprt ***********************
Info in <TCanvas::Print>: pdf file /eos/user/v/vveckaln/analysis_MC13TeV_TTJets_cflip/plots/E_chiblb2l_Pt_chconst_reco_jetprt.pdf has been created
Info in <TCanvas::Print>: png file /eos/user/v/vveckaln/analysis_MC13TeV_TTJets_cflip/plots/E_chiblb2l_Pt_chconst_reco_jetprt.png has been created
processing E_chihbqc_E_allconst_gen_allpart ***********************
Info in <TCanvas::Print>: pdf file /eos/user/v/vveckaln/analysis_MC13TeV_TTJets_cflip/plots/E_chihbqc_E_allconst_gen_allpart.pdf has been created
Info in <TCanvas::Print>: png file /eos/user/v/vveckaln/analysis_MC13TeV_TTJets_cflip/plots/E_chihbqc_E_allconst_gen_allpart.png has been created
processing E_chihbqc_E_allconst_gen_jetprt ***********************
Info in <TCanvas::Print>: pdf file /eos/user/v/vveckaln/analysis_MC13TeV_TTJets_cflip/plots/E_chihbqc_E_allconst_gen_jetprt.pdf has been created
Info in <TCanvas::Print>: png file /eos/user/v/vveckaln/analysis_MC13TeV_TTJets_cflip/plots/E_chihbqc_E_allconst_gen_jetprt.png has been created
processing E_chihbqc_E_allconst_reco_allpart ***********************
Info in <TCanvas::Print>: pdf file /eos/user/v/vveckaln/analysis_MC13TeV_TTJets_cflip/plots/E_chihbqc_E_allconst_reco_allpart.pdf has been created
Info in <TCanvas::Print>: png file /eos/user/v/vveckaln/analysis_MC13TeV_TTJets_cflip/plots/E_chihbqc_E_allconst_reco_allpart.png has been created
processing E_chihbqc_E_allconst_reco_jetprt ***********************
Info in <TCanvas::Print>: pdf file /eos/user/v/vveckaln/analysis_MC13TeV_TTJets_cflip/plots/E_chihbqc_E_allconst_reco_jetprt.pdf has been created
Info in <TCanvas::Print>: png file /eos/user/v/vveckaln/analysis_MC13TeV_TTJets_cflip/plots/E_chihbqc_E_allconst_reco_jetprt.png has been created
processing E_chihbqc_E_chconst_gen_allpart ***********************
Info in <TCanvas::Print>: pdf file /eos/user/v/vveckaln/analysis_MC13TeV_TTJets_cflip/plots/E_chihbqc_E_chconst_gen_allpart.pdf has been created
Info in <TCanvas::Print>: png file /eos/user/v/vveckaln/analysis_MC13TeV_TTJets_cflip/plots/E_chihbqc_E_chconst_gen_allpart.png has been created
processing E_chihbqc_E_chconst_gen_jetprt ***********************
Info in <TCanvas::Print>: pdf file /eos/user/v/vveckaln/analysis_MC13TeV_TTJets_cflip/plots/E_chihbqc_E_chconst_gen_jetprt.pdf has been created
Info in <TCanvas::Print>: png file /eos/user/v/vveckaln/analysis_MC13TeV_TTJets_cflip/plots/E_chihbqc_E_chconst_gen_jetprt.png has been created
processing E_chihbqc_E_chconst_reco_allpart ***********************
Info in <TCanvas::Print>: pdf file /eos/user/v/vveckaln/analysis_MC13TeV_TTJets_cflip/plots/E_chihbqc_E_chconst_reco_allpart.pdf has been created
Info in <TCanvas::Print>: png file /eos/user/v/vveckaln/analysis_MC13TeV_TTJets_cflip/plots/E_chihbqc_E_chconst_reco_allpart.png has been created
processing E_chihbqc_E_chconst_reco_jetprt ***********************
Info in <TCanvas::Print>: pdf file /eos/user/v/vveckaln/analysis_MC13TeV_TTJets_cflip/plots/E_chihbqc_E_chconst_reco_jetprt.pdf has been created
Info in <TCanvas::Print>: png file /eos/user/v/vveckaln/analysis_MC13TeV_TTJets_cflip/plots/E_chihbqc_E_chconst_reco_jetprt.png has been created
processing E_chihbqc_N_allconst_gen_allpart ***********************
Info in <TCanvas::Print>: pdf file /eos/user/v/vveckaln/analysis_MC13TeV_TTJets_cflip/plots/E_chihbqc_N_allconst_gen_allpart.pdf has been created
Info in <TCanvas::Print>: png file /eos/user/v/vveckaln/analysis_MC13TeV_TTJets_cflip/plots/E_chihbqc_N_allconst_gen_allpart.png has been created
processing E_chihbqc_N_allconst_gen_jetprt ***********************
Info in <TCanvas::Print>: pdf file /eos/user/v/vveckaln/analysis_MC13TeV_TTJets_cflip/plots/E_chihbqc_N_allconst_gen_jetprt.pdf has been created
Info in <TCanvas::Print>: png file /eos/user/v/vveckaln/analysis_MC13TeV_TTJets_cflip/plots/E_chihbqc_N_allconst_gen_jetprt.png has been created
processing E_chihbqc_N_allconst_reco_allpart ***********************
Info in <TCanvas::Print>: pdf file /eos/user/v/vveckaln/analysis_MC13TeV_TTJets_cflip/plots/E_chihbqc_N_allconst_reco_allpart.pdf has been created
Info in <TCanvas::Print>: png file /eos/user/v/vveckaln/analysis_MC13TeV_TTJets_cflip/plots/E_chihbqc_N_allconst_reco_allpart.png has been created
processing E_chihbqc_N_allconst_reco_jetprt ***********************
Info in <TCanvas::Print>: pdf file /eos/user/v/vveckaln/analysis_MC13TeV_TTJets_cflip/plots/E_chihbqc_N_allconst_reco_jetprt.pdf has been created
Info in <TCanvas::Print>: png file /eos/user/v/vveckaln/analysis_MC13TeV_TTJets_cflip/plots/E_chihbqc_N_allconst_reco_jetprt.png has been created
processing E_chihbqc_N_chconst_gen_allpart ***********************
Info in <TCanvas::Print>: pdf file /eos/user/v/vveckaln/analysis_MC13TeV_TTJets_cflip/plots/E_chihbqc_N_chconst_gen_allpart.pdf has been created
Info in <TCanvas::Print>: png file /eos/user/v/vveckaln/analysis_MC13TeV_TTJets_cflip/plots/E_chihbqc_N_chconst_gen_allpart.png has been created
processing E_chihbqc_N_chconst_gen_jetprt ***********************
Info in <TCanvas::Print>: pdf file /eos/user/v/vveckaln/analysis_MC13TeV_TTJets_cflip/plots/E_chihbqc_N_chconst_gen_jetprt.pdf has been created
Info in <TCanvas::Print>: png file /eos/user/v/vveckaln/analysis_MC13TeV_TTJets_cflip/plots/E_chihbqc_N_chconst_gen_jetprt.png has been created
processing E_chihbqc_N_chconst_reco_allpart ***********************
Info in <TCanvas::Print>: pdf file /eos/user/v/vveckaln/analysis_MC13TeV_TTJets_cflip/plots/E_chihbqc_N_chconst_reco_allpart.pdf has been created
Info in <TCanvas::Print>: png file /eos/user/v/vveckaln/analysis_MC13TeV_TTJets_cflip/plots/E_chihbqc_N_chconst_reco_allpart.png has been created
processing E_chihbqc_N_chconst_reco_jetprt ***********************
Info in <TCanvas::Print>: pdf file /eos/user/v/vveckaln/analysis_MC13TeV_TTJets_cflip/plots/E_chihbqc_N_chconst_reco_jetprt.pdf has been created
Info in <TCanvas::Print>: png file /eos/user/v/vveckaln/analysis_MC13TeV_TTJets_cflip/plots/E_chihbqc_N_chconst_reco_jetprt.png has been created
processing E_chihbqc_Pt_allconst_gen_allpart ***********************
totalMC.Integral() == 0.0 is True
self.dataH.Integral() == 0.0 is True
processing E_chihbqc_Pt_allconst_gen_jetprt ***********************
Info in <TCanvas::Print>: pdf file /eos/user/v/vveckaln/analysis_MC13TeV_TTJets_cflip/plots/E_chihbqc_Pt_allconst_gen_jetprt.pdf has been created
Info in <TCanvas::Print>: png file /eos/user/v/vveckaln/analysis_MC13TeV_TTJets_cflip/plots/E_chihbqc_Pt_allconst_gen_jetprt.png has been created
processing E_chihbqc_Pt_allconst_reco_allpart ***********************
totalMC.Integral() == 0.0 is True
self.dataH.Integral() == 0.0 is True
processing E_chihbqc_Pt_allconst_reco_jetprt ***********************
Info in <TCanvas::Print>: pdf file /eos/user/v/vveckaln/analysis_MC13TeV_TTJets_cflip/plots/E_chihbqc_Pt_allconst_reco_jetprt.pdf has been created
Info in <TCanvas::Print>: png file /eos/user/v/vveckaln/analysis_MC13TeV_TTJets_cflip/plots/E_chihbqc_Pt_allconst_reco_jetprt.png has been created
processing E_chihbqc_Pt_chconst_gen_allpart ***********************
totalMC.Integral() == 0.0 is True
self.dataH.Integral() == 0.0 is True
processing E_chihbqc_Pt_chconst_gen_jetprt ***********************
Info in <TCanvas::Print>: pdf file /eos/user/v/vveckaln/analysis_MC13TeV_TTJets_cflip/plots/E_chihbqc_Pt_chconst_gen_jetprt.pdf has been created
Info in <TCanvas::Print>: png file /eos/user/v/vveckaln/analysis_MC13TeV_TTJets_cflip/plots/E_chihbqc_Pt_chconst_gen_jetprt.png has been created
processing E_chihbqc_Pt_chconst_reco_allpart ***********************
totalMC.Integral() == 0.0 is True
self.dataH.Integral() == 0.0 is True
processing E_chihbqc_Pt_chconst_reco_jetprt ***********************
Info in <TCanvas::Print>: pdf file /eos/user/v/vveckaln/analysis_MC13TeV_TTJets_cflip/plots/E_chihbqc_Pt_chconst_reco_jetprt.pdf has been created
Info in <TCanvas::Print>: png file /eos/user/v/vveckaln/analysis_MC13TeV_TTJets_cflip/plots/E_chihbqc_Pt_chconst_reco_jetprt.png has been created
processing E_chihbqf_E_allconst_gen_allpart ***********************
Info in <TCanvas::Print>: pdf file /eos/user/v/vveckaln/analysis_MC13TeV_TTJets_cflip/plots/E_chihbqf_E_allconst_gen_allpart.pdf has been created
Info in <TCanvas::Print>: png file /eos/user/v/vveckaln/analysis_MC13TeV_TTJets_cflip/plots/E_chihbqf_E_allconst_gen_allpart.png has been created
processing E_chihbqf_E_allconst_gen_jetprt ***********************
Info in <TCanvas::Print>: pdf file /eos/user/v/vveckaln/analysis_MC13TeV_TTJets_cflip/plots/E_chihbqf_E_allconst_gen_jetprt.pdf has been created
Info in <TCanvas::Print>: png file /eos/user/v/vveckaln/analysis_MC13TeV_TTJets_cflip/plots/E_chihbqf_E_allconst_gen_jetprt.png has been created
processing M3_1l4j2b_j0eta ***********************
processing M3_1l4j2b_j0pt ***********************
processing M3_1l4j2b_j1eta ***********************
processing M3_1l4j2b_j1pt ***********************
processing M3_1l4j2b_j2eta ***********************
processing M3_1l4j2b_j2pt ***********************
processing M3_1l4j2b_j3eta ***********************
processing M3_1l4j2b_j3pt ***********************
processing M3_1l4j2b_j4eta ***********************
processing M3_1l4j2b_j4pt ***********************
processing M3_1l4j2b_j5eta ***********************
processing M3_1l4j2b_j5pt ***********************
processing M3_1l4j2b_l0eta ***********************
processing M3_1l4j2b_l0pt ***********************
processing M3_1l4j2b_met ***********************
processing M3_1l4j2b_nbjets ***********************
processing M3_1l4j2b_njets ***********************
processing M3_1l4j2b_nleps ***********************
processing M3_1l4j2b_nvtx ***********************
processing M3_1l4j2b_nwjets ***********************
processing M3_1l4j2b_tcandm ***********************
processing M3_1l4j2b_tcandwcutm ***********************
processing M3_1l4j2b_wcandm ***********************
processing M4_1l4j2b2w_j0eta ***********************
processing M4_1l4j2b2w_j0pt ***********************
processing M4_1l4j2b2w_j1eta ***********************
processing M4_1l4j2b2w_j1pt ***********************
processing M4_1l4j2b2w_j2eta ***********************
processing M4_1l4j2b2w_j2pt ***********************
processing M4_1l4j2b2w_j3eta ***********************
processing M4_1l4j2b2w_j3pt ***********************
processing M4_1l4j2b2w_j4eta ***********************
processing M4_1l4j2b2w_j4pt ***********************
processing M4_1l4j2b2w_j5eta ***********************
processing M4_1l4j2b2w_j5pt ***********************
processing M4_1l4j2b2w_l0eta ***********************
processing M4_1l4j2b2w_l0pt ***********************
processing M4_1l4j2b2w_met ***********************
processing M4_1l4j2b2w_nbjets ***********************
processing M4_1l4j2b2w_njets ***********************
processing M4_1l4j2b2w_nleps ***********************
processing M4_1l4j2b2w_nvtx ***********************
processing M4_1l4j2b2w_nwjets ***********************
processing M4_1l4j2b2w_tcandm ***********************
processing M4_1l4j2b2w_tcandwcutm ***********************
processing M4_1l4j2b2w_wcandm ***********************
