klist
Ticket cache: FILE:/pool/condor/dir_25406/vveckaln.cc
Default principal: vveckaln@CERN.CH

Valid starting     Expires            Service principal
09/07/18 09:30:12  09/08/18 10:30:12  krbtgt/CERN.CH@CERN.CH
	renew until 09/12/18 08:47:41
09/07/18 09:33:12  09/08/18 10:30:12  afs/cern.ch@CERN.CH
	renew until 09/12/18 08:47:41
end klist
ls EOS
analysis_MC13TeV_TTJets
analysis_MC13TeV_TTJets_cflip
analysis_MC13TeV_TTJetsfix
analysis_MC13TeV_TTJets_herwig
analysis_MC13TeV_TTJetsswap
bins
cernbox
Chunks
Chunks_test
copy_test
data
flipped
flipped_old
LSF
merged_plots
migration
processing
reserve
rivet
rivet_results_23_March
rivet_test
rivet_test_21_March
SWAN_projects
test
unfolding_cflip_old
unfolding_-m
unfolding_nominal
unfolding_nominal_old
end ls EOS
EXIT_CODE_SCRAM 0
Error in <TFile::TFile>: file /eos/user/v/vveckaln/analysis_MC13TeV_TTJets/HADDChunks//MC13TeV_TTWToLNu.root does not exist
failed to open /eos/user/v/vveckaln/analysis_MC13TeV_TTJets/HADDChunks//MC13TeV_TTWToLNu.root
Error in <TFile::TFile>: file /eos/user/v/vveckaln/analysis_MC13TeV_TTJets/HADDChunks//MC13TeV_TTWToQQ.root does not exist
failed to open /eos/user/v/vveckaln/analysis_MC13TeV_TTJets/HADDChunks//MC13TeV_TTWToQQ.root
rm: cannot remove `/eos/user/v/vveckaln/analysis_MC13TeV_TTJets_cflip/plots/plotter_M_chiblb2l_N_allconst_reco_allpart.root': No such file or directory
processing M_chiblb2l_N_allconst_reco_allpart ***********************
Info in <TCanvas::Print>: pdf file /eos/user/v/vveckaln/analysis_MC13TeV_TTJets_cflip/plots/M_chiblb2l_N_allconst_reco_allpart.pdf has been created
Info in <TCanvas::Print>: png file /eos/user/v/vveckaln/analysis_MC13TeV_TTJets_cflip/plots/M_chiblb2l_N_allconst_reco_allpart.png has been created
processing M_chiblb2l_N_allconst_reco_jetprt ***********************
Info in <TCanvas::Print>: pdf file /eos/user/v/vveckaln/analysis_MC13TeV_TTJets_cflip/plots/M_chiblb2l_N_allconst_reco_jetprt.pdf has been created
Info in <TCanvas::Print>: png file /eos/user/v/vveckaln/analysis_MC13TeV_TTJets_cflip/plots/M_chiblb2l_N_allconst_reco_jetprt.png has been created
processing M_chiblb2l_N_chconst_gen_allpart ***********************
Info in <TCanvas::Print>: pdf file /eos/user/v/vveckaln/analysis_MC13TeV_TTJets_cflip/plots/M_chiblb2l_N_chconst_gen_allpart.pdf has been created
Info in <TCanvas::Print>: png file /eos/user/v/vveckaln/analysis_MC13TeV_TTJets_cflip/plots/M_chiblb2l_N_chconst_gen_allpart.png has been created
processing M_chiblb2l_N_chconst_gen_jetprt ***********************
Info in <TCanvas::Print>: pdf file /eos/user/v/vveckaln/analysis_MC13TeV_TTJets_cflip/plots/M_chiblb2l_N_chconst_gen_jetprt.pdf has been created
Info in <TCanvas::Print>: png file /eos/user/v/vveckaln/analysis_MC13TeV_TTJets_cflip/plots/M_chiblb2l_N_chconst_gen_jetprt.png has been created
processing M_chiblb2l_N_chconst_reco_allpart ***********************
Info in <TCanvas::Print>: pdf file /eos/user/v/vveckaln/analysis_MC13TeV_TTJets_cflip/plots/M_chiblb2l_N_chconst_reco_allpart.pdf has been created
Info in <TCanvas::Print>: png file /eos/user/v/vveckaln/analysis_MC13TeV_TTJets_cflip/plots/M_chiblb2l_N_chconst_reco_allpart.png has been created
processing M_chiblb2l_N_chconst_reco_jetprt ***********************
Info in <TCanvas::Print>: pdf file /eos/user/v/vveckaln/analysis_MC13TeV_TTJets_cflip/plots/M_chiblb2l_N_chconst_reco_jetprt.pdf has been created
Info in <TCanvas::Print>: png file /eos/user/v/vveckaln/analysis_MC13TeV_TTJets_cflip/plots/M_chiblb2l_N_chconst_reco_jetprt.png has been created
processing M_chiblb2l_Pt_allconst_gen_allpart ***********************
totalMC.Integral() == 0.0 is True
self.dataH.Integral() == 0.0 is True
processing M_chiblb2l_Pt_allconst_gen_jetprt ***********************
Info in <TCanvas::Print>: pdf file /eos/user/v/vveckaln/analysis_MC13TeV_TTJets_cflip/plots/M_chiblb2l_Pt_allconst_gen_jetprt.pdf has been created
Info in <TCanvas::Print>: png file /eos/user/v/vveckaln/analysis_MC13TeV_TTJets_cflip/plots/M_chiblb2l_Pt_allconst_gen_jetprt.png has been created
processing M_chiblb2l_Pt_allconst_reco_allpart ***********************
totalMC.Integral() == 0.0 is True
self.dataH.Integral() == 0.0 is True
processing M_chiblb2l_Pt_allconst_reco_jetprt ***********************
Info in <TCanvas::Print>: pdf file /eos/user/v/vveckaln/analysis_MC13TeV_TTJets_cflip/plots/M_chiblb2l_Pt_allconst_reco_jetprt.pdf has been created
Info in <TCanvas::Print>: png file /eos/user/v/vveckaln/analysis_MC13TeV_TTJets_cflip/plots/M_chiblb2l_Pt_allconst_reco_jetprt.png has been created
processing M_chiblb2l_Pt_chconst_gen_allpart ***********************
totalMC.Integral() == 0.0 is True
self.dataH.Integral() == 0.0 is True
processing M_chiblb2l_Pt_chconst_gen_jetprt ***********************
Info in <TCanvas::Print>: pdf file /eos/user/v/vveckaln/analysis_MC13TeV_TTJets_cflip/plots/M_chiblb2l_Pt_chconst_gen_jetprt.pdf has been created
Info in <TCanvas::Print>: png file /eos/user/v/vveckaln/analysis_MC13TeV_TTJets_cflip/plots/M_chiblb2l_Pt_chconst_gen_jetprt.png has been created
processing M_chiblb2l_Pt_chconst_reco_allpart ***********************
totalMC.Integral() == 0.0 is True
self.dataH.Integral() == 0.0 is True
processing M_chiblb2l_Pt_chconst_reco_jetprt ***********************
Info in <TCanvas::Print>: pdf file /eos/user/v/vveckaln/analysis_MC13TeV_TTJets_cflip/plots/M_chiblb2l_Pt_chconst_reco_jetprt.pdf has been created
Info in <TCanvas::Print>: png file /eos/user/v/vveckaln/analysis_MC13TeV_TTJets_cflip/plots/M_chiblb2l_Pt_chconst_reco_jetprt.png has been created
processing M_chihbqc_E_allconst_gen_allpart ***********************
Info in <TCanvas::Print>: pdf file /eos/user/v/vveckaln/analysis_MC13TeV_TTJets_cflip/plots/M_chihbqc_E_allconst_gen_allpart.pdf has been created
Info in <TCanvas::Print>: png file /eos/user/v/vveckaln/analysis_MC13TeV_TTJets_cflip/plots/M_chihbqc_E_allconst_gen_allpart.png has been created
processing M_chihbqc_E_allconst_gen_jetprt ***********************
Info in <TCanvas::Print>: pdf file /eos/user/v/vveckaln/analysis_MC13TeV_TTJets_cflip/plots/M_chihbqc_E_allconst_gen_jetprt.pdf has been created
Info in <TCanvas::Print>: png file /eos/user/v/vveckaln/analysis_MC13TeV_TTJets_cflip/plots/M_chihbqc_E_allconst_gen_jetprt.png has been created
processing M_chihbqc_E_allconst_reco_allpart ***********************
Info in <TCanvas::Print>: pdf file /eos/user/v/vveckaln/analysis_MC13TeV_TTJets_cflip/plots/M_chihbqc_E_allconst_reco_allpart.pdf has been created
Info in <TCanvas::Print>: png file /eos/user/v/vveckaln/analysis_MC13TeV_TTJets_cflip/plots/M_chihbqc_E_allconst_reco_allpart.png has been created
processing M_chihbqc_E_allconst_reco_jetprt ***********************
Info in <TCanvas::Print>: pdf file /eos/user/v/vveckaln/analysis_MC13TeV_TTJets_cflip/plots/M_chihbqc_E_allconst_reco_jetprt.pdf has been created
Info in <TCanvas::Print>: png file /eos/user/v/vveckaln/analysis_MC13TeV_TTJets_cflip/plots/M_chihbqc_E_allconst_reco_jetprt.png has been created
processing M_chihbqc_E_chconst_gen_allpart ***********************
Info in <TCanvas::Print>: pdf file /eos/user/v/vveckaln/analysis_MC13TeV_TTJets_cflip/plots/M_chihbqc_E_chconst_gen_allpart.pdf has been created
Info in <TCanvas::Print>: png file /eos/user/v/vveckaln/analysis_MC13TeV_TTJets_cflip/plots/M_chihbqc_E_chconst_gen_allpart.png has been created
processing M_chihbqc_E_chconst_gen_jetprt ***********************
Info in <TCanvas::Print>: pdf file /eos/user/v/vveckaln/analysis_MC13TeV_TTJets_cflip/plots/M_chihbqc_E_chconst_gen_jetprt.pdf has been created
Info in <TCanvas::Print>: png file /eos/user/v/vveckaln/analysis_MC13TeV_TTJets_cflip/plots/M_chihbqc_E_chconst_gen_jetprt.png has been created
processing M_chihbqc_E_chconst_reco_allpart ***********************
Info in <TCanvas::Print>: pdf file /eos/user/v/vveckaln/analysis_MC13TeV_TTJets_cflip/plots/M_chihbqc_E_chconst_reco_allpart.pdf has been created
Info in <TCanvas::Print>: png file /eos/user/v/vveckaln/analysis_MC13TeV_TTJets_cflip/plots/M_chihbqc_E_chconst_reco_allpart.png has been created
processing M_chihbqc_E_chconst_reco_jetprt ***********************
Info in <TCanvas::Print>: pdf file /eos/user/v/vveckaln/analysis_MC13TeV_TTJets_cflip/plots/M_chihbqc_E_chconst_reco_jetprt.pdf has been created
Info in <TCanvas::Print>: png file /eos/user/v/vveckaln/analysis_MC13TeV_TTJets_cflip/plots/M_chihbqc_E_chconst_reco_jetprt.png has been created
processing M_chihbqc_N_allconst_gen_allpart ***********************
Info in <TCanvas::Print>: pdf file /eos/user/v/vveckaln/analysis_MC13TeV_TTJets_cflip/plots/M_chihbqc_N_allconst_gen_allpart.pdf has been created
Info in <TCanvas::Print>: png file /eos/user/v/vveckaln/analysis_MC13TeV_TTJets_cflip/plots/M_chihbqc_N_allconst_gen_allpart.png has been created
processing M_chihbqc_N_allconst_gen_jetprt ***********************
Info in <TCanvas::Print>: pdf file /eos/user/v/vveckaln/analysis_MC13TeV_TTJets_cflip/plots/M_chihbqc_N_allconst_gen_jetprt.pdf has been created
Info in <TCanvas::Print>: png file /eos/user/v/vveckaln/analysis_MC13TeV_TTJets_cflip/plots/M_chihbqc_N_allconst_gen_jetprt.png has been created
processing M_chihbqc_N_allconst_reco_allpart ***********************
Info in <TCanvas::Print>: pdf file /eos/user/v/vveckaln/analysis_MC13TeV_TTJets_cflip/plots/M_chihbqc_N_allconst_reco_allpart.pdf has been created
Info in <TCanvas::Print>: png file /eos/user/v/vveckaln/analysis_MC13TeV_TTJets_cflip/plots/M_chihbqc_N_allconst_reco_allpart.png has been created
processing M_chihbqc_N_allconst_reco_jetprt ***********************
Info in <TCanvas::Print>: pdf file /eos/user/v/vveckaln/analysis_MC13TeV_TTJets_cflip/plots/M_chihbqc_N_allconst_reco_jetprt.pdf has been created
Info in <TCanvas::Print>: png file /eos/user/v/vveckaln/analysis_MC13TeV_TTJets_cflip/plots/M_chihbqc_N_allconst_reco_jetprt.png has been created
processing M_chihbqc_N_chconst_gen_allpart ***********************
Info in <TCanvas::Print>: pdf file /eos/user/v/vveckaln/analysis_MC13TeV_TTJets_cflip/plots/M_chihbqc_N_chconst_gen_allpart.pdf has been created
Info in <TCanvas::Print>: png file /eos/user/v/vveckaln/analysis_MC13TeV_TTJets_cflip/plots/M_chihbqc_N_chconst_gen_allpart.png has been created
processing M_chihbqc_N_chconst_gen_jetprt ***********************
Info in <TCanvas::Print>: pdf file /eos/user/v/vveckaln/analysis_MC13TeV_TTJets_cflip/plots/M_chihbqc_N_chconst_gen_jetprt.pdf has been created
Info in <TCanvas::Print>: png file /eos/user/v/vveckaln/analysis_MC13TeV_TTJets_cflip/plots/M_chihbqc_N_chconst_gen_jetprt.png has been created
processing M_chihbqc_N_chconst_reco_allpart ***********************
Info in <TCanvas::Print>: pdf file /eos/user/v/vveckaln/analysis_MC13TeV_TTJets_cflip/plots/M_chihbqc_N_chconst_reco_allpart.pdf has been created
Info in <TCanvas::Print>: png file /eos/user/v/vveckaln/analysis_MC13TeV_TTJets_cflip/plots/M_chihbqc_N_chconst_reco_allpart.png has been created
processing M_chihbqc_N_chconst_reco_jetprt ***********************
Info in <TCanvas::Print>: pdf file /eos/user/v/vveckaln/analysis_MC13TeV_TTJets_cflip/plots/M_chihbqc_N_chconst_reco_jetprt.pdf has been created
Info in <TCanvas::Print>: png file /eos/user/v/vveckaln/analysis_MC13TeV_TTJets_cflip/plots/M_chihbqc_N_chconst_reco_jetprt.png has been created
processing M_chihbqc_Pt_allconst_gen_allpart ***********************
totalMC.Integral() == 0.0 is True
self.dataH.Integral() == 0.0 is True
processing M_chihbqc_Pt_allconst_gen_jetprt ***********************
Info in <TCanvas::Print>: pdf file /eos/user/v/vveckaln/analysis_MC13TeV_TTJets_cflip/plots/M_chihbqc_Pt_allconst_gen_jetprt.pdf has been created
Info in <TCanvas::Print>: png file /eos/user/v/vveckaln/analysis_MC13TeV_TTJets_cflip/plots/M_chihbqc_Pt_allconst_gen_jetprt.png has been created
processing M_chihbqc_Pt_allconst_reco_allpart ***********************
totalMC.Integral() == 0.0 is True
self.dataH.Integral() == 0.0 is True
processing M_chihbqc_Pt_allconst_reco_jetprt ***********************
Info in <TCanvas::Print>: pdf file /eos/user/v/vveckaln/analysis_MC13TeV_TTJets_cflip/plots/M_chihbqc_Pt_allconst_reco_jetprt.pdf has been created
Info in <TCanvas::Print>: png file /eos/user/v/vveckaln/analysis_MC13TeV_TTJets_cflip/plots/M_chihbqc_Pt_allconst_reco_jetprt.png has been created
processing M_chihbqc_Pt_chconst_gen_allpart ***********************
totalMC.Integral() == 0.0 is True
self.dataH.Integral() == 0.0 is True
processing M_chihbqc_Pt_chconst_gen_jetprt ***********************
Info in <TCanvas::Print>: pdf file /eos/user/v/vveckaln/analysis_MC13TeV_TTJets_cflip/plots/M_chihbqc_Pt_chconst_gen_jetprt.pdf has been created
Info in <TCanvas::Print>: png file /eos/user/v/vveckaln/analysis_MC13TeV_TTJets_cflip/plots/M_chihbqc_Pt_chconst_gen_jetprt.png has been created
processing M_chihbqc_Pt_chconst_reco_allpart ***********************
totalMC.Integral() == 0.0 is True
self.dataH.Integral() == 0.0 is True
processing M_chihbqc_Pt_chconst_reco_jetprt ***********************
Info in <TCanvas::Print>: pdf file /eos/user/v/vveckaln/analysis_MC13TeV_TTJets_cflip/plots/M_chihbqc_Pt_chconst_reco_jetprt.pdf has been created
Info in <TCanvas::Print>: png file /eos/user/v/vveckaln/analysis_MC13TeV_TTJets_cflip/plots/M_chihbqc_Pt_chconst_reco_jetprt.png has been created
processing M_chihbqf_E_allconst_gen_allpart ***********************
Info in <TCanvas::Print>: pdf file /eos/user/v/vveckaln/analysis_MC13TeV_TTJets_cflip/plots/M_chihbqf_E_allconst_gen_allpart.pdf has been created
Info in <TCanvas::Print>: png file /eos/user/v/vveckaln/analysis_MC13TeV_TTJets_cflip/plots/M_chihbqf_E_allconst_gen_allpart.png has been created
processing M_chihbqf_E_allconst_gen_jetprt ***********************
Info in <TCanvas::Print>: pdf file /eos/user/v/vveckaln/analysis_MC13TeV_TTJets_cflip/plots/M_chihbqf_E_allconst_gen_jetprt.pdf has been created
Info in <TCanvas::Print>: png file /eos/user/v/vveckaln/analysis_MC13TeV_TTJets_cflip/plots/M_chihbqf_E_allconst_gen_jetprt.png has been created
processing M_chihbqf_E_allconst_reco_allpart ***********************
Info in <TCanvas::Print>: pdf file /eos/user/v/vveckaln/analysis_MC13TeV_TTJets_cflip/plots/M_chihbqf_E_allconst_reco_allpart.pdf has been created
Info in <TCanvas::Print>: png file /eos/user/v/vveckaln/analysis_MC13TeV_TTJets_cflip/plots/M_chihbqf_E_allconst_reco_allpart.png has been created
processing M_chihbqf_E_allconst_reco_jetprt ***********************
Info in <TCanvas::Print>: pdf file /eos/user/v/vveckaln/analysis_MC13TeV_TTJets_cflip/plots/M_chihbqf_E_allconst_reco_jetprt.pdf has been created
Info in <TCanvas::Print>: png file /eos/user/v/vveckaln/analysis_MC13TeV_TTJets_cflip/plots/M_chihbqf_E_allconst_reco_jetprt.png has been created
processing M_chihbqf_E_chconst_gen_allpart ***********************
Info in <TCanvas::Print>: pdf file /eos/user/v/vveckaln/analysis_MC13TeV_TTJets_cflip/plots/M_chihbqf_E_chconst_gen_allpart.pdf has been created
Info in <TCanvas::Print>: png file /eos/user/v/vveckaln/analysis_MC13TeV_TTJets_cflip/plots/M_chihbqf_E_chconst_gen_allpart.png has been created
processing M_chihbqf_E_chconst_gen_jetprt ***********************
Info in <TCanvas::Print>: pdf file /eos/user/v/vveckaln/analysis_MC13TeV_TTJets_cflip/plots/M_chihbqf_E_chconst_gen_jetprt.pdf has been created
Info in <TCanvas::Print>: png file /eos/user/v/vveckaln/analysis_MC13TeV_TTJets_cflip/plots/M_chihbqf_E_chconst_gen_jetprt.png has been created
processing M_chihbqf_E_chconst_reco_allpart ***********************
Info in <TCanvas::Print>: pdf file /eos/user/v/vveckaln/analysis_MC13TeV_TTJets_cflip/plots/M_chihbqf_E_chconst_reco_allpart.pdf has been created
Info in <TCanvas::Print>: png file /eos/user/v/vveckaln/analysis_MC13TeV_TTJets_cflip/plots/M_chihbqf_E_chconst_reco_allpart.png has been created
processing M_chihbqf_E_chconst_reco_jetprt ***********************
Info in <TCanvas::Print>: pdf file /eos/user/v/vveckaln/analysis_MC13TeV_TTJets_cflip/plots/M_chihbqf_E_chconst_reco_jetprt.pdf has been created
Info in <TCanvas::Print>: png file /eos/user/v/vveckaln/analysis_MC13TeV_TTJets_cflip/plots/M_chihbqf_E_chconst_reco_jetprt.png has been created
processing M_chihbqf_N_allconst_gen_allpart ***********************
Info in <TCanvas::Print>: pdf file /eos/user/v/vveckaln/analysis_MC13TeV_TTJets_cflip/plots/M_chihbqf_N_allconst_gen_allpart.pdf has been created
Info in <TCanvas::Print>: png file /eos/user/v/vveckaln/analysis_MC13TeV_TTJets_cflip/plots/M_chihbqf_N_allconst_gen_allpart.png has been created
processing M_chihbqf_N_allconst_gen_jetprt ***********************
Info in <TCanvas::Print>: pdf file /eos/user/v/vveckaln/analysis_MC13TeV_TTJets_cflip/plots/M_chihbqf_N_allconst_gen_jetprt.pdf has been created
Info in <TCanvas::Print>: png file /eos/user/v/vveckaln/analysis_MC13TeV_TTJets_cflip/plots/M_chihbqf_N_allconst_gen_jetprt.png has been created
processing M_chihbqf_N_allconst_reco_allpart ***********************
Info in <TCanvas::Print>: pdf file /eos/user/v/vveckaln/analysis_MC13TeV_TTJets_cflip/plots/M_chihbqf_N_allconst_reco_allpart.pdf has been created
Info in <TCanvas::Print>: png file /eos/user/v/vveckaln/analysis_MC13TeV_TTJets_cflip/plots/M_chihbqf_N_allconst_reco_allpart.png has been created
processing M_chihbqf_N_allconst_reco_jetprt ***********************
Info in <TCanvas::Print>: pdf file /eos/user/v/vveckaln/analysis_MC13TeV_TTJets_cflip/plots/M_chihbqf_N_allconst_reco_jetprt.pdf has been created
Info in <TCanvas::Print>: png file /eos/user/v/vveckaln/analysis_MC13TeV_TTJets_cflip/plots/M_chihbqf_N_allconst_reco_jetprt.png has been created
processing M_chihbqf_N_chconst_gen_allpart ***********************
Info in <TCanvas::Print>: pdf file /eos/user/v/vveckaln/analysis_MC13TeV_TTJets_cflip/plots/M_chihbqf_N_chconst_gen_allpart.pdf has been created
Info in <TCanvas::Print>: png file /eos/user/v/vveckaln/analysis_MC13TeV_TTJets_cflip/plots/M_chihbqf_N_chconst_gen_allpart.png has been created
processing M_chihbqf_N_chconst_gen_jetprt ***********************
Info in <TCanvas::Print>: pdf file /eos/user/v/vveckaln/analysis_MC13TeV_TTJets_cflip/plots/M_chihbqf_N_chconst_gen_jetprt.pdf has been created
Info in <TCanvas::Print>: png file /eos/user/v/vveckaln/analysis_MC13TeV_TTJets_cflip/plots/M_chihbqf_N_chconst_gen_jetprt.png has been created
processing M_chihbqf_N_chconst_reco_allpart ***********************
Info in <TCanvas::Print>: pdf file /eos/user/v/vveckaln/analysis_MC13TeV_TTJets_cflip/plots/M_chihbqf_N_chconst_reco_allpart.pdf has been created
Info in <TCanvas::Print>: png file /eos/user/v/vveckaln/analysis_MC13TeV_TTJets_cflip/plots/M_chihbqf_N_chconst_reco_allpart.png has been created
processing M_chihbqf_N_chconst_reco_jetprt ***********************
Info in <TCanvas::Print>: pdf file /eos/user/v/vveckaln/analysis_MC13TeV_TTJets_cflip/plots/M_chihbqf_N_chconst_reco_jetprt.pdf has been created
Info in <TCanvas::Print>: png file /eos/user/v/vveckaln/analysis_MC13TeV_TTJets_cflip/plots/M_chihbqf_N_chconst_reco_jetprt.png has been created
processing M_chihbqf_Pt_allconst_gen_allpart ***********************
totalMC.Integral() == 0.0 is True
self.dataH.Integral() == 0.0 is True
processing M_chihbqf_Pt_allconst_gen_jetprt ***********************
Info in <TCanvas::Print>: pdf file /eos/user/v/vveckaln/analysis_MC13TeV_TTJets_cflip/plots/M_chihbqf_Pt_allconst_gen_jetprt.pdf has been created
Info in <TCanvas::Print>: png file /eos/user/v/vveckaln/analysis_MC13TeV_TTJets_cflip/plots/M_chihbqf_Pt_allconst_gen_jetprt.png has been created
processing M_chihbqf_Pt_allconst_reco_allpart ***********************
totalMC.Integral() == 0.0 is True
self.dataH.Integral() == 0.0 is True
processing M_chihbqf_Pt_allconst_reco_jetprt ***********************
Info in <TCanvas::Print>: pdf file /eos/user/v/vveckaln/analysis_MC13TeV_TTJets_cflip/plots/M_chihbqf_Pt_allconst_reco_jetprt.pdf has been created
Info in <TCanvas::Print>: png file /eos/user/v/vveckaln/analysis_MC13TeV_TTJets_cflip/plots/M_chihbqf_Pt_allconst_reco_jetprt.png has been created
processing M_chihbqf_Pt_chconst_gen_allpart ***********************
totalMC.Integral() == 0.0 is True
self.dataH.Integral() == 0.0 is True
processing M_chihbqf_Pt_chconst_gen_jetprt ***********************
Info in <TCanvas::Print>: pdf file /eos/user/v/vveckaln/analysis_MC13TeV_TTJets_cflip/plots/M_chihbqf_Pt_chconst_gen_jetprt.pdf has been created
Info in <TCanvas::Print>: png file /eos/user/v/vveckaln/analysis_MC13TeV_TTJets_cflip/plots/M_chihbqf_Pt_chconst_gen_jetprt.png has been created
processing M_chihbqf_Pt_chconst_reco_allpart ***********************
totalMC.Integral() == 0.0 is True
self.dataH.Integral() == 0.0 is True
processing M_chihbqf_Pt_chconst_reco_jetprt ***********************
Info in <TCanvas::Print>: pdf file /eos/user/v/vveckaln/analysis_MC13TeV_TTJets_cflip/plots/M_chihbqf_Pt_chconst_reco_jetprt.pdf has been created
Info in <TCanvas::Print>: png file /eos/user/v/vveckaln/analysis_MC13TeV_TTJets_cflip/plots/M_chihbqf_Pt_chconst_reco_jetprt.png has been created
processing M_chiqcqf_E_allconst_gen_allpart ***********************
Info in <TCanvas::Print>: pdf file /eos/user/v/vveckaln/analysis_MC13TeV_TTJets_cflip/plots/M_chiqcqf_E_allconst_gen_allpart.pdf has been created
Info in <TCanvas::Print>: png file /eos/user/v/vveckaln/analysis_MC13TeV_TTJets_cflip/plots/M_chiqcqf_E_allconst_gen_allpart.png has been created
processing M_chiqcqf_E_allconst_gen_jetprt ***********************
Info in <TCanvas::Print>: pdf file /eos/user/v/vveckaln/analysis_MC13TeV_TTJets_cflip/plots/M_chiqcqf_E_allconst_gen_jetprt.pdf has been created
Info in <TCanvas::Print>: png file /eos/user/v/vveckaln/analysis_MC13TeV_TTJets_cflip/plots/M_chiqcqf_E_allconst_gen_jetprt.png has been created
processing M_chiqcqf_E_allconst_reco_allpart ***********************
Info in <TCanvas::Print>: pdf file /eos/user/v/vveckaln/analysis_MC13TeV_TTJets_cflip/plots/M_chiqcqf_E_allconst_reco_allpart.pdf has been created
Info in <TCanvas::Print>: png file /eos/user/v/vveckaln/analysis_MC13TeV_TTJets_cflip/plots/M_chiqcqf_E_allconst_reco_allpart.png has been created
processing M_chiqcqf_E_allconst_reco_jetprt ***********************
Info in <TCanvas::Print>: pdf file /eos/user/v/vveckaln/analysis_MC13TeV_TTJets_cflip/plots/M_chiqcqf_E_allconst_reco_jetprt.pdf has been created
Info in <TCanvas::Print>: png file /eos/user/v/vveckaln/analysis_MC13TeV_TTJets_cflip/plots/M_chiqcqf_E_allconst_reco_jetprt.png has been created
processing M_chiqcqf_E_chconst_gen_allpart ***********************
Info in <TCanvas::Print>: pdf file /eos/user/v/vveckaln/analysis_MC13TeV_TTJets_cflip/plots/M_chiqcqf_E_chconst_gen_allpart.pdf has been created
Info in <TCanvas::Print>: png file /eos/user/v/vveckaln/analysis_MC13TeV_TTJets_cflip/plots/M_chiqcqf_E_chconst_gen_allpart.png has been created
processing M_chiqcqf_E_chconst_gen_jetprt ***********************
Info in <TCanvas::Print>: pdf file /eos/user/v/vveckaln/analysis_MC13TeV_TTJets_cflip/plots/M_chiqcqf_E_chconst_gen_jetprt.pdf has been created
Info in <TCanvas::Print>: png file /eos/user/v/vveckaln/analysis_MC13TeV_TTJets_cflip/plots/M_chiqcqf_E_chconst_gen_jetprt.png has been created
processing M_chiqcqf_E_chconst_reco_allpart ***********************
Info in <TCanvas::Print>: pdf file /eos/user/v/vveckaln/analysis_MC13TeV_TTJets_cflip/plots/M_chiqcqf_E_chconst_reco_allpart.pdf has been created
Info in <TCanvas::Print>: png file /eos/user/v/vveckaln/analysis_MC13TeV_TTJets_cflip/plots/M_chiqcqf_E_chconst_reco_allpart.png has been created
processing M_chiqcqf_E_chconst_reco_jetprt ***********************
Info in <TCanvas::Print>: pdf file /eos/user/v/vveckaln/analysis_MC13TeV_TTJets_cflip/plots/M_chiqcqf_E_chconst_reco_jetprt.pdf has been created
Info in <TCanvas::Print>: png file /eos/user/v/vveckaln/analysis_MC13TeV_TTJets_cflip/plots/M_chiqcqf_E_chconst_reco_jetprt.png has been created
processing M_chiqcqf_N_allconst_gen_allpart ***********************
Info in <TCanvas::Print>: pdf file /eos/user/v/vveckaln/analysis_MC13TeV_TTJets_cflip/plots/M_chiqcqf_N_allconst_gen_allpart.pdf has been created
Info in <TCanvas::Print>: png file /eos/user/v/vveckaln/analysis_MC13TeV_TTJets_cflip/plots/M_chiqcqf_N_allconst_gen_allpart.png has been created
processing M_chiqcqf_N_allconst_gen_jetprt ***********************
Info in <TCanvas::Print>: pdf file /eos/user/v/vveckaln/analysis_MC13TeV_TTJets_cflip/plots/M_chiqcqf_N_allconst_gen_jetprt.pdf has been created
Info in <TCanvas::Print>: png file /eos/user/v/vveckaln/analysis_MC13TeV_TTJets_cflip/plots/M_chiqcqf_N_allconst_gen_jetprt.png has been created
processing M_chiqcqf_N_allconst_reco_allpart ***********************
Info in <TCanvas::Print>: pdf file /eos/user/v/vveckaln/analysis_MC13TeV_TTJets_cflip/plots/M_chiqcqf_N_allconst_reco_allpart.pdf has been created
Info in <TCanvas::Print>: png file /eos/user/v/vveckaln/analysis_MC13TeV_TTJets_cflip/plots/M_chiqcqf_N_allconst_reco_allpart.png has been created
processing M_chiqcqf_N_allconst_reco_jetprt ***********************
Info in <TCanvas::Print>: pdf file /eos/user/v/vveckaln/analysis_MC13TeV_TTJets_cflip/plots/M_chiqcqf_N_allconst_reco_jetprt.pdf has been created
Info in <TCanvas::Print>: png file /eos/user/v/vveckaln/analysis_MC13TeV_TTJets_cflip/plots/M_chiqcqf_N_allconst_reco_jetprt.png has been created
processing M_chiqcqf_N_chconst_gen_allpart ***********************
Info in <TCanvas::Print>: pdf file /eos/user/v/vveckaln/analysis_MC13TeV_TTJets_cflip/plots/M_chiqcqf_N_chconst_gen_allpart.pdf has been created
Info in <TCanvas::Print>: png file /eos/user/v/vveckaln/analysis_MC13TeV_TTJets_cflip/plots/M_chiqcqf_N_chconst_gen_allpart.png has been created
processing M_chiqcqf_N_chconst_gen_jetprt ***********************
Info in <TCanvas::Print>: pdf file /eos/user/v/vveckaln/analysis_MC13TeV_TTJets_cflip/plots/M_chiqcqf_N_chconst_gen_jetprt.pdf has been created
Info in <TCanvas::Print>: png file /eos/user/v/vveckaln/analysis_MC13TeV_TTJets_cflip/plots/M_chiqcqf_N_chconst_gen_jetprt.png has been created
processing M_chiqcqf_N_chconst_reco_allpart ***********************
Info in <TCanvas::Print>: pdf file /eos/user/v/vveckaln/analysis_MC13TeV_TTJets_cflip/plots/M_chiqcqf_N_chconst_reco_allpart.pdf has been created
Info in <TCanvas::Print>: png file /eos/user/v/vveckaln/analysis_MC13TeV_TTJets_cflip/plots/M_chiqcqf_N_chconst_reco_allpart.png has been created
processing M_chiqcqf_N_chconst_reco_jetprt ***********************
Info in <TCanvas::Print>: pdf file /eos/user/v/vveckaln/analysis_MC13TeV_TTJets_cflip/plots/M_chiqcqf_N_chconst_reco_jetprt.pdf has been created
Info in <TCanvas::Print>: png file /eos/user/v/vveckaln/analysis_MC13TeV_TTJets_cflip/plots/M_chiqcqf_N_chconst_reco_jetprt.png has been created
processing M_chiqcqf_Pt_allconst_gen_allpart ***********************
totalMC.Integral() == 0.0 is True
self.dataH.Integral() == 0.0 is True
processing M_chiqcqf_Pt_allconst_gen_jetprt ***********************
Info in <TCanvas::Print>: pdf file /eos/user/v/vveckaln/analysis_MC13TeV_TTJets_cflip/plots/M_chiqcqf_Pt_allconst_gen_jetprt.pdf has been created
Info in <TCanvas::Print>: png file /eos/user/v/vveckaln/analysis_MC13TeV_TTJets_cflip/plots/M_chiqcqf_Pt_allconst_gen_jetprt.png has been created
processing M_chiqcqf_Pt_allconst_reco_allpart ***********************
totalMC.Integral() == 0.0 is True
self.dataH.Integral() == 0.0 is True
processing M_chiqcqf_Pt_allconst_reco_jetprt ***********************
Info in <TCanvas::Print>: pdf file /eos/user/v/vveckaln/analysis_MC13TeV_TTJets_cflip/plots/M_chiqcqf_Pt_allconst_reco_jetprt.pdf has been created
Info in <TCanvas::Print>: png file /eos/user/v/vveckaln/analysis_MC13TeV_TTJets_cflip/plots/M_chiqcqf_Pt_allconst_reco_jetprt.png has been created
processing M_chiqcqf_Pt_chconst_gen_allpart ***********************
totalMC.Integral() == 0.0 is True
self.dataH.Integral() == 0.0 is True
processing M_chiqcqf_Pt_chconst_gen_jetprt ***********************
Info in <TCanvas::Print>: pdf file /eos/user/v/vveckaln/analysis_MC13TeV_TTJets_cflip/plots/M_chiqcqf_Pt_chconst_gen_jetprt.pdf has been created
Info in <TCanvas::Print>: png file /eos/user/v/vveckaln/analysis_MC13TeV_TTJets_cflip/plots/M_chiqcqf_Pt_chconst_gen_jetprt.png has been created
processing M_chiqcqf_Pt_chconst_reco_allpart ***********************
totalMC.Integral() == 0.0 is True
self.dataH.Integral() == 0.0 is True
processing M_chiqcqf_Pt_chconst_reco_jetprt ***********************
Info in <TCanvas::Print>: pdf file /eos/user/v/vveckaln/analysis_MC13TeV_TTJets_cflip/plots/M_chiqcqf_Pt_chconst_reco_jetprt.pdf has been created
Info in <TCanvas::Print>: png file /eos/user/v/vveckaln/analysis_MC13TeV_TTJets_cflip/plots/M_chiqcqf_Pt_chconst_reco_jetprt.png has been created
processing M_eta_PV_PFNgt20_gen_had_b ***********************
totalMC.Integral() == 0.0 is True
self.dataH.Integral() == 0.0 is True
processing M_eta_PV_PFNgt20_gen_leading_b ***********************
Info in <TCanvas::Print>: pdf file /eos/user/v/vveckaln/analysis_MC13TeV_TTJets_cflip/plots/M_eta_PV_PFNgt20_gen_leading_b.pdf has been created
Info in <TCanvas::Print>: png file /eos/user/v/vveckaln/analysis_MC13TeV_TTJets_cflip/plots/M_eta_PV_PFNgt20_gen_leading_b.png has been created
processing M_eta_PV_PFNgt20_gen_leading_jet ***********************
Info in <TCanvas::Print>: pdf file /eos/user/v/vveckaln/analysis_MC13TeV_TTJets_cflip/plots/M_eta_PV_PFNgt20_gen_leading_jet.pdf has been created
Info in <TCanvas::Print>: png file /eos/user/v/vveckaln/analysis_MC13TeV_TTJets_cflip/plots/M_eta_PV_PFNgt20_gen_leading_jet.png has been created
processing M_eta_PV_PFNgt20_gen_lept_b ***********************
totalMC.Integral() == 0.0 is True
self.dataH.Integral() == 0.0 is True
processing M_eta_PV_PFNgt20_gen_scnd_leading_b ***********************
Info in <TCanvas::Print>: pdf file /eos/user/v/vveckaln/analysis_MC13TeV_TTJets_cflip/plots/M_eta_PV_PFNgt20_gen_scnd_leading_b.pdf has been created
Info in <TCanvas::Print>: png file /eos/user/v/vveckaln/analysis_MC13TeV_TTJets_cflip/plots/M_eta_PV_PFNgt20_gen_scnd_leading_b.png has been created
processing M_eta_PV_PFNgt20_gen_scnd_leading_jet ***********************
Info in <TCanvas::Print>: pdf file /eos/user/v/vveckaln/analysis_MC13TeV_TTJets_cflip/plots/M_eta_PV_PFNgt20_gen_scnd_leading_jet.pdf has been created
Info in <TCanvas::Print>: png file /eos/user/v/vveckaln/analysis_MC13TeV_TTJets_cflip/plots/M_eta_PV_PFNgt20_gen_scnd_leading_jet.png has been created
processing M_eta_PV_PFNgt20_reco_had_b ***********************
totalMC.Integral() == 0.0 is True
self.dataH.Integral() == 0.0 is True
processing M_eta_PV_PFNgt20_reco_leading_b ***********************
Info in <TCanvas::Print>: pdf file /eos/user/v/vveckaln/analysis_MC13TeV_TTJets_cflip/plots/M_eta_PV_PFNgt20_reco_leading_b.pdf has been created
Info in <TCanvas::Print>: png file /eos/user/v/vveckaln/analysis_MC13TeV_TTJets_cflip/plots/M_eta_PV_PFNgt20_reco_leading_b.png has been created
processing M_eta_PV_PFNgt20_reco_leading_jet ***********************
Info in <TCanvas::Print>: pdf file /eos/user/v/vveckaln/analysis_MC13TeV_TTJets_cflip/plots/M_eta_PV_PFNgt20_reco_leading_jet.pdf has been created
Info in <TCanvas::Print>: png file /eos/user/v/vveckaln/analysis_MC13TeV_TTJets_cflip/plots/M_eta_PV_PFNgt20_reco_leading_jet.png has been created
processing M_eta_PV_PFNgt20_reco_lept_b ***********************
totalMC.Integral() == 0.0 is True
self.dataH.Integral() == 0.0 is True
processing M_eta_PV_PFNgt20_reco_scnd_leading_b ***********************
Info in <TCanvas::Print>: pdf file /eos/user/v/vveckaln/analysis_MC13TeV_TTJets_cflip/plots/M_eta_PV_PFNgt20_reco_scnd_leading_b.pdf has been created
Info in <TCanvas::Print>: png file /eos/user/v/vveckaln/analysis_MC13TeV_TTJets_cflip/plots/M_eta_PV_PFNgt20_reco_scnd_leading_b.png has been created
processing M_eta_PV_PFNgt20_reco_scnd_leading_jet ***********************
Info in <TCanvas::Print>: pdf file /eos/user/v/vveckaln/analysis_MC13TeV_TTJets_cflip/plots/M_eta_PV_PFNgt20_reco_scnd_leading_jet.pdf has been created
Info in <TCanvas::Print>: png file /eos/user/v/vveckaln/analysis_MC13TeV_TTJets_cflip/plots/M_eta_PV_PFNgt20_reco_scnd_leading_jet.png has been created
processing M_eta_PV_PFNle20_gen_had_b ***********************
totalMC.Integral() == 0.0 is True
self.dataH.Integral() == 0.0 is True
processing M_eta_PV_PFNle20_gen_leading_b ***********************
Info in <TCanvas::Print>: pdf file /eos/user/v/vveckaln/analysis_MC13TeV_TTJets_cflip/plots/M_eta_PV_PFNle20_gen_leading_b.pdf has been created
Info in <TCanvas::Print>: png file /eos/user/v/vveckaln/analysis_MC13TeV_TTJets_cflip/plots/M_eta_PV_PFNle20_gen_leading_b.png has been created
