klist
Ticket cache: FILE:/pool/condor/dir_16202/vveckaln.cc
Default principal: vveckaln@CERN.CH

Valid starting     Expires            Service principal
09/07/18 09:30:12  09/08/18 10:30:12  krbtgt/CERN.CH@CERN.CH
	renew until 09/12/18 08:47:41
09/07/18 09:33:12  09/08/18 10:30:12  afs/cern.ch@CERN.CH
	renew until 09/12/18 08:47:41
end klist
ls EOS
analysis_MC13TeV_TTJets
analysis_MC13TeV_TTJets_cflip
analysis_MC13TeV_TTJetsfix
analysis_MC13TeV_TTJets_herwig
analysis_MC13TeV_TTJetsswap
bins
cernbox
Chunks
Chunks_test
copy_test
data
flipped
flipped_old
LSF
merged_plots
migration
processing
reserve
rivet
rivet_results_23_March
rivet_test
rivet_test_21_March
SWAN_projects
test
unfolding_cflip_old
unfolding_-m
unfolding_nominal
unfolding_nominal_old
end ls EOS
EXIT_CODE_SCRAM 0
Error in <TFile::TFile>: file /eos/user/v/vveckaln/analysis_MC13TeV_TTJets/HADDChunks//MC13TeV_TTWToLNu.root does not exist
failed to open /eos/user/v/vveckaln/analysis_MC13TeV_TTJets/HADDChunks//MC13TeV_TTWToLNu.root
Error in <TFile::TFile>: file /eos/user/v/vveckaln/analysis_MC13TeV_TTJets/HADDChunks//MC13TeV_TTWToQQ.root does not exist
failed to open /eos/user/v/vveckaln/analysis_MC13TeV_TTJets/HADDChunks//MC13TeV_TTWToQQ.root
rm: cannot remove `/eos/user/v/vveckaln/analysis_MC13TeV_TTJets_cflip/plots/plotter_M_jet_mass_reco_lept_b.root': No such file or directory
processing M_jet_mass_reco_lept_b ***********************
Info in <TCanvas::Print>: pdf file /eos/user/v/vveckaln/analysis_MC13TeV_TTJets_cflip/plots/M_jet_mass_reco_lept_b.pdf has been created
Info in <TCanvas::Print>: png file /eos/user/v/vveckaln/analysis_MC13TeV_TTJets_cflip/plots/M_jet_mass_reco_lept_b.png has been created
processing M_jet_mass_reco_lept_t ***********************
Info in <TCanvas::Print>: pdf file /eos/user/v/vveckaln/analysis_MC13TeV_TTJets_cflip/plots/M_jet_mass_reco_lept_t.pdf has been created
Info in <TCanvas::Print>: png file /eos/user/v/vveckaln/analysis_MC13TeV_TTJets_cflip/plots/M_jet_mass_reco_lept_t.png has been created
processing M_jet_mass_reco_lept_w ***********************
Info in <TCanvas::Print>: pdf file /eos/user/v/vveckaln/analysis_MC13TeV_TTJets_cflip/plots/M_jet_mass_reco_lept_w.pdf has been created
Info in <TCanvas::Print>: png file /eos/user/v/vveckaln/analysis_MC13TeV_TTJets_cflip/plots/M_jet_mass_reco_lept_w.png has been created
processing M_jet_mass_reco_lepton ***********************
Info in <TCanvas::Print>: pdf file /eos/user/v/vveckaln/analysis_MC13TeV_TTJets_cflip/plots/M_jet_mass_reco_lepton.pdf has been created
Info in <TCanvas::Print>: png file /eos/user/v/vveckaln/analysis_MC13TeV_TTJets_cflip/plots/M_jet_mass_reco_lepton.png has been created
processing M_jet_mass_reco_neutrino ***********************
Info in <TCanvas::Print>: pdf file /eos/user/v/vveckaln/analysis_MC13TeV_TTJets_cflip/plots/M_jet_mass_reco_neutrino.pdf has been created
Info in <TCanvas::Print>: png file /eos/user/v/vveckaln/analysis_MC13TeV_TTJets_cflip/plots/M_jet_mass_reco_neutrino.png has been created
processing M_jet_mass_reco_scnd_leading_b ***********************
Info in <TCanvas::Print>: pdf file /eos/user/v/vveckaln/analysis_MC13TeV_TTJets_cflip/plots/M_jet_mass_reco_scnd_leading_b.pdf has been created
Info in <TCanvas::Print>: png file /eos/user/v/vveckaln/analysis_MC13TeV_TTJets_cflip/plots/M_jet_mass_reco_scnd_leading_b.png has been created
processing M_jet_mass_reco_scnd_leading_jet ***********************
Info in <TCanvas::Print>: pdf file /eos/user/v/vveckaln/analysis_MC13TeV_TTJets_cflip/plots/M_jet_mass_reco_scnd_leading_jet.pdf has been created
Info in <TCanvas::Print>: png file /eos/user/v/vveckaln/analysis_MC13TeV_TTJets_cflip/plots/M_jet_mass_reco_scnd_leading_jet.png has been created
processing M_jet_pt_gen_beam ***********************
totalMC.Integral() == 0.0 is True
self.dataH.Integral() == 0.0 is True
processing M_jet_pt_gen_fake ***********************
totalMC.Integral() == 0.0 is True
self.dataH.Integral() == 0.0 is True
processing M_jet_pt_gen_had_b ***********************
Info in <TCanvas::Print>: pdf file /eos/user/v/vveckaln/analysis_MC13TeV_TTJets_cflip/plots/M_jet_pt_gen_had_b.pdf has been created
Info in <TCanvas::Print>: png file /eos/user/v/vveckaln/analysis_MC13TeV_TTJets_cflip/plots/M_jet_pt_gen_had_b.png has been created
processing M_jet_pt_gen_had_t ***********************
Info in <TCanvas::Print>: pdf file /eos/user/v/vveckaln/analysis_MC13TeV_TTJets_cflip/plots/M_jet_pt_gen_had_t.pdf has been created
Info in <TCanvas::Print>: png file /eos/user/v/vveckaln/analysis_MC13TeV_TTJets_cflip/plots/M_jet_pt_gen_had_t.png has been created
processing M_jet_pt_gen_had_w ***********************
Info in <TCanvas::Print>: pdf file /eos/user/v/vveckaln/analysis_MC13TeV_TTJets_cflip/plots/M_jet_pt_gen_had_w.pdf has been created
Info in <TCanvas::Print>: png file /eos/user/v/vveckaln/analysis_MC13TeV_TTJets_cflip/plots/M_jet_pt_gen_had_w.png has been created
processing M_jet_pt_gen_leading_b ***********************
Info in <TCanvas::Print>: pdf file /eos/user/v/vveckaln/analysis_MC13TeV_TTJets_cflip/plots/M_jet_pt_gen_leading_b.pdf has been created
Info in <TCanvas::Print>: png file /eos/user/v/vveckaln/analysis_MC13TeV_TTJets_cflip/plots/M_jet_pt_gen_leading_b.png has been created
processing M_jet_pt_gen_leading_jet ***********************
Info in <TCanvas::Print>: pdf file /eos/user/v/vveckaln/analysis_MC13TeV_TTJets_cflip/plots/M_jet_pt_gen_leading_jet.pdf has been created
Info in <TCanvas::Print>: png file /eos/user/v/vveckaln/analysis_MC13TeV_TTJets_cflip/plots/M_jet_pt_gen_leading_jet.png has been created
processing M_jet_pt_gen_lept_b ***********************
Info in <TCanvas::Print>: pdf file /eos/user/v/vveckaln/analysis_MC13TeV_TTJets_cflip/plots/M_jet_pt_gen_lept_b.pdf has been created
Info in <TCanvas::Print>: png file /eos/user/v/vveckaln/analysis_MC13TeV_TTJets_cflip/plots/M_jet_pt_gen_lept_b.png has been created
processing M_jet_pt_gen_lept_t ***********************
Info in <TCanvas::Print>: pdf file /eos/user/v/vveckaln/analysis_MC13TeV_TTJets_cflip/plots/M_jet_pt_gen_lept_t.pdf has been created
Info in <TCanvas::Print>: png file /eos/user/v/vveckaln/analysis_MC13TeV_TTJets_cflip/plots/M_jet_pt_gen_lept_t.png has been created
processing M_jet_pt_gen_lept_w ***********************
Info in <TCanvas::Print>: pdf file /eos/user/v/vveckaln/analysis_MC13TeV_TTJets_cflip/plots/M_jet_pt_gen_lept_w.pdf has been created
Info in <TCanvas::Print>: png file /eos/user/v/vveckaln/analysis_MC13TeV_TTJets_cflip/plots/M_jet_pt_gen_lept_w.png has been created
processing M_jet_pt_gen_lepton ***********************
Info in <TCanvas::Print>: pdf file /eos/user/v/vveckaln/analysis_MC13TeV_TTJets_cflip/plots/M_jet_pt_gen_lepton.pdf has been created
Info in <TCanvas::Print>: png file /eos/user/v/vveckaln/analysis_MC13TeV_TTJets_cflip/plots/M_jet_pt_gen_lepton.png has been created
processing M_jet_pt_gen_neutrino ***********************
Info in <TCanvas::Print>: pdf file /eos/user/v/vveckaln/analysis_MC13TeV_TTJets_cflip/plots/M_jet_pt_gen_neutrino.pdf has been created
Info in <TCanvas::Print>: png file /eos/user/v/vveckaln/analysis_MC13TeV_TTJets_cflip/plots/M_jet_pt_gen_neutrino.png has been created
processing M_jet_pt_gen_scnd_leading_b ***********************
Info in <TCanvas::Print>: pdf file /eos/user/v/vveckaln/analysis_MC13TeV_TTJets_cflip/plots/M_jet_pt_gen_scnd_leading_b.pdf has been created
Info in <TCanvas::Print>: png file /eos/user/v/vveckaln/analysis_MC13TeV_TTJets_cflip/plots/M_jet_pt_gen_scnd_leading_b.png has been created
processing M_jet_pt_gen_scnd_leading_jet ***********************
Info in <TCanvas::Print>: pdf file /eos/user/v/vveckaln/analysis_MC13TeV_TTJets_cflip/plots/M_jet_pt_gen_scnd_leading_jet.pdf has been created
Info in <TCanvas::Print>: png file /eos/user/v/vveckaln/analysis_MC13TeV_TTJets_cflip/plots/M_jet_pt_gen_scnd_leading_jet.png has been created
processing M_jet_pt_reco_beam ***********************
totalMC.Integral() == 0.0 is True
self.dataH.Integral() == 0.0 is True
processing M_jet_pt_reco_fake ***********************
totalMC.Integral() == 0.0 is True
self.dataH.Integral() == 0.0 is True
processing M_jet_pt_reco_had_b ***********************
Info in <TCanvas::Print>: pdf file /eos/user/v/vveckaln/analysis_MC13TeV_TTJets_cflip/plots/M_jet_pt_reco_had_b.pdf has been created
Info in <TCanvas::Print>: png file /eos/user/v/vveckaln/analysis_MC13TeV_TTJets_cflip/plots/M_jet_pt_reco_had_b.png has been created
processing M_jet_pt_reco_had_t ***********************
Info in <TCanvas::Print>: pdf file /eos/user/v/vveckaln/analysis_MC13TeV_TTJets_cflip/plots/M_jet_pt_reco_had_t.pdf has been created
Info in <TCanvas::Print>: png file /eos/user/v/vveckaln/analysis_MC13TeV_TTJets_cflip/plots/M_jet_pt_reco_had_t.png has been created
processing M_jet_pt_reco_had_w ***********************
Info in <TCanvas::Print>: pdf file /eos/user/v/vveckaln/analysis_MC13TeV_TTJets_cflip/plots/M_jet_pt_reco_had_w.pdf has been created
Info in <TCanvas::Print>: png file /eos/user/v/vveckaln/analysis_MC13TeV_TTJets_cflip/plots/M_jet_pt_reco_had_w.png has been created
processing M_jet_pt_reco_leading_b ***********************
Info in <TCanvas::Print>: pdf file /eos/user/v/vveckaln/analysis_MC13TeV_TTJets_cflip/plots/M_jet_pt_reco_leading_b.pdf has been created
Info in <TCanvas::Print>: png file /eos/user/v/vveckaln/analysis_MC13TeV_TTJets_cflip/plots/M_jet_pt_reco_leading_b.png has been created
processing M_jet_pt_reco_leading_jet ***********************
Info in <TCanvas::Print>: pdf file /eos/user/v/vveckaln/analysis_MC13TeV_TTJets_cflip/plots/M_jet_pt_reco_leading_jet.pdf has been created
Info in <TCanvas::Print>: png file /eos/user/v/vveckaln/analysis_MC13TeV_TTJets_cflip/plots/M_jet_pt_reco_leading_jet.png has been created
processing M_jet_pt_reco_lept_b ***********************
Info in <TCanvas::Print>: pdf file /eos/user/v/vveckaln/analysis_MC13TeV_TTJets_cflip/plots/M_jet_pt_reco_lept_b.pdf has been created
Info in <TCanvas::Print>: png file /eos/user/v/vveckaln/analysis_MC13TeV_TTJets_cflip/plots/M_jet_pt_reco_lept_b.png has been created
processing M_jet_pt_reco_lept_t ***********************
Info in <TCanvas::Print>: pdf file /eos/user/v/vveckaln/analysis_MC13TeV_TTJets_cflip/plots/M_jet_pt_reco_lept_t.pdf has been created
Info in <TCanvas::Print>: png file /eos/user/v/vveckaln/analysis_MC13TeV_TTJets_cflip/plots/M_jet_pt_reco_lept_t.png has been created
processing M_jet_pt_reco_lept_w ***********************
Info in <TCanvas::Print>: pdf file /eos/user/v/vveckaln/analysis_MC13TeV_TTJets_cflip/plots/M_jet_pt_reco_lept_w.pdf has been created
Info in <TCanvas::Print>: png file /eos/user/v/vveckaln/analysis_MC13TeV_TTJets_cflip/plots/M_jet_pt_reco_lept_w.png has been created
processing M_jet_pt_reco_lepton ***********************
Info in <TCanvas::Print>: pdf file /eos/user/v/vveckaln/analysis_MC13TeV_TTJets_cflip/plots/M_jet_pt_reco_lepton.pdf has been created
Info in <TCanvas::Print>: png file /eos/user/v/vveckaln/analysis_MC13TeV_TTJets_cflip/plots/M_jet_pt_reco_lepton.png has been created
processing M_jet_pt_reco_neutrino ***********************
Info in <TCanvas::Print>: pdf file /eos/user/v/vveckaln/analysis_MC13TeV_TTJets_cflip/plots/M_jet_pt_reco_neutrino.pdf has been created
Info in <TCanvas::Print>: png file /eos/user/v/vveckaln/analysis_MC13TeV_TTJets_cflip/plots/M_jet_pt_reco_neutrino.png has been created
processing M_jet_pt_reco_scnd_leading_b ***********************
Info in <TCanvas::Print>: pdf file /eos/user/v/vveckaln/analysis_MC13TeV_TTJets_cflip/plots/M_jet_pt_reco_scnd_leading_b.pdf has been created
Info in <TCanvas::Print>: png file /eos/user/v/vveckaln/analysis_MC13TeV_TTJets_cflip/plots/M_jet_pt_reco_scnd_leading_b.png has been created
processing M_jet_pt_reco_scnd_leading_jet ***********************
Info in <TCanvas::Print>: pdf file /eos/user/v/vveckaln/analysis_MC13TeV_TTJets_cflip/plots/M_jet_pt_reco_scnd_leading_jet.pdf has been created
Info in <TCanvas::Print>: png file /eos/user/v/vveckaln/analysis_MC13TeV_TTJets_cflip/plots/M_jet_pt_reco_scnd_leading_jet.png has been created
processing M_mag_PV_PFNgt20_gen_had_b ***********************
totalMC.Integral() == 0.0 is True
self.dataH.Integral() == 0.0 is True
processing M_mag_PV_PFNgt20_gen_leading_b ***********************
Info in <TCanvas::Print>: pdf file /eos/user/v/vveckaln/analysis_MC13TeV_TTJets_cflip/plots/M_mag_PV_PFNgt20_gen_leading_b.pdf has been created
Info in <TCanvas::Print>: png file /eos/user/v/vveckaln/analysis_MC13TeV_TTJets_cflip/plots/M_mag_PV_PFNgt20_gen_leading_b.png has been created
processing M_mag_PV_PFNgt20_gen_leading_jet ***********************
Info in <TCanvas::Print>: pdf file /eos/user/v/vveckaln/analysis_MC13TeV_TTJets_cflip/plots/M_mag_PV_PFNgt20_gen_leading_jet.pdf has been created
Info in <TCanvas::Print>: png file /eos/user/v/vveckaln/analysis_MC13TeV_TTJets_cflip/plots/M_mag_PV_PFNgt20_gen_leading_jet.png has been created
processing M_mag_PV_PFNgt20_gen_lept_b ***********************
totalMC.Integral() == 0.0 is True
self.dataH.Integral() == 0.0 is True
processing M_mag_PV_PFNgt20_gen_scnd_leading_b ***********************
Info in <TCanvas::Print>: pdf file /eos/user/v/vveckaln/analysis_MC13TeV_TTJets_cflip/plots/M_mag_PV_PFNgt20_gen_scnd_leading_b.pdf has been created
Info in <TCanvas::Print>: png file /eos/user/v/vveckaln/analysis_MC13TeV_TTJets_cflip/plots/M_mag_PV_PFNgt20_gen_scnd_leading_b.png has been created
processing M_mag_PV_PFNgt20_gen_scnd_leading_jet ***********************
Info in <TCanvas::Print>: pdf file /eos/user/v/vveckaln/analysis_MC13TeV_TTJets_cflip/plots/M_mag_PV_PFNgt20_gen_scnd_leading_jet.pdf has been created
Info in <TCanvas::Print>: png file /eos/user/v/vveckaln/analysis_MC13TeV_TTJets_cflip/plots/M_mag_PV_PFNgt20_gen_scnd_leading_jet.png has been created
processing M_mag_PV_PFNgt20_reco_had_b ***********************
totalMC.Integral() == 0.0 is True
self.dataH.Integral() == 0.0 is True
processing M_mag_PV_PFNgt20_reco_leading_b ***********************
Info in <TCanvas::Print>: pdf file /eos/user/v/vveckaln/analysis_MC13TeV_TTJets_cflip/plots/M_mag_PV_PFNgt20_reco_leading_b.pdf has been created
Info in <TCanvas::Print>: png file /eos/user/v/vveckaln/analysis_MC13TeV_TTJets_cflip/plots/M_mag_PV_PFNgt20_reco_leading_b.png has been created
processing M_mag_PV_PFNgt20_reco_leading_jet ***********************
Info in <TCanvas::Print>: pdf file /eos/user/v/vveckaln/analysis_MC13TeV_TTJets_cflip/plots/M_mag_PV_PFNgt20_reco_leading_jet.pdf has been created
Info in <TCanvas::Print>: png file /eos/user/v/vveckaln/analysis_MC13TeV_TTJets_cflip/plots/M_mag_PV_PFNgt20_reco_leading_jet.png has been created
processing M_mag_PV_PFNgt20_reco_lept_b ***********************
totalMC.Integral() == 0.0 is True
self.dataH.Integral() == 0.0 is True
processing M_mag_PV_PFNgt20_reco_scnd_leading_b ***********************
Info in <TCanvas::Print>: pdf file /eos/user/v/vveckaln/analysis_MC13TeV_TTJets_cflip/plots/M_mag_PV_PFNgt20_reco_scnd_leading_b.pdf has been created
Info in <TCanvas::Print>: png file /eos/user/v/vveckaln/analysis_MC13TeV_TTJets_cflip/plots/M_mag_PV_PFNgt20_reco_scnd_leading_b.png has been created
processing M_mag_PV_PFNgt20_reco_scnd_leading_jet ***********************
Info in <TCanvas::Print>: pdf file /eos/user/v/vveckaln/analysis_MC13TeV_TTJets_cflip/plots/M_mag_PV_PFNgt20_reco_scnd_leading_jet.pdf has been created
Info in <TCanvas::Print>: png file /eos/user/v/vveckaln/analysis_MC13TeV_TTJets_cflip/plots/M_mag_PV_PFNgt20_reco_scnd_leading_jet.png has been created
processing M_mag_PV_PFNle20_gen_had_b ***********************
totalMC.Integral() == 0.0 is True
self.dataH.Integral() == 0.0 is True
processing M_mag_PV_PFNle20_gen_leading_b ***********************
Info in <TCanvas::Print>: pdf file /eos/user/v/vveckaln/analysis_MC13TeV_TTJets_cflip/plots/M_mag_PV_PFNle20_gen_leading_b.pdf has been created
Info in <TCanvas::Print>: png file /eos/user/v/vveckaln/analysis_MC13TeV_TTJets_cflip/plots/M_mag_PV_PFNle20_gen_leading_b.png has been created
processing M_mag_PV_PFNle20_gen_leading_jet ***********************
Info in <TCanvas::Print>: pdf file /eos/user/v/vveckaln/analysis_MC13TeV_TTJets_cflip/plots/M_mag_PV_PFNle20_gen_leading_jet.pdf has been created
Info in <TCanvas::Print>: png file /eos/user/v/vveckaln/analysis_MC13TeV_TTJets_cflip/plots/M_mag_PV_PFNle20_gen_leading_jet.png has been created
processing M_mag_PV_PFNle20_gen_lept_b ***********************
totalMC.Integral() == 0.0 is True
self.dataH.Integral() == 0.0 is True
processing M_mag_PV_PFNle20_gen_scnd_leading_b ***********************
Info in <TCanvas::Print>: pdf file /eos/user/v/vveckaln/analysis_MC13TeV_TTJets_cflip/plots/M_mag_PV_PFNle20_gen_scnd_leading_b.pdf has been created
Info in <TCanvas::Print>: png file /eos/user/v/vveckaln/analysis_MC13TeV_TTJets_cflip/plots/M_mag_PV_PFNle20_gen_scnd_leading_b.png has been created
processing M_mag_PV_PFNle20_gen_scnd_leading_jet ***********************
Info in <TCanvas::Print>: pdf file /eos/user/v/vveckaln/analysis_MC13TeV_TTJets_cflip/plots/M_mag_PV_PFNle20_gen_scnd_leading_jet.pdf has been created
Info in <TCanvas::Print>: png file /eos/user/v/vveckaln/analysis_MC13TeV_TTJets_cflip/plots/M_mag_PV_PFNle20_gen_scnd_leading_jet.png has been created
processing M_mag_PV_PFNle20_reco_had_b ***********************
totalMC.Integral() == 0.0 is True
self.dataH.Integral() == 0.0 is True
processing M_mag_PV_PFNle20_reco_leading_b ***********************
Info in <TCanvas::Print>: pdf file /eos/user/v/vveckaln/analysis_MC13TeV_TTJets_cflip/plots/M_mag_PV_PFNle20_reco_leading_b.pdf has been created
Info in <TCanvas::Print>: png file /eos/user/v/vveckaln/analysis_MC13TeV_TTJets_cflip/plots/M_mag_PV_PFNle20_reco_leading_b.png has been created
processing M_mag_PV_PFNle20_reco_leading_jet ***********************
Info in <TCanvas::Print>: pdf file /eos/user/v/vveckaln/analysis_MC13TeV_TTJets_cflip/plots/M_mag_PV_PFNle20_reco_leading_jet.pdf has been created
Info in <TCanvas::Print>: png file /eos/user/v/vveckaln/analysis_MC13TeV_TTJets_cflip/plots/M_mag_PV_PFNle20_reco_leading_jet.png has been created
processing M_mag_PV_PFNle20_reco_lept_b ***********************
totalMC.Integral() == 0.0 is True
self.dataH.Integral() == 0.0 is True
processing M_mag_PV_PFNle20_reco_scnd_leading_b ***********************
Info in <TCanvas::Print>: pdf file /eos/user/v/vveckaln/analysis_MC13TeV_TTJets_cflip/plots/M_mag_PV_PFNle20_reco_scnd_leading_b.pdf has been created
Info in <TCanvas::Print>: png file /eos/user/v/vveckaln/analysis_MC13TeV_TTJets_cflip/plots/M_mag_PV_PFNle20_reco_scnd_leading_b.png has been created
processing M_mag_PV_PFNle20_reco_scnd_leading_jet ***********************
Info in <TCanvas::Print>: pdf file /eos/user/v/vveckaln/analysis_MC13TeV_TTJets_cflip/plots/M_mag_PV_PFNle20_reco_scnd_leading_jet.pdf has been created
Info in <TCanvas::Print>: png file /eos/user/v/vveckaln/analysis_MC13TeV_TTJets_cflip/plots/M_mag_PV_PFNle20_reco_scnd_leading_jet.png has been created
processing M_mag_PV_PFPtgt0p5GeV_gen_had_b ***********************
totalMC.Integral() == 0.0 is True
self.dataH.Integral() == 0.0 is True
processing M_mag_PV_PFPtgt0p5GeV_gen_leading_b ***********************
Info in <TCanvas::Print>: pdf file /eos/user/v/vveckaln/analysis_MC13TeV_TTJets_cflip/plots/M_mag_PV_PFPtgt0p5GeV_gen_leading_b.pdf has been created
Info in <TCanvas::Print>: png file /eos/user/v/vveckaln/analysis_MC13TeV_TTJets_cflip/plots/M_mag_PV_PFPtgt0p5GeV_gen_leading_b.png has been created
processing M_mag_PV_PFPtgt0p5GeV_gen_leading_jet ***********************
Info in <TCanvas::Print>: pdf file /eos/user/v/vveckaln/analysis_MC13TeV_TTJets_cflip/plots/M_mag_PV_PFPtgt0p5GeV_gen_leading_jet.pdf has been created
Info in <TCanvas::Print>: png file /eos/user/v/vveckaln/analysis_MC13TeV_TTJets_cflip/plots/M_mag_PV_PFPtgt0p5GeV_gen_leading_jet.png has been created
processing M_mag_PV_PFPtgt0p5GeV_gen_lept_b ***********************
totalMC.Integral() == 0.0 is True
self.dataH.Integral() == 0.0 is True
processing M_mag_PV_PFPtgt0p5GeV_gen_scnd_leading_b ***********************
Info in <TCanvas::Print>: pdf file /eos/user/v/vveckaln/analysis_MC13TeV_TTJets_cflip/plots/M_mag_PV_PFPtgt0p5GeV_gen_scnd_leading_b.pdf has been created
Info in <TCanvas::Print>: png file /eos/user/v/vveckaln/analysis_MC13TeV_TTJets_cflip/plots/M_mag_PV_PFPtgt0p5GeV_gen_scnd_leading_b.png has been created
processing M_mag_PV_PFPtgt0p5GeV_gen_scnd_leading_jet ***********************
Info in <TCanvas::Print>: pdf file /eos/user/v/vveckaln/analysis_MC13TeV_TTJets_cflip/plots/M_mag_PV_PFPtgt0p5GeV_gen_scnd_leading_jet.pdf has been created
Info in <TCanvas::Print>: png file /eos/user/v/vveckaln/analysis_MC13TeV_TTJets_cflip/plots/M_mag_PV_PFPtgt0p5GeV_gen_scnd_leading_jet.png has been created
processing M_mag_PV_PFPtgt0p5GeV_reco_had_b ***********************
totalMC.Integral() == 0.0 is True
self.dataH.Integral() == 0.0 is True
processing M_mag_PV_PFPtgt0p5GeV_reco_leading_b ***********************
Info in <TCanvas::Print>: pdf file /eos/user/v/vveckaln/analysis_MC13TeV_TTJets_cflip/plots/M_mag_PV_PFPtgt0p5GeV_reco_leading_b.pdf has been created
Info in <TCanvas::Print>: png file /eos/user/v/vveckaln/analysis_MC13TeV_TTJets_cflip/plots/M_mag_PV_PFPtgt0p5GeV_reco_leading_b.png has been created
processing M_mag_PV_PFPtgt0p5GeV_reco_leading_jet ***********************
Info in <TCanvas::Print>: pdf file /eos/user/v/vveckaln/analysis_MC13TeV_TTJets_cflip/plots/M_mag_PV_PFPtgt0p5GeV_reco_leading_jet.pdf has been created
Info in <TCanvas::Print>: png file /eos/user/v/vveckaln/analysis_MC13TeV_TTJets_cflip/plots/M_mag_PV_PFPtgt0p5GeV_reco_leading_jet.png has been created
processing M_mag_PV_PFPtgt0p5GeV_reco_lept_b ***********************
totalMC.Integral() == 0.0 is True
self.dataH.Integral() == 0.0 is True
processing M_mag_PV_PFPtgt0p5GeV_reco_scnd_leading_b ***********************
Info in <TCanvas::Print>: pdf file /eos/user/v/vveckaln/analysis_MC13TeV_TTJets_cflip/plots/M_mag_PV_PFPtgt0p5GeV_reco_scnd_leading_b.pdf has been created
Info in <TCanvas::Print>: png file /eos/user/v/vveckaln/analysis_MC13TeV_TTJets_cflip/plots/M_mag_PV_PFPtgt0p5GeV_reco_scnd_leading_b.png has been created
processing M_mag_PV_PFPtgt0p5GeV_reco_scnd_leading_jet ***********************
Info in <TCanvas::Print>: pdf file /eos/user/v/vveckaln/analysis_MC13TeV_TTJets_cflip/plots/M_mag_PV_PFPtgt0p5GeV_reco_scnd_leading_jet.pdf has been created
Info in <TCanvas::Print>: png file /eos/user/v/vveckaln/analysis_MC13TeV_TTJets_cflip/plots/M_mag_PV_PFPtgt0p5GeV_reco_scnd_leading_jet.png has been created
processing M_mag_PV_PFPtle0p5GeV_gen_had_b ***********************
totalMC.Integral() == 0.0 is True
self.dataH.Integral() == 0.0 is True
processing M_mag_PV_PFPtle0p5GeV_gen_leading_b ***********************
Info in <TCanvas::Print>: pdf file /eos/user/v/vveckaln/analysis_MC13TeV_TTJets_cflip/plots/M_mag_PV_PFPtle0p5GeV_gen_leading_b.pdf has been created
Info in <TCanvas::Print>: png file /eos/user/v/vveckaln/analysis_MC13TeV_TTJets_cflip/plots/M_mag_PV_PFPtle0p5GeV_gen_leading_b.png has been created
processing M_mag_PV_PFPtle0p5GeV_gen_leading_jet ***********************
Info in <TCanvas::Print>: pdf file /eos/user/v/vveckaln/analysis_MC13TeV_TTJets_cflip/plots/M_mag_PV_PFPtle0p5GeV_gen_leading_jet.pdf has been created
Info in <TCanvas::Print>: png file /eos/user/v/vveckaln/analysis_MC13TeV_TTJets_cflip/plots/M_mag_PV_PFPtle0p5GeV_gen_leading_jet.png has been created
processing M_mag_PV_PFPtle0p5GeV_gen_lept_b ***********************
totalMC.Integral() == 0.0 is True
self.dataH.Integral() == 0.0 is True
processing M_mag_PV_PFPtle0p5GeV_gen_scnd_leading_b ***********************
Info in <TCanvas::Print>: pdf file /eos/user/v/vveckaln/analysis_MC13TeV_TTJets_cflip/plots/M_mag_PV_PFPtle0p5GeV_gen_scnd_leading_b.pdf has been created
Info in <TCanvas::Print>: png file /eos/user/v/vveckaln/analysis_MC13TeV_TTJets_cflip/plots/M_mag_PV_PFPtle0p5GeV_gen_scnd_leading_b.png has been created
processing M_mag_PV_PFPtle0p5GeV_gen_scnd_leading_jet ***********************
Info in <TCanvas::Print>: pdf file /eos/user/v/vveckaln/analysis_MC13TeV_TTJets_cflip/plots/M_mag_PV_PFPtle0p5GeV_gen_scnd_leading_jet.pdf has been created
Info in <TCanvas::Print>: png file /eos/user/v/vveckaln/analysis_MC13TeV_TTJets_cflip/plots/M_mag_PV_PFPtle0p5GeV_gen_scnd_leading_jet.png has been created
processing M_mag_PV_PFPtle0p5GeV_reco_had_b ***********************
totalMC.Integral() == 0.0 is True
self.dataH.Integral() == 0.0 is True
processing M_mag_PV_PFPtle0p5GeV_reco_leading_b ***********************
Info in <TCanvas::Print>: pdf file /eos/user/v/vveckaln/analysis_MC13TeV_TTJets_cflip/plots/M_mag_PV_PFPtle0p5GeV_reco_leading_b.pdf has been created
Info in <TCanvas::Print>: png file /eos/user/v/vveckaln/analysis_MC13TeV_TTJets_cflip/plots/M_mag_PV_PFPtle0p5GeV_reco_leading_b.png has been created
processing M_mag_PV_PFPtle0p5GeV_reco_leading_jet ***********************
Info in <TCanvas::Print>: pdf file /eos/user/v/vveckaln/analysis_MC13TeV_TTJets_cflip/plots/M_mag_PV_PFPtle0p5GeV_reco_leading_jet.pdf has been created
Info in <TCanvas::Print>: png file /eos/user/v/vveckaln/analysis_MC13TeV_TTJets_cflip/plots/M_mag_PV_PFPtle0p5GeV_reco_leading_jet.png has been created
processing M_mag_PV_PFPtle0p5GeV_reco_lept_b ***********************
totalMC.Integral() == 0.0 is True
self.dataH.Integral() == 0.0 is True
processing M_mag_PV_PFPtle0p5GeV_reco_scnd_leading_b ***********************
Info in <TCanvas::Print>: pdf file /eos/user/v/vveckaln/analysis_MC13TeV_TTJets_cflip/plots/M_mag_PV_PFPtle0p5GeV_reco_scnd_leading_b.pdf has been created
Info in <TCanvas::Print>: png file /eos/user/v/vveckaln/analysis_MC13TeV_TTJets_cflip/plots/M_mag_PV_PFPtle0p5GeV_reco_scnd_leading_b.png has been created
processing M_mag_PV_PFPtle0p5GeV_reco_scnd_leading_jet ***********************
Info in <TCanvas::Print>: pdf file /eos/user/v/vveckaln/analysis_MC13TeV_TTJets_cflip/plots/M_mag_PV_PFPtle0p5GeV_reco_scnd_leading_jet.pdf has been created
Info in <TCanvas::Print>: png file /eos/user/v/vveckaln/analysis_MC13TeV_TTJets_cflip/plots/M_mag_PV_PFPtle0p5GeV_reco_scnd_leading_jet.png has been created
processing M_mag_PV_allconst_gen_had_b ***********************
totalMC.Integral() == 0.0 is True
self.dataH.Integral() == 0.0 is True
processing M_mag_PV_allconst_gen_leading_b ***********************
Info in <TCanvas::Print>: pdf file /eos/user/v/vveckaln/analysis_MC13TeV_TTJets_cflip/plots/M_mag_PV_allconst_gen_leading_b.pdf has been created
Info in <TCanvas::Print>: png file /eos/user/v/vveckaln/analysis_MC13TeV_TTJets_cflip/plots/M_mag_PV_allconst_gen_leading_b.png has been created
processing M_mag_PV_allconst_gen_leading_jet ***********************
Info in <TCanvas::Print>: pdf file /eos/user/v/vveckaln/analysis_MC13TeV_TTJets_cflip/plots/M_mag_PV_allconst_gen_leading_jet.pdf has been created
Info in <TCanvas::Print>: png file /eos/user/v/vveckaln/analysis_MC13TeV_TTJets_cflip/plots/M_mag_PV_allconst_gen_leading_jet.png has been created
processing M_mag_PV_allconst_gen_lept_b ***********************
totalMC.Integral() == 0.0 is True
self.dataH.Integral() == 0.0 is True
processing M_mag_PV_allconst_gen_scnd_leading_b ***********************
Info in <TCanvas::Print>: pdf file /eos/user/v/vveckaln/analysis_MC13TeV_TTJets_cflip/plots/M_mag_PV_allconst_gen_scnd_leading_b.pdf has been created
Info in <TCanvas::Print>: png file /eos/user/v/vveckaln/analysis_MC13TeV_TTJets_cflip/plots/M_mag_PV_allconst_gen_scnd_leading_b.png has been created
processing M_mag_PV_allconst_gen_scnd_leading_jet ***********************
Info in <TCanvas::Print>: pdf file /eos/user/v/vveckaln/analysis_MC13TeV_TTJets_cflip/plots/M_mag_PV_allconst_gen_scnd_leading_jet.pdf has been created
Info in <TCanvas::Print>: png file /eos/user/v/vveckaln/analysis_MC13TeV_TTJets_cflip/plots/M_mag_PV_allconst_gen_scnd_leading_jet.png has been created
processing M_mag_PV_allconst_reco_had_b ***********************
totalMC.Integral() == 0.0 is True
self.dataH.Integral() == 0.0 is True
processing M_mag_PV_allconst_reco_leading_b ***********************
Info in <TCanvas::Print>: pdf file /eos/user/v/vveckaln/analysis_MC13TeV_TTJets_cflip/plots/M_mag_PV_allconst_reco_leading_b.pdf has been created
Info in <TCanvas::Print>: png file /eos/user/v/vveckaln/analysis_MC13TeV_TTJets_cflip/plots/M_mag_PV_allconst_reco_leading_b.png has been created
processing M_mag_PV_allconst_reco_leading_jet ***********************
Info in <TCanvas::Print>: pdf file /eos/user/v/vveckaln/analysis_MC13TeV_TTJets_cflip/plots/M_mag_PV_allconst_reco_leading_jet.pdf has been created
Info in <TCanvas::Print>: png file /eos/user/v/vveckaln/analysis_MC13TeV_TTJets_cflip/plots/M_mag_PV_allconst_reco_leading_jet.png has been created
processing M_mag_PV_allconst_reco_lept_b ***********************
totalMC.Integral() == 0.0 is True
self.dataH.Integral() == 0.0 is True
processing M_mag_PV_allconst_reco_scnd_leading_b ***********************
Info in <TCanvas::Print>: pdf file /eos/user/v/vveckaln/analysis_MC13TeV_TTJets_cflip/plots/M_mag_PV_allconst_reco_scnd_leading_b.pdf has been created
Info in <TCanvas::Print>: png file /eos/user/v/vveckaln/analysis_MC13TeV_TTJets_cflip/plots/M_mag_PV_allconst_reco_scnd_leading_b.png has been created
processing M_mag_PV_allconst_reco_scnd_leading_jet ***********************
Info in <TCanvas::Print>: pdf file /eos/user/v/vveckaln/analysis_MC13TeV_TTJets_cflip/plots/M_mag_PV_allconst_reco_scnd_leading_jet.pdf has been created
Info in <TCanvas::Print>: png file /eos/user/v/vveckaln/analysis_MC13TeV_TTJets_cflip/plots/M_mag_PV_allconst_reco_scnd_leading_jet.png has been created
processing M_mag_PV_bckg_PFNgt20_gen_had_b ***********************
totalMC.Integral() == 0.0 is True
self.dataH.Integral() == 0.0 is True
processing M_mag_PV_bckg_PFNgt20_gen_leading_b ***********************
Info in <TCanvas::Print>: pdf file /eos/user/v/vveckaln/analysis_MC13TeV_TTJets_cflip/plots/M_mag_PV_bckg_PFNgt20_gen_leading_b.pdf has been created
Info in <TCanvas::Print>: png file /eos/user/v/vveckaln/analysis_MC13TeV_TTJets_cflip/plots/M_mag_PV_bckg_PFNgt20_gen_leading_b.png has been created
processing M_mag_PV_bckg_PFNgt20_gen_leading_jet ***********************
Info in <TCanvas::Print>: pdf file /eos/user/v/vveckaln/analysis_MC13TeV_TTJets_cflip/plots/M_mag_PV_bckg_PFNgt20_gen_leading_jet.pdf has been created
Info in <TCanvas::Print>: png file /eos/user/v/vveckaln/analysis_MC13TeV_TTJets_cflip/plots/M_mag_PV_bckg_PFNgt20_gen_leading_jet.png has been created
processing M_mag_PV_bckg_PFNgt20_gen_lept_b ***********************
totalMC.Integral() == 0.0 is True
self.dataH.Integral() == 0.0 is True
processing M_mag_PV_bckg_PFNgt20_gen_scnd_leading_b ***********************
Info in <TCanvas::Print>: pdf file /eos/user/v/vveckaln/analysis_MC13TeV_TTJets_cflip/plots/M_mag_PV_bckg_PFNgt20_gen_scnd_leading_b.pdf has been created
Info in <TCanvas::Print>: png file /eos/user/v/vveckaln/analysis_MC13TeV_TTJets_cflip/plots/M_mag_PV_bckg_PFNgt20_gen_scnd_leading_b.png has been created
