klist
Ticket cache: FILE:/pool/condor/dir_15558/vveckaln.cc
Default principal: vveckaln@CERN.CH

Valid starting     Expires            Service principal
09/07/18 09:30:12  09/08/18 10:30:12  krbtgt/CERN.CH@CERN.CH
	renew until 09/12/18 08:47:41
09/07/18 09:33:17  09/08/18 10:30:12  afs/cern.ch@CERN.CH
	renew until 09/12/18 08:47:41
end klist
ls EOS
analysis_MC13TeV_TTJets
analysis_MC13TeV_TTJets_cflip
analysis_MC13TeV_TTJetsfix
analysis_MC13TeV_TTJets_herwig
analysis_MC13TeV_TTJetsswap
bins
cernbox
Chunks
Chunks_test
copy_test
data
flipped
flipped_old
LSF
merged_plots
migration
processing
reserve
rivet
rivet_results_23_March
rivet_test
rivet_test_21_March
SWAN_projects
test
unfolding_cflip_old
unfolding_-m
unfolding_nominal
unfolding_nominal_old
end ls EOS
EXIT_CODE_SCRAM 0
Error in <TFile::TFile>: file /eos/user/v/vveckaln/analysis_MC13TeV_TTJets/HADDChunks//MC13TeV_TTWToLNu.root does not exist
failed to open /eos/user/v/vveckaln/analysis_MC13TeV_TTJets/HADDChunks//MC13TeV_TTWToLNu.root
Error in <TFile::TFile>: file /eos/user/v/vveckaln/analysis_MC13TeV_TTJets/HADDChunks//MC13TeV_TTWToQQ.root does not exist
failed to open /eos/user/v/vveckaln/analysis_MC13TeV_TTJets/HADDChunks//MC13TeV_TTWToQQ.root
rm: cannot remove `/eos/user/v/vveckaln/analysis_MC13TeV_TTJets_cflip/plots/plotter_M_phi_PV_hadWPtgt50p0GeV_gen_scnd_leading_jet.root': No such file or directory
processing M_phi_PV_hadWPtgt50p0GeV_gen_scnd_leading_jet ***********************
Info in <TCanvas::Print>: pdf file /eos/user/v/vveckaln/analysis_MC13TeV_TTJets_cflip/plots/M_phi_PV_hadWPtgt50p0GeV_gen_scnd_leading_jet.pdf has been created
Info in <TCanvas::Print>: png file /eos/user/v/vveckaln/analysis_MC13TeV_TTJets_cflip/plots/M_phi_PV_hadWPtgt50p0GeV_gen_scnd_leading_jet.png has been created
processing M_phi_PV_hadWPtgt50p0GeV_reco_had_b ***********************
totalMC.Integral() == 0.0 is True
self.dataH.Integral() == 0.0 is True
processing M_phi_PV_hadWPtgt50p0GeV_reco_leading_b ***********************
Info in <TCanvas::Print>: pdf file /eos/user/v/vveckaln/analysis_MC13TeV_TTJets_cflip/plots/M_phi_PV_hadWPtgt50p0GeV_reco_leading_b.pdf has been created
Info in <TCanvas::Print>: png file /eos/user/v/vveckaln/analysis_MC13TeV_TTJets_cflip/plots/M_phi_PV_hadWPtgt50p0GeV_reco_leading_b.png has been created
processing M_phi_PV_hadWPtgt50p0GeV_reco_leading_jet ***********************
Info in <TCanvas::Print>: pdf file /eos/user/v/vveckaln/analysis_MC13TeV_TTJets_cflip/plots/M_phi_PV_hadWPtgt50p0GeV_reco_leading_jet.pdf has been created
Info in <TCanvas::Print>: png file /eos/user/v/vveckaln/analysis_MC13TeV_TTJets_cflip/plots/M_phi_PV_hadWPtgt50p0GeV_reco_leading_jet.png has been created
processing M_phi_PV_hadWPtgt50p0GeV_reco_lept_b ***********************
totalMC.Integral() == 0.0 is True
self.dataH.Integral() == 0.0 is True
processing M_phi_PV_hadWPtgt50p0GeV_reco_scnd_leading_b ***********************
Info in <TCanvas::Print>: pdf file /eos/user/v/vveckaln/analysis_MC13TeV_TTJets_cflip/plots/M_phi_PV_hadWPtgt50p0GeV_reco_scnd_leading_b.pdf has been created
Info in <TCanvas::Print>: png file /eos/user/v/vveckaln/analysis_MC13TeV_TTJets_cflip/plots/M_phi_PV_hadWPtgt50p0GeV_reco_scnd_leading_b.png has been created
processing M_phi_PV_hadWPtgt50p0GeV_reco_scnd_leading_jet ***********************
Info in <TCanvas::Print>: pdf file /eos/user/v/vveckaln/analysis_MC13TeV_TTJets_cflip/plots/M_phi_PV_hadWPtgt50p0GeV_reco_scnd_leading_jet.pdf has been created
Info in <TCanvas::Print>: png file /eos/user/v/vveckaln/analysis_MC13TeV_TTJets_cflip/plots/M_phi_PV_hadWPtgt50p0GeV_reco_scnd_leading_jet.png has been created
processing M_phi_PV_hadWPtle50p0GeV_gen_had_b ***********************
totalMC.Integral() == 0.0 is True
self.dataH.Integral() == 0.0 is True
processing M_phi_PV_hadWPtle50p0GeV_gen_leading_b ***********************
Info in <TCanvas::Print>: pdf file /eos/user/v/vveckaln/analysis_MC13TeV_TTJets_cflip/plots/M_phi_PV_hadWPtle50p0GeV_gen_leading_b.pdf has been created
Info in <TCanvas::Print>: png file /eos/user/v/vveckaln/analysis_MC13TeV_TTJets_cflip/plots/M_phi_PV_hadWPtle50p0GeV_gen_leading_b.png has been created
processing M_phi_PV_hadWPtle50p0GeV_gen_leading_jet ***********************
Info in <TCanvas::Print>: pdf file /eos/user/v/vveckaln/analysis_MC13TeV_TTJets_cflip/plots/M_phi_PV_hadWPtle50p0GeV_gen_leading_jet.pdf has been created
Info in <TCanvas::Print>: png file /eos/user/v/vveckaln/analysis_MC13TeV_TTJets_cflip/plots/M_phi_PV_hadWPtle50p0GeV_gen_leading_jet.png has been created
processing M_phi_PV_hadWPtle50p0GeV_gen_lept_b ***********************
totalMC.Integral() == 0.0 is True
self.dataH.Integral() == 0.0 is True
processing M_phi_PV_hadWPtle50p0GeV_gen_scnd_leading_b ***********************
Info in <TCanvas::Print>: pdf file /eos/user/v/vveckaln/analysis_MC13TeV_TTJets_cflip/plots/M_phi_PV_hadWPtle50p0GeV_gen_scnd_leading_b.pdf has been created
Info in <TCanvas::Print>: png file /eos/user/v/vveckaln/analysis_MC13TeV_TTJets_cflip/plots/M_phi_PV_hadWPtle50p0GeV_gen_scnd_leading_b.png has been created
processing M_phi_PV_hadWPtle50p0GeV_gen_scnd_leading_jet ***********************
Info in <TCanvas::Print>: pdf file /eos/user/v/vveckaln/analysis_MC13TeV_TTJets_cflip/plots/M_phi_PV_hadWPtle50p0GeV_gen_scnd_leading_jet.pdf has been created
Info in <TCanvas::Print>: png file /eos/user/v/vveckaln/analysis_MC13TeV_TTJets_cflip/plots/M_phi_PV_hadWPtle50p0GeV_gen_scnd_leading_jet.png has been created
processing M_phi_PV_hadWPtle50p0GeV_reco_had_b ***********************
totalMC.Integral() == 0.0 is True
self.dataH.Integral() == 0.0 is True
processing M_phi_PV_hadWPtle50p0GeV_reco_leading_b ***********************
Info in <TCanvas::Print>: pdf file /eos/user/v/vveckaln/analysis_MC13TeV_TTJets_cflip/plots/M_phi_PV_hadWPtle50p0GeV_reco_leading_b.pdf has been created
Info in <TCanvas::Print>: png file /eos/user/v/vveckaln/analysis_MC13TeV_TTJets_cflip/plots/M_phi_PV_hadWPtle50p0GeV_reco_leading_b.png has been created
processing M_phi_PV_hadWPtle50p0GeV_reco_leading_jet ***********************
Info in <TCanvas::Print>: pdf file /eos/user/v/vveckaln/analysis_MC13TeV_TTJets_cflip/plots/M_phi_PV_hadWPtle50p0GeV_reco_leading_jet.pdf has been created
Info in <TCanvas::Print>: png file /eos/user/v/vveckaln/analysis_MC13TeV_TTJets_cflip/plots/M_phi_PV_hadWPtle50p0GeV_reco_leading_jet.png has been created
processing M_phi_PV_hadWPtle50p0GeV_reco_lept_b ***********************
totalMC.Integral() == 0.0 is True
self.dataH.Integral() == 0.0 is True
processing M_phi_PV_hadWPtle50p0GeV_reco_scnd_leading_b ***********************
Info in <TCanvas::Print>: pdf file /eos/user/v/vveckaln/analysis_MC13TeV_TTJets_cflip/plots/M_phi_PV_hadWPtle50p0GeV_reco_scnd_leading_b.pdf has been created
Info in <TCanvas::Print>: png file /eos/user/v/vveckaln/analysis_MC13TeV_TTJets_cflip/plots/M_phi_PV_hadWPtle50p0GeV_reco_scnd_leading_b.png has been created
processing M_phi_PV_hadWPtle50p0GeV_reco_scnd_leading_jet ***********************
Info in <TCanvas::Print>: pdf file /eos/user/v/vveckaln/analysis_MC13TeV_TTJets_cflip/plots/M_phi_PV_hadWPtle50p0GeV_reco_scnd_leading_jet.pdf has been created
Info in <TCanvas::Print>: png file /eos/user/v/vveckaln/analysis_MC13TeV_TTJets_cflip/plots/M_phi_PV_hadWPtle50p0GeV_reco_scnd_leading_jet.png has been created
processing M_pull_angle_PFNgt20_gen_leading_b_scnd_leading_b_DeltaRTotal ***********************
Info in <TCanvas::Print>: pdf file /eos/user/v/vveckaln/analysis_MC13TeV_TTJets_cflip/plots/M_pull_angle_PFNgt20_gen_leading_b_scnd_leading_b_DeltaRTotal.pdf has been created
Info in <TCanvas::Print>: png file /eos/user/v/vveckaln/analysis_MC13TeV_TTJets_cflip/plots/M_pull_angle_PFNgt20_gen_leading_b_scnd_leading_b_DeltaRTotal.png has been created
processing M_pull_angle_PFNgt20_gen_leading_b_scnd_leading_b_DeltaRgt1p0 ***********************
Info in <TCanvas::Print>: pdf file /eos/user/v/vveckaln/analysis_MC13TeV_TTJets_cflip/plots/M_pull_angle_PFNgt20_gen_leading_b_scnd_leading_b_DeltaRgt1p0.pdf has been created
Info in <TCanvas::Print>: png file /eos/user/v/vveckaln/analysis_MC13TeV_TTJets_cflip/plots/M_pull_angle_PFNgt20_gen_leading_b_scnd_leading_b_DeltaRgt1p0.png has been created
processing M_pull_angle_PFNgt20_gen_leading_b_scnd_leading_b_DeltaRle1p0 ***********************
Info in <TCanvas::Print>: pdf file /eos/user/v/vveckaln/analysis_MC13TeV_TTJets_cflip/plots/M_pull_angle_PFNgt20_gen_leading_b_scnd_leading_b_DeltaRle1p0.pdf has been created
Info in <TCanvas::Print>: png file /eos/user/v/vveckaln/analysis_MC13TeV_TTJets_cflip/plots/M_pull_angle_PFNgt20_gen_leading_b_scnd_leading_b_DeltaRle1p0.png has been created
processing M_pull_angle_PFNgt20_gen_leading_jet_beam_DeltaRTotal ***********************
Info in <TCanvas::Print>: pdf file /eos/user/v/vveckaln/analysis_MC13TeV_TTJets_cflip/plots/M_pull_angle_PFNgt20_gen_leading_jet_beam_DeltaRTotal.pdf has been created
Info in <TCanvas::Print>: png file /eos/user/v/vveckaln/analysis_MC13TeV_TTJets_cflip/plots/M_pull_angle_PFNgt20_gen_leading_jet_beam_DeltaRTotal.png has been created
processing M_pull_angle_PFNgt20_gen_leading_jet_beam_DeltaRgt1p0 ***********************
Info in <TCanvas::Print>: pdf file /eos/user/v/vveckaln/analysis_MC13TeV_TTJets_cflip/plots/M_pull_angle_PFNgt20_gen_leading_jet_beam_DeltaRgt1p0.pdf has been created
Info in <TCanvas::Print>: png file /eos/user/v/vveckaln/analysis_MC13TeV_TTJets_cflip/plots/M_pull_angle_PFNgt20_gen_leading_jet_beam_DeltaRgt1p0.png has been created
processing M_pull_angle_PFNgt20_gen_leading_jet_beam_DeltaRle1p0 ***********************
totalMC.Integral() == 0.0 is True
self.dataH.Integral() == 0.0 is True
processing M_pull_angle_PFNgt20_gen_leading_jet_fake_DeltaRTotal ***********************
totalMC.Integral() == 0.0 is True
self.dataH.Integral() == 0.0 is True
processing M_pull_angle_PFNgt20_gen_leading_jet_fake_DeltaRgt1p0 ***********************
totalMC.Integral() == 0.0 is True
self.dataH.Integral() == 0.0 is True
processing M_pull_angle_PFNgt20_gen_leading_jet_fake_DeltaRle1p0 ***********************
totalMC.Integral() == 0.0 is True
self.dataH.Integral() == 0.0 is True
processing M_pull_angle_PFNgt20_gen_leading_jet_had_b_DeltaRTotal ***********************
Info in <TCanvas::Print>: pdf file /eos/user/v/vveckaln/analysis_MC13TeV_TTJets_cflip/plots/M_pull_angle_PFNgt20_gen_leading_jet_had_b_DeltaRTotal.pdf has been created
Info in <TCanvas::Print>: png file /eos/user/v/vveckaln/analysis_MC13TeV_TTJets_cflip/plots/M_pull_angle_PFNgt20_gen_leading_jet_had_b_DeltaRTotal.png has been created
processing M_pull_angle_PFNgt20_gen_leading_jet_had_b_DeltaRgt1p0 ***********************
Info in <TCanvas::Print>: pdf file /eos/user/v/vveckaln/analysis_MC13TeV_TTJets_cflip/plots/M_pull_angle_PFNgt20_gen_leading_jet_had_b_DeltaRgt1p0.pdf has been created
Info in <TCanvas::Print>: png file /eos/user/v/vveckaln/analysis_MC13TeV_TTJets_cflip/plots/M_pull_angle_PFNgt20_gen_leading_jet_had_b_DeltaRgt1p0.png has been created
processing M_pull_angle_PFNgt20_gen_leading_jet_had_b_DeltaRle1p0 ***********************
Info in <TCanvas::Print>: pdf file /eos/user/v/vveckaln/analysis_MC13TeV_TTJets_cflip/plots/M_pull_angle_PFNgt20_gen_leading_jet_had_b_DeltaRle1p0.pdf has been created
Info in <TCanvas::Print>: png file /eos/user/v/vveckaln/analysis_MC13TeV_TTJets_cflip/plots/M_pull_angle_PFNgt20_gen_leading_jet_had_b_DeltaRle1p0.png has been created
processing M_pull_angle_PFNgt20_gen_leading_jet_had_t_DeltaRTotal ***********************
Info in <TCanvas::Print>: pdf file /eos/user/v/vveckaln/analysis_MC13TeV_TTJets_cflip/plots/M_pull_angle_PFNgt20_gen_leading_jet_had_t_DeltaRTotal.pdf has been created
Info in <TCanvas::Print>: png file /eos/user/v/vveckaln/analysis_MC13TeV_TTJets_cflip/plots/M_pull_angle_PFNgt20_gen_leading_jet_had_t_DeltaRTotal.png has been created
processing M_pull_angle_PFNgt20_gen_leading_jet_had_t_DeltaRgt1p0 ***********************
Info in <TCanvas::Print>: pdf file /eos/user/v/vveckaln/analysis_MC13TeV_TTJets_cflip/plots/M_pull_angle_PFNgt20_gen_leading_jet_had_t_DeltaRgt1p0.pdf has been created
Info in <TCanvas::Print>: png file /eos/user/v/vveckaln/analysis_MC13TeV_TTJets_cflip/plots/M_pull_angle_PFNgt20_gen_leading_jet_had_t_DeltaRgt1p0.png has been created
processing M_pull_angle_PFNgt20_gen_leading_jet_had_t_DeltaRle1p0 ***********************
Info in <TCanvas::Print>: pdf file /eos/user/v/vveckaln/analysis_MC13TeV_TTJets_cflip/plots/M_pull_angle_PFNgt20_gen_leading_jet_had_t_DeltaRle1p0.pdf has been created
Info in <TCanvas::Print>: png file /eos/user/v/vveckaln/analysis_MC13TeV_TTJets_cflip/plots/M_pull_angle_PFNgt20_gen_leading_jet_had_t_DeltaRle1p0.png has been created
processing M_pull_angle_PFNgt20_gen_leading_jet_had_w_DeltaRTotal ***********************
Info in <TCanvas::Print>: pdf file /eos/user/v/vveckaln/analysis_MC13TeV_TTJets_cflip/plots/M_pull_angle_PFNgt20_gen_leading_jet_had_w_DeltaRTotal.pdf has been created
Info in <TCanvas::Print>: png file /eos/user/v/vveckaln/analysis_MC13TeV_TTJets_cflip/plots/M_pull_angle_PFNgt20_gen_leading_jet_had_w_DeltaRTotal.png has been created
processing M_pull_angle_PFNgt20_gen_leading_jet_had_w_DeltaRgt1p0 ***********************
Info in <TCanvas::Print>: pdf file /eos/user/v/vveckaln/analysis_MC13TeV_TTJets_cflip/plots/M_pull_angle_PFNgt20_gen_leading_jet_had_w_DeltaRgt1p0.pdf has been created
Info in <TCanvas::Print>: png file /eos/user/v/vveckaln/analysis_MC13TeV_TTJets_cflip/plots/M_pull_angle_PFNgt20_gen_leading_jet_had_w_DeltaRgt1p0.png has been created
processing M_pull_angle_PFNgt20_gen_leading_jet_had_w_DeltaRle1p0 ***********************
Info in <TCanvas::Print>: pdf file /eos/user/v/vveckaln/analysis_MC13TeV_TTJets_cflip/plots/M_pull_angle_PFNgt20_gen_leading_jet_had_w_DeltaRle1p0.pdf has been created
Info in <TCanvas::Print>: png file /eos/user/v/vveckaln/analysis_MC13TeV_TTJets_cflip/plots/M_pull_angle_PFNgt20_gen_leading_jet_had_w_DeltaRle1p0.png has been created
processing M_pull_angle_PFNgt20_gen_leading_jet_lept_b_DeltaRTotal ***********************
Info in <TCanvas::Print>: pdf file /eos/user/v/vveckaln/analysis_MC13TeV_TTJets_cflip/plots/M_pull_angle_PFNgt20_gen_leading_jet_lept_b_DeltaRTotal.pdf has been created
Info in <TCanvas::Print>: png file /eos/user/v/vveckaln/analysis_MC13TeV_TTJets_cflip/plots/M_pull_angle_PFNgt20_gen_leading_jet_lept_b_DeltaRTotal.png has been created
processing M_pull_angle_PFNgt20_gen_leading_jet_lept_b_DeltaRgt1p0 ***********************
Info in <TCanvas::Print>: pdf file /eos/user/v/vveckaln/analysis_MC13TeV_TTJets_cflip/plots/M_pull_angle_PFNgt20_gen_leading_jet_lept_b_DeltaRgt1p0.pdf has been created
Info in <TCanvas::Print>: png file /eos/user/v/vveckaln/analysis_MC13TeV_TTJets_cflip/plots/M_pull_angle_PFNgt20_gen_leading_jet_lept_b_DeltaRgt1p0.png has been created
processing M_pull_angle_PFNgt20_gen_leading_jet_lept_b_DeltaRle1p0 ***********************
Info in <TCanvas::Print>: pdf file /eos/user/v/vveckaln/analysis_MC13TeV_TTJets_cflip/plots/M_pull_angle_PFNgt20_gen_leading_jet_lept_b_DeltaRle1p0.pdf has been created
Info in <TCanvas::Print>: png file /eos/user/v/vveckaln/analysis_MC13TeV_TTJets_cflip/plots/M_pull_angle_PFNgt20_gen_leading_jet_lept_b_DeltaRle1p0.png has been created
processing M_pull_angle_PFNgt20_gen_leading_jet_lept_t_DeltaRTotal ***********************
Info in <TCanvas::Print>: pdf file /eos/user/v/vveckaln/analysis_MC13TeV_TTJets_cflip/plots/M_pull_angle_PFNgt20_gen_leading_jet_lept_t_DeltaRTotal.pdf has been created
Info in <TCanvas::Print>: png file /eos/user/v/vveckaln/analysis_MC13TeV_TTJets_cflip/plots/M_pull_angle_PFNgt20_gen_leading_jet_lept_t_DeltaRTotal.png has been created
processing M_pull_angle_PFNgt20_gen_leading_jet_lept_t_DeltaRgt1p0 ***********************
Info in <TCanvas::Print>: pdf file /eos/user/v/vveckaln/analysis_MC13TeV_TTJets_cflip/plots/M_pull_angle_PFNgt20_gen_leading_jet_lept_t_DeltaRgt1p0.pdf has been created
Info in <TCanvas::Print>: png file /eos/user/v/vveckaln/analysis_MC13TeV_TTJets_cflip/plots/M_pull_angle_PFNgt20_gen_leading_jet_lept_t_DeltaRgt1p0.png has been created
processing M_pull_angle_PFNgt20_gen_leading_jet_lept_t_DeltaRle1p0 ***********************
Info in <TCanvas::Print>: pdf file /eos/user/v/vveckaln/analysis_MC13TeV_TTJets_cflip/plots/M_pull_angle_PFNgt20_gen_leading_jet_lept_t_DeltaRle1p0.pdf has been created
Info in <TCanvas::Print>: png file /eos/user/v/vveckaln/analysis_MC13TeV_TTJets_cflip/plots/M_pull_angle_PFNgt20_gen_leading_jet_lept_t_DeltaRle1p0.png has been created
processing M_pull_angle_PFNgt20_gen_leading_jet_lept_w_DeltaRTotal ***********************
Info in <TCanvas::Print>: pdf file /eos/user/v/vveckaln/analysis_MC13TeV_TTJets_cflip/plots/M_pull_angle_PFNgt20_gen_leading_jet_lept_w_DeltaRTotal.pdf has been created
Info in <TCanvas::Print>: png file /eos/user/v/vveckaln/analysis_MC13TeV_TTJets_cflip/plots/M_pull_angle_PFNgt20_gen_leading_jet_lept_w_DeltaRTotal.png has been created
processing M_pull_angle_PFNgt20_gen_leading_jet_lept_w_DeltaRgt1p0 ***********************
Info in <TCanvas::Print>: pdf file /eos/user/v/vveckaln/analysis_MC13TeV_TTJets_cflip/plots/M_pull_angle_PFNgt20_gen_leading_jet_lept_w_DeltaRgt1p0.pdf has been created
Info in <TCanvas::Print>: png file /eos/user/v/vveckaln/analysis_MC13TeV_TTJets_cflip/plots/M_pull_angle_PFNgt20_gen_leading_jet_lept_w_DeltaRgt1p0.png has been created
processing M_pull_angle_PFNgt20_gen_leading_jet_lept_w_DeltaRle1p0 ***********************
Info in <TCanvas::Print>: pdf file /eos/user/v/vveckaln/analysis_MC13TeV_TTJets_cflip/plots/M_pull_angle_PFNgt20_gen_leading_jet_lept_w_DeltaRle1p0.pdf has been created
Info in <TCanvas::Print>: png file /eos/user/v/vveckaln/analysis_MC13TeV_TTJets_cflip/plots/M_pull_angle_PFNgt20_gen_leading_jet_lept_w_DeltaRle1p0.png has been created
processing M_pull_angle_PFNgt20_gen_leading_jet_lepton_DeltaRTotal ***********************
Info in <TCanvas::Print>: pdf file /eos/user/v/vveckaln/analysis_MC13TeV_TTJets_cflip/plots/M_pull_angle_PFNgt20_gen_leading_jet_lepton_DeltaRTotal.pdf has been created
Info in <TCanvas::Print>: png file /eos/user/v/vveckaln/analysis_MC13TeV_TTJets_cflip/plots/M_pull_angle_PFNgt20_gen_leading_jet_lepton_DeltaRTotal.png has been created
processing M_pull_angle_PFNgt20_gen_leading_jet_lepton_DeltaRgt1p0 ***********************
Info in <TCanvas::Print>: pdf file /eos/user/v/vveckaln/analysis_MC13TeV_TTJets_cflip/plots/M_pull_angle_PFNgt20_gen_leading_jet_lepton_DeltaRgt1p0.pdf has been created
Info in <TCanvas::Print>: png file /eos/user/v/vveckaln/analysis_MC13TeV_TTJets_cflip/plots/M_pull_angle_PFNgt20_gen_leading_jet_lepton_DeltaRgt1p0.png has been created
processing M_pull_angle_PFNgt20_gen_leading_jet_lepton_DeltaRle1p0 ***********************
Info in <TCanvas::Print>: pdf file /eos/user/v/vveckaln/analysis_MC13TeV_TTJets_cflip/plots/M_pull_angle_PFNgt20_gen_leading_jet_lepton_DeltaRle1p0.pdf has been created
Info in <TCanvas::Print>: png file /eos/user/v/vveckaln/analysis_MC13TeV_TTJets_cflip/plots/M_pull_angle_PFNgt20_gen_leading_jet_lepton_DeltaRle1p0.png has been created
processing M_pull_angle_PFNgt20_gen_leading_jet_neutrino_DeltaRTotal ***********************
Info in <TCanvas::Print>: pdf file /eos/user/v/vveckaln/analysis_MC13TeV_TTJets_cflip/plots/M_pull_angle_PFNgt20_gen_leading_jet_neutrino_DeltaRTotal.pdf has been created
Info in <TCanvas::Print>: png file /eos/user/v/vveckaln/analysis_MC13TeV_TTJets_cflip/plots/M_pull_angle_PFNgt20_gen_leading_jet_neutrino_DeltaRTotal.png has been created
processing M_pull_angle_PFNgt20_gen_leading_jet_neutrino_DeltaRgt1p0 ***********************
Info in <TCanvas::Print>: pdf file /eos/user/v/vveckaln/analysis_MC13TeV_TTJets_cflip/plots/M_pull_angle_PFNgt20_gen_leading_jet_neutrino_DeltaRgt1p0.pdf has been created
Info in <TCanvas::Print>: png file /eos/user/v/vveckaln/analysis_MC13TeV_TTJets_cflip/plots/M_pull_angle_PFNgt20_gen_leading_jet_neutrino_DeltaRgt1p0.png has been created
processing M_pull_angle_PFNgt20_gen_leading_jet_neutrino_DeltaRle1p0 ***********************
Info in <TCanvas::Print>: pdf file /eos/user/v/vveckaln/analysis_MC13TeV_TTJets_cflip/plots/M_pull_angle_PFNgt20_gen_leading_jet_neutrino_DeltaRle1p0.pdf has been created
Info in <TCanvas::Print>: png file /eos/user/v/vveckaln/analysis_MC13TeV_TTJets_cflip/plots/M_pull_angle_PFNgt20_gen_leading_jet_neutrino_DeltaRle1p0.png has been created
processing M_pull_angle_PFNgt20_gen_leading_jet_scnd_leading_jet_DeltaRTotal ***********************
Info in <TCanvas::Print>: pdf file /eos/user/v/vveckaln/analysis_MC13TeV_TTJets_cflip/plots/M_pull_angle_PFNgt20_gen_leading_jet_scnd_leading_jet_DeltaRTotal.pdf has been created
Info in <TCanvas::Print>: png file /eos/user/v/vveckaln/analysis_MC13TeV_TTJets_cflip/plots/M_pull_angle_PFNgt20_gen_leading_jet_scnd_leading_jet_DeltaRTotal.png has been created
processing M_pull_angle_PFNgt20_gen_leading_jet_scnd_leading_jet_DeltaRgt1p0 ***********************
Info in <TCanvas::Print>: pdf file /eos/user/v/vveckaln/analysis_MC13TeV_TTJets_cflip/plots/M_pull_angle_PFNgt20_gen_leading_jet_scnd_leading_jet_DeltaRgt1p0.pdf has been created
Info in <TCanvas::Print>: png file /eos/user/v/vveckaln/analysis_MC13TeV_TTJets_cflip/plots/M_pull_angle_PFNgt20_gen_leading_jet_scnd_leading_jet_DeltaRgt1p0.png has been created
processing M_pull_angle_PFNgt20_gen_leading_jet_scnd_leading_jet_DeltaRle1p0 ***********************
Info in <TCanvas::Print>: pdf file /eos/user/v/vveckaln/analysis_MC13TeV_TTJets_cflip/plots/M_pull_angle_PFNgt20_gen_leading_jet_scnd_leading_jet_DeltaRle1p0.pdf has been created
Info in <TCanvas::Print>: png file /eos/user/v/vveckaln/analysis_MC13TeV_TTJets_cflip/plots/M_pull_angle_PFNgt20_gen_leading_jet_scnd_leading_jet_DeltaRle1p0.png has been created
processing M_pull_angle_PFNgt20_gen_scnd_leading_b_leading_b_DeltaRTotal ***********************
Info in <TCanvas::Print>: pdf file /eos/user/v/vveckaln/analysis_MC13TeV_TTJets_cflip/plots/M_pull_angle_PFNgt20_gen_scnd_leading_b_leading_b_DeltaRTotal.pdf has been created
Info in <TCanvas::Print>: png file /eos/user/v/vveckaln/analysis_MC13TeV_TTJets_cflip/plots/M_pull_angle_PFNgt20_gen_scnd_leading_b_leading_b_DeltaRTotal.png has been created
processing M_pull_angle_PFNgt20_gen_scnd_leading_b_leading_b_DeltaRgt1p0 ***********************
Info in <TCanvas::Print>: pdf file /eos/user/v/vveckaln/analysis_MC13TeV_TTJets_cflip/plots/M_pull_angle_PFNgt20_gen_scnd_leading_b_leading_b_DeltaRgt1p0.pdf has been created
Info in <TCanvas::Print>: png file /eos/user/v/vveckaln/analysis_MC13TeV_TTJets_cflip/plots/M_pull_angle_PFNgt20_gen_scnd_leading_b_leading_b_DeltaRgt1p0.png has been created
processing M_pull_angle_PFNgt20_gen_scnd_leading_b_leading_b_DeltaRle1p0 ***********************
Info in <TCanvas::Print>: pdf file /eos/user/v/vveckaln/analysis_MC13TeV_TTJets_cflip/plots/M_pull_angle_PFNgt20_gen_scnd_leading_b_leading_b_DeltaRle1p0.pdf has been created
Info in <TCanvas::Print>: png file /eos/user/v/vveckaln/analysis_MC13TeV_TTJets_cflip/plots/M_pull_angle_PFNgt20_gen_scnd_leading_b_leading_b_DeltaRle1p0.png has been created
processing M_pull_angle_PFNgt20_gen_scnd_leading_jet_beam_DeltaRTotal ***********************
Info in <TCanvas::Print>: pdf file /eos/user/v/vveckaln/analysis_MC13TeV_TTJets_cflip/plots/M_pull_angle_PFNgt20_gen_scnd_leading_jet_beam_DeltaRTotal.pdf has been created
Info in <TCanvas::Print>: png file /eos/user/v/vveckaln/analysis_MC13TeV_TTJets_cflip/plots/M_pull_angle_PFNgt20_gen_scnd_leading_jet_beam_DeltaRTotal.png has been created
processing M_pull_angle_PFNgt20_gen_scnd_leading_jet_beam_DeltaRgt1p0 ***********************
Info in <TCanvas::Print>: pdf file /eos/user/v/vveckaln/analysis_MC13TeV_TTJets_cflip/plots/M_pull_angle_PFNgt20_gen_scnd_leading_jet_beam_DeltaRgt1p0.pdf has been created
Info in <TCanvas::Print>: png file /eos/user/v/vveckaln/analysis_MC13TeV_TTJets_cflip/plots/M_pull_angle_PFNgt20_gen_scnd_leading_jet_beam_DeltaRgt1p0.png has been created
processing M_pull_angle_PFNgt20_gen_scnd_leading_jet_beam_DeltaRle1p0 ***********************
totalMC.Integral() == 0.0 is True
self.dataH.Integral() == 0.0 is True
processing M_pull_angle_PFNgt20_gen_scnd_leading_jet_fake_DeltaRTotal ***********************
totalMC.Integral() == 0.0 is True
self.dataH.Integral() == 0.0 is True
processing M_pull_angle_PFNgt20_gen_scnd_leading_jet_fake_DeltaRgt1p0 ***********************
totalMC.Integral() == 0.0 is True
self.dataH.Integral() == 0.0 is True
processing M_pull_angle_PFNgt20_gen_scnd_leading_jet_fake_DeltaRle1p0 ***********************
totalMC.Integral() == 0.0 is True
self.dataH.Integral() == 0.0 is True
processing M_pull_angle_PFNgt20_gen_scnd_leading_jet_had_b_DeltaRTotal ***********************
Info in <TCanvas::Print>: pdf file /eos/user/v/vveckaln/analysis_MC13TeV_TTJets_cflip/plots/M_pull_angle_PFNgt20_gen_scnd_leading_jet_had_b_DeltaRTotal.pdf has been created
Info in <TCanvas::Print>: png file /eos/user/v/vveckaln/analysis_MC13TeV_TTJets_cflip/plots/M_pull_angle_PFNgt20_gen_scnd_leading_jet_had_b_DeltaRTotal.png has been created
processing M_pull_angle_PFNgt20_gen_scnd_leading_jet_had_b_DeltaRgt1p0 ***********************
Info in <TCanvas::Print>: pdf file /eos/user/v/vveckaln/analysis_MC13TeV_TTJets_cflip/plots/M_pull_angle_PFNgt20_gen_scnd_leading_jet_had_b_DeltaRgt1p0.pdf has been created
Info in <TCanvas::Print>: png file /eos/user/v/vveckaln/analysis_MC13TeV_TTJets_cflip/plots/M_pull_angle_PFNgt20_gen_scnd_leading_jet_had_b_DeltaRgt1p0.png has been created
processing M_pull_angle_PFNgt20_gen_scnd_leading_jet_had_b_DeltaRle1p0 ***********************
Info in <TCanvas::Print>: pdf file /eos/user/v/vveckaln/analysis_MC13TeV_TTJets_cflip/plots/M_pull_angle_PFNgt20_gen_scnd_leading_jet_had_b_DeltaRle1p0.pdf has been created
Info in <TCanvas::Print>: png file /eos/user/v/vveckaln/analysis_MC13TeV_TTJets_cflip/plots/M_pull_angle_PFNgt20_gen_scnd_leading_jet_had_b_DeltaRle1p0.png has been created
processing M_pull_angle_PFNgt20_gen_scnd_leading_jet_had_t_DeltaRTotal ***********************
Info in <TCanvas::Print>: pdf file /eos/user/v/vveckaln/analysis_MC13TeV_TTJets_cflip/plots/M_pull_angle_PFNgt20_gen_scnd_leading_jet_had_t_DeltaRTotal.pdf has been created
Info in <TCanvas::Print>: png file /eos/user/v/vveckaln/analysis_MC13TeV_TTJets_cflip/plots/M_pull_angle_PFNgt20_gen_scnd_leading_jet_had_t_DeltaRTotal.png has been created
processing M_pull_angle_PFNgt20_gen_scnd_leading_jet_had_t_DeltaRgt1p0 ***********************
Info in <TCanvas::Print>: pdf file /eos/user/v/vveckaln/analysis_MC13TeV_TTJets_cflip/plots/M_pull_angle_PFNgt20_gen_scnd_leading_jet_had_t_DeltaRgt1p0.pdf has been created
Info in <TCanvas::Print>: png file /eos/user/v/vveckaln/analysis_MC13TeV_TTJets_cflip/plots/M_pull_angle_PFNgt20_gen_scnd_leading_jet_had_t_DeltaRgt1p0.png has been created
processing M_pull_angle_PFNgt20_gen_scnd_leading_jet_had_t_DeltaRle1p0 ***********************
Info in <TCanvas::Print>: pdf file /eos/user/v/vveckaln/analysis_MC13TeV_TTJets_cflip/plots/M_pull_angle_PFNgt20_gen_scnd_leading_jet_had_t_DeltaRle1p0.pdf has been created
Info in <TCanvas::Print>: png file /eos/user/v/vveckaln/analysis_MC13TeV_TTJets_cflip/plots/M_pull_angle_PFNgt20_gen_scnd_leading_jet_had_t_DeltaRle1p0.png has been created
processing M_pull_angle_PFNgt20_gen_scnd_leading_jet_had_w_DeltaRTotal ***********************
Info in <TCanvas::Print>: pdf file /eos/user/v/vveckaln/analysis_MC13TeV_TTJets_cflip/plots/M_pull_angle_PFNgt20_gen_scnd_leading_jet_had_w_DeltaRTotal.pdf has been created
Info in <TCanvas::Print>: png file /eos/user/v/vveckaln/analysis_MC13TeV_TTJets_cflip/plots/M_pull_angle_PFNgt20_gen_scnd_leading_jet_had_w_DeltaRTotal.png has been created
processing M_pull_angle_PFNgt20_gen_scnd_leading_jet_had_w_DeltaRgt1p0 ***********************
Info in <TCanvas::Print>: pdf file /eos/user/v/vveckaln/analysis_MC13TeV_TTJets_cflip/plots/M_pull_angle_PFNgt20_gen_scnd_leading_jet_had_w_DeltaRgt1p0.pdf has been created
Info in <TCanvas::Print>: png file /eos/user/v/vveckaln/analysis_MC13TeV_TTJets_cflip/plots/M_pull_angle_PFNgt20_gen_scnd_leading_jet_had_w_DeltaRgt1p0.png has been created
processing M_pull_angle_PFNgt20_gen_scnd_leading_jet_had_w_DeltaRle1p0 ***********************
Info in <TCanvas::Print>: pdf file /eos/user/v/vveckaln/analysis_MC13TeV_TTJets_cflip/plots/M_pull_angle_PFNgt20_gen_scnd_leading_jet_had_w_DeltaRle1p0.pdf has been created
Info in <TCanvas::Print>: png file /eos/user/v/vveckaln/analysis_MC13TeV_TTJets_cflip/plots/M_pull_angle_PFNgt20_gen_scnd_leading_jet_had_w_DeltaRle1p0.png has been created
processing M_pull_angle_PFNgt20_gen_scnd_leading_jet_leading_jet_DeltaRTotal ***********************
Info in <TCanvas::Print>: pdf file /eos/user/v/vveckaln/analysis_MC13TeV_TTJets_cflip/plots/M_pull_angle_PFNgt20_gen_scnd_leading_jet_leading_jet_DeltaRTotal.pdf has been created
Info in <TCanvas::Print>: png file /eos/user/v/vveckaln/analysis_MC13TeV_TTJets_cflip/plots/M_pull_angle_PFNgt20_gen_scnd_leading_jet_leading_jet_DeltaRTotal.png has been created
processing M_pull_angle_PFNgt20_gen_scnd_leading_jet_leading_jet_DeltaRgt1p0 ***********************
Info in <TCanvas::Print>: pdf file /eos/user/v/vveckaln/analysis_MC13TeV_TTJets_cflip/plots/M_pull_angle_PFNgt20_gen_scnd_leading_jet_leading_jet_DeltaRgt1p0.pdf has been created
Info in <TCanvas::Print>: png file /eos/user/v/vveckaln/analysis_MC13TeV_TTJets_cflip/plots/M_pull_angle_PFNgt20_gen_scnd_leading_jet_leading_jet_DeltaRgt1p0.png has been created
processing M_pull_angle_PFNgt20_gen_scnd_leading_jet_leading_jet_DeltaRle1p0 ***********************
Info in <TCanvas::Print>: pdf file /eos/user/v/vveckaln/analysis_MC13TeV_TTJets_cflip/plots/M_pull_angle_PFNgt20_gen_scnd_leading_jet_leading_jet_DeltaRle1p0.pdf has been created
Info in <TCanvas::Print>: png file /eos/user/v/vveckaln/analysis_MC13TeV_TTJets_cflip/plots/M_pull_angle_PFNgt20_gen_scnd_leading_jet_leading_jet_DeltaRle1p0.png has been created
processing M_pull_angle_PFNgt20_gen_scnd_leading_jet_lept_b_DeltaRTotal ***********************
Info in <TCanvas::Print>: pdf file /eos/user/v/vveckaln/analysis_MC13TeV_TTJets_cflip/plots/M_pull_angle_PFNgt20_gen_scnd_leading_jet_lept_b_DeltaRTotal.pdf has been created
Info in <TCanvas::Print>: png file /eos/user/v/vveckaln/analysis_MC13TeV_TTJets_cflip/plots/M_pull_angle_PFNgt20_gen_scnd_leading_jet_lept_b_DeltaRTotal.png has been created
processing M_pull_angle_PFNgt20_gen_scnd_leading_jet_lept_b_DeltaRgt1p0 ***********************
Info in <TCanvas::Print>: pdf file /eos/user/v/vveckaln/analysis_MC13TeV_TTJets_cflip/plots/M_pull_angle_PFNgt20_gen_scnd_leading_jet_lept_b_DeltaRgt1p0.pdf has been created
Info in <TCanvas::Print>: png file /eos/user/v/vveckaln/analysis_MC13TeV_TTJets_cflip/plots/M_pull_angle_PFNgt20_gen_scnd_leading_jet_lept_b_DeltaRgt1p0.png has been created
processing M_pull_angle_PFNgt20_gen_scnd_leading_jet_lept_b_DeltaRle1p0 ***********************
Info in <TCanvas::Print>: pdf file /eos/user/v/vveckaln/analysis_MC13TeV_TTJets_cflip/plots/M_pull_angle_PFNgt20_gen_scnd_leading_jet_lept_b_DeltaRle1p0.pdf has been created
Info in <TCanvas::Print>: png file /eos/user/v/vveckaln/analysis_MC13TeV_TTJets_cflip/plots/M_pull_angle_PFNgt20_gen_scnd_leading_jet_lept_b_DeltaRle1p0.png has been created
processing M_pull_angle_PFNgt20_gen_scnd_leading_jet_lept_t_DeltaRTotal ***********************
Info in <TCanvas::Print>: pdf file /eos/user/v/vveckaln/analysis_MC13TeV_TTJets_cflip/plots/M_pull_angle_PFNgt20_gen_scnd_leading_jet_lept_t_DeltaRTotal.pdf has been created
Info in <TCanvas::Print>: png file /eos/user/v/vveckaln/analysis_MC13TeV_TTJets_cflip/plots/M_pull_angle_PFNgt20_gen_scnd_leading_jet_lept_t_DeltaRTotal.png has been created
processing M_pull_angle_PFNgt20_gen_scnd_leading_jet_lept_t_DeltaRgt1p0 ***********************
Info in <TCanvas::Print>: pdf file /eos/user/v/vveckaln/analysis_MC13TeV_TTJets_cflip/plots/M_pull_angle_PFNgt20_gen_scnd_leading_jet_lept_t_DeltaRgt1p0.pdf has been created
Info in <TCanvas::Print>: png file /eos/user/v/vveckaln/analysis_MC13TeV_TTJets_cflip/plots/M_pull_angle_PFNgt20_gen_scnd_leading_jet_lept_t_DeltaRgt1p0.png has been created
processing M_pull_angle_PFNgt20_gen_scnd_leading_jet_lept_t_DeltaRle1p0 ***********************
Info in <TCanvas::Print>: pdf file /eos/user/v/vveckaln/analysis_MC13TeV_TTJets_cflip/plots/M_pull_angle_PFNgt20_gen_scnd_leading_jet_lept_t_DeltaRle1p0.pdf has been created
Info in <TCanvas::Print>: png file /eos/user/v/vveckaln/analysis_MC13TeV_TTJets_cflip/plots/M_pull_angle_PFNgt20_gen_scnd_leading_jet_lept_t_DeltaRle1p0.png has been created
processing M_pull_angle_PFNgt20_gen_scnd_leading_jet_lept_w_DeltaRTotal ***********************
Info in <TCanvas::Print>: pdf file /eos/user/v/vveckaln/analysis_MC13TeV_TTJets_cflip/plots/M_pull_angle_PFNgt20_gen_scnd_leading_jet_lept_w_DeltaRTotal.pdf has been created
Info in <TCanvas::Print>: png file /eos/user/v/vveckaln/analysis_MC13TeV_TTJets_cflip/plots/M_pull_angle_PFNgt20_gen_scnd_leading_jet_lept_w_DeltaRTotal.png has been created
processing M_pull_angle_PFNgt20_gen_scnd_leading_jet_lept_w_DeltaRgt1p0 ***********************
Info in <TCanvas::Print>: pdf file /eos/user/v/vveckaln/analysis_MC13TeV_TTJets_cflip/plots/M_pull_angle_PFNgt20_gen_scnd_leading_jet_lept_w_DeltaRgt1p0.pdf has been created
Info in <TCanvas::Print>: png file /eos/user/v/vveckaln/analysis_MC13TeV_TTJets_cflip/plots/M_pull_angle_PFNgt20_gen_scnd_leading_jet_lept_w_DeltaRgt1p0.png has been created
processing M_pull_angle_PFNgt20_gen_scnd_leading_jet_lept_w_DeltaRle1p0 ***********************
Info in <TCanvas::Print>: pdf file /eos/user/v/vveckaln/analysis_MC13TeV_TTJets_cflip/plots/M_pull_angle_PFNgt20_gen_scnd_leading_jet_lept_w_DeltaRle1p0.pdf has been created
Info in <TCanvas::Print>: png file /eos/user/v/vveckaln/analysis_MC13TeV_TTJets_cflip/plots/M_pull_angle_PFNgt20_gen_scnd_leading_jet_lept_w_DeltaRle1p0.png has been created
processing M_pull_angle_PFNgt20_gen_scnd_leading_jet_lepton_DeltaRTotal ***********************
Info in <TCanvas::Print>: pdf file /eos/user/v/vveckaln/analysis_MC13TeV_TTJets_cflip/plots/M_pull_angle_PFNgt20_gen_scnd_leading_jet_lepton_DeltaRTotal.pdf has been created
Info in <TCanvas::Print>: png file /eos/user/v/vveckaln/analysis_MC13TeV_TTJets_cflip/plots/M_pull_angle_PFNgt20_gen_scnd_leading_jet_lepton_DeltaRTotal.png has been created
processing M_pull_angle_PFNgt20_gen_scnd_leading_jet_lepton_DeltaRgt1p0 ***********************
Info in <TCanvas::Print>: pdf file /eos/user/v/vveckaln/analysis_MC13TeV_TTJets_cflip/plots/M_pull_angle_PFNgt20_gen_scnd_leading_jet_lepton_DeltaRgt1p0.pdf has been created
Info in <TCanvas::Print>: png file /eos/user/v/vveckaln/analysis_MC13TeV_TTJets_cflip/plots/M_pull_angle_PFNgt20_gen_scnd_leading_jet_lepton_DeltaRgt1p0.png has been created
processing M_pull_angle_PFNgt20_gen_scnd_leading_jet_lepton_DeltaRle1p0 ***********************
Info in <TCanvas::Print>: pdf file /eos/user/v/vveckaln/analysis_MC13TeV_TTJets_cflip/plots/M_pull_angle_PFNgt20_gen_scnd_leading_jet_lepton_DeltaRle1p0.pdf has been created
Info in <TCanvas::Print>: png file /eos/user/v/vveckaln/analysis_MC13TeV_TTJets_cflip/plots/M_pull_angle_PFNgt20_gen_scnd_leading_jet_lepton_DeltaRle1p0.png has been created
processing M_pull_angle_PFNgt20_gen_scnd_leading_jet_neutrino_DeltaRTotal ***********************
Info in <TCanvas::Print>: pdf file /eos/user/v/vveckaln/analysis_MC13TeV_TTJets_cflip/plots/M_pull_angle_PFNgt20_gen_scnd_leading_jet_neutrino_DeltaRTotal.pdf has been created
Info in <TCanvas::Print>: png file /eos/user/v/vveckaln/analysis_MC13TeV_TTJets_cflip/plots/M_pull_angle_PFNgt20_gen_scnd_leading_jet_neutrino_DeltaRTotal.png has been created
processing M_pull_angle_PFNgt20_gen_scnd_leading_jet_neutrino_DeltaRgt1p0 ***********************
Info in <TCanvas::Print>: pdf file /eos/user/v/vveckaln/analysis_MC13TeV_TTJets_cflip/plots/M_pull_angle_PFNgt20_gen_scnd_leading_jet_neutrino_DeltaRgt1p0.pdf has been created
Info in <TCanvas::Print>: png file /eos/user/v/vveckaln/analysis_MC13TeV_TTJets_cflip/plots/M_pull_angle_PFNgt20_gen_scnd_leading_jet_neutrino_DeltaRgt1p0.png has been created
processing M_pull_angle_PFNgt20_gen_scnd_leading_jet_neutrino_DeltaRle1p0 ***********************
Info in <TCanvas::Print>: pdf file /eos/user/v/vveckaln/analysis_MC13TeV_TTJets_cflip/plots/M_pull_angle_PFNgt20_gen_scnd_leading_jet_neutrino_DeltaRle1p0.pdf has been created
Info in <TCanvas::Print>: png file /eos/user/v/vveckaln/analysis_MC13TeV_TTJets_cflip/plots/M_pull_angle_PFNgt20_gen_scnd_leading_jet_neutrino_DeltaRle1p0.png has been created
processing M_pull_angle_PFNgt20_reco_leading_b_scnd_leading_b_DeltaRTotal ***********************
Info in <TCanvas::Print>: pdf file /eos/user/v/vveckaln/analysis_MC13TeV_TTJets_cflip/plots/M_pull_angle_PFNgt20_reco_leading_b_scnd_leading_b_DeltaRTotal.pdf has been created
Info in <TCanvas::Print>: png file /eos/user/v/vveckaln/analysis_MC13TeV_TTJets_cflip/plots/M_pull_angle_PFNgt20_reco_leading_b_scnd_leading_b_DeltaRTotal.png has been created
processing M_pull_angle_PFNgt20_reco_leading_b_scnd_leading_b_DeltaRgt1p0 ***********************
Info in <TCanvas::Print>: pdf file /eos/user/v/vveckaln/analysis_MC13TeV_TTJets_cflip/plots/M_pull_angle_PFNgt20_reco_leading_b_scnd_leading_b_DeltaRgt1p0.pdf has been created
Info in <TCanvas::Print>: png file /eos/user/v/vveckaln/analysis_MC13TeV_TTJets_cflip/plots/M_pull_angle_PFNgt20_reco_leading_b_scnd_leading_b_DeltaRgt1p0.png has been created
processing M_pull_angle_PFNgt20_reco_leading_b_scnd_leading_b_DeltaRle1p0 ***********************
Info in <TCanvas::Print>: pdf file /eos/user/v/vveckaln/analysis_MC13TeV_TTJets_cflip/plots/M_pull_angle_PFNgt20_reco_leading_b_scnd_leading_b_DeltaRle1p0.pdf has been created
Info in <TCanvas::Print>: png file /eos/user/v/vveckaln/analysis_MC13TeV_TTJets_cflip/plots/M_pull_angle_PFNgt20_reco_leading_b_scnd_leading_b_DeltaRle1p0.png has been created
processing M_pull_angle_PFNgt20_reco_leading_jet_beam_DeltaRTotal ***********************
Info in <TCanvas::Print>: pdf file /eos/user/v/vveckaln/analysis_MC13TeV_TTJets_cflip/plots/M_pull_angle_PFNgt20_reco_leading_jet_beam_DeltaRTotal.pdf has been created
Info in <TCanvas::Print>: png file /eos/user/v/vveckaln/analysis_MC13TeV_TTJets_cflip/plots/M_pull_angle_PFNgt20_reco_leading_jet_beam_DeltaRTotal.png has been created
processing M_pull_angle_PFNgt20_reco_leading_jet_beam_DeltaRgt1p0 ***********************
Info in <TCanvas::Print>: pdf file /eos/user/v/vveckaln/analysis_MC13TeV_TTJets_cflip/plots/M_pull_angle_PFNgt20_reco_leading_jet_beam_DeltaRgt1p0.pdf has been created
Info in <TCanvas::Print>: png file /eos/user/v/vveckaln/analysis_MC13TeV_TTJets_cflip/plots/M_pull_angle_PFNgt20_reco_leading_jet_beam_DeltaRgt1p0.png has been created
processing M_pull_angle_PFNgt20_reco_leading_jet_beam_DeltaRle1p0 ***********************
totalMC.Integral() == 0.0 is True
self.dataH.Integral() == 0.0 is True
processing M_pull_angle_PFNgt20_reco_leading_jet_fake_DeltaRTotal ***********************
totalMC.Integral() == 0.0 is True
self.dataH.Integral() == 0.0 is True
processing M_pull_angle_PFNgt20_reco_leading_jet_fake_DeltaRgt1p0 ***********************
totalMC.Integral() == 0.0 is True
self.dataH.Integral() == 0.0 is True
processing M_pull_angle_PFNgt20_reco_leading_jet_fake_DeltaRle1p0 ***********************
totalMC.Integral() == 0.0 is True
self.dataH.Integral() == 0.0 is True
